Using executor HDDTestExecutor with executor options:
{
	m_modulePath='/home/lukasbosshart/workspace/defects4j/bugs/chart_2_b/',
	m_sourceFolderPath='source/',
	m_unitTestFolderPath='tests/',
	m_unitTestMethod='org.jfree.data.general.junit.DatasetUtilitiesTests#testBug2849731_2',
	m_expectedResult='java.lang.NullPointerException',
	m_compilationType=IN_MEMORY,
	m_logLevel=INFO,
	m_logCompilationErrors=false,
	m_logRuntimeErrors=false,
	m_multipleRuns=false,
	m_numberOfThreads=16,
	m_preSliceCode=false,
	m_graphAlgorithmFragmentLimit=0,
	m_graphAlgorithmEscalatingFragmentLimit=false,
}
Formatting code in source folder
Level: 0 :::: fragments: 654
Level: 1 :::: fragments: 7019
Level: 2 :::: fragments: 40885
Level: 3 :::: fragments: 69584
Level: 4 :::: fragments: 36191
Level: 5 :::: fragments: 63220
Level: 6 :::: fragments: 57814
Level: 7 :::: fragments: 42078
Level: 8 :::: fragments: 28881
Level: 9 :::: fragments: 19716
Level: 10 :::: fragments: 13605
Level: 11 :::: fragments: 9729
Level: 12 :::: fragments: 6765
Level: 13 :::: fragments: 4510
Level: 14 :::: fragments: 2971
Level: 15 :::: fragments: 1743
Level: 16 :::: fragments: 998
Level: 17 :::: fragments: 720
Level: 18 :::: fragments: 398
Level: 19 :::: fragments: 229
Level: 20 :::: fragments: 160
Level: 21 :::: fragments: 97
Level: 22 :::: fragments: 80
Level: 23 :::: fragments: 80
Level: 24 :::: fragments: 80
Level: 25 :::: fragments: 70
Level: 26 :::: fragments: 74
Level: 27 :::: fragments: 64
Level: 28 :::: fragments: 57
Level: 29 :::: fragments: 58
Level: 30 :::: fragments: 48
Level: 31 :::: fragments: 28
Level: 32 :::: fragments: 24
Level: 33 :::: fragments: 10
Level: 34 :::: fragments: 3
Total :::: fragments: 408643 out of 408643 originally
############## RUNNING TEST NR. 0 ##############
############## EXECUTING LVL 0-0 / 34 ##############
:::: FAILED :::: level: 0-0 / 34 :::: size: 654 / 654 :::: Compiler calls: 2, compilation errors: 1, runtime errors: 0, failed runs: 1, ok runs: 0
:::: FAILED :::: level: 0-0 / 34 :::: size: 649 / 654 :::: Compiler calls: 164, compilation errors: 156, runtime errors: 0, failed runs: 2, ok runs: 0
:::: FAILED :::: level: 0-0 / 34 :::: size: 647 / 654 :::: Compiler calls: 554, compilation errors: 551, runtime errors: 0, failed runs: 3, ok runs: 0
:::: FAILED :::: level: 0-0 / 34 :::: size: 646 / 654 :::: Compiler calls: 847, compilation errors: 835, runtime errors: 0, failed runs: 4, ok runs: 0
:::: FAILED :::: level: 0-0 / 34 :::: size: 646 / 654 :::: Compiler calls: 866, compilation errors: 850, runtime errors: 0, failed runs: 5, ok runs: 0
:::: FAILED :::: level: 0-0 / 34 :::: size: 645 / 654 :::: Compiler calls: 917, compilation errors: 897, runtime errors: 0, failed runs: 6, ok runs: 0
:::: FAILED :::: level: 0-0 / 34 :::: size: 645 / 654 :::: Compiler calls: 919, compilation errors: 900, runtime errors: 0, failed runs: 7, ok runs: 0
:::: FAILED :::: level: 0-0 / 34 :::: size: 645 / 654 :::: Compiler calls: 920, compilation errors: 900, runtime errors: 0, failed runs: 8, ok runs: 0
:::: FAILED :::: level: 0-0 / 34 :::: size: 645 / 654 :::: Compiler calls: 921, compilation errors: 900, runtime errors: 0, failed runs: 9, ok runs: 0
:::: FAILED :::: level: 0-0 / 34 :::: size: 645 / 654 :::: Compiler calls: 921, compilation errors: 902, runtime errors: 0, failed runs: 10, ok runs: 0
:::: FAILED :::: level: 0-0 / 34 :::: size: 644 / 654 :::: Compiler calls: 982, compilation errors: 956, runtime errors: 0, failed runs: 11, ok runs: 0
:::: FAILED :::: level: 0-0 / 34 :::: size: 644 / 654 :::: Compiler calls: 982, compilation errors: 956, runtime errors: 0, failed runs: 12, ok runs: 0
:::: FAILED :::: level: 0-0 / 34 :::: size: 644 / 654 :::: Compiler calls: 982, compilation errors: 956, runtime errors: 0, failed runs: 13, ok runs: 0
:::: FAILED :::: level: 0-0 / 34 :::: size: 644 / 654 :::: Compiler calls: 986, compilation errors: 962, runtime errors: 0, failed runs: 14, ok runs: 0
:::: FAILED :::: level: 0-0 / 34 :::: size: 643 / 654 :::: Compiler calls: 1046, compilation errors: 1017, runtime errors: 0, failed runs: 15, ok runs: 0
:::: FAILED :::: level: 0-0 / 34 :::: size: 643 / 654 :::: Compiler calls: 1046, compilation errors: 1019, runtime errors: 0, failed runs: 16, ok runs: 0
:::: FAILED :::: level: 0-0 / 34 :::: size: 643 / 654 :::: Compiler calls: 1051, compilation errors: 1026, runtime errors: 0, failed runs: 17, ok runs: 0
:::: FAILED :::: level: 0-0 / 34 :::: size: 642 / 654 :::: Compiler calls: 1112, compilation errors: 1079, runtime errors: 0, failed runs: 18, ok runs: 0
:::: FAILED :::: level: 0-0 / 34 :::: size: 642 / 654 :::: Compiler calls: 1115, compilation errors: 1084, runtime errors: 0, failed runs: 19, ok runs: 0
:::: FAILED :::: level: 0-0 / 34 :::: size: 641 / 654 :::: Compiler calls: 1181, compilation errors: 1146, runtime errors: 0, failed runs: 20, ok runs: 0
:::: FAILED :::: level: 0-0 / 34 :::: size: 640 / 654 :::: Compiler calls: 1281, compilation errors: 1247, runtime errors: 0, failed runs: 21, ok runs: 0
:::: FAILED :::: level: 0-0 / 34 :::: size: 639 / 654 :::: Compiler calls: 1407, compilation errors: 1371, runtime errors: 0, failed runs: 22, ok runs: 0
:::: FAILED :::: level: 0-0 / 34 :::: size: 639 / 654 :::: Compiler calls: 1419, compilation errors: 1385, runtime errors: 0, failed runs: 23, ok runs: 0
:::: FAILED :::: level: 0-0 / 34 :::: size: 638 / 654 :::: Compiler calls: 1549, compilation errors: 1515, runtime errors: 0, failed runs: 24, ok runs: 0
:::: FAILED :::: level: 0-0 / 34 :::: size: 638 / 654 :::: Compiler calls: 1561, compilation errors: 1524, runtime errors: 0, failed runs: 25, ok runs: 0
:::: FAILED :::: level: 0-0 / 34 :::: size: 637 / 654 :::: Compiler calls: 1706, compilation errors: 1666, runtime errors: 0, failed runs: 26, ok runs: 0
:::: FAILED :::: level: 0-0 / 34 :::: size: 636 / 654 :::: Compiler calls: 1908, compilation errors: 1872, runtime errors: 0, failed runs: 27, ok runs: 0
:::: FAILED :::: level: 0-0 / 34 :::: size: 635 / 654 :::: Compiler calls: 2164, compilation errors: 2123, runtime errors: 0, failed runs: 28, ok runs: 0
:::: FAILED :::: level: 0-0 / 34 :::: size: 635 / 654 :::: Compiler calls: 2164, compilation errors: 2123, runtime errors: 0, failed runs: 29, ok runs: 0
:::: FAILED :::: level: 0-0 / 34 :::: size: 635 / 654 :::: Compiler calls: 2169, compilation errors: 2128, runtime errors: 0, failed runs: 30, ok runs: 0
:::: FAILED :::: level: 0-0 / 34 :::: size: 635 / 654 :::: Compiler calls: 2170, compilation errors: 2128, runtime errors: 0, failed runs: 31, ok runs: 0
:::: FAILED :::: level: 0-0 / 34 :::: size: 634 / 654 :::: Compiler calls: 2419, compilation errors: 2378, runtime errors: 0, failed runs: 32, ok runs: 0
:::: FAILED :::: level: 0-0 / 34 :::: size: 634 / 654 :::: Compiler calls: 2420, compilation errors: 2379, runtime errors: 0, failed runs: 33, ok runs: 0
:::: FAILED :::: level: 0-0 / 34 :::: size: 634 / 654 :::: Compiler calls: 2421, compilation errors: 2380, runtime errors: 0, failed runs: 34, ok runs: 0
:::: FAILED :::: level: 0-0 / 34 :::: size: 633 / 654 :::: Compiler calls: 2674, compilation errors: 2628, runtime errors: 0, failed runs: 35, ok runs: 0
:::: FAILED :::: level: 0-0 / 34 :::: size: 633 / 654 :::: Compiler calls: 2684, compilation errors: 2638, runtime errors: 0, failed runs: 36, ok runs: 0
:::: FAILED :::: level: 0-0 / 34 :::: size: 632 / 654 :::: Compiler calls: 2933, compilation errors: 2885, runtime errors: 0, failed runs: 37, ok runs: 0
:::: FAILED :::: level: 0-0 / 34 :::: size: 631 / 654 :::: Compiler calls: 3321, compilation errors: 3271, runtime errors: 0, failed runs: 38, ok runs: 0
:::: FAILED :::: level: 0-0 / 34 :::: size: 630 / 654 :::: Compiler calls: 3572, compilation errors: 3520, runtime errors: 0, failed runs: 39, ok runs: 0
:::: FAILED :::: level: 0-0 / 34 :::: size: 630 / 654 :::: Compiler calls: 3577, compilation errors: 3530, runtime errors: 0, failed runs: 40, ok runs: 0
:::: FAILED :::: level: 0-0 / 34 :::: size: 629 / 654 :::: Compiler calls: 3827, compilation errors: 3778, runtime errors: 0, failed runs: 41, ok runs: 0
:::: FAILED :::: level: 0-0 / 34 :::: size: 628 / 654 :::: Compiler calls: 4246, compilation errors: 4191, runtime errors: 0, failed runs: 42, ok runs: 0
:::: FAILED :::: level: 0-0 / 34 :::: size: 627 / 654 :::: Compiler calls: 4498, compilation errors: 4448, runtime errors: 0, failed runs: 43, ok runs: 0
:::: FAILED :::: level: 0-0 / 34 :::: size: 626 / 654 :::: Compiler calls: 4808, compilation errors: 4755, runtime errors: 0, failed runs: 44, ok runs: 0
:::: FAILED :::: level: 0-0 / 34 :::: size: 626 / 654 :::: Compiler calls: 4810, compilation errors: 4757, runtime errors: 0, failed runs: 45, ok runs: 0
:::: FAILED :::: level: 0-0 / 34 :::: size: 625 / 654 :::: Compiler calls: 5064, compilation errors: 5005, runtime errors: 0, failed runs: 46, ok runs: 0
:::: FAILED :::: level: 0-0 / 34 :::: size: 624 / 654 :::: Compiler calls: 5372, compilation errors: 5312, runtime errors: 0, failed runs: 47, ok runs: 0
:::: FAILED :::: level: 0-0 / 34 :::: size: 623 / 654 :::: Compiler calls: 5707, compilation errors: 5651, runtime errors: 0, failed runs: 48, ok runs: 0
Execution was manually cancelled. Track stats and recreate intermediate result in testingoutput folder...
java.util.concurrent.CancellationException: Cancelled by user
	at generator.AbstractMWEGenerator.runDDMin(AbstractMWEGenerator.java:112)
	at generator.HDDMWEGenerator.runGenerator(HDDMWEGenerator.java:50)
	at Main.main(Main.java:112)

TOTAL EXECUTION TIME: 4h 32s 123ms.
TOTAL OUTPUT SIZE: 34667617 bytes
