Using executor GDDTestExecutor with executor options:
{
	m_modulePath='/home/lukasbosshart/workspace/defects4j/bugs/csv_4_b/',
	m_sourceFolderPath='src/main/java',
	m_unitTestFolderPath='src/test/java',
	m_unitTestMethod='org.apache.commons.csv.CSVParserTest#testNoHeaderMap',
	m_expectedResult='java.lang.NullPointerException',
	m_compilationType=IN_MEMORY,
	m_logLevel=INFO,
	m_logCompilationErrors=false,
	m_logRuntimeErrors=false,
	m_multipleRuns=true,
	m_numberOfThreads=16,
	m_preSliceCode=false,
	m_graphAlgorithmFragmentLimit=0,
	m_graphAlgorithmEscalatingFragmentLimit=false,
}
Manually query the graph in the neo4j browser: http://localhost:7474/browser/
Example Query: "MATCH (f:Fragment_20230707_092626) RETURN *;"
Formatting code in source folder
Removed 9 javadoc fragments.
Added 90 method invocation to declaration cross tree dependencies.
Added 22 instantiation to declaration cross tree dependencies.
Added 0 import to unit cross tree dependencies.
Added 82 class to import cross tree dependencies.
Added 44 class to unit in package cross tree dependencies.
Extracted 5109 fragments to graph database in 59s 924ms
############## RUNNING TEST NR. 0 ##############
############## EXECUTING LVL 0-0 with 10 active fragments ##############
:::: FAILED :::: level: 0 :::: size: 10 / 10 :::: Compiler calls: 2, compilation errors: 1, runtime errors: 0, failed runs: 1, ok runs: 0
Level 0-0 took 2s 702ms
1111111111
Fixed 10 active nodes and 0 free nodes guaranteed by them.
Discarded 0 active fragments. 0 fragments, including dependent nodes
############## After level 0-0 there are 5109 / 5109 fragments left :::: Compiler calls: 26, compilation errors: 25, runtime errors: 0, failed runs: 1, ok runs: 0
############## EXECUTING LVL 0-1 with 83 active fragments ##############
Level 0-1 took 7s 508ms
11111111111111111111111111111111111111111111111111111111111111111111111111111111111
Fixed 83 active nodes and 0 free nodes guaranteed by them.
Discarded 0 active fragments. 0 fragments, including dependent nodes
############## After level 0-1 there are 5109 / 5109 fragments left :::: Compiler calls: 235, compilation errors: 234, runtime errors: 0, failed runs: 1, ok runs: 0
############## EXECUTING LVL 0-2 with 630 active fragments ##############
:::: FAILED :::: level: 2 :::: size: 628 / 630 :::: Compiler calls: 593, compilation errors: 578, runtime errors: 0, failed runs: 2, ok runs: 0
:::: FAILED :::: level: 2 :::: size: 626 / 630 :::: Compiler calls: 680, compilation errors: 663, runtime errors: 0, failed runs: 3, ok runs: 0
:::: FAILED :::: level: 2 :::: size: 626 / 630 :::: Compiler calls: 684, compilation errors: 668, runtime errors: 0, failed runs: 4, ok runs: 0
:::: FAILED :::: level: 2 :::: size: 624 / 630 :::: Compiler calls: 759, compilation errors: 741, runtime errors: 0, failed runs: 5, ok runs: 0
:::: FAILED :::: level: 2 :::: size: 624 / 630 :::: Compiler calls: 766, compilation errors: 748, runtime errors: 0, failed runs: 6, ok runs: 0
:::: FAILED :::: level: 2 :::: size: 622 / 630 :::: Compiler calls: 842, compilation errors: 823, runtime errors: 0, failed runs: 7, ok runs: 0
:::: FAILED :::: level: 2 :::: size: 620 / 630 :::: Compiler calls: 902, compilation errors: 881, runtime errors: 0, failed runs: 8, ok runs: 0
:::: FAILED :::: level: 2 :::: size: 618 / 630 :::: Compiler calls: 967, compilation errors: 943, runtime errors: 1, failed runs: 9, ok runs: 0
:::: FAILED :::: level: 2 :::: size: 616 / 630 :::: Compiler calls: 1219, compilation errors: 1196, runtime errors: 2, failed runs: 10, ok runs: 0
:::: FAILED :::: level: 2 :::: size: 616 / 630 :::: Compiler calls: 1224, compilation errors: 1198, runtime errors: 2, failed runs: 11, ok runs: 0
:::: FAILED :::: level: 2 :::: size: 614 / 630 :::: Compiler calls: 1291, compilation errors: 1264, runtime errors: 2, failed runs: 12, ok runs: 0
:::: FAILED :::: level: 2 :::: size: 612 / 630 :::: Compiler calls: 1367, compilation errors: 1338, runtime errors: 2, failed runs: 13, ok runs: 0
:::: FAILED :::: level: 2 :::: size: 611 / 630 :::: Compiler calls: 1658, compilation errors: 1628, runtime errors: 2, failed runs: 14, ok runs: 0
:::: FAILED :::: level: 2 :::: size: 611 / 630 :::: Compiler calls: 1668, compilation errors: 1638, runtime errors: 3, failed runs: 15, ok runs: 0
:::: FAILED :::: level: 2 :::: size: 610 / 630 :::: Compiler calls: 1709, compilation errors: 1676, runtime errors: 3, failed runs: 16, ok runs: 0
:::: FAILED :::: level: 2 :::: size: 609 / 630 :::: Compiler calls: 1780, compilation errors: 1743, runtime errors: 5, failed runs: 17, ok runs: 0
:::: FAILED :::: level: 2 :::: size: 609 / 630 :::: Compiler calls: 1783, compilation errors: 1746, runtime errors: 5, failed runs: 18, ok runs: 0
:::: FAILED :::: level: 2 :::: size: 608 / 630 :::: Compiler calls: 1842, compilation errors: 1803, runtime errors: 7, failed runs: 19, ok runs: 0
:::: FAILED :::: level: 2 :::: size: 608 / 630 :::: Compiler calls: 1852, compilation errors: 1812, runtime errors: 8, failed runs: 20, ok runs: 0
:::: FAILED :::: level: 2 :::: size: 607 / 630 :::: Compiler calls: 1908, compilation errors: 1866, runtime errors: 9, failed runs: 21, ok runs: 0
:::: FAILED :::: level: 2 :::: size: 606 / 630 :::: Compiler calls: 1991, compilation errors: 1945, runtime errors: 12, failed runs: 22, ok runs: 0
:::: FAILED :::: level: 2 :::: size: 606 / 630 :::: Compiler calls: 2018, compilation errors: 1969, runtime errors: 13, failed runs: 23, ok runs: 0
:::: FAILED :::: level: 2 :::: size: 605 / 630 :::: Compiler calls: 2095, compilation errors: 2043, runtime errors: 15, failed runs: 24, ok runs: 0
:::: FAILED :::: level: 2 :::: size: 605 / 630 :::: Compiler calls: 2096, compilation errors: 2043, runtime errors: 15, failed runs: 25, ok runs: 0
:::: FAILED :::: level: 2 :::: size: 605 / 630 :::: Compiler calls: 2099, compilation errors: 2043, runtime errors: 15, failed runs: 26, ok runs: 0
:::: FAILED :::: level: 2 :::: size: 604 / 630 :::: Compiler calls: 2191, compilation errors: 2133, runtime errors: 17, failed runs: 27, ok runs: 0
:::: FAILED :::: level: 2 :::: size: 603 / 630 :::: Compiler calls: 2307, compilation errors: 2245, runtime errors: 19, failed runs: 28, ok runs: 0
:::: FAILED :::: level: 2 :::: size: 603 / 630 :::: Compiler calls: 2310, compilation errors: 2249, runtime errors: 19, failed runs: 29, ok runs: 0
:::: FAILED :::: level: 2 :::: size: 602 / 630 :::: Compiler calls: 2427, compilation errors: 2361, runtime errors: 21, failed runs: 30, ok runs: 0
:::: FAILED :::: level: 2 :::: size: 601 / 630 :::: Compiler calls: 2567, compilation errors: 2501, runtime errors: 23, failed runs: 31, ok runs: 0
:::: FAILED :::: level: 2 :::: size: 601 / 630 :::: Compiler calls: 2568, compilation errors: 2501, runtime errors: 23, failed runs: 32, ok runs: 0
:::: FAILED :::: level: 2 :::: size: 600 / 630 :::: Compiler calls: 2718, compilation errors: 2645, runtime errors: 25, failed runs: 33, ok runs: 0
:::: FAILED :::: level: 2 :::: size: 600 / 630 :::: Compiler calls: 2724, compilation errors: 2651, runtime errors: 25, failed runs: 34, ok runs: 0
:::: FAILED :::: level: 2 :::: size: 600 / 630 :::: Compiler calls: 2730, compilation errors: 2659, runtime errors: 25, failed runs: 35, ok runs: 0
:::: FAILED :::: level: 2 :::: size: 599 / 630 :::: Compiler calls: 2868, compilation errors: 2793, runtime errors: 27, failed runs: 36, ok runs: 0
:::: FAILED :::: level: 2 :::: size: 599 / 630 :::: Compiler calls: 2868, compilation errors: 2793, runtime errors: 27, failed runs: 37, ok runs: 0
:::: FAILED :::: level: 2 :::: size: 599 / 630 :::: Compiler calls: 2875, compilation errors: 2797, runtime errors: 27, failed runs: 38, ok runs: 0
:::: FAILED :::: level: 2 :::: size: 599 / 630 :::: Compiler calls: 2877, compilation errors: 2798, runtime errors: 27, failed runs: 39, ok runs: 0
:::: FAILED :::: level: 2 :::: size: 598 / 630 :::: Compiler calls: 3018, compilation errors: 2934, runtime errors: 29, failed runs: 40, ok runs: 0
:::: FAILED :::: level: 2 :::: size: 598 / 630 :::: Compiler calls: 3024, compilation errors: 2940, runtime errors: 29, failed runs: 41, ok runs: 0
:::: FAILED :::: level: 2 :::: size: 597 / 630 :::: Compiler calls: 3168, compilation errors: 3081, runtime errors: 31, failed runs: 42, ok runs: 0
:::: FAILED :::: level: 2 :::: size: 596 / 630 :::: Compiler calls: 3323, compilation errors: 3233, runtime errors: 33, failed runs: 43, ok runs: 0
:::: FAILED :::: level: 2 :::: size: 595 / 630 :::: Compiler calls: 3538, compilation errors: 3444, runtime errors: 35, failed runs: 44, ok runs: 0
:::: FAILED :::: level: 2 :::: size: 595 / 630 :::: Compiler calls: 3538, compilation errors: 3445, runtime errors: 35, failed runs: 45, ok runs: 0
:::: FAILED :::: level: 2 :::: size: 595 / 630 :::: Compiler calls: 3559, compilation errors: 3464, runtime errors: 35, failed runs: 46, ok runs: 0
:::: FAILED :::: level: 2 :::: size: 594 / 630 :::: Compiler calls: 3754, compilation errors: 3655, runtime errors: 37, failed runs: 47, ok runs: 0
:::: FAILED :::: level: 2 :::: size: 593 / 630 :::: Compiler calls: 3972, compilation errors: 3871, runtime errors: 39, failed runs: 48, ok runs: 0
:::: FAILED :::: level: 2 :::: size: 592 / 630 :::: Compiler calls: 4206, compilation errors: 4101, runtime errors: 41, failed runs: 49, ok runs: 0
:::: FAILED :::: level: 2 :::: size: 592 / 630 :::: Compiler calls: 4213, compilation errors: 4108, runtime errors: 41, failed runs: 50, ok runs: 0
:::: FAILED :::: level: 2 :::: size: 591 / 630 :::: Compiler calls: 4455, compilation errors: 4346, runtime errors: 43, failed runs: 51, ok runs: 0
:::: FAILED :::: level: 2 :::: size: 591 / 630 :::: Compiler calls: 4459, compilation errors: 4353, runtime errors: 43, failed runs: 52, ok runs: 0
:::: FAILED :::: level: 2 :::: size: 590 / 630 :::: Compiler calls: 4704, compilation errors: 4591, runtime errors: 45, failed runs: 53, ok runs: 0
:::: FAILED :::: level: 2 :::: size: 589 / 630 :::: Compiler calls: 4965, compilation errors: 4850, runtime errors: 47, failed runs: 54, ok runs: 0
:::: FAILED :::: level: 2 :::: size: 589 / 630 :::: Compiler calls: 4976, compilation errors: 4860, runtime errors: 47, failed runs: 55, ok runs: 0
:::: FAILED :::: level: 2 :::: size: 587 / 630 :::: Compiler calls: 5233, compilation errors: 5116, runtime errors: 49, failed runs: 56, ok runs: 0
:::: FAILED :::: level: 2 :::: size: 588 / 630 :::: Compiler calls: 5240, compilation errors: 5121, runtime errors: 49, failed runs: 57, ok runs: 0
:::: FAILED :::: level: 2 :::: size: 588 / 630 :::: Compiler calls: 5240, compilation errors: 5121, runtime errors: 49, failed runs: 58, ok runs: 0
:::: FAILED :::: level: 2 :::: size: 586 / 630 :::: Compiler calls: 5511, compilation errors: 5387, runtime errors: 51, failed runs: 59, ok runs: 0
:::: FAILED :::: level: 2 :::: size: 586 / 630 :::: Compiler calls: 5520, compilation errors: 5396, runtime errors: 51, failed runs: 60, ok runs: 0
:::: FAILED :::: level: 2 :::: size: 585 / 630 :::: Compiler calls: 5775, compilation errors: 5646, runtime errors: 53, failed runs: 61, ok runs: 0
:::: FAILED :::: level: 2 :::: size: 584 / 630 :::: Compiler calls: 6048, compilation errors: 5917, runtime errors: 55, failed runs: 62, ok runs: 0
:::: FAILED :::: level: 2 :::: size: 584 / 630 :::: Compiler calls: 6056, compilation errors: 5924, runtime errors: 55, failed runs: 63, ok runs: 0
:::: FAILED :::: level: 2 :::: size: 583 / 630 :::: Compiler calls: 6315, compilation errors: 6181, runtime errors: 57, failed runs: 64, ok runs: 0
:::: FAILED :::: level: 2 :::: size: 582 / 630 :::: Compiler calls: 6640, compilation errors: 6502, runtime errors: 59, failed runs: 65, ok runs: 0
:::: FAILED :::: level: 2 :::: size: 581 / 630 :::: Compiler calls: 6930, compilation errors: 6788, runtime errors: 61, failed runs: 66, ok runs: 0
:::: FAILED :::: level: 2 :::: size: 581 / 630 :::: Compiler calls: 6938, compilation errors: 6797, runtime errors: 61, failed runs: 67, ok runs: 0
:::: FAILED :::: level: 2 :::: size: 581 / 630 :::: Compiler calls: 6940, compilation errors: 6797, runtime errors: 61, failed runs: 68, ok runs: 0
:::: FAILED :::: level: 2 :::: size: 580 / 630 :::: Compiler calls: 7206, compilation errors: 7061, runtime errors: 63, failed runs: 69, ok runs: 0
:::: FAILED :::: level: 2 :::: size: 579 / 630 :::: Compiler calls: 7511, compilation errors: 7362, runtime errors: 65, failed runs: 70, ok runs: 0
:::: FAILED :::: level: 2 :::: size: 579 / 630 :::: Compiler calls: 7514, compilation errors: 7365, runtime errors: 65, failed runs: 71, ok runs: 0
:::: FAILED :::: level: 2 :::: size: 578 / 630 :::: Compiler calls: 7821, compilation errors: 7669, runtime errors: 67, failed runs: 72, ok runs: 0
:::: FAILED :::: level: 2 :::: size: 577 / 630 :::: Compiler calls: 8153, compilation errors: 7998, runtime errors: 69, failed runs: 73, ok runs: 0
:::: FAILED :::: level: 2 :::: size: 576 / 630 :::: Compiler calls: 8468, compilation errors: 8312, runtime errors: 71, failed runs: 74, ok runs: 0
:::: FAILED :::: level: 2 :::: size: 576 / 630 :::: Compiler calls: 8486, compilation errors: 8329, runtime errors: 71, failed runs: 75, ok runs: 0
:::: FAILED :::: level: 2 :::: size: 575 / 630 :::: Compiler calls: 8793, compilation errors: 8630, runtime errors: 73, failed runs: 76, ok runs: 0
:::: FAILED :::: level: 2 :::: size: 574 / 630 :::: Compiler calls: 9158, compilation errors: 8992, runtime errors: 75, failed runs: 77, ok runs: 0
:::: FAILED :::: level: 2 :::: size: 573 / 630 :::: Compiler calls: 9557, compilation errors: 9392, runtime errors: 77, failed runs: 78, ok runs: 0
:::: FAILED :::: level: 2 :::: size: 572 / 630 :::: Compiler calls: 9950, compilation errors: 9778, runtime errors: 79, failed runs: 79, ok runs: 0
:::: FAILED :::: level: 2 :::: size: 571 / 630 :::: Compiler calls: 10386, compilation errors: 10211, runtime errors: 81, failed runs: 80, ok runs: 0
:::: FAILED :::: level: 2 :::: size: 571 / 630 :::: Compiler calls: 10390, compilation errors: 10214, runtime errors: 81, failed runs: 81, ok runs: 0
:::: FAILED :::: level: 2 :::: size: 571 / 630 :::: Compiler calls: 10390, compilation errors: 10214, runtime errors: 81, failed runs: 82, ok runs: 0
:::: FAILED :::: level: 2 :::: size: 571 / 630 :::: Compiler calls: 10392, compilation errors: 10215, runtime errors: 81, failed runs: 83, ok runs: 0
:::: FAILED :::: level: 2 :::: size: 570 / 630 :::: Compiler calls: 10773, compilation errors: 10594, runtime errors: 83, failed runs: 84, ok runs: 0
:::: FAILED :::: level: 2 :::: size: 570 / 630 :::: Compiler calls: 10780, compilation errors: 10597, runtime errors: 83, failed runs: 85, ok runs: 0
:::: FAILED :::: level: 2 :::: size: 570 / 630 :::: Compiler calls: 10780, compilation errors: 10597, runtime errors: 83, failed runs: 86, ok runs: 0
:::: FAILED :::: level: 2 :::: size: 570 / 630 :::: Compiler calls: 10783, compilation errors: 10601, runtime errors: 83, failed runs: 87, ok runs: 0
:::: FAILED :::: level: 2 :::: size: 569 / 630 :::: Compiler calls: 11172, compilation errors: 10985, runtime errors: 85, failed runs: 88, ok runs: 0
:::: FAILED :::: level: 2 :::: size: 569 / 630 :::: Compiler calls: 11172, compilation errors: 10987, runtime errors: 85, failed runs: 89, ok runs: 0
:::: FAILED :::: level: 2 :::: size: 568 / 630 :::: Compiler calls: 11571, compilation errors: 11381, runtime errors: 87, failed runs: 90, ok runs: 0
:::: FAILED :::: level: 2 :::: size: 568 / 630 :::: Compiler calls: 11571, compilation errors: 11381, runtime errors: 87, failed runs: 91, ok runs: 0
:::: FAILED :::: level: 2 :::: size: 567 / 630 :::: Compiler calls: 11966, compilation errors: 11773, runtime errors: 89, failed runs: 92, ok runs: 0
:::: FAILED :::: level: 2 :::: size: 566 / 630 :::: Compiler calls: 12373, compilation errors: 12175, runtime errors: 91, failed runs: 93, ok runs: 0
:::: FAILED :::: level: 2 :::: size: 564 / 630 :::: Compiler calls: 12810, compilation errors: 12609, runtime errors: 93, failed runs: 94, ok runs: 0
:::: FAILED :::: level: 2 :::: size: 565 / 630 :::: Compiler calls: 12811, compilation errors: 12609, runtime errors: 93, failed runs: 95, ok runs: 0
:::: FAILED :::: level: 2 :::: size: 565 / 630 :::: Compiler calls: 12811, compilation errors: 12609, runtime errors: 93, failed runs: 96, ok runs: 0
:::: FAILED :::: level: 2 :::: size: 564 / 630 :::: Compiler calls: 12812, compilation errors: 12610, runtime errors: 93, failed runs: 97, ok runs: 0
:::: FAILED :::: level: 2 :::: size: 564 / 630 :::: Compiler calls: 12816, compilation errors: 12611, runtime errors: 93, failed runs: 98, ok runs: 0
:::: FAILED :::: level: 2 :::: size: 565 / 630 :::: Compiler calls: 12817, compilation errors: 12613, runtime errors: 93, failed runs: 99, ok runs: 0
:::: FAILED :::: level: 2 :::: size: 565 / 630 :::: Compiler calls: 12818, compilation errors: 12613, runtime errors: 93, failed runs: 100, ok runs: 0
:::: FAILED :::: level: 2 :::: size: 563 / 630 :::: Compiler calls: 13244, compilation errors: 13035, runtime errors: 95, failed runs: 101, ok runs: 0
:::: FAILED :::: level: 2 :::: size: 563 / 630 :::: Compiler calls: 13244, compilation errors: 13035, runtime errors: 95, failed runs: 102, ok runs: 0
:::: FAILED :::: level: 2 :::: size: 562 / 630 :::: Compiler calls: 13259, compilation errors: 13046, runtime errors: 95, failed runs: 103, ok runs: 0
:::: FAILED :::: level: 2 :::: size: 562 / 630 :::: Compiler calls: 13665, compilation errors: 13451, runtime errors: 97, failed runs: 104, ok runs: 0
:::: FAILED :::: level: 2 :::: size: 561 / 630 :::: Compiler calls: 14094, compilation errors: 13876, runtime errors: 99, failed runs: 105, ok runs: 0
:::: FAILED :::: level: 2 :::: size: 560 / 630 :::: Compiler calls: 14523, compilation errors: 14302, runtime errors: 101, failed runs: 106, ok runs: 0
:::: FAILED :::: level: 2 :::: size: 559 / 630 :::: Compiler calls: 14956, compilation errors: 14731, runtime errors: 103, failed runs: 107, ok runs: 0
:::: FAILED :::: level: 2 :::: size: 558 / 630 :::: Compiler calls: 14956, compilation errors: 14731, runtime errors: 103, failed runs: 108, ok runs: 0
:::: FAILED :::: level: 2 :::: size: 559 / 630 :::: Compiler calls: 14960, compilation errors: 14736, runtime errors: 103, failed runs: 109, ok runs: 0
:::: FAILED :::: level: 2 :::: size: 559 / 630 :::: Compiler calls: 14969, compilation errors: 14743, runtime errors: 103, failed runs: 110, ok runs: 0
:::: FAILED :::: level: 2 :::: size: 558 / 630 :::: Compiler calls: 15384, compilation errors: 15155, runtime errors: 105, failed runs: 111, ok runs: 0
:::: FAILED :::: level: 2 :::: size: 557 / 630 :::: Compiler calls: 15823, compilation errors: 15590, runtime errors: 107, failed runs: 112, ok runs: 0
:::: FAILED :::: level: 2 :::: size: 556 / 630 :::: Compiler calls: 15824, compilation errors: 15590, runtime errors: 107, failed runs: 113, ok runs: 0
:::: FAILED :::: level: 2 :::: size: 556 / 630 :::: Compiler calls: 16261, compilation errors: 16026, runtime errors: 109, failed runs: 114, ok runs: 0
:::: FAILED :::: level: 2 :::: size: 555 / 630 :::: Compiler calls: 16692, compilation errors: 16452, runtime errors: 111, failed runs: 115, ok runs: 0
:::: FAILED :::: level: 2 :::: size: 555 / 630 :::: Compiler calls: 16692, compilation errors: 16452, runtime errors: 111, failed runs: 116, ok runs: 0
:::: FAILED :::: level: 2 :::: size: 555 / 630 :::: Compiler calls: 16697, compilation errors: 16455, runtime errors: 111, failed runs: 117, ok runs: 0
:::: FAILED :::: level: 2 :::: size: 554 / 630 :::: Compiler calls: 17135, compilation errors: 16893, runtime errors: 113, failed runs: 118, ok runs: 0
:::: FAILED :::: level: 2 :::: size: 553 / 630 :::: Compiler calls: 18096, compilation errors: 17846, runtime errors: 117, failed runs: 119, ok runs: 0
:::: FAILED :::: level: 2 :::: size: 552 / 630 :::: Compiler calls: 18627, compilation errors: 18373, runtime errors: 119, failed runs: 120, ok runs: 0
Level 0-2 took 4m 51s 299ms
111111111111111111111111011111111101111111101111101111111110111110011111111011100000010011001100110110011111111111111111111000111111111111111111110101110111110101110111111111111111111111111111111111111111111111111111111111111011101111111111111101011111111101111101111111111111111111111111011010100111111110111111011011110111110111111111111111110111111111111111011111110111111111111111111111110111111111111111011111111111111111111111111111111111111111111111111111111111111011111111111111110101111101011111110110111111110111111111111111111111111111111111101110001010011001100110011001110111111101111111111111111111111111111111111111
Fixed 552 active nodes and 0 free nodes guaranteed by them.
Discarded 78 active fragments. 873 fragments, including dependent nodes
############## After level 0-2 there are 4236 / 5109 fragments left :::: Compiler calls: 19180, compilation errors: 18939, runtime errors: 121, failed runs: 120, ok runs: 0
############## EXECUTING LVL 0-3 with 797 active fragments ##############
:::: FAILED :::: level: 3 :::: size: 794 / 797 :::: Compiler calls: 19567, compilation errors: 19315, runtime errors: 121, failed runs: 121, ok runs: 0
:::: FAILED :::: level: 3 :::: size: 791 / 797 :::: Compiler calls: 19781, compilation errors: 19527, runtime errors: 121, failed runs: 122, ok runs: 0
:::: FAILED :::: level: 3 :::: size: 789 / 797 :::: Compiler calls: 20137, compilation errors: 19883, runtime errors: 121, failed runs: 123, ok runs: 0
:::: FAILED :::: level: 3 :::: size: 790 / 797 :::: Compiler calls: 20148, compilation errors: 19889, runtime errors: 121, failed runs: 124, ok runs: 0
:::: FAILED :::: level: 3 :::: size: 789 / 797 :::: Compiler calls: 20149, compilation errors: 19890, runtime errors: 121, failed runs: 125, ok runs: 0
:::: FAILED :::: level: 3 :::: size: 789 / 797 :::: Compiler calls: 20152, compilation errors: 19893, runtime errors: 121, failed runs: 126, ok runs: 0
:::: FAILED :::: level: 3 :::: size: 790 / 797 :::: Compiler calls: 20155, compilation errors: 19894, runtime errors: 121, failed runs: 127, ok runs: 0
:::: FAILED :::: level: 3 :::: size: 788 / 797 :::: Compiler calls: 20246, compilation errors: 19985, runtime errors: 121, failed runs: 128, ok runs: 0
:::: FAILED :::: level: 3 :::: size: 788 / 797 :::: Compiler calls: 20249, compilation errors: 19986, runtime errors: 121, failed runs: 129, ok runs: 0
:::: FAILED :::: level: 3 :::: size: 787 / 797 :::: Compiler calls: 20249, compilation errors: 19987, runtime errors: 121, failed runs: 130, ok runs: 0
:::: FAILED :::: level: 3 :::: size: 786 / 797 :::: Compiler calls: 20355, compilation errors: 20090, runtime errors: 121, failed runs: 131, ok runs: 0
:::: FAILED :::: level: 3 :::: size: 787 / 797 :::: Compiler calls: 20366, compilation errors: 20102, runtime errors: 121, failed runs: 132, ok runs: 0
:::: FAILED :::: level: 3 :::: size: 786 / 797 :::: Compiler calls: 20367, compilation errors: 20102, runtime errors: 121, failed runs: 133, ok runs: 0
:::: FAILED :::: level: 3 :::: size: 784 / 797 :::: Compiler calls: 20464, compilation errors: 20199, runtime errors: 121, failed runs: 134, ok runs: 0
:::: FAILED :::: level: 3 :::: size: 785 / 797 :::: Compiler calls: 20470, compilation errors: 20200, runtime errors: 121, failed runs: 135, ok runs: 0
:::: FAILED :::: level: 3 :::: size: 783 / 797 :::: Compiler calls: 20574, compilation errors: 20303, runtime errors: 121, failed runs: 136, ok runs: 0
:::: FAILED :::: level: 3 :::: size: 783 / 797 :::: Compiler calls: 20576, compilation errors: 20305, runtime errors: 121, failed runs: 137, ok runs: 0
:::: FAILED :::: level: 3 :::: size: 783 / 797 :::: Compiler calls: 20578, compilation errors: 20307, runtime errors: 121, failed runs: 138, ok runs: 0
:::: FAILED :::: level: 3 :::: size: 783 / 797 :::: Compiler calls: 20591, compilation errors: 20319, runtime errors: 121, failed runs: 139, ok runs: 0
:::: FAILED :::: level: 3 :::: size: 782 / 797 :::: Compiler calls: 20689, compilation errors: 20414, runtime errors: 121, failed runs: 140, ok runs: 0
:::: FAILED :::: level: 3 :::: size: 782 / 797 :::: Compiler calls: 20691, compilation errors: 20418, runtime errors: 121, failed runs: 141, ok runs: 0
:::: FAILED :::: level: 3 :::: size: 782 / 797 :::: Compiler calls: 20697, compilation errors: 20420, runtime errors: 121, failed runs: 142, ok runs: 0
:::: FAILED :::: level: 3 :::: size: 782 / 797 :::: Compiler calls: 20709, compilation errors: 20435, runtime errors: 121, failed runs: 143, ok runs: 0
:::: FAILED :::: level: 3 :::: size: 782 / 797 :::: Compiler calls: 20722, compilation errors: 20444, runtime errors: 121, failed runs: 144, ok runs: 0
:::: FAILED :::: level: 3 :::: size: 780 / 797 :::: Compiler calls: 20813, compilation errors: 20535, runtime errors: 121, failed runs: 145, ok runs: 0
:::: FAILED :::: level: 3 :::: size: 781 / 797 :::: Compiler calls: 20814, compilation errors: 20536, runtime errors: 121, failed runs: 146, ok runs: 0
:::: FAILED :::: level: 3 :::: size: 781 / 797 :::: Compiler calls: 20822, compilation errors: 20544, runtime errors: 121, failed runs: 147, ok runs: 0
:::: FAILED :::: level: 3 :::: size: 781 / 797 :::: Compiler calls: 20832, compilation errors: 20551, runtime errors: 121, failed runs: 148, ok runs: 0
:::: FAILED :::: level: 3 :::: size: 781 / 797 :::: Compiler calls: 20837, compilation errors: 20557, runtime errors: 121, failed runs: 149, ok runs: 0
:::: FAILED :::: level: 3 :::: size: 781 / 797 :::: Compiler calls: 20847, compilation errors: 20564, runtime errors: 121, failed runs: 150, ok runs: 0
:::: FAILED :::: level: 3 :::: size: 779 / 797 :::: Compiler calls: 20944, compilation errors: 20660, runtime errors: 121, failed runs: 151, ok runs: 0
:::: FAILED :::: level: 3 :::: size: 779 / 797 :::: Compiler calls: 20949, compilation errors: 20662, runtime errors: 121, failed runs: 152, ok runs: 0
:::: FAILED :::: level: 3 :::: size: 779 / 797 :::: Compiler calls: 20951, compilation errors: 20665, runtime errors: 121, failed runs: 153, ok runs: 0
:::: FAILED :::: level: 3 :::: size: 779 / 797 :::: Compiler calls: 20956, compilation errors: 20668, runtime errors: 121, failed runs: 154, ok runs: 0
:::: FAILED :::: level: 3 :::: size: 779 / 797 :::: Compiler calls: 20972, compilation errors: 20684, runtime errors: 121, failed runs: 155, ok runs: 0
:::: FAILED :::: level: 3 :::: size: 779 / 797 :::: Compiler calls: 20973, compilation errors: 20685, runtime errors: 121, failed runs: 156, ok runs: 0
:::: FAILED :::: level: 3 :::: size: 778 / 797 :::: Compiler calls: 21071, compilation errors: 20779, runtime errors: 121, failed runs: 157, ok runs: 0
:::: FAILED :::: level: 3 :::: size: 778 / 797 :::: Compiler calls: 21076, compilation errors: 20785, runtime errors: 121, failed runs: 158, ok runs: 0
:::: FAILED :::: level: 3 :::: size: 778 / 797 :::: Compiler calls: 21078, compilation errors: 20786, runtime errors: 121, failed runs: 159, ok runs: 0
:::: FAILED :::: level: 3 :::: size: 778 / 797 :::: Compiler calls: 21078, compilation errors: 20786, runtime errors: 121, failed runs: 160, ok runs: 0
:::: FAILED :::: level: 3 :::: size: 777 / 797 :::: Compiler calls: 21197, compilation errors: 20903, runtime errors: 121, failed runs: 161, ok runs: 0
:::: FAILED :::: level: 3 :::: size: 777 / 797 :::: Compiler calls: 21202, compilation errors: 20904, runtime errors: 121, failed runs: 162, ok runs: 0
:::: FAILED :::: level: 3 :::: size: 777 / 797 :::: Compiler calls: 21210, compilation errors: 20911, runtime errors: 121, failed runs: 163, ok runs: 0
:::: FAILED :::: level: 3 :::: size: 777 / 797 :::: Compiler calls: 21212, compilation errors: 20916, runtime errors: 121, failed runs: 164, ok runs: 0
:::: FAILED :::: level: 3 :::: size: 777 / 797 :::: Compiler calls: 21214, compilation errors: 20917, runtime errors: 121, failed runs: 165, ok runs: 0
:::: FAILED :::: level: 3 :::: size: 776 / 797 :::: Compiler calls: 21334, compilation errors: 21033, runtime errors: 121, failed runs: 166, ok runs: 0
:::: FAILED :::: level: 3 :::: size: 776 / 797 :::: Compiler calls: 21335, compilation errors: 21034, runtime errors: 121, failed runs: 167, ok runs: 0
:::: FAILED :::: level: 3 :::: size: 776 / 797 :::: Compiler calls: 21344, compilation errors: 21043, runtime errors: 121, failed runs: 168, ok runs: 0
:::: FAILED :::: level: 3 :::: size: 776 / 797 :::: Compiler calls: 21344, compilation errors: 21044, runtime errors: 121, failed runs: 169, ok runs: 0
:::: FAILED :::: level: 3 :::: size: 775 / 797 :::: Compiler calls: 21470, compilation errors: 21164, runtime errors: 121, failed runs: 170, ok runs: 0
:::: FAILED :::: level: 3 :::: size: 775 / 797 :::: Compiler calls: 21470, compilation errors: 21165, runtime errors: 121, failed runs: 171, ok runs: 0
:::: FAILED :::: level: 3 :::: size: 774 / 797 :::: Compiler calls: 21596, compilation errors: 21292, runtime errors: 121, failed runs: 172, ok runs: 0
:::: FAILED :::: level: 3 :::: size: 772 / 797 :::: Compiler calls: 21751, compilation errors: 21444, runtime errors: 121, failed runs: 173, ok runs: 0
:::: FAILED :::: level: 3 :::: size: 773 / 797 :::: Compiler calls: 21751, compilation errors: 21445, runtime errors: 121, failed runs: 174, ok runs: 0
:::: FAILED :::: level: 3 :::: size: 773 / 797 :::: Compiler calls: 21762, compilation errors: 21453, runtime errors: 121, failed runs: 175, ok runs: 0
:::: FAILED :::: level: 3 :::: size: 772 / 797 :::: Compiler calls: 21767, compilation errors: 21459, runtime errors: 121, failed runs: 176, ok runs: 0
:::: FAILED :::: level: 3 :::: size: 773 / 797 :::: Compiler calls: 21770, compilation errors: 21460, runtime errors: 121, failed runs: 177, ok runs: 0
:::: FAILED :::: level: 3 :::: size: 772 / 797 :::: Compiler calls: 21771, compilation errors: 21461, runtime errors: 121, failed runs: 178, ok runs: 0
:::: FAILED :::: level: 3 :::: size: 771 / 797 :::: Compiler calls: 21888, compilation errors: 21576, runtime errors: 121, failed runs: 179, ok runs: 0
:::: FAILED :::: level: 3 :::: size: 771 / 797 :::: Compiler calls: 21892, compilation errors: 21578, runtime errors: 121, failed runs: 180, ok runs: 0
:::: FAILED :::: level: 3 :::: size: 771 / 797 :::: Compiler calls: 21901, compilation errors: 21589, runtime errors: 121, failed runs: 181, ok runs: 0
:::: FAILED :::: level: 3 :::: size: 771 / 797 :::: Compiler calls: 21910, compilation errors: 21597, runtime errors: 121, failed runs: 182, ok runs: 0
:::: FAILED :::: level: 3 :::: size: 770 / 797 :::: Compiler calls: 22029, compilation errors: 21712, runtime errors: 121, failed runs: 183, ok runs: 0
:::: FAILED :::: level: 3 :::: size: 769 / 797 :::: Compiler calls: 22030, compilation errors: 21714, runtime errors: 121, failed runs: 184, ok runs: 0
:::: FAILED :::: level: 3 :::: size: 770 / 797 :::: Compiler calls: 22039, compilation errors: 21720, runtime errors: 121, failed runs: 185, ok runs: 0
:::: FAILED :::: level: 3 :::: size: 770 / 797 :::: Compiler calls: 22042, compilation errors: 21723, runtime errors: 121, failed runs: 186, ok runs: 0
:::: FAILED :::: level: 3 :::: size: 769 / 797 :::: Compiler calls: 22047, compilation errors: 21726, runtime errors: 121, failed runs: 187, ok runs: 0
:::: FAILED :::: level: 3 :::: size: 768 / 797 :::: Compiler calls: 22169, compilation errors: 21846, runtime errors: 121, failed runs: 188, ok runs: 0
:::: FAILED :::: level: 3 :::: size: 769 / 797 :::: Compiler calls: 22187, compilation errors: 21866, runtime errors: 121, failed runs: 189, ok runs: 0
:::: FAILED :::: level: 3 :::: size: 769 / 797 :::: Compiler calls: 22194, compilation errors: 21875, runtime errors: 121, failed runs: 190, ok runs: 0
:::: FAILED :::: level: 3 :::: size: 767 / 797 :::: Compiler calls: 22304, compilation errors: 21979, runtime errors: 121, failed runs: 191, ok runs: 0
:::: FAILED :::: level: 3 :::: size: 767 / 797 :::: Compiler calls: 22310, compilation errors: 21984, runtime errors: 121, failed runs: 192, ok runs: 0
:::: FAILED :::: level: 3 :::: size: 766 / 797 :::: Compiler calls: 22318, compilation errors: 21991, runtime errors: 121, failed runs: 193, ok runs: 0
:::: FAILED :::: level: 3 :::: size: 767 / 797 :::: Compiler calls: 22318, compilation errors: 21992, runtime errors: 121, failed runs: 194, ok runs: 0
:::: FAILED :::: level: 3 :::: size: 765 / 797 :::: Compiler calls: 22451, compilation errors: 22123, runtime errors: 121, failed runs: 195, ok runs: 0
:::: FAILED :::: level: 3 :::: size: 766 / 797 :::: Compiler calls: 22454, compilation errors: 22124, runtime errors: 121, failed runs: 196, ok runs: 0
:::: FAILED :::: level: 3 :::: size: 766 / 797 :::: Compiler calls: 22460, compilation errors: 22132, runtime errors: 121, failed runs: 197, ok runs: 0
:::: FAILED :::: level: 3 :::: size: 765 / 797 :::: Compiler calls: 22462, compilation errors: 22132, runtime errors: 121, failed runs: 198, ok runs: 0
:::: FAILED :::: level: 3 :::: size: 766 / 797 :::: Compiler calls: 22478, compilation errors: 22152, runtime errors: 121, failed runs: 199, ok runs: 0
:::: FAILED :::: level: 3 :::: size: 764 / 797 :::: Compiler calls: 22595, compilation errors: 22264, runtime errors: 121, failed runs: 200, ok runs: 0
:::: FAILED :::: level: 3 :::: size: 764 / 797 :::: Compiler calls: 22605, compilation errors: 22270, runtime errors: 121, failed runs: 201, ok runs: 0
:::: FAILED :::: level: 3 :::: size: 764 / 797 :::: Compiler calls: 22609, compilation errors: 22274, runtime errors: 121, failed runs: 202, ok runs: 0
:::: FAILED :::: level: 3 :::: size: 763 / 797 :::: Compiler calls: 22743, compilation errors: 22406, runtime errors: 121, failed runs: 203, ok runs: 0
:::: FAILED :::: level: 3 :::: size: 762 / 797 :::: Compiler calls: 22749, compilation errors: 22411, runtime errors: 121, failed runs: 204, ok runs: 0
:::: FAILED :::: level: 3 :::: size: 763 / 797 :::: Compiler calls: 22756, compilation errors: 22417, runtime errors: 121, failed runs: 205, ok runs: 0
:::: FAILED :::: level: 3 :::: size: 762 / 797 :::: Compiler calls: 22893, compilation errors: 22553, runtime errors: 121, failed runs: 206, ok runs: 0
:::: FAILED :::: level: 3 :::: size: 762 / 797 :::: Compiler calls: 22896, compilation errors: 22555, runtime errors: 121, failed runs: 207, ok runs: 0
:::: FAILED :::: level: 3 :::: size: 760 / 797 :::: Compiler calls: 23057, compilation errors: 22716, runtime errors: 121, failed runs: 208, ok runs: 0
:::: FAILED :::: level: 3 :::: size: 761 / 797 :::: Compiler calls: 23058, compilation errors: 22716, runtime errors: 121, failed runs: 209, ok runs: 0
:::: FAILED :::: level: 3 :::: size: 761 / 797 :::: Compiler calls: 23064, compilation errors: 22722, runtime errors: 121, failed runs: 210, ok runs: 0
:::: FAILED :::: level: 3 :::: size: 761 / 797 :::: Compiler calls: 23071, compilation errors: 22726, runtime errors: 121, failed runs: 211, ok runs: 0
:::: FAILED :::: level: 3 :::: size: 761 / 797 :::: Compiler calls: 23074, compilation errors: 22732, runtime errors: 121, failed runs: 212, ok runs: 0
:::: FAILED :::: level: 3 :::: size: 761 / 797 :::: Compiler calls: 23082, compilation errors: 22738, runtime errors: 121, failed runs: 213, ok runs: 0
:::: FAILED :::: level: 3 :::: size: 759 / 797 :::: Compiler calls: 23202, compilation errors: 22854, runtime errors: 121, failed runs: 214, ok runs: 0
:::: FAILED :::: level: 3 :::: size: 759 / 797 :::: Compiler calls: 23209, compilation errors: 22858, runtime errors: 121, failed runs: 215, ok runs: 0
:::: FAILED :::: level: 3 :::: size: 758 / 797 :::: Compiler calls: 23355, compilation errors: 23007, runtime errors: 121, failed runs: 216, ok runs: 0
:::: FAILED :::: level: 3 :::: size: 758 / 797 :::: Compiler calls: 23379, compilation errors: 23031, runtime errors: 121, failed runs: 217, ok runs: 0
:::: FAILED :::: level: 3 :::: size: 758 / 797 :::: Compiler calls: 23385, compilation errors: 23035, runtime errors: 121, failed runs: 218, ok runs: 0
:::: FAILED :::: level: 3 :::: size: 757 / 797 :::: Compiler calls: 23463, compilation errors: 23111, runtime errors: 121, failed runs: 219, ok runs: 0
:::: FAILED :::: level: 3 :::: size: 757 / 797 :::: Compiler calls: 23505, compilation errors: 23149, runtime errors: 121, failed runs: 220, ok runs: 0
:::: FAILED :::: level: 3 :::: size: 757 / 797 :::: Compiler calls: 23515, compilation errors: 23160, runtime errors: 121, failed runs: 221, ok runs: 0
:::: FAILED :::: level: 3 :::: size: 756 / 797 :::: Compiler calls: 23669, compilation errors: 23313, runtime errors: 121, failed runs: 222, ok runs: 0
:::: FAILED :::: level: 3 :::: size: 756 / 797 :::: Compiler calls: 23670, compilation errors: 23313, runtime errors: 121, failed runs: 223, ok runs: 0
:::: FAILED :::: level: 3 :::: size: 756 / 797 :::: Compiler calls: 23678, compilation errors: 23321, runtime errors: 121, failed runs: 224, ok runs: 0
:::: FAILED :::: level: 3 :::: size: 756 / 797 :::: Compiler calls: 23688, compilation errors: 23328, runtime errors: 121, failed runs: 225, ok runs: 0
:::: FAILED :::: level: 3 :::: size: 756 / 797 :::: Compiler calls: 23695, compilation errors: 23337, runtime errors: 121, failed runs: 226, ok runs: 0
:::: FAILED :::: level: 3 :::: size: 756 / 797 :::: Compiler calls: 23699, compilation errors: 23340, runtime errors: 121, failed runs: 227, ok runs: 0
:::: FAILED :::: level: 3 :::: size: 755 / 797 :::: Compiler calls: 23863, compilation errors: 23500, runtime errors: 121, failed runs: 228, ok runs: 0
:::: FAILED :::: level: 3 :::: size: 755 / 797 :::: Compiler calls: 23863, compilation errors: 23504, runtime errors: 121, failed runs: 229, ok runs: 0
:::: FAILED :::: level: 3 :::: size: 754 / 797 :::: Compiler calls: 23863, compilation errors: 23504, runtime errors: 121, failed runs: 230, ok runs: 0
:::: FAILED :::: level: 3 :::: size: 754 / 797 :::: Compiler calls: 23872, compilation errors: 23507, runtime errors: 121, failed runs: 231, ok runs: 0
:::: FAILED :::: level: 3 :::: size: 755 / 797 :::: Compiler calls: 23876, compilation errors: 23513, runtime errors: 121, failed runs: 232, ok runs: 0
:::: FAILED :::: level: 3 :::: size: 755 / 797 :::: Compiler calls: 23897, compilation errors: 23530, runtime errors: 121, failed runs: 233, ok runs: 0
:::: FAILED :::: level: 3 :::: size: 754 / 797 :::: Compiler calls: 23897, compilation errors: 23530, runtime errors: 121, failed runs: 234, ok runs: 0
:::: FAILED :::: level: 3 :::: size: 754 / 797 :::: Compiler calls: 24027, compilation errors: 23662, runtime errors: 121, failed runs: 235, ok runs: 0
:::: FAILED :::: level: 3 :::: size: 754 / 797 :::: Compiler calls: 24068, compilation errors: 23700, runtime errors: 121, failed runs: 236, ok runs: 0
:::: FAILED :::: level: 3 :::: size: 753 / 797 :::: Compiler calls: 24218, compilation errors: 23849, runtime errors: 121, failed runs: 237, ok runs: 0
:::: FAILED :::: level: 3 :::: size: 753 / 797 :::: Compiler calls: 24218, compilation errors: 23849, runtime errors: 121, failed runs: 238, ok runs: 0
:::: FAILED :::: level: 3 :::: size: 752 / 797 :::: Compiler calls: 24232, compilation errors: 23862, runtime errors: 121, failed runs: 239, ok runs: 0
:::: FAILED :::: level: 3 :::: size: 752 / 797 :::: Compiler calls: 24395, compilation errors: 24022, runtime errors: 121, failed runs: 240, ok runs: 0
:::: FAILED :::: level: 3 :::: size: 752 / 797 :::: Compiler calls: 24401, compilation errors: 24027, runtime errors: 121, failed runs: 241, ok runs: 0
:::: FAILED :::: level: 3 :::: size: 752 / 797 :::: Compiler calls: 24427, compilation errors: 24054, runtime errors: 121, failed runs: 242, ok runs: 0
:::: FAILED :::: level: 3 :::: size: 751 / 797 :::: Compiler calls: 24558, compilation errors: 24184, runtime errors: 121, failed runs: 243, ok runs: 0
:::: FAILED :::: level: 3 :::: size: 751 / 797 :::: Compiler calls: 24568, compilation errors: 24192, runtime errors: 121, failed runs: 244, ok runs: 0
:::: FAILED :::: level: 3 :::: size: 751 / 797 :::: Compiler calls: 24571, compilation errors: 24192, runtime errors: 121, failed runs: 245, ok runs: 0
:::: FAILED :::: level: 3 :::: size: 750 / 797 :::: Compiler calls: 24727, compilation errors: 24346, runtime errors: 121, failed runs: 246, ok runs: 0
:::: FAILED :::: level: 3 :::: size: 750 / 797 :::: Compiler calls: 24737, compilation errors: 24356, runtime errors: 121, failed runs: 247, ok runs: 0
:::: FAILED :::: level: 3 :::: size: 750 / 797 :::: Compiler calls: 24739, compilation errors: 24362, runtime errors: 121, failed runs: 248, ok runs: 0
:::: FAILED :::: level: 3 :::: size: 749 / 797 :::: Compiler calls: 24890, compilation errors: 24508, runtime errors: 121, failed runs: 249, ok runs: 0
:::: FAILED :::: level: 3 :::: size: 749 / 797 :::: Compiler calls: 24893, compilation errors: 24509, runtime errors: 121, failed runs: 250, ok runs: 0
:::: FAILED :::: level: 3 :::: size: 748 / 797 :::: Compiler calls: 25065, compilation errors: 24679, runtime errors: 121, failed runs: 251, ok runs: 0
:::: FAILED :::: level: 3 :::: size: 747 / 797 :::: Compiler calls: 25077, compilation errors: 24693, runtime errors: 121, failed runs: 252, ok runs: 0
:::: FAILED :::: level: 3 :::: size: 748 / 797 :::: Compiler calls: 25080, compilation errors: 24693, runtime errors: 121, failed runs: 253, ok runs: 0
:::: FAILED :::: level: 3 :::: size: 748 / 797 :::: Compiler calls: 25093, compilation errors: 24703, runtime errors: 121, failed runs: 254, ok runs: 0
:::: FAILED :::: level: 3 :::: size: 746 / 797 :::: Compiler calls: 25247, compilation errors: 24857, runtime errors: 121, failed runs: 255, ok runs: 0
:::: FAILED :::: level: 3 :::: size: 747 / 797 :::: Compiler calls: 25249, compilation errors: 24863, runtime errors: 121, failed runs: 256, ok runs: 0
:::: FAILED :::: level: 3 :::: size: 747 / 797 :::: Compiler calls: 25255, compilation errors: 24867, runtime errors: 121, failed runs: 257, ok runs: 0
:::: FAILED :::: level: 3 :::: size: 746 / 797 :::: Compiler calls: 25256, compilation errors: 24867, runtime errors: 121, failed runs: 258, ok runs: 0
:::: FAILED :::: level: 3 :::: size: 747 / 797 :::: Compiler calls: 25261, compilation errors: 24870, runtime errors: 121, failed runs: 259, ok runs: 0
:::: FAILED :::: level: 3 :::: size: 745 / 797 :::: Compiler calls: 25431, compilation errors: 25037, runtime errors: 121, failed runs: 260, ok runs: 0
:::: FAILED :::: level: 3 :::: size: 745 / 797 :::: Compiler calls: 25446, compilation errors: 25051, runtime errors: 121, failed runs: 261, ok runs: 0
:::: FAILED :::: level: 3 :::: size: 745 / 797 :::: Compiler calls: 25452, compilation errors: 25059, runtime errors: 121, failed runs: 262, ok runs: 0
:::: FAILED :::: level: 3 :::: size: 744 / 797 :::: Compiler calls: 25607, compilation errors: 25212, runtime errors: 121, failed runs: 263, ok runs: 0
:::: FAILED :::: level: 3 :::: size: 744 / 797 :::: Compiler calls: 25652, compilation errors: 25255, runtime errors: 121, failed runs: 264, ok runs: 0
:::: FAILED :::: level: 3 :::: size: 744 / 797 :::: Compiler calls: 25658, compilation errors: 25262, runtime errors: 121, failed runs: 265, ok runs: 0
:::: FAILED :::: level: 3 :::: size: 742 / 797 :::: Compiler calls: 25796, compilation errors: 25399, runtime errors: 121, failed runs: 266, ok runs: 0
:::: FAILED :::: level: 3 :::: size: 743 / 797 :::: Compiler calls: 25808, compilation errors: 25411, runtime errors: 121, failed runs: 267, ok runs: 0
:::: FAILED :::: level: 3 :::: size: 743 / 797 :::: Compiler calls: 25812, compilation errors: 25412, runtime errors: 121, failed runs: 268, ok runs: 0
:::: FAILED :::: level: 3 :::: size: 741 / 797 :::: Compiler calls: 25993, compilation errors: 25590, runtime errors: 121, failed runs: 269, ok runs: 0
:::: FAILED :::: level: 3 :::: size: 741 / 797 :::: Compiler calls: 25993, compilation errors: 25591, runtime errors: 121, failed runs: 270, ok runs: 0
:::: FAILED :::: level: 3 :::: size: 741 / 797 :::: Compiler calls: 26004, compilation errors: 25599, runtime errors: 121, failed runs: 271, ok runs: 0
:::: FAILED :::: level: 3 :::: size: 741 / 797 :::: Compiler calls: 26009, compilation errors: 25605, runtime errors: 121, failed runs: 272, ok runs: 0
:::: FAILED :::: level: 3 :::: size: 740 / 797 :::: Compiler calls: 26170, compilation errors: 25763, runtime errors: 121, failed runs: 273, ok runs: 0
:::: FAILED :::: level: 3 :::: size: 740 / 797 :::: Compiler calls: 26228, compilation errors: 25825, runtime errors: 121, failed runs: 274, ok runs: 0
:::: FAILED :::: level: 3 :::: size: 739 / 797 :::: Compiler calls: 26344, compilation errors: 25939, runtime errors: 121, failed runs: 275, ok runs: 0
:::: FAILED :::: level: 3 :::: size: 738 / 797 :::: Compiler calls: 26573, compilation errors: 26164, runtime errors: 121, failed runs: 276, ok runs: 0
:::: FAILED :::: level: 3 :::: size: 738 / 797 :::: Compiler calls: 26581, compilation errors: 26171, runtime errors: 121, failed runs: 277, ok runs: 0
:::: FAILED :::: level: 3 :::: size: 737 / 797 :::: Compiler calls: 26593, compilation errors: 26182, runtime errors: 121, failed runs: 278, ok runs: 0
:::: FAILED :::: level: 3 :::: size: 738 / 797 :::: Compiler calls: 26596, compilation errors: 26185, runtime errors: 121, failed runs: 279, ok runs: 0
:::: FAILED :::: level: 3 :::: size: 737 / 797 :::: Compiler calls: 26797, compilation errors: 26383, runtime errors: 121, failed runs: 280, ok runs: 0
:::: FAILED :::: level: 3 :::: size: 737 / 797 :::: Compiler calls: 26822, compilation errors: 26409, runtime errors: 121, failed runs: 281, ok runs: 0
:::: FAILED :::: level: 3 :::: size: 736 / 797 :::: Compiler calls: 27007, compilation errors: 26591, runtime errors: 121, failed runs: 282, ok runs: 0
:::: FAILED :::: level: 3 :::: size: 736 / 797 :::: Compiler calls: 27010, compilation errors: 26597, runtime errors: 121, failed runs: 283, ok runs: 0
:::: FAILED :::: level: 3 :::: size: 734 / 797 :::: Compiler calls: 27244, compilation errors: 26828, runtime errors: 121, failed runs: 284, ok runs: 0
:::: FAILED :::: level: 3 :::: size: 733 / 797 :::: Compiler calls: 27437, compilation errors: 27020, runtime errors: 121, failed runs: 285, ok runs: 0
:::: FAILED :::: level: 3 :::: size: 732 / 797 :::: Compiler calls: 27654, compilation errors: 27236, runtime errors: 121, failed runs: 286, ok runs: 0
:::: FAILED :::: level: 3 :::: size: 732 / 797 :::: Compiler calls: 27671, compilation errors: 27253, runtime errors: 121, failed runs: 287, ok runs: 0
:::: FAILED :::: level: 3 :::: size: 731 / 797 :::: Compiler calls: 27901, compilation errors: 27480, runtime errors: 121, failed runs: 288, ok runs: 0
:::: FAILED :::: level: 3 :::: size: 731 / 797 :::: Compiler calls: 27913, compilation errors: 27496, runtime errors: 121, failed runs: 289, ok runs: 0
:::: FAILED :::: level: 3 :::: size: 730 / 797 :::: Compiler calls: 28162, compilation errors: 27741, runtime errors: 121, failed runs: 290, ok runs: 0
:::: FAILED :::: level: 3 :::: size: 730 / 797 :::: Compiler calls: 28170, compilation errors: 27749, runtime errors: 121, failed runs: 291, ok runs: 0
:::: FAILED :::: level: 3 :::: size: 730 / 797 :::: Compiler calls: 28175, compilation errors: 27751, runtime errors: 121, failed runs: 292, ok runs: 0
:::: FAILED :::: level: 3 :::: size: 729 / 797 :::: Compiler calls: 28439, compilation errors: 28013, runtime errors: 121, failed runs: 293, ok runs: 0
:::: FAILED :::: level: 3 :::: size: 729 / 797 :::: Compiler calls: 28449, compilation errors: 28021, runtime errors: 121, failed runs: 294, ok runs: 0
:::: FAILED :::: level: 3 :::: size: 729 / 797 :::: Compiler calls: 28450, compilation errors: 28021, runtime errors: 121, failed runs: 295, ok runs: 0
:::: FAILED :::: level: 3 :::: size: 729 / 797 :::: Compiler calls: 28462, compilation errors: 28036, runtime errors: 121, failed runs: 296, ok runs: 0
:::: FAILED :::: level: 3 :::: size: 728 / 797 :::: Compiler calls: 28645, compilation errors: 28217, runtime errors: 121, failed runs: 297, ok runs: 0
:::: FAILED :::: level: 3 :::: size: 728 / 797 :::: Compiler calls: 28657, compilation errors: 28228, runtime errors: 121, failed runs: 298, ok runs: 0
:::: FAILED :::: level: 3 :::: size: 728 / 797 :::: Compiler calls: 28661, compilation errors: 28230, runtime errors: 121, failed runs: 299, ok runs: 0
:::: FAILED :::: level: 3 :::: size: 727 / 797 :::: Compiler calls: 28871, compilation errors: 28440, runtime errors: 121, failed runs: 300, ok runs: 0
:::: FAILED :::: level: 3 :::: size: 726 / 797 :::: Compiler calls: 29139, compilation errors: 28704, runtime errors: 121, failed runs: 301, ok runs: 0
:::: FAILED :::: level: 3 :::: size: 726 / 797 :::: Compiler calls: 29142, compilation errors: 28710, runtime errors: 121, failed runs: 302, ok runs: 0
:::: FAILED :::: level: 3 :::: size: 725 / 797 :::: Compiler calls: 29343, compilation errors: 28909, runtime errors: 121, failed runs: 303, ok runs: 0
:::: FAILED :::: level: 3 :::: size: 724 / 797 :::: Compiler calls: 29556, compilation errors: 29122, runtime errors: 121, failed runs: 304, ok runs: 0
:::: FAILED :::: level: 3 :::: size: 723 / 797 :::: Compiler calls: 29809, compilation errors: 29374, runtime errors: 121, failed runs: 305, ok runs: 0
:::: FAILED :::: level: 3 :::: size: 723 / 797 :::: Compiler calls: 29823, compilation errors: 29383, runtime errors: 121, failed runs: 306, ok runs: 0
:::: FAILED :::: level: 3 :::: size: 722 / 797 :::: Compiler calls: 29901, compilation errors: 29463, runtime errors: 121, failed runs: 307, ok runs: 0
:::: FAILED :::: level: 3 :::: size: 722 / 797 :::: Compiler calls: 30062, compilation errors: 29622, runtime errors: 121, failed runs: 308, ok runs: 0
:::: FAILED :::: level: 3 :::: size: 721 / 797 :::: Compiler calls: 30153, compilation errors: 29712, runtime errors: 121, failed runs: 309, ok runs: 0
:::: FAILED :::: level: 3 :::: size: 721 / 797 :::: Compiler calls: 30304, compilation errors: 29862, runtime errors: 121, failed runs: 310, ok runs: 0
:::: FAILED :::: level: 3 :::: size: 720 / 797 :::: Compiler calls: 30584, compilation errors: 30142, runtime errors: 121, failed runs: 311, ok runs: 0
:::: FAILED :::: level: 3 :::: size: 720 / 797 :::: Compiler calls: 30584, compilation errors: 30142, runtime errors: 121, failed runs: 312, ok runs: 0
:::: FAILED :::: level: 3 :::: size: 720 / 797 :::: Compiler calls: 30591, compilation errors: 30147, runtime errors: 121, failed runs: 313, ok runs: 0
:::: FAILED :::: level: 3 :::: size: 719 / 797 :::: Compiler calls: 30842, compilation errors: 30395, runtime errors: 121, failed runs: 314, ok runs: 0
:::: FAILED :::: level: 3 :::: size: 719 / 797 :::: Compiler calls: 30869, compilation errors: 30422, runtime errors: 121, failed runs: 315, ok runs: 0
:::: FAILED :::: level: 3 :::: size: 718 / 797 :::: Compiler calls: 31103, compilation errors: 30654, runtime errors: 121, failed runs: 316, ok runs: 0
:::: FAILED :::: level: 3 :::: size: 718 / 797 :::: Compiler calls: 31111, compilation errors: 30661, runtime errors: 121, failed runs: 317, ok runs: 0
:::: FAILED :::: level: 3 :::: size: 718 / 797 :::: Compiler calls: 31117, compilation errors: 30665, runtime errors: 121, failed runs: 318, ok runs: 0
:::: FAILED :::: level: 3 :::: size: 718 / 797 :::: Compiler calls: 31117, compilation errors: 30667, runtime errors: 121, failed runs: 319, ok runs: 0
:::: FAILED :::: level: 3 :::: size: 716 / 797 :::: Compiler calls: 31388, compilation errors: 30935, runtime errors: 121, failed runs: 320, ok runs: 0
:::: FAILED :::: level: 3 :::: size: 717 / 797 :::: Compiler calls: 31390, compilation errors: 30938, runtime errors: 121, failed runs: 321, ok runs: 0
:::: FAILED :::: level: 3 :::: size: 717 / 797 :::: Compiler calls: 31390, compilation errors: 30938, runtime errors: 121, failed runs: 322, ok runs: 0
:::: FAILED :::: level: 3 :::: size: 717 / 797 :::: Compiler calls: 31391, compilation errors: 30942, runtime errors: 121, failed runs: 323, ok runs: 0
:::: FAILED :::: level: 3 :::: size: 715 / 797 :::: Compiler calls: 31650, compilation errors: 31199, runtime errors: 121, failed runs: 324, ok runs: 0
:::: FAILED :::: level: 3 :::: size: 715 / 797 :::: Compiler calls: 31675, compilation errors: 31215, runtime errors: 121, failed runs: 325, ok runs: 0
:::: FAILED :::: level: 3 :::: size: 713 / 797 :::: Compiler calls: 31949, compilation errors: 31491, runtime errors: 121, failed runs: 326, ok runs: 0
:::: FAILED :::: level: 3 :::: size: 714 / 797 :::: Compiler calls: 31965, compilation errors: 31506, runtime errors: 121, failed runs: 327, ok runs: 0
:::: FAILED :::: level: 3 :::: size: 714 / 797 :::: Compiler calls: 31991, compilation errors: 31533, runtime errors: 121, failed runs: 328, ok runs: 0
:::: FAILED :::: level: 3 :::: size: 712 / 797 :::: Compiler calls: 32244, compilation errors: 31783, runtime errors: 121, failed runs: 329, ok runs: 0
:::: FAILED :::: level: 3 :::: size: 710 / 797 :::: Compiler calls: 32571, compilation errors: 32108, runtime errors: 121, failed runs: 330, ok runs: 0
:::: FAILED :::: level: 3 :::: size: 711 / 797 :::: Compiler calls: 32575, compilation errors: 32114, runtime errors: 121, failed runs: 331, ok runs: 0
:::: FAILED :::: level: 3 :::: size: 711 / 797 :::: Compiler calls: 32589, compilation errors: 32126, runtime errors: 121, failed runs: 332, ok runs: 0
:::: FAILED :::: level: 3 :::: size: 709 / 797 :::: Compiler calls: 32892, compilation errors: 32428, runtime errors: 121, failed runs: 333, ok runs: 0
:::: FAILED :::: level: 3 :::: size: 709 / 797 :::: Compiler calls: 32901, compilation errors: 32435, runtime errors: 121, failed runs: 334, ok runs: 0
:::: FAILED :::: level: 3 :::: size: 709 / 797 :::: Compiler calls: 32914, compilation errors: 32446, runtime errors: 121, failed runs: 335, ok runs: 0
:::: FAILED :::: level: 3 :::: size: 708 / 797 :::: Compiler calls: 33225, compilation errors: 32758, runtime errors: 121, failed runs: 336, ok runs: 0
:::: FAILED :::: level: 3 :::: size: 708 / 797 :::: Compiler calls: 33231, compilation errors: 32764, runtime errors: 121, failed runs: 337, ok runs: 0
:::: FAILED :::: level: 3 :::: size: 708 / 797 :::: Compiler calls: 33235, compilation errors: 32765, runtime errors: 121, failed runs: 338, ok runs: 0
:::: FAILED :::: level: 3 :::: size: 707 / 797 :::: Compiler calls: 33548, compilation errors: 33077, runtime errors: 121, failed runs: 339, ok runs: 0
:::: FAILED :::: level: 3 :::: size: 707 / 797 :::: Compiler calls: 33566, compilation errors: 33091, runtime errors: 121, failed runs: 340, ok runs: 0
:::: FAILED :::: level: 3 :::: size: 707 / 797 :::: Compiler calls: 33646, compilation errors: 33176, runtime errors: 121, failed runs: 341, ok runs: 0
:::: FAILED :::: level: 3 :::: size: 706 / 797 :::: Compiler calls: 33822, compilation errors: 33347, runtime errors: 121, failed runs: 342, ok runs: 0
:::: FAILED :::: level: 3 :::: size: 706 / 797 :::: Compiler calls: 33839, compilation errors: 33362, runtime errors: 121, failed runs: 343, ok runs: 0
:::: FAILED :::: level: 3 :::: size: 706 / 797 :::: Compiler calls: 33842, compilation errors: 33366, runtime errors: 121, failed runs: 344, ok runs: 0
:::: FAILED :::: level: 3 :::: size: 705 / 797 :::: Compiler calls: 34118, compilation errors: 33642, runtime errors: 121, failed runs: 345, ok runs: 0
:::: FAILED :::: level: 3 :::: size: 705 / 797 :::: Compiler calls: 34139, compilation errors: 33664, runtime errors: 121, failed runs: 346, ok runs: 0
:::: FAILED :::: level: 3 :::: size: 705 / 797 :::: Compiler calls: 34148, compilation errors: 33669, runtime errors: 121, failed runs: 347, ok runs: 0
:::: FAILED :::: level: 3 :::: size: 704 / 797 :::: Compiler calls: 34424, compilation errors: 33944, runtime errors: 121, failed runs: 348, ok runs: 0
:::: FAILED :::: level: 3 :::: size: 704 / 797 :::: Compiler calls: 34426, compilation errors: 33949, runtime errors: 121, failed runs: 349, ok runs: 0
:::: FAILED :::: level: 3 :::: size: 704 / 797 :::: Compiler calls: 34435, compilation errors: 33955, runtime errors: 121, failed runs: 350, ok runs: 0
:::: FAILED :::: level: 3 :::: size: 703 / 797 :::: Compiler calls: 34723, compilation errors: 34243, runtime errors: 121, failed runs: 351, ok runs: 0
:::: FAILED :::: level: 3 :::: size: 703 / 797 :::: Compiler calls: 34810, compilation errors: 34329, runtime errors: 121, failed runs: 352, ok runs: 0
:::: FAILED :::: level: 3 :::: size: 702 / 797 :::: Compiler calls: 35075, compilation errors: 34586, runtime errors: 121, failed runs: 353, ok runs: 0
:::: FAILED :::: level: 3 :::: size: 702 / 797 :::: Compiler calls: 35075, compilation errors: 34586, runtime errors: 121, failed runs: 354, ok runs: 0
:::: FAILED :::: level: 3 :::: size: 702 / 797 :::: Compiler calls: 35081, compilation errors: 34590, runtime errors: 121, failed runs: 355, ok runs: 0
:::: FAILED :::: level: 3 :::: size: 702 / 797 :::: Compiler calls: 35081, compilation errors: 34592, runtime errors: 121, failed runs: 356, ok runs: 0
:::: FAILED :::: level: 3 :::: size: 702 / 797 :::: Compiler calls: 35089, compilation errors: 34598, runtime errors: 121, failed runs: 357, ok runs: 0
:::: FAILED :::: level: 3 :::: size: 701 / 797 :::: Compiler calls: 35359, compilation errors: 34869, runtime errors: 121, failed runs: 358, ok runs: 0
:::: FAILED :::: level: 3 :::: size: 701 / 797 :::: Compiler calls: 35362, compilation errors: 34876, runtime errors: 121, failed runs: 359, ok runs: 0
:::: FAILED :::: level: 3 :::: size: 701 / 797 :::: Compiler calls: 35362, compilation errors: 34877, runtime errors: 121, failed runs: 360, ok runs: 0
:::: FAILED :::: level: 3 :::: size: 700 / 797 :::: Compiler calls: 35656, compilation errors: 35165, runtime errors: 121, failed runs: 361, ok runs: 0
:::: FAILED :::: level: 3 :::: size: 699 / 797 :::: Compiler calls: 35982, compilation errors: 35486, runtime errors: 121, failed runs: 362, ok runs: 0
:::: FAILED :::: level: 3 :::: size: 699 / 797 :::: Compiler calls: 35983, compilation errors: 35490, runtime errors: 121, failed runs: 363, ok runs: 0
:::: FAILED :::: level: 3 :::: size: 699 / 797 :::: Compiler calls: 35983, compilation errors: 35491, runtime errors: 121, failed runs: 364, ok runs: 0
:::: FAILED :::: level: 3 :::: size: 699 / 797 :::: Compiler calls: 35994, compilation errors: 35500, runtime errors: 121, failed runs: 365, ok runs: 0
:::: FAILED :::: level: 3 :::: size: 698 / 797 :::: Compiler calls: 36302, compilation errors: 35801, runtime errors: 121, failed runs: 366, ok runs: 0
:::: FAILED :::: level: 3 :::: size: 698 / 797 :::: Compiler calls: 36303, compilation errors: 35807, runtime errors: 121, failed runs: 367, ok runs: 0
:::: FAILED :::: level: 3 :::: size: 698 / 797 :::: Compiler calls: 36325, compilation errors: 35824, runtime errors: 121, failed runs: 368, ok runs: 0
:::: FAILED :::: level: 3 :::: size: 697 / 797 :::: Compiler calls: 36618, compilation errors: 36117, runtime errors: 121, failed runs: 369, ok runs: 0
:::: FAILED :::: level: 3 :::: size: 697 / 797 :::: Compiler calls: 36631, compilation errors: 36131, runtime errors: 121, failed runs: 370, ok runs: 0
:::: FAILED :::: level: 3 :::: size: 696 / 797 :::: Compiler calls: 36934, compilation errors: 36432, runtime errors: 121, failed runs: 371, ok runs: 0
:::: FAILED :::: level: 3 :::: size: 696 / 797 :::: Compiler calls: 36972, compilation errors: 36472, runtime errors: 121, failed runs: 372, ok runs: 0
:::: FAILED :::: level: 3 :::: size: 695 / 797 :::: Compiler calls: 37274, compilation errors: 36767, runtime errors: 121, failed runs: 373, ok runs: 0
:::: FAILED :::: level: 3 :::: size: 695 / 797 :::: Compiler calls: 37277, compilation errors: 36770, runtime errors: 121, failed runs: 374, ok runs: 0
:::: FAILED :::: level: 3 :::: size: 695 / 797 :::: Compiler calls: 37289, compilation errors: 36780, runtime errors: 121, failed runs: 375, ok runs: 0
:::: FAILED :::: level: 3 :::: size: 694 / 797 :::: Compiler calls: 37590, compilation errors: 37083, runtime errors: 121, failed runs: 376, ok runs: 0
:::: FAILED :::: level: 3 :::: size: 694 / 797 :::: Compiler calls: 37593, compilation errors: 37083, runtime errors: 121, failed runs: 377, ok runs: 0
:::: FAILED :::: level: 3 :::: size: 694 / 797 :::: Compiler calls: 37603, compilation errors: 37092, runtime errors: 121, failed runs: 378, ok runs: 0
:::: FAILED :::: level: 3 :::: size: 694 / 797 :::: Compiler calls: 37607, compilation errors: 37095, runtime errors: 121, failed runs: 379, ok runs: 0
:::: FAILED :::: level: 3 :::: size: 694 / 797 :::: Compiler calls: 37669, compilation errors: 37154, runtime errors: 121, failed runs: 380, ok runs: 0
:::: FAILED :::: level: 3 :::: size: 693 / 797 :::: Compiler calls: 37918, compilation errors: 37404, runtime errors: 121, failed runs: 381, ok runs: 0
:::: FAILED :::: level: 3 :::: size: 693 / 797 :::: Compiler calls: 37920, compilation errors: 37407, runtime errors: 121, failed runs: 382, ok runs: 0
:::: FAILED :::: level: 3 :::: size: 693 / 797 :::: Compiler calls: 37924, compilation errors: 37408, runtime errors: 121, failed runs: 383, ok runs: 0
:::: FAILED :::: level: 3 :::: size: 693 / 797 :::: Compiler calls: 37935, compilation errors: 37420, runtime errors: 121, failed runs: 384, ok runs: 0
:::: FAILED :::: level: 3 :::: size: 692 / 797 :::: Compiler calls: 38252, compilation errors: 37735, runtime errors: 121, failed runs: 385, ok runs: 0
:::: FAILED :::: level: 3 :::: size: 692 / 797 :::: Compiler calls: 38255, compilation errors: 37735, runtime errors: 121, failed runs: 386, ok runs: 0
:::: FAILED :::: level: 3 :::: size: 691 / 797 :::: Compiler calls: 38599, compilation errors: 38079, runtime errors: 121, failed runs: 387, ok runs: 0
:::: FAILED :::: level: 3 :::: size: 691 / 797 :::: Compiler calls: 38602, compilation errors: 38081, runtime errors: 121, failed runs: 388, ok runs: 0
:::: FAILED :::: level: 3 :::: size: 690 / 797 :::: Compiler calls: 38605, compilation errors: 38082, runtime errors: 121, failed runs: 389, ok runs: 0
:::: FAILED :::: level: 3 :::: size: 691 / 797 :::: Compiler calls: 38611, compilation errors: 38089, runtime errors: 121, failed runs: 390, ok runs: 0
:::: FAILED :::: level: 3 :::: size: 691 / 797 :::: Compiler calls: 38669, compilation errors: 38145, runtime errors: 121, failed runs: 391, ok runs: 0
:::: FAILED :::: level: 3 :::: size: 690 / 797 :::: Compiler calls: 38924, compilation errors: 38399, runtime errors: 121, failed runs: 392, ok runs: 0
:::: FAILED :::: level: 3 :::: size: 690 / 797 :::: Compiler calls: 38935, compilation errors: 38409, runtime errors: 121, failed runs: 393, ok runs: 0
:::: FAILED :::: level: 3 :::: size: 690 / 797 :::: Compiler calls: 38954, compilation errors: 38429, runtime errors: 121, failed runs: 394, ok runs: 0
:::: FAILED :::: level: 3 :::: size: 689 / 797 :::: Compiler calls: 39258, compilation errors: 38728, runtime errors: 121, failed runs: 395, ok runs: 0
:::: FAILED :::: level: 3 :::: size: 689 / 797 :::: Compiler calls: 39259, compilation errors: 38731, runtime errors: 121, failed runs: 396, ok runs: 0
:::: FAILED :::: level: 3 :::: size: 689 / 797 :::: Compiler calls: 39259, compilation errors: 38731, runtime errors: 121, failed runs: 397, ok runs: 0
:::: FAILED :::: level: 3 :::: size: 689 / 797 :::: Compiler calls: 39265, compilation errors: 38732, runtime errors: 121, failed runs: 398, ok runs: 0
:::: FAILED :::: level: 3 :::: size: 688 / 797 :::: Compiler calls: 39269, compilation errors: 38737, runtime errors: 121, failed runs: 399, ok runs: 0
:::: FAILED :::: level: 3 :::: size: 688 / 797 :::: Compiler calls: 39568, compilation errors: 39035, runtime errors: 121, failed runs: 400, ok runs: 0
:::: FAILED :::: level: 3 :::: size: 688 / 797 :::: Compiler calls: 39571, compilation errors: 39039, runtime errors: 121, failed runs: 401, ok runs: 0
:::: FAILED :::: level: 3 :::: size: 688 / 797 :::: Compiler calls: 39583, compilation errors: 39046, runtime errors: 121, failed runs: 402, ok runs: 0
:::: FAILED :::: level: 3 :::: size: 688 / 797 :::: Compiler calls: 39646, compilation errors: 39112, runtime errors: 121, failed runs: 403, ok runs: 0
:::: FAILED :::: level: 3 :::: size: 687 / 797 :::: Compiler calls: 39901, compilation errors: 39362, runtime errors: 121, failed runs: 404, ok runs: 0
:::: FAILED :::: level: 3 :::: size: 687 / 797 :::: Compiler calls: 39901, compilation errors: 39365, runtime errors: 121, failed runs: 405, ok runs: 0
:::: FAILED :::: level: 3 :::: size: 687 / 797 :::: Compiler calls: 39907, compilation errors: 39367, runtime errors: 121, failed runs: 406, ok runs: 0
:::: FAILED :::: level: 3 :::: size: 686 / 797 :::: Compiler calls: 39907, compilation errors: 39368, runtime errors: 121, failed runs: 407, ok runs: 0
:::: FAILED :::: level: 3 :::: size: 687 / 797 :::: Compiler calls: 39913, compilation errors: 39373, runtime errors: 121, failed runs: 408, ok runs: 0
:::: FAILED :::: level: 3 :::: size: 686 / 797 :::: Compiler calls: 40233, compilation errors: 39691, runtime errors: 121, failed runs: 409, ok runs: 0
:::: FAILED :::: level: 3 :::: size: 686 / 797 :::: Compiler calls: 40234, compilation errors: 39693, runtime errors: 121, failed runs: 410, ok runs: 0
:::: FAILED :::: level: 3 :::: size: 686 / 797 :::: Compiler calls: 40240, compilation errors: 39695, runtime errors: 121, failed runs: 411, ok runs: 0
:::: FAILED :::: level: 3 :::: size: 685 / 797 :::: Compiler calls: 40560, compilation errors: 40016, runtime errors: 121, failed runs: 412, ok runs: 0
:::: FAILED :::: level: 3 :::: size: 685 / 797 :::: Compiler calls: 40569, compilation errors: 40025, runtime errors: 121, failed runs: 413, ok runs: 0
:::: FAILED :::: level: 3 :::: size: 684 / 797 :::: Compiler calls: 40892, compilation errors: 40344, runtime errors: 121, failed runs: 414, ok runs: 0
:::: FAILED :::: level: 3 :::: size: 684 / 797 :::: Compiler calls: 40900, compilation errors: 40350, runtime errors: 121, failed runs: 415, ok runs: 0
:::: FAILED :::: level: 3 :::: size: 684 / 797 :::: Compiler calls: 40902, compilation errors: 40352, runtime errors: 121, failed runs: 416, ok runs: 0
:::: FAILED :::: level: 3 :::: size: 684 / 797 :::: Compiler calls: 40906, compilation errors: 40356, runtime errors: 121, failed runs: 417, ok runs: 0
:::: FAILED :::: level: 3 :::: size: 683 / 797 :::: Compiler calls: 41228, compilation errors: 40674, runtime errors: 121, failed runs: 418, ok runs: 0
:::: FAILED :::: level: 3 :::: size: 683 / 797 :::: Compiler calls: 41243, compilation errors: 40691, runtime errors: 121, failed runs: 419, ok runs: 0
:::: FAILED :::: level: 3 :::: size: 683 / 797 :::: Compiler calls: 41246, compilation errors: 40692, runtime errors: 121, failed runs: 420, ok runs: 0
:::: FAILED :::: level: 3 :::: size: 682 / 797 :::: Compiler calls: 41564, compilation errors: 41008, runtime errors: 121, failed runs: 421, ok runs: 0
:::: FAILED :::: level: 3 :::: size: 681 / 797 :::: Compiler calls: 41572, compilation errors: 41014, runtime errors: 121, failed runs: 422, ok runs: 0
:::: FAILED :::: level: 3 :::: size: 681 / 797 :::: Compiler calls: 41887, compilation errors: 41329, runtime errors: 121, failed runs: 423, ok runs: 0
:::: FAILED :::: level: 3 :::: size: 679 / 797 :::: Compiler calls: 42225, compilation errors: 41667, runtime errors: 121, failed runs: 424, ok runs: 0
:::: FAILED :::: level: 3 :::: size: 680 / 797 :::: Compiler calls: 42226, compilation errors: 41667, runtime errors: 121, failed runs: 425, ok runs: 0
:::: FAILED :::: level: 3 :::: size: 680 / 797 :::: Compiler calls: 42226, compilation errors: 41668, runtime errors: 121, failed runs: 426, ok runs: 0
:::: FAILED :::: level: 3 :::: size: 680 / 797 :::: Compiler calls: 42233, compilation errors: 41673, runtime errors: 121, failed runs: 427, ok runs: 0
:::: FAILED :::: level: 3 :::: size: 680 / 797 :::: Compiler calls: 42240, compilation errors: 41678, runtime errors: 121, failed runs: 428, ok runs: 0
:::: FAILED :::: level: 3 :::: size: 680 / 797 :::: Compiler calls: 42247, compilation errors: 41686, runtime errors: 121, failed runs: 429, ok runs: 0
:::: FAILED :::: level: 3 :::: size: 678 / 797 :::: Compiler calls: 42571, compilation errors: 42006, runtime errors: 121, failed runs: 430, ok runs: 0
:::: FAILED :::: level: 3 :::: size: 678 / 797 :::: Compiler calls: 42579, compilation errors: 42015, runtime errors: 121, failed runs: 431, ok runs: 0
:::: FAILED :::: level: 3 :::: size: 678 / 797 :::: Compiler calls: 42580, compilation errors: 42015, runtime errors: 121, failed runs: 432, ok runs: 0
:::: FAILED :::: level: 3 :::: size: 677 / 797 :::: Compiler calls: 42584, compilation errors: 42022, runtime errors: 121, failed runs: 433, ok runs: 0
:::: FAILED :::: level: 3 :::: size: 677 / 797 :::: Compiler calls: 42920, compilation errors: 42352, runtime errors: 121, failed runs: 434, ok runs: 0
:::: FAILED :::: level: 3 :::: size: 677 / 797 :::: Compiler calls: 42922, compilation errors: 42354, runtime errors: 121, failed runs: 435, ok runs: 0
:::: FAILED :::: level: 3 :::: size: 677 / 797 :::: Compiler calls: 42926, compilation errors: 42355, runtime errors: 121, failed runs: 436, ok runs: 0
:::: FAILED :::: level: 3 :::: size: 677 / 797 :::: Compiler calls: 42929, compilation errors: 42359, runtime errors: 121, failed runs: 437, ok runs: 0
:::: FAILED :::: level: 3 :::: size: 676 / 797 :::: Compiler calls: 42931, compilation errors: 42359, runtime errors: 121, failed runs: 438, ok runs: 0
:::: FAILED :::: level: 3 :::: size: 677 / 797 :::: Compiler calls: 42951, compilation errors: 42381, runtime errors: 121, failed runs: 439, ok runs: 0
:::: FAILED :::: level: 3 :::: size: 676 / 797 :::: Compiler calls: 43259, compilation errors: 42685, runtime errors: 121, failed runs: 440, ok runs: 0
:::: FAILED :::: level: 3 :::: size: 676 / 797 :::: Compiler calls: 43270, compilation errors: 42694, runtime errors: 121, failed runs: 441, ok runs: 0
:::: FAILED :::: level: 3 :::: size: 675 / 797 :::: Compiler calls: 43274, compilation errors: 42701, runtime errors: 121, failed runs: 442, ok runs: 0
:::: FAILED :::: level: 3 :::: size: 676 / 797 :::: Compiler calls: 43340, compilation errors: 42764, runtime errors: 121, failed runs: 443, ok runs: 0
:::: FAILED :::: level: 3 :::: size: 675 / 797 :::: Compiler calls: 43601, compilation errors: 43025, runtime errors: 121, failed runs: 444, ok runs: 0
:::: FAILED :::: level: 3 :::: size: 675 / 797 :::: Compiler calls: 43615, compilation errors: 43039, runtime errors: 121, failed runs: 445, ok runs: 0
:::: FAILED :::: level: 3 :::: size: 675 / 797 :::: Compiler calls: 43618, compilation errors: 43039, runtime errors: 121, failed runs: 446, ok runs: 0
:::: FAILED :::: level: 3 :::: size: 674 / 797 :::: Compiler calls: 43642, compilation errors: 43069, runtime errors: 121, failed runs: 447, ok runs: 0
:::: FAILED :::: level: 3 :::: size: 674 / 797 :::: Compiler calls: 43935, compilation errors: 43355, runtime errors: 121, failed runs: 448, ok runs: 0
:::: FAILED :::: level: 3 :::: size: 673 / 797 :::: Compiler calls: 44284, compilation errors: 43702, runtime errors: 121, failed runs: 449, ok runs: 0
:::: FAILED :::: level: 3 :::: size: 673 / 797 :::: Compiler calls: 44294, compilation errors: 43709, runtime errors: 121, failed runs: 450, ok runs: 0
:::: FAILED :::: level: 3 :::: size: 672 / 797 :::: Compiler calls: 44632, compilation errors: 44047, runtime errors: 121, failed runs: 451, ok runs: 0
:::: FAILED :::: level: 3 :::: size: 672 / 797 :::: Compiler calls: 44633, compilation errors: 44051, runtime errors: 121, failed runs: 452, ok runs: 0
:::: FAILED :::: level: 3 :::: size: 672 / 797 :::: Compiler calls: 44642, compilation errors: 44053, runtime errors: 121, failed runs: 453, ok runs: 0
:::: FAILED :::: level: 3 :::: size: 672 / 797 :::: Compiler calls: 44661, compilation errors: 44077, runtime errors: 121, failed runs: 454, ok runs: 0
:::: FAILED :::: level: 3 :::: size: 671 / 797 :::: Compiler calls: 44989, compilation errors: 44401, runtime errors: 121, failed runs: 455, ok runs: 0
:::: FAILED :::: level: 3 :::: size: 671 / 797 :::: Compiler calls: 44997, compilation errors: 44408, runtime errors: 121, failed runs: 456, ok runs: 0
:::: FAILED :::: level: 3 :::: size: 671 / 797 :::: Compiler calls: 45001, compilation errors: 44408, runtime errors: 121, failed runs: 457, ok runs: 0
:::: FAILED :::: level: 3 :::: size: 671 / 797 :::: Compiler calls: 45004, compilation errors: 44411, runtime errors: 121, failed runs: 458, ok runs: 0
:::: FAILED :::: level: 3 :::: size: 671 / 797 :::: Compiler calls: 45005, compilation errors: 44411, runtime errors: 121, failed runs: 459, ok runs: 0
:::: FAILED :::: level: 3 :::: size: 671 / 797 :::: Compiler calls: 45005, compilation errors: 44412, runtime errors: 121, failed runs: 460, ok runs: 0
:::: FAILED :::: level: 3 :::: size: 670 / 797 :::: Compiler calls: 45342, compilation errors: 44747, runtime errors: 121, failed runs: 461, ok runs: 0
:::: FAILED :::: level: 3 :::: size: 670 / 797 :::: Compiler calls: 45354, compilation errors: 44757, runtime errors: 121, failed runs: 462, ok runs: 0
:::: FAILED :::: level: 3 :::: size: 670 / 797 :::: Compiler calls: 45359, compilation errors: 44760, runtime errors: 121, failed runs: 463, ok runs: 0
:::: FAILED :::: level: 3 :::: size: 669 / 797 :::: Compiler calls: 45693, compilation errors: 45096, runtime errors: 121, failed runs: 464, ok runs: 0
:::: FAILED :::: level: 3 :::: size: 669 / 797 :::: Compiler calls: 45708, compilation errors: 45111, runtime errors: 121, failed runs: 465, ok runs: 0
:::: FAILED :::: level: 3 :::: size: 668 / 797 :::: Compiler calls: 46048, compilation errors: 45448, runtime errors: 121, failed runs: 466, ok runs: 0
:::: FAILED :::: level: 3 :::: size: 667 / 797 :::: Compiler calls: 46400, compilation errors: 45800, runtime errors: 121, failed runs: 467, ok runs: 0
:::: FAILED :::: level: 3 :::: size: 667 / 797 :::: Compiler calls: 46408, compilation errors: 45805, runtime errors: 121, failed runs: 468, ok runs: 0
:::: FAILED :::: level: 3 :::: size: 666 / 797 :::: Compiler calls: 46771, compilation errors: 46169, runtime errors: 121, failed runs: 469, ok runs: 0
:::: FAILED :::: level: 3 :::: size: 665 / 797 :::: Compiler calls: 46775, compilation errors: 46173, runtime errors: 121, failed runs: 470, ok runs: 0
:::: FAILED :::: level: 3 :::: size: 666 / 797 :::: Compiler calls: 46791, compilation errors: 46185, runtime errors: 121, failed runs: 471, ok runs: 0
:::: FAILED :::: level: 3 :::: size: 666 / 797 :::: Compiler calls: 46806, compilation errors: 46203, runtime errors: 121, failed runs: 472, ok runs: 0
:::: FAILED :::: level: 3 :::: size: 665 / 797 :::: Compiler calls: 47138, compilation errors: 46531, runtime errors: 121, failed runs: 473, ok runs: 0
:::: FAILED :::: level: 3 :::: size: 664 / 797 :::: Compiler calls: 47145, compilation errors: 46535, runtime errors: 121, failed runs: 474, ok runs: 0
:::: FAILED :::: level: 3 :::: size: 665 / 797 :::: Compiler calls: 47151, compilation errors: 46541, runtime errors: 121, failed runs: 475, ok runs: 0
:::: FAILED :::: level: 3 :::: size: 664 / 797 :::: Compiler calls: 47162, compilation errors: 46553, runtime errors: 121, failed runs: 476, ok runs: 0
:::: FAILED :::: level: 3 :::: size: 664 / 797 :::: Compiler calls: 47508, compilation errors: 46896, runtime errors: 121, failed runs: 477, ok runs: 0
:::: FAILED :::: level: 3 :::: size: 664 / 797 :::: Compiler calls: 47508, compilation errors: 46899, runtime errors: 121, failed runs: 478, ok runs: 0
:::: FAILED :::: level: 3 :::: size: 664 / 797 :::: Compiler calls: 47512, compilation errors: 46900, runtime errors: 121, failed runs: 479, ok runs: 0
:::: FAILED :::: level: 3 :::: size: 664 / 797 :::: Compiler calls: 47521, compilation errors: 46907, runtime errors: 121, failed runs: 480, ok runs: 0
:::: FAILED :::: level: 3 :::: size: 664 / 797 :::: Compiler calls: 47582, compilation errors: 46969, runtime errors: 121, failed runs: 481, ok runs: 0
:::: FAILED :::: level: 3 :::: size: 663 / 797 :::: Compiler calls: 47874, compilation errors: 47259, runtime errors: 121, failed runs: 482, ok runs: 0
:::: FAILED :::: level: 3 :::: size: 662 / 797 :::: Compiler calls: 47884, compilation errors: 47268, runtime errors: 121, failed runs: 483, ok runs: 0
:::: FAILED :::: level: 3 :::: size: 662 / 797 :::: Compiler calls: 47884, compilation errors: 47269, runtime errors: 121, failed runs: 484, ok runs: 0
:::: FAILED :::: level: 3 :::: size: 663 / 797 :::: Compiler calls: 47912, compilation errors: 47297, runtime errors: 121, failed runs: 485, ok runs: 0
:::: FAILED :::: level: 3 :::: size: 662 / 797 :::: Compiler calls: 48248, compilation errors: 47628, runtime errors: 121, failed runs: 486, ok runs: 0
:::: FAILED :::: level: 3 :::: size: 662 / 797 :::: Compiler calls: 48259, compilation errors: 47639, runtime errors: 121, failed runs: 487, ok runs: 0
:::: FAILED :::: level: 3 :::: size: 662 / 797 :::: Compiler calls: 48283, compilation errors: 47661, runtime errors: 121, failed runs: 488, ok runs: 0
:::: FAILED :::: level: 3 :::: size: 662 / 797 :::: Compiler calls: 48283, compilation errors: 47661, runtime errors: 121, failed runs: 489, ok runs: 0
:::: FAILED :::: level: 3 :::: size: 661 / 797 :::: Compiler calls: 48611, compilation errors: 47988, runtime errors: 121, failed runs: 490, ok runs: 0
:::: FAILED :::: level: 3 :::: size: 660 / 797 :::: Compiler calls: 48616, compilation errors: 47992, runtime errors: 121, failed runs: 491, ok runs: 0
:::: FAILED :::: level: 3 :::: size: 661 / 797 :::: Compiler calls: 48648, compilation errors: 48023, runtime errors: 121, failed runs: 492, ok runs: 0
:::: FAILED :::: level: 3 :::: size: 661 / 797 :::: Compiler calls: 48649, compilation errors: 48026, runtime errors: 121, failed runs: 493, ok runs: 0
:::: FAILED :::: level: 3 :::: size: 659 / 797 :::: Compiler calls: 48995, compilation errors: 48366, runtime errors: 121, failed runs: 494, ok runs: 0
:::: FAILED :::: level: 3 :::: size: 660 / 797 :::: Compiler calls: 48996, compilation errors: 48369, runtime errors: 121, failed runs: 495, ok runs: 0
:::: FAILED :::: level: 3 :::: size: 660 / 797 :::: Compiler calls: 49008, compilation errors: 48378, runtime errors: 121, failed runs: 496, ok runs: 0
:::: FAILED :::: level: 3 :::: size: 660 / 797 :::: Compiler calls: 49009, compilation errors: 48380, runtime errors: 121, failed runs: 497, ok runs: 0
:::: FAILED :::: level: 3 :::: size: 658 / 797 :::: Compiler calls: 49360, compilation errors: 48728, runtime errors: 121, failed runs: 498, ok runs: 0
:::: FAILED :::: level: 3 :::: size: 658 / 797 :::: Compiler calls: 49385, compilation errors: 48754, runtime errors: 121, failed runs: 499, ok runs: 0
:::: FAILED :::: level: 3 :::: size: 657 / 797 :::: Compiler calls: 49747, compilation errors: 49113, runtime errors: 121, failed runs: 500, ok runs: 0
:::: FAILED :::: level: 3 :::: size: 657 / 797 :::: Compiler calls: 49749, compilation errors: 49114, runtime errors: 121, failed runs: 501, ok runs: 0
:::: FAILED :::: level: 3 :::: size: 657 / 797 :::: Compiler calls: 49762, compilation errors: 49124, runtime errors: 121, failed runs: 502, ok runs: 0
:::: FAILED :::: level: 3 :::: size: 656 / 797 :::: Compiler calls: 50122, compilation errors: 49486, runtime errors: 121, failed runs: 503, ok runs: 0
:::: FAILED :::: level: 3 :::: size: 656 / 797 :::: Compiler calls: 50124, compilation errors: 49488, runtime errors: 121, failed runs: 504, ok runs: 0
:::: FAILED :::: level: 3 :::: size: 655 / 797 :::: Compiler calls: 50495, compilation errors: 49858, runtime errors: 121, failed runs: 505, ok runs: 0
:::: FAILED :::: level: 3 :::: size: 654 / 797 :::: Compiler calls: 50874, compilation errors: 50233, runtime errors: 121, failed runs: 506, ok runs: 0
:::: FAILED :::: level: 3 :::: size: 653 / 797 :::: Compiler calls: 50881, compilation errors: 50240, runtime errors: 121, failed runs: 507, ok runs: 0
:::: FAILED :::: level: 3 :::: size: 654 / 797 :::: Compiler calls: 50887, compilation errors: 50245, runtime errors: 121, failed runs: 508, ok runs: 0
:::: FAILED :::: level: 3 :::: size: 654 / 797 :::: Compiler calls: 50900, compilation errors: 50257, runtime errors: 121, failed runs: 509, ok runs: 0
:::: FAILED :::: level: 3 :::: size: 654 / 797 :::: Compiler calls: 50905, compilation errors: 50263, runtime errors: 121, failed runs: 510, ok runs: 0
:::: FAILED :::: level: 3 :::: size: 653 / 797 :::: Compiler calls: 51263, compilation errors: 50624, runtime errors: 121, failed runs: 511, ok runs: 0
:::: FAILED :::: level: 3 :::: size: 653 / 797 :::: Compiler calls: 51263, compilation errors: 50624, runtime errors: 121, failed runs: 512, ok runs: 0
:::: FAILED :::: level: 3 :::: size: 653 / 797 :::: Compiler calls: 51263, compilation errors: 50624, runtime errors: 121, failed runs: 513, ok runs: 0
:::: FAILED :::: level: 3 :::: size: 653 / 797 :::: Compiler calls: 51263, compilation errors: 50624, runtime errors: 121, failed runs: 514, ok runs: 0
:::: FAILED :::: level: 3 :::: size: 653 / 797 :::: Compiler calls: 51263, compilation errors: 50624, runtime errors: 121, failed runs: 515, ok runs: 0
:::: FAILED :::: level: 3 :::: size: 652 / 797 :::: Compiler calls: 51278, compilation errors: 50632, runtime errors: 121, failed runs: 516, ok runs: 0
:::: FAILED :::: level: 3 :::: size: 653 / 797 :::: Compiler calls: 51284, compilation errors: 50635, runtime errors: 121, failed runs: 517, ok runs: 0
:::: FAILED :::: level: 3 :::: size: 652 / 797 :::: Compiler calls: 51638, compilation errors: 50987, runtime errors: 121, failed runs: 518, ok runs: 0
:::: FAILED :::: level: 3 :::: size: 652 / 797 :::: Compiler calls: 51641, compilation errors: 50991, runtime errors: 121, failed runs: 519, ok runs: 0
:::: FAILED :::: level: 3 :::: size: 652 / 797 :::: Compiler calls: 51673, compilation errors: 51022, runtime errors: 121, failed runs: 520, ok runs: 0
:::: FAILED :::: level: 3 :::: size: 651 / 797 :::: Compiler calls: 52008, compilation errors: 51355, runtime errors: 121, failed runs: 521, ok runs: 0
:::: FAILED :::: level: 3 :::: size: 650 / 797 :::: Compiler calls: 52389, compilation errors: 51734, runtime errors: 121, failed runs: 522, ok runs: 0
:::: FAILED :::: level: 3 :::: size: 650 / 797 :::: Compiler calls: 52391, compilation errors: 51736, runtime errors: 121, failed runs: 523, ok runs: 0
:::: FAILED :::: level: 3 :::: size: 650 / 797 :::: Compiler calls: 52395, compilation errors: 51737, runtime errors: 121, failed runs: 524, ok runs: 0
:::: FAILED :::: level: 3 :::: size: 650 / 797 :::: Compiler calls: 52397, compilation errors: 51738, runtime errors: 121, failed runs: 525, ok runs: 0
:::: FAILED :::: level: 3 :::: size: 650 / 797 :::: Compiler calls: 52470, compilation errors: 51811, runtime errors: 121, failed runs: 526, ok runs: 0
:::: FAILED :::: level: 3 :::: size: 649 / 797 :::: Compiler calls: 52773, compilation errors: 52111, runtime errors: 121, failed runs: 527, ok runs: 0
:::: FAILED :::: level: 3 :::: size: 649 / 797 :::: Compiler calls: 52776, compilation errors: 52113, runtime errors: 121, failed runs: 528, ok runs: 0
:::: FAILED :::: level: 3 :::: size: 649 / 797 :::: Compiler calls: 52780, compilation errors: 52117, runtime errors: 121, failed runs: 529, ok runs: 0
:::: FAILED :::: level: 3 :::: size: 649 / 797 :::: Compiler calls: 52784, compilation errors: 52122, runtime errors: 121, failed runs: 530, ok runs: 0
:::: FAILED :::: level: 3 :::: size: 649 / 797 :::: Compiler calls: 52787, compilation errors: 52123, runtime errors: 121, failed runs: 531, ok runs: 0
:::: FAILED :::: level: 3 :::: size: 649 / 797 :::: Compiler calls: 52795, compilation errors: 52132, runtime errors: 121, failed runs: 532, ok runs: 0
:::: FAILED :::: level: 3 :::: size: 648 / 797 :::: Compiler calls: 53152, compilation errors: 52486, runtime errors: 121, failed runs: 533, ok runs: 0
:::: FAILED :::: level: 3 :::: size: 647 / 797 :::: Compiler calls: 53537, compilation errors: 52876, runtime errors: 121, failed runs: 534, ok runs: 0
:::: FAILED :::: level: 3 :::: size: 647 / 797 :::: Compiler calls: 53549, compilation errors: 52881, runtime errors: 121, failed runs: 535, ok runs: 0
:::: FAILED :::: level: 3 :::: size: 647 / 797 :::: Compiler calls: 53553, compilation errors: 52886, runtime errors: 121, failed runs: 536, ok runs: 0
:::: FAILED :::: level: 3 :::: size: 647 / 797 :::: Compiler calls: 53560, compilation errors: 52891, runtime errors: 121, failed runs: 537, ok runs: 0
:::: FAILED :::: level: 3 :::: size: 647 / 797 :::: Compiler calls: 53567, compilation errors: 52897, runtime errors: 121, failed runs: 538, ok runs: 0
:::: FAILED :::: level: 3 :::: size: 646 / 797 :::: Compiler calls: 53917, compilation errors: 53249, runtime errors: 121, failed runs: 539, ok runs: 0
:::: FAILED :::: level: 3 :::: size: 646 / 797 :::: Compiler calls: 53917, compilation errors: 53249, runtime errors: 121, failed runs: 540, ok runs: 0
:::: FAILED :::: level: 3 :::: size: 646 / 797 :::: Compiler calls: 53924, compilation errors: 53250, runtime errors: 121, failed runs: 541, ok runs: 0
:::: FAILED :::: level: 3 :::: size: 645 / 797 :::: Compiler calls: 54296, compilation errors: 53627, runtime errors: 121, failed runs: 542, ok runs: 0
:::: FAILED :::: level: 3 :::: size: 645 / 797 :::: Compiler calls: 54306, compilation errors: 53630, runtime errors: 121, failed runs: 543, ok runs: 0
:::: FAILED :::: level: 3 :::: size: 644 / 797 :::: Compiler calls: 54674, compilation errors: 54004, runtime errors: 121, failed runs: 544, ok runs: 0
:::: FAILED :::: level: 3 :::: size: 644 / 797 :::: Compiler calls: 54674, compilation errors: 54005, runtime errors: 121, failed runs: 545, ok runs: 0
:::: FAILED :::: level: 3 :::: size: 644 / 797 :::: Compiler calls: 54674, compilation errors: 54005, runtime errors: 121, failed runs: 546, ok runs: 0
:::: FAILED :::: level: 3 :::: size: 644 / 797 :::: Compiler calls: 54682, compilation errors: 54005, runtime errors: 121, failed runs: 547, ok runs: 0
:::: FAILED :::: level: 3 :::: size: 644 / 797 :::: Compiler calls: 54691, compilation errors: 54009, runtime errors: 121, failed runs: 548, ok runs: 0
:::: FAILED :::: level: 3 :::: size: 643 / 797 :::: Compiler calls: 55051, compilation errors: 54377, runtime errors: 121, failed runs: 549, ok runs: 0
:::: FAILED :::: level: 3 :::: size: 643 / 797 :::: Compiler calls: 55051, compilation errors: 54377, runtime errors: 121, failed runs: 550, ok runs: 0
:::: FAILED :::: level: 3 :::: size: 643 / 797 :::: Compiler calls: 55065, compilation errors: 54381, runtime errors: 121, failed runs: 551, ok runs: 0
:::: FAILED :::: level: 3 :::: size: 643 / 797 :::: Compiler calls: 55068, compilation errors: 54387, runtime errors: 121, failed runs: 552, ok runs: 0
:::: FAILED :::: level: 3 :::: size: 642 / 797 :::: Compiler calls: 55427, compilation errors: 54749, runtime errors: 121, failed runs: 553, ok runs: 0
:::: FAILED :::: level: 3 :::: size: 642 / 797 :::: Compiler calls: 55442, compilation errors: 54757, runtime errors: 121, failed runs: 554, ok runs: 0
:::: FAILED :::: level: 3 :::: size: 642 / 797 :::: Compiler calls: 55461, compilation errors: 54776, runtime errors: 121, failed runs: 555, ok runs: 0
:::: FAILED :::: level: 3 :::: size: 641 / 797 :::: Compiler calls: 55802, compilation errors: 55119, runtime errors: 121, failed runs: 556, ok runs: 0
:::: FAILED :::: level: 3 :::: size: 641 / 797 :::: Compiler calls: 55808, compilation errors: 55119, runtime errors: 121, failed runs: 557, ok runs: 0
:::: FAILED :::: level: 3 :::: size: 641 / 797 :::: Compiler calls: 55816, compilation errors: 55126, runtime errors: 121, failed runs: 558, ok runs: 0
:::: FAILED :::: level: 3 :::: size: 641 / 797 :::: Compiler calls: 55818, compilation errors: 55128, runtime errors: 121, failed runs: 559, ok runs: 0
:::: FAILED :::: level: 3 :::: size: 641 / 797 :::: Compiler calls: 55840, compilation errors: 55151, runtime errors: 121, failed runs: 560, ok runs: 0
:::: FAILED :::: level: 3 :::: size: 640 / 797 :::: Compiler calls: 56176, compilation errors: 55491, runtime errors: 121, failed runs: 561, ok runs: 0
:::: FAILED :::: level: 3 :::: size: 640 / 797 :::: Compiler calls: 56176, compilation errors: 55491, runtime errors: 121, failed runs: 562, ok runs: 0
:::: FAILED :::: level: 3 :::: size: 640 / 797 :::: Compiler calls: 56176, compilation errors: 55491, runtime errors: 121, failed runs: 563, ok runs: 0
:::: FAILED :::: level: 3 :::: size: 640 / 797 :::: Compiler calls: 56199, compilation errors: 55504, runtime errors: 121, failed runs: 564, ok runs: 0
:::: FAILED :::: level: 3 :::: size: 639 / 797 :::: Compiler calls: 56549, compilation errors: 55862, runtime errors: 121, failed runs: 565, ok runs: 0
:::: FAILED :::: level: 3 :::: size: 639 / 797 :::: Compiler calls: 56549, compilation errors: 55862, runtime errors: 121, failed runs: 566, ok runs: 0
:::: FAILED :::: level: 3 :::: size: 638 / 797 :::: Compiler calls: 56921, compilation errors: 56233, runtime errors: 121, failed runs: 567, ok runs: 0
:::: FAILED :::: level: 3 :::: size: 637 / 797 :::: Compiler calls: 57292, compilation errors: 56599, runtime errors: 121, failed runs: 568, ok runs: 0
:::: FAILED :::: level: 3 :::: size: 637 / 797 :::: Compiler calls: 57298, compilation errors: 56600, runtime errors: 121, failed runs: 569, ok runs: 0
:::: FAILED :::: level: 3 :::: size: 637 / 797 :::: Compiler calls: 57311, compilation errors: 56610, runtime errors: 121, failed runs: 570, ok runs: 0
:::: FAILED :::: level: 3 :::: size: 636 / 797 :::: Compiler calls: 57662, compilation errors: 56968, runtime errors: 121, failed runs: 571, ok runs: 0
:::: FAILED :::: level: 3 :::: size: 636 / 797 :::: Compiler calls: 57670, compilation errors: 56971, runtime errors: 121, failed runs: 572, ok runs: 0
:::: FAILED :::: level: 3 :::: size: 635 / 797 :::: Compiler calls: 58031, compilation errors: 57337, runtime errors: 121, failed runs: 573, ok runs: 0
:::: FAILED :::: level: 3 :::: size: 634 / 797 :::: Compiler calls: 58443, compilation errors: 57735, runtime errors: 121, failed runs: 574, ok runs: 0
:::: FAILED :::: level: 3 :::: size: 634 / 797 :::: Compiler calls: 58449, compilation errors: 57739, runtime errors: 121, failed runs: 575, ok runs: 0
:::: FAILED :::: level: 3 :::: size: 634 / 797 :::: Compiler calls: 58449, compilation errors: 57739, runtime errors: 121, failed runs: 576, ok runs: 0
:::: FAILED :::: level: 3 :::: size: 633 / 797 :::: Compiler calls: 58488, compilation errors: 57777, runtime errors: 121, failed runs: 577, ok runs: 0
:::: FAILED :::: level: 3 :::: size: 633 / 797 :::: Compiler calls: 58489, compilation errors: 57777, runtime errors: 121, failed runs: 578, ok runs: 0
:::: FAILED :::: level: 3 :::: size: 632 / 797 :::: Compiler calls: 58541, compilation errors: 57829, runtime errors: 121, failed runs: 579, ok runs: 0
:::: FAILED :::: level: 3 :::: size: 632 / 797 :::: Compiler calls: 58545, compilation errors: 57830, runtime errors: 121, failed runs: 580, ok runs: 0
:::: FAILED :::: level: 3 :::: size: 632 / 797 :::: Compiler calls: 58549, compilation errors: 57835, runtime errors: 121, failed runs: 581, ok runs: 0
:::: FAILED :::: level: 3 :::: size: 631 / 797 :::: Compiler calls: 58601, compilation errors: 57885, runtime errors: 121, failed runs: 582, ok runs: 0
:::: FAILED :::: level: 3 :::: size: 631 / 797 :::: Compiler calls: 58608, compilation errors: 57892, runtime errors: 121, failed runs: 583, ok runs: 0
:::: FAILED :::: level: 3 :::: size: 631 / 797 :::: Compiler calls: 58610, compilation errors: 57893, runtime errors: 121, failed runs: 584, ok runs: 0
:::: FAILED :::: level: 3 :::: size: 631 / 797 :::: Compiler calls: 58616, compilation errors: 57898, runtime errors: 121, failed runs: 585, ok runs: 0
:::: FAILED :::: level: 3 :::: size: 630 / 797 :::: Compiler calls: 58658, compilation errors: 57936, runtime errors: 121, failed runs: 586, ok runs: 0
:::: FAILED :::: level: 3 :::: size: 630 / 797 :::: Compiler calls: 58665, compilation errors: 57944, runtime errors: 121, failed runs: 587, ok runs: 0
:::: FAILED :::: level: 3 :::: size: 629 / 797 :::: Compiler calls: 58718, compilation errors: 57994, runtime errors: 121, failed runs: 588, ok runs: 0
:::: FAILED :::: level: 3 :::: size: 629 / 797 :::: Compiler calls: 58721, compilation errors: 57996, runtime errors: 121, failed runs: 589, ok runs: 0
:::: FAILED :::: level: 3 :::: size: 628 / 797 :::: Compiler calls: 58784, compilation errors: 58058, runtime errors: 121, failed runs: 590, ok runs: 0
:::: FAILED :::: level: 3 :::: size: 628 / 797 :::: Compiler calls: 58784, compilation errors: 58059, runtime errors: 121, failed runs: 591, ok runs: 0
:::: FAILED :::: level: 3 :::: size: 628 / 797 :::: Compiler calls: 58784, compilation errors: 58059, runtime errors: 121, failed runs: 592, ok runs: 0
:::: FAILED :::: level: 3 :::: size: 628 / 797 :::: Compiler calls: 58785, compilation errors: 58061, runtime errors: 121, failed runs: 593, ok runs: 0
:::: FAILED :::: level: 3 :::: size: 628 / 797 :::: Compiler calls: 58798, compilation errors: 58071, runtime errors: 121, failed runs: 594, ok runs: 0
:::: FAILED :::: level: 3 :::: size: 627 / 797 :::: Compiler calls: 58853, compilation errors: 58123, runtime errors: 121, failed runs: 595, ok runs: 0
:::: FAILED :::: level: 3 :::: size: 627 / 797 :::: Compiler calls: 58853, compilation errors: 58124, runtime errors: 121, failed runs: 596, ok runs: 0
:::: FAILED :::: level: 3 :::: size: 627 / 797 :::: Compiler calls: 58858, compilation errors: 58126, runtime errors: 121, failed runs: 597, ok runs: 0
:::: FAILED :::: level: 3 :::: size: 627 / 797 :::: Compiler calls: 58860, compilation errors: 58133, runtime errors: 121, failed runs: 598, ok runs: 0
:::: FAILED :::: level: 3 :::: size: 626 / 797 :::: Compiler calls: 58926, compilation errors: 58193, runtime errors: 121, failed runs: 599, ok runs: 0
:::: FAILED :::: level: 3 :::: size: 626 / 797 :::: Compiler calls: 58933, compilation errors: 58199, runtime errors: 121, failed runs: 600, ok runs: 0
:::: FAILED :::: level: 3 :::: size: 626 / 797 :::: Compiler calls: 58936, compilation errors: 58202, runtime errors: 121, failed runs: 601, ok runs: 0
:::: FAILED :::: level: 3 :::: size: 626 / 797 :::: Compiler calls: 58941, compilation errors: 58205, runtime errors: 121, failed runs: 602, ok runs: 0
:::: FAILED :::: level: 3 :::: size: 626 / 797 :::: Compiler calls: 58944, compilation errors: 58207, runtime errors: 121, failed runs: 603, ok runs: 0
:::: FAILED :::: level: 3 :::: size: 626 / 797 :::: Compiler calls: 58946, compilation errors: 58210, runtime errors: 121, failed runs: 604, ok runs: 0
:::: FAILED :::: level: 3 :::: size: 625 / 797 :::: Compiler calls: 59000, compilation errors: 58262, runtime errors: 121, failed runs: 605, ok runs: 0
:::: FAILED :::: level: 3 :::: size: 625 / 797 :::: Compiler calls: 59005, compilation errors: 58266, runtime errors: 121, failed runs: 606, ok runs: 0
:::: FAILED :::: level: 3 :::: size: 625 / 797 :::: Compiler calls: 59005, compilation errors: 58266, runtime errors: 121, failed runs: 607, ok runs: 0
:::: FAILED :::: level: 3 :::: size: 625 / 797 :::: Compiler calls: 59016, compilation errors: 58275, runtime errors: 121, failed runs: 608, ok runs: 0
:::: FAILED :::: level: 3 :::: size: 625 / 797 :::: Compiler calls: 59057, compilation errors: 58315, runtime errors: 121, failed runs: 609, ok runs: 0
:::: FAILED :::: level: 3 :::: size: 624 / 797 :::: Compiler calls: 59070, compilation errors: 58327, runtime errors: 121, failed runs: 610, ok runs: 0
:::: FAILED :::: level: 3 :::: size: 624 / 797 :::: Compiler calls: 59075, compilation errors: 58332, runtime errors: 121, failed runs: 611, ok runs: 0
:::: FAILED :::: level: 3 :::: size: 624 / 797 :::: Compiler calls: 59085, compilation errors: 58339, runtime errors: 121, failed runs: 612, ok runs: 0
:::: FAILED :::: level: 3 :::: size: 623 / 797 :::: Compiler calls: 59142, compilation errors: 58397, runtime errors: 121, failed runs: 613, ok runs: 0
:::: FAILED :::: level: 3 :::: size: 623 / 797 :::: Compiler calls: 59154, compilation errors: 58408, runtime errors: 121, failed runs: 614, ok runs: 0
:::: FAILED :::: level: 3 :::: size: 623 / 797 :::: Compiler calls: 59224, compilation errors: 58473, runtime errors: 121, failed runs: 615, ok runs: 0
:::: FAILED :::: level: 3 :::: size: 622 / 797 :::: Compiler calls: 59230, compilation errors: 58481, runtime errors: 121, failed runs: 616, ok runs: 0
:::: FAILED :::: level: 3 :::: size: 622 / 797 :::: Compiler calls: 59234, compilation errors: 58483, runtime errors: 121, failed runs: 617, ok runs: 0
:::: FAILED :::: level: 3 :::: size: 622 / 797 :::: Compiler calls: 59249, compilation errors: 58497, runtime errors: 121, failed runs: 618, ok runs: 0
:::: FAILED :::: level: 3 :::: size: 622 / 797 :::: Compiler calls: 59249, compilation errors: 58498, runtime errors: 121, failed runs: 619, ok runs: 0
:::: FAILED :::: level: 3 :::: size: 622 / 797 :::: Compiler calls: 59257, compilation errors: 58504, runtime errors: 121, failed runs: 620, ok runs: 0
:::: FAILED :::: level: 3 :::: size: 622 / 797 :::: Compiler calls: 59257, compilation errors: 58504, runtime errors: 121, failed runs: 621, ok runs: 0
:::: FAILED :::: level: 3 :::: size: 621 / 797 :::: Compiler calls: 59322, compilation errors: 58565, runtime errors: 121, failed runs: 622, ok runs: 0
:::: FAILED :::: level: 3 :::: size: 621 / 797 :::: Compiler calls: 59324, compilation errors: 58567, runtime errors: 121, failed runs: 623, ok runs: 0
:::: FAILED :::: level: 3 :::: size: 621 / 797 :::: Compiler calls: 59332, compilation errors: 58574, runtime errors: 121, failed runs: 624, ok runs: 0
:::: FAILED :::: level: 3 :::: size: 621 / 797 :::: Compiler calls: 59350, compilation errors: 58594, runtime errors: 121, failed runs: 625, ok runs: 0
:::: FAILED :::: level: 3 :::: size: 620 / 797 :::: Compiler calls: 59414, compilation errors: 58653, runtime errors: 121, failed runs: 626, ok runs: 0
:::: FAILED :::: level: 3 :::: size: 620 / 797 :::: Compiler calls: 59419, compilation errors: 58656, runtime errors: 121, failed runs: 627, ok runs: 0
:::: FAILED :::: level: 3 :::: size: 620 / 797 :::: Compiler calls: 59420, compilation errors: 58656, runtime errors: 121, failed runs: 628, ok runs: 0
:::: FAILED :::: level: 3 :::: size: 620 / 797 :::: Compiler calls: 59424, compilation errors: 58661, runtime errors: 121, failed runs: 629, ok runs: 0
:::: FAILED :::: level: 3 :::: size: 620 / 797 :::: Compiler calls: 59424, compilation errors: 58661, runtime errors: 121, failed runs: 630, ok runs: 0
:::: FAILED :::: level: 3 :::: size: 620 / 797 :::: Compiler calls: 59441, compilation errors: 58677, runtime errors: 121, failed runs: 631, ok runs: 0
:::: FAILED :::: level: 3 :::: size: 620 / 797 :::: Compiler calls: 59490, compilation errors: 58724, runtime errors: 121, failed runs: 632, ok runs: 0
:::: FAILED :::: level: 3 :::: size: 619 / 797 :::: Compiler calls: 59509, compilation errors: 58741, runtime errors: 121, failed runs: 633, ok runs: 0
:::: FAILED :::: level: 3 :::: size: 619 / 797 :::: Compiler calls: 59516, compilation errors: 58748, runtime errors: 121, failed runs: 634, ok runs: 0
:::: FAILED :::: level: 3 :::: size: 619 / 797 :::: Compiler calls: 59533, compilation errors: 58768, runtime errors: 121, failed runs: 635, ok runs: 0
:::: FAILED :::: level: 3 :::: size: 619 / 797 :::: Compiler calls: 59533, compilation errors: 58768, runtime errors: 121, failed runs: 636, ok runs: 0
:::: FAILED :::: level: 3 :::: size: 618 / 797 :::: Compiler calls: 59608, compilation errors: 58836, runtime errors: 121, failed runs: 637, ok runs: 0
:::: FAILED :::: level: 3 :::: size: 618 / 797 :::: Compiler calls: 59613, compilation errors: 58840, runtime errors: 121, failed runs: 638, ok runs: 0
:::: FAILED :::: level: 3 :::: size: 618 / 797 :::: Compiler calls: 59614, compilation errors: 58841, runtime errors: 121, failed runs: 639, ok runs: 0
:::: FAILED :::: level: 3 :::: size: 618 / 797 :::: Compiler calls: 59617, compilation errors: 58846, runtime errors: 121, failed runs: 640, ok runs: 0
:::: FAILED :::: level: 3 :::: size: 618 / 797 :::: Compiler calls: 59625, compilation errors: 58850, runtime errors: 121, failed runs: 641, ok runs: 0
:::: FAILED :::: level: 3 :::: size: 618 / 797 :::: Compiler calls: 59626, compilation errors: 58850, runtime errors: 121, failed runs: 642, ok runs: 0
:::: FAILED :::: level: 3 :::: size: 618 / 797 :::: Compiler calls: 59644, compilation errors: 58872, runtime errors: 121, failed runs: 643, ok runs: 0
:::: FAILED :::: level: 3 :::: size: 617 / 797 :::: Compiler calls: 59705, compilation errors: 58927, runtime errors: 121, failed runs: 644, ok runs: 0
:::: FAILED :::: level: 3 :::: size: 617 / 797 :::: Compiler calls: 59710, compilation errors: 58930, runtime errors: 121, failed runs: 645, ok runs: 0
:::: FAILED :::: level: 3 :::: size: 617 / 797 :::: Compiler calls: 59710, compilation errors: 58931, runtime errors: 121, failed runs: 646, ok runs: 0
:::: FAILED :::: level: 3 :::: size: 617 / 797 :::: Compiler calls: 59712, compilation errors: 58932, runtime errors: 121, failed runs: 647, ok runs: 0
:::: FAILED :::: level: 3 :::: size: 617 / 797 :::: Compiler calls: 59731, compilation errors: 58950, runtime errors: 121, failed runs: 648, ok runs: 0
:::: FAILED :::: level: 3 :::: size: 616 / 797 :::: Compiler calls: 59811, compilation errors: 59029, runtime errors: 121, failed runs: 649, ok runs: 0
:::: FAILED :::: level: 3 :::: size: 616 / 797 :::: Compiler calls: 59818, compilation errors: 59036, runtime errors: 121, failed runs: 650, ok runs: 0
:::: FAILED :::: level: 3 :::: size: 616 / 797 :::: Compiler calls: 59819, compilation errors: 59037, runtime errors: 121, failed runs: 651, ok runs: 0
:::: FAILED :::: level: 3 :::: size: 616 / 797 :::: Compiler calls: 59823, compilation errors: 59038, runtime errors: 121, failed runs: 652, ok runs: 0
:::: FAILED :::: level: 3 :::: size: 616 / 797 :::: Compiler calls: 59829, compilation errors: 59044, runtime errors: 121, failed runs: 654, ok runs: 0
:::: FAILED :::: level: 3 :::: size: 616 / 797 :::: Compiler calls: 59829, compilation errors: 59044, runtime errors: 121, failed runs: 653, ok runs: 0
:::: FAILED :::: level: 3 :::: size: 615 / 797 :::: Compiler calls: 59917, compilation errors: 59127, runtime errors: 121, failed runs: 655, ok runs: 0
:::: FAILED :::: level: 3 :::: size: 615 / 797 :::: Compiler calls: 59923, compilation errors: 59135, runtime errors: 121, failed runs: 656, ok runs: 0
:::: FAILED :::: level: 3 :::: size: 615 / 797 :::: Compiler calls: 59925, compilation errors: 59135, runtime errors: 121, failed runs: 657, ok runs: 0
:::: FAILED :::: level: 3 :::: size: 615 / 797 :::: Compiler calls: 59931, compilation errors: 59140, runtime errors: 121, failed runs: 658, ok runs: 0
:::: FAILED :::: level: 3 :::: size: 615 / 797 :::: Compiler calls: 59937, compilation errors: 59147, runtime errors: 121, failed runs: 659, ok runs: 0
:::: FAILED :::: level: 3 :::: size: 615 / 797 :::: Compiler calls: 59946, compilation errors: 59154, runtime errors: 121, failed runs: 660, ok runs: 0
:::: FAILED :::: level: 3 :::: size: 614 / 797 :::: Compiler calls: 60035, compilation errors: 59239, runtime errors: 121, failed runs: 661, ok runs: 0
:::: FAILED :::: level: 3 :::: size: 614 / 797 :::: Compiler calls: 60035, compilation errors: 59241, runtime errors: 121, failed runs: 662, ok runs: 0
:::: FAILED :::: level: 3 :::: size: 614 / 797 :::: Compiler calls: 60043, compilation errors: 59247, runtime errors: 121, failed runs: 663, ok runs: 0
:::: FAILED :::: level: 3 :::: size: 614 / 797 :::: Compiler calls: 60043, compilation errors: 59249, runtime errors: 121, failed runs: 664, ok runs: 0
:::: FAILED :::: level: 3 :::: size: 614 / 797 :::: Compiler calls: 60045, compilation errors: 59250, runtime errors: 121, failed runs: 665, ok runs: 0
:::: FAILED :::: level: 3 :::: size: 614 / 797 :::: Compiler calls: 60074, compilation errors: 59275, runtime errors: 121, failed runs: 666, ok runs: 0
:::: FAILED :::: level: 3 :::: size: 613 / 797 :::: Compiler calls: 60153, compilation errors: 59352, runtime errors: 121, failed runs: 667, ok runs: 0
:::: FAILED :::: level: 3 :::: size: 613 / 797 :::: Compiler calls: 60156, compilation errors: 59352, runtime errors: 121, failed runs: 668, ok runs: 0
:::: FAILED :::: level: 3 :::: size: 613 / 797 :::: Compiler calls: 60159, compilation errors: 59357, runtime errors: 121, failed runs: 669, ok runs: 0
:::: FAILED :::: level: 3 :::: size: 613 / 797 :::: Compiler calls: 60164, compilation errors: 59358, runtime errors: 121, failed runs: 670, ok runs: 0
:::: FAILED :::: level: 3 :::: size: 613 / 797 :::: Compiler calls: 60170, compilation errors: 59366, runtime errors: 121, failed runs: 671, ok runs: 0
:::: FAILED :::: level: 3 :::: size: 613 / 797 :::: Compiler calls: 60176, compilation errors: 59371, runtime errors: 121, failed runs: 672, ok runs: 0
:::: FAILED :::: level: 3 :::: size: 612 / 797 :::: Compiler calls: 60261, compilation errors: 59454, runtime errors: 121, failed runs: 673, ok runs: 0
:::: FAILED :::: level: 3 :::: size: 611 / 797 :::: Compiler calls: 60387, compilation errors: 59579, runtime errors: 121, failed runs: 674, ok runs: 0
:::: FAILED :::: level: 3 :::: size: 611 / 797 :::: Compiler calls: 60392, compilation errors: 59584, runtime errors: 121, failed runs: 675, ok runs: 0
:::: FAILED :::: level: 3 :::: size: 611 / 797 :::: Compiler calls: 60396, compilation errors: 59588, runtime errors: 121, failed runs: 676, ok runs: 0
:::: FAILED :::: level: 3 :::: size: 611 / 797 :::: Compiler calls: 60397, compilation errors: 59588, runtime errors: 121, failed runs: 677, ok runs: 0
:::: FAILED :::: level: 3 :::: size: 611 / 797 :::: Compiler calls: 60397, compilation errors: 59590, runtime errors: 121, failed runs: 678, ok runs: 0
:::: FAILED :::: level: 3 :::: size: 611 / 797 :::: Compiler calls: 60404, compilation errors: 59594, runtime errors: 121, failed runs: 679, ok runs: 0
:::: FAILED :::: level: 3 :::: size: 610 / 797 :::: Compiler calls: 60496, compilation errors: 59683, runtime errors: 121, failed runs: 680, ok runs: 0
:::: FAILED :::: level: 3 :::: size: 610 / 797 :::: Compiler calls: 60514, compilation errors: 59700, runtime errors: 121, failed runs: 681, ok runs: 0
:::: FAILED :::: level: 3 :::: size: 609 / 797 :::: Compiler calls: 60613, compilation errors: 59799, runtime errors: 121, failed runs: 682, ok runs: 0
:::: FAILED :::: level: 3 :::: size: 609 / 797 :::: Compiler calls: 60635, compilation errors: 59820, runtime errors: 121, failed runs: 683, ok runs: 0
:::: FAILED :::: level: 3 :::: size: 608 / 797 :::: Compiler calls: 60733, compilation errors: 59917, runtime errors: 121, failed runs: 684, ok runs: 0
:::: FAILED :::: level: 3 :::: size: 608 / 797 :::: Compiler calls: 60753, compilation errors: 59938, runtime errors: 121, failed runs: 685, ok runs: 0
:::: FAILED :::: level: 3 :::: size: 607 / 797 :::: Compiler calls: 60870, compilation errors: 60052, runtime errors: 121, failed runs: 686, ok runs: 0
:::: FAILED :::: level: 3 :::: size: 606 / 797 :::: Compiler calls: 61059, compilation errors: 60245, runtime errors: 121, failed runs: 687, ok runs: 0
:::: FAILED :::: level: 3 :::: size: 605 / 797 :::: Compiler calls: 61673, compilation errors: 60864, runtime errors: 121, failed runs: 688, ok runs: 0
Level 0-3 took 2m 5s 435ms
11111110101011111110111011011010111110111101100111101111011011011011110010111011110101111111100010111101110101110111101100110011011001111111111111010111101010111010110111111010110110101111101100111111110111111100101111001111001111001111110111111100011101110111100111110110110101111101110111101011001101111111111111001110111101110111100010111111101111101101011111101111001111011111111101111111111011101110111111111111111111101111111111111111101100111011111111110111111011111100111111111101111110001101111111101111101111110001111111011011111111011010101111110101111111011111011111011111011111011110101100101111011101111100111101011101110001010111111010111000111011110111010111110011101011111100111110101111001111011110111110111111101011110111001111100111110111101100111100111101111111110111101111111
Fixed 605 active nodes and 0 free nodes guaranteed by them.
Discarded 192 active fragments. 192 fragments, including dependent nodes
############## After level 0-3 there are 4044 / 5109 fragments left :::: Compiler calls: 62278, compilation errors: 61469, runtime errors: 121, failed runs: 688, ok runs: 0
############## EXECUTING LVL 0-4 with 338 active fragments ##############
:::: FAILED :::: level: 4 :::: size: 327 / 338 :::: Compiler calls: 62340, compilation errors: 61530, runtime errors: 121, failed runs: 689, ok runs: 0
:::: FAILED :::: level: 4 :::: size: 322 / 338 :::: Compiler calls: 62433, compilation errors: 61617, runtime errors: 121, failed runs: 690, ok runs: 0
:::: FAILED :::: level: 4 :::: size: 319 / 338 :::: Compiler calls: 62532, compilation errors: 61706, runtime errors: 121, failed runs: 691, ok runs: 0
:::: FAILED :::: level: 4 :::: size: 319 / 338 :::: Compiler calls: 62541, compilation errors: 61715, runtime errors: 121, failed runs: 692, ok runs: 0
:::: FAILED :::: level: 4 :::: size: 316 / 338 :::: Compiler calls: 62571, compilation errors: 61744, runtime errors: 121, failed runs: 693, ok runs: 0
:::: FAILED :::: level: 4 :::: size: 313 / 338 :::: Compiler calls: 62633, compilation errors: 61805, runtime errors: 121, failed runs: 694, ok runs: 0
:::: FAILED :::: level: 4 :::: size: 314 / 338 :::: Compiler calls: 62635, compilation errors: 61806, runtime errors: 121, failed runs: 695, ok runs: 0
:::: FAILED :::: level: 4 :::: size: 313 / 338 :::: Compiler calls: 62646, compilation errors: 61816, runtime errors: 121, failed runs: 696, ok runs: 0
:::: FAILED :::: level: 4 :::: size: 311 / 338 :::: Compiler calls: 62701, compilation errors: 61869, runtime errors: 121, failed runs: 697, ok runs: 0
:::: FAILED :::: level: 4 :::: size: 310 / 338 :::: Compiler calls: 62705, compilation errors: 61872, runtime errors: 121, failed runs: 698, ok runs: 0
:::: FAILED :::: level: 4 :::: size: 311 / 338 :::: Compiler calls: 62715, compilation errors: 61884, runtime errors: 121, failed runs: 699, ok runs: 0
:::: FAILED :::: level: 4 :::: size: 310 / 338 :::: Compiler calls: 62717, compilation errors: 61885, runtime errors: 121, failed runs: 700, ok runs: 0
:::: FAILED :::: level: 4 :::: size: 311 / 338 :::: Compiler calls: 62722, compilation errors: 61886, runtime errors: 121, failed runs: 701, ok runs: 0
:::: FAILED :::: level: 4 :::: size: 308 / 338 :::: Compiler calls: 62770, compilation errors: 61932, runtime errors: 121, failed runs: 702, ok runs: 0
:::: FAILED :::: level: 4 :::: size: 308 / 338 :::: Compiler calls: 62795, compilation errors: 61959, runtime errors: 121, failed runs: 703, ok runs: 0
:::: FAILED :::: level: 4 :::: size: 305 / 338 :::: Compiler calls: 62855, compilation errors: 62017, runtime errors: 121, failed runs: 704, ok runs: 0
:::: FAILED :::: level: 4 :::: size: 306 / 338 :::: Compiler calls: 62862, compilation errors: 62023, runtime errors: 121, failed runs: 705, ok runs: 0
:::: FAILED :::: level: 4 :::: size: 306 / 338 :::: Compiler calls: 62863, compilation errors: 62024, runtime errors: 121, failed runs: 706, ok runs: 0
:::: FAILED :::: level: 4 :::: size: 305 / 338 :::: Compiler calls: 62879, compilation errors: 62039, runtime errors: 121, failed runs: 707, ok runs: 0
:::: FAILED :::: level: 4 :::: size: 303 / 338 :::: Compiler calls: 62948, compilation errors: 62108, runtime errors: 121, failed runs: 708, ok runs: 0
:::: FAILED :::: level: 4 :::: size: 302 / 338 :::: Compiler calls: 62953, compilation errors: 62108, runtime errors: 121, failed runs: 709, ok runs: 0
:::: FAILED :::: level: 4 :::: size: 303 / 338 :::: Compiler calls: 62953, compilation errors: 62111, runtime errors: 121, failed runs: 710, ok runs: 0
:::: FAILED :::: level: 4 :::: size: 301 / 338 :::: Compiler calls: 63056, compilation errors: 62212, runtime errors: 121, failed runs: 711, ok runs: 0
:::: FAILED :::: level: 4 :::: size: 301 / 338 :::: Compiler calls: 63061, compilation errors: 62213, runtime errors: 121, failed runs: 712, ok runs: 0
:::: FAILED :::: level: 4 :::: size: 301 / 338 :::: Compiler calls: 63070, compilation errors: 62223, runtime errors: 121, failed runs: 713, ok runs: 0
:::: FAILED :::: level: 4 :::: size: 298 / 338 :::: Compiler calls: 63172, compilation errors: 62323, runtime errors: 121, failed runs: 714, ok runs: 0
:::: FAILED :::: level: 4 :::: size: 298 / 338 :::: Compiler calls: 63210, compilation errors: 62359, runtime errors: 121, failed runs: 715, ok runs: 0
:::: FAILED :::: level: 4 :::: size: 296 / 338 :::: Compiler calls: 63279, compilation errors: 62427, runtime errors: 121, failed runs: 716, ok runs: 0
:::: FAILED :::: level: 4 :::: size: 296 / 338 :::: Compiler calls: 63279, compilation errors: 62427, runtime errors: 121, failed runs: 717, ok runs: 0
:::: FAILED :::: level: 4 :::: size: 296 / 338 :::: Compiler calls: 63284, compilation errors: 62436, runtime errors: 121, failed runs: 718, ok runs: 0
:::: FAILED :::: level: 4 :::: size: 294 / 338 :::: Compiler calls: 63392, compilation errors: 62542, runtime errors: 121, failed runs: 719, ok runs: 0
:::: FAILED :::: level: 4 :::: size: 292 / 338 :::: Compiler calls: 63475, compilation errors: 62622, runtime errors: 121, failed runs: 720, ok runs: 0
:::: FAILED :::: level: 4 :::: size: 290 / 338 :::: Compiler calls: 63574, compilation errors: 62719, runtime errors: 121, failed runs: 721, ok runs: 0
:::: FAILED :::: level: 4 :::: size: 288 / 338 :::: Compiler calls: 63670, compilation errors: 62815, runtime errors: 121, failed runs: 722, ok runs: 0
:::: FAILED :::: level: 4 :::: size: 286 / 338 :::: Compiler calls: 63743, compilation errors: 62888, runtime errors: 121, failed runs: 723, ok runs: 0
:::: FAILED :::: level: 4 :::: size: 283 / 338 :::: Compiler calls: 63855, compilation errors: 63004, runtime errors: 121, failed runs: 724, ok runs: 0
:::: FAILED :::: level: 4 :::: size: 284 / 338 :::: Compiler calls: 63883, compilation errors: 63024, runtime errors: 121, failed runs: 725, ok runs: 0
:::: FAILED :::: level: 4 :::: size: 281 / 338 :::: Compiler calls: 63959, compilation errors: 63099, runtime errors: 121, failed runs: 726, ok runs: 0
:::: FAILED :::: level: 4 :::: size: 279 / 338 :::: Compiler calls: 64065, compilation errors: 63216, runtime errors: 121, failed runs: 727, ok runs: 0
:::: FAILED :::: level: 4 :::: size: 278 / 338 :::: Compiler calls: 64065, compilation errors: 63216, runtime errors: 121, failed runs: 728, ok runs: 0
:::: FAILED :::: level: 4 :::: size: 277 / 338 :::: Compiler calls: 64161, compilation errors: 63296, runtime errors: 121, failed runs: 729, ok runs: 0
:::: FAILED :::: level: 4 :::: size: 274 / 338 :::: Compiler calls: 64265, compilation errors: 63414, runtime errors: 121, failed runs: 730, ok runs: 0
:::: FAILED :::: level: 4 :::: size: 273 / 338 :::: Compiler calls: 64397, compilation errors: 63530, runtime errors: 121, failed runs: 731, ok runs: 0
:::: FAILED :::: level: 4 :::: size: 273 / 338 :::: Compiler calls: 64401, compilation errors: 63535, runtime errors: 121, failed runs: 732, ok runs: 0
:::: FAILED :::: level: 4 :::: size: 273 / 338 :::: Compiler calls: 64401, compilation errors: 63535, runtime errors: 121, failed runs: 733, ok runs: 0
:::: FAILED :::: level: 4 :::: size: 273 / 338 :::: Compiler calls: 64403, compilation errors: 63537, runtime errors: 121, failed runs: 734, ok runs: 0
:::: FAILED :::: level: 4 :::: size: 272 / 338 :::: Compiler calls: 64435, compilation errors: 63564, runtime errors: 121, failed runs: 735, ok runs: 0
:::: FAILED :::: level: 4 :::: size: 272 / 338 :::: Compiler calls: 64435, compilation errors: 63564, runtime errors: 121, failed runs: 736, ok runs: 0
:::: FAILED :::: level: 4 :::: size: 272 / 338 :::: Compiler calls: 64442, compilation errors: 63570, runtime errors: 121, failed runs: 737, ok runs: 0
:::: FAILED :::: level: 4 :::: size: 271 / 338 :::: Compiler calls: 64462, compilation errors: 63590, runtime errors: 121, failed runs: 738, ok runs: 0
:::: FAILED :::: level: 4 :::: size: 271 / 338 :::: Compiler calls: 64469, compilation errors: 63594, runtime errors: 121, failed runs: 739, ok runs: 0
:::: FAILED :::: level: 4 :::: size: 270 / 338 :::: Compiler calls: 64493, compilation errors: 63618, runtime errors: 121, failed runs: 740, ok runs: 0
:::: FAILED :::: level: 4 :::: size: 270 / 338 :::: Compiler calls: 64521, compilation errors: 63645, runtime errors: 121, failed runs: 741, ok runs: 0
:::: FAILED :::: level: 4 :::: size: 269 / 338 :::: Compiler calls: 64533, compilation errors: 63655, runtime errors: 121, failed runs: 742, ok runs: 0
:::: FAILED :::: level: 4 :::: size: 268 / 338 :::: Compiler calls: 64582, compilation errors: 63703, runtime errors: 121, failed runs: 743, ok runs: 0
:::: FAILED :::: level: 4 :::: size: 268 / 338 :::: Compiler calls: 64586, compilation errors: 63707, runtime errors: 121, failed runs: 744, ok runs: 0
:::: FAILED :::: level: 4 :::: size: 268 / 338 :::: Compiler calls: 64586, compilation errors: 63708, runtime errors: 121, failed runs: 745, ok runs: 0
:::: FAILED :::: level: 4 :::: size: 268 / 338 :::: Compiler calls: 64588, compilation errors: 63711, runtime errors: 121, failed runs: 746, ok runs: 0
:::: FAILED :::: level: 4 :::: size: 267 / 338 :::: Compiler calls: 64630, compilation errors: 63748, runtime errors: 121, failed runs: 747, ok runs: 0
:::: FAILED :::: level: 4 :::: size: 267 / 338 :::: Compiler calls: 64633, compilation errors: 63752, runtime errors: 121, failed runs: 748, ok runs: 0
:::: FAILED :::: level: 4 :::: size: 267 / 338 :::: Compiler calls: 64634, compilation errors: 63752, runtime errors: 121, failed runs: 749, ok runs: 0
:::: FAILED :::: level: 4 :::: size: 267 / 338 :::: Compiler calls: 64634, compilation errors: 63752, runtime errors: 121, failed runs: 750, ok runs: 0
:::: FAILED :::: level: 4 :::: size: 267 / 338 :::: Compiler calls: 64634, compilation errors: 63752, runtime errors: 121, failed runs: 751, ok runs: 0
:::: FAILED :::: level: 4 :::: size: 267 / 338 :::: Compiler calls: 64642, compilation errors: 63758, runtime errors: 121, failed runs: 752, ok runs: 0
:::: FAILED :::: level: 4 :::: size: 266 / 338 :::: Compiler calls: 64680, compilation errors: 63791, runtime errors: 121, failed runs: 753, ok runs: 0
:::: FAILED :::: level: 4 :::: size: 266 / 338 :::: Compiler calls: 64680, compilation errors: 63792, runtime errors: 121, failed runs: 754, ok runs: 0
:::: FAILED :::: level: 4 :::: size: 266 / 338 :::: Compiler calls: 64688, compilation errors: 63799, runtime errors: 121, failed runs: 755, ok runs: 0
:::: FAILED :::: level: 4 :::: size: 266 / 338 :::: Compiler calls: 64690, compilation errors: 63803, runtime errors: 121, failed runs: 756, ok runs: 0
:::: FAILED :::: level: 4 :::: size: 265 / 338 :::: Compiler calls: 64719, compilation errors: 63831, runtime errors: 121, failed runs: 757, ok runs: 0
:::: FAILED :::: level: 4 :::: size: 265 / 338 :::: Compiler calls: 64724, compilation errors: 63833, runtime errors: 121, failed runs: 758, ok runs: 0
:::: FAILED :::: level: 4 :::: size: 265 / 338 :::: Compiler calls: 64733, compilation errors: 63839, runtime errors: 121, failed runs: 759, ok runs: 0
:::: FAILED :::: level: 4 :::: size: 264 / 338 :::: Compiler calls: 64775, compilation errors: 63879, runtime errors: 121, failed runs: 760, ok runs: 0
:::: FAILED :::: level: 4 :::: size: 264 / 338 :::: Compiler calls: 64776, compilation errors: 63882, runtime errors: 121, failed runs: 761, ok runs: 0
:::: FAILED :::: level: 4 :::: size: 264 / 338 :::: Compiler calls: 64778, compilation errors: 63885, runtime errors: 121, failed runs: 762, ok runs: 0
:::: FAILED :::: level: 4 :::: size: 264 / 338 :::: Compiler calls: 64786, compilation errors: 63890, runtime errors: 121, failed runs: 763, ok runs: 0
:::: FAILED :::: level: 4 :::: size: 264 / 338 :::: Compiler calls: 64787, compilation errors: 63891, runtime errors: 121, failed runs: 764, ok runs: 0
:::: FAILED :::: level: 4 :::: size: 264 / 338 :::: Compiler calls: 64795, compilation errors: 63895, runtime errors: 121, failed runs: 765, ok runs: 0
:::: FAILED :::: level: 4 :::: size: 263 / 338 :::: Compiler calls: 64820, compilation errors: 63920, runtime errors: 121, failed runs: 766, ok runs: 0
:::: FAILED :::: level: 4 :::: size: 263 / 338 :::: Compiler calls: 64829, compilation errors: 63927, runtime errors: 121, failed runs: 767, ok runs: 0
:::: FAILED :::: level: 4 :::: size: 263 / 338 :::: Compiler calls: 64836, compilation errors: 63935, runtime errors: 121, failed runs: 768, ok runs: 0
:::: FAILED :::: level: 4 :::: size: 262 / 338 :::: Compiler calls: 64866, compilation errors: 63964, runtime errors: 121, failed runs: 769, ok runs: 0
:::: FAILED :::: level: 4 :::: size: 261 / 338 :::: Compiler calls: 64912, compilation errors: 64009, runtime errors: 121, failed runs: 770, ok runs: 0
:::: FAILED :::: level: 4 :::: size: 261 / 338 :::: Compiler calls: 64943, compilation errors: 64039, runtime errors: 121, failed runs: 771, ok runs: 0
:::: FAILED :::: level: 4 :::: size: 260 / 338 :::: Compiler calls: 64971, compilation errors: 64065, runtime errors: 121, failed runs: 772, ok runs: 0
:::: FAILED :::: level: 4 :::: size: 260 / 338 :::: Compiler calls: 64973, compilation errors: 64066, runtime errors: 121, failed runs: 773, ok runs: 0
:::: FAILED :::: level: 4 :::: size: 260 / 338 :::: Compiler calls: 64991, compilation errors: 64083, runtime errors: 121, failed runs: 774, ok runs: 0
:::: FAILED :::: level: 4 :::: size: 259 / 338 :::: Compiler calls: 65032, compilation errors: 64121, runtime errors: 121, failed runs: 775, ok runs: 0
:::: FAILED :::: level: 4 :::: size: 259 / 338 :::: Compiler calls: 65038, compilation errors: 64135, runtime errors: 121, failed runs: 776, ok runs: 0
:::: FAILED :::: level: 4 :::: size: 258 / 338 :::: Compiler calls: 65100, compilation errors: 64189, runtime errors: 121, failed runs: 777, ok runs: 0
:::: FAILED :::: level: 4 :::: size: 258 / 338 :::: Compiler calls: 65100, compilation errors: 64189, runtime errors: 121, failed runs: 778, ok runs: 0
:::: FAILED :::: level: 4 :::: size: 257 / 338 :::: Compiler calls: 65164, compilation errors: 64250, runtime errors: 121, failed runs: 779, ok runs: 0
:::: FAILED :::: level: 4 :::: size: 256 / 338 :::: Compiler calls: 65240, compilation errors: 64329, runtime errors: 121, failed runs: 780, ok runs: 0
:::: FAILED :::: level: 4 :::: size: 256 / 338 :::: Compiler calls: 65262, compilation errors: 64346, runtime errors: 121, failed runs: 781, ok runs: 0
:::: FAILED :::: level: 4 :::: size: 256 / 338 :::: Compiler calls: 65262, compilation errors: 64347, runtime errors: 121, failed runs: 782, ok runs: 0
:::: FAILED :::: level: 4 :::: size: 255 / 338 :::: Compiler calls: 65317, compilation errors: 64401, runtime errors: 121, failed runs: 783, ok runs: 0
:::: FAILED :::: level: 4 :::: size: 254 / 338 :::: Compiler calls: 65391, compilation errors: 64473, runtime errors: 121, failed runs: 784, ok runs: 0
:::: FAILED :::: level: 4 :::: size: 254 / 338 :::: Compiler calls: 65409, compilation errors: 64489, runtime errors: 121, failed runs: 785, ok runs: 0
:::: FAILED :::: level: 4 :::: size: 253 / 338 :::: Compiler calls: 65472, compilation errors: 64551, runtime errors: 121, failed runs: 786, ok runs: 0
:::: FAILED :::: level: 4 :::: size: 253 / 338 :::: Compiler calls: 65480, compilation errors: 64558, runtime errors: 121, failed runs: 787, ok runs: 0
:::: FAILED :::: level: 4 :::: size: 252 / 338 :::: Compiler calls: 65563, compilation errors: 64639, runtime errors: 121, failed runs: 788, ok runs: 0
:::: FAILED :::: level: 4 :::: size: 252 / 338 :::: Compiler calls: 65568, compilation errors: 64646, runtime errors: 121, failed runs: 789, ok runs: 0
:::: FAILED :::: level: 4 :::: size: 252 / 338 :::: Compiler calls: 65568, compilation errors: 64646, runtime errors: 121, failed runs: 790, ok runs: 0
:::: FAILED :::: level: 4 :::: size: 251 / 338 :::: Compiler calls: 65646, compilation errors: 64723, runtime errors: 121, failed runs: 791, ok runs: 0
:::: FAILED :::: level: 4 :::: size: 251 / 338 :::: Compiler calls: 65685, compilation errors: 64760, runtime errors: 121, failed runs: 792, ok runs: 0
:::: FAILED :::: level: 4 :::: size: 250 / 338 :::: Compiler calls: 65719, compilation errors: 64792, runtime errors: 121, failed runs: 793, ok runs: 0
:::: FAILED :::: level: 4 :::: size: 250 / 338 :::: Compiler calls: 65741, compilation errors: 64812, runtime errors: 121, failed runs: 794, ok runs: 0
:::: FAILED :::: level: 4 :::: size: 249 / 338 :::: Compiler calls: 65797, compilation errors: 64869, runtime errors: 121, failed runs: 795, ok runs: 0
:::: FAILED :::: level: 4 :::: size: 248 / 338 :::: Compiler calls: 65905, compilation errors: 64975, runtime errors: 121, failed runs: 796, ok runs: 0
:::: FAILED :::: level: 4 :::: size: 248 / 338 :::: Compiler calls: 65915, compilation errors: 64984, runtime errors: 121, failed runs: 797, ok runs: 0
:::: FAILED :::: level: 4 :::: size: 247 / 338 :::: Compiler calls: 65998, compilation errors: 65067, runtime errors: 121, failed runs: 798, ok runs: 0
:::: FAILED :::: level: 4 :::: size: 247 / 338 :::: Compiler calls: 66001, compilation errors: 65070, runtime errors: 121, failed runs: 799, ok runs: 0
:::: FAILED :::: level: 4 :::: size: 247 / 338 :::: Compiler calls: 66002, compilation errors: 65072, runtime errors: 121, failed runs: 800, ok runs: 0
:::: FAILED :::: level: 4 :::: size: 247 / 338 :::: Compiler calls: 66006, compilation errors: 65072, runtime errors: 121, failed runs: 801, ok runs: 0
:::: FAILED :::: level: 4 :::: size: 247 / 338 :::: Compiler calls: 66023, compilation errors: 65087, runtime errors: 121, failed runs: 802, ok runs: 0
:::: FAILED :::: level: 4 :::: size: 246 / 338 :::: Compiler calls: 66086, compilation errors: 65149, runtime errors: 121, failed runs: 803, ok runs: 0
:::: FAILED :::: level: 4 :::: size: 246 / 338 :::: Compiler calls: 66089, compilation errors: 65150, runtime errors: 121, failed runs: 804, ok runs: 0
:::: FAILED :::: level: 4 :::: size: 246 / 338 :::: Compiler calls: 66091, compilation errors: 65154, runtime errors: 121, failed runs: 805, ok runs: 0
:::: FAILED :::: level: 4 :::: size: 245 / 338 :::: Compiler calls: 66097, compilation errors: 65157, runtime errors: 121, failed runs: 806, ok runs: 0
:::: FAILED :::: level: 4 :::: size: 245 / 338 :::: Compiler calls: 66098, compilation errors: 65162, runtime errors: 121, failed runs: 807, ok runs: 0
:::: FAILED :::: level: 4 :::: size: 245 / 338 :::: Compiler calls: 66179, compilation errors: 65240, runtime errors: 121, failed runs: 808, ok runs: 0
:::: FAILED :::: level: 4 :::: size: 244 / 338 :::: Compiler calls: 66188, compilation errors: 65251, runtime errors: 121, failed runs: 809, ok runs: 0
:::: FAILED :::: level: 4 :::: size: 243 / 338 :::: Compiler calls: 66265, compilation errors: 65319, runtime errors: 121, failed runs: 810, ok runs: 0
:::: FAILED :::: level: 4 :::: size: 243 / 338 :::: Compiler calls: 66265, compilation errors: 65319, runtime errors: 121, failed runs: 811, ok runs: 0
:::: FAILED :::: level: 4 :::: size: 242 / 338 :::: Compiler calls: 66354, compilation errors: 65412, runtime errors: 121, failed runs: 812, ok runs: 0
:::: FAILED :::: level: 4 :::: size: 241 / 338 :::: Compiler calls: 66369, compilation errors: 65420, runtime errors: 121, failed runs: 813, ok runs: 0
:::: FAILED :::: level: 4 :::: size: 241 / 338 :::: Compiler calls: 66435, compilation errors: 65488, runtime errors: 121, failed runs: 814, ok runs: 0
:::: FAILED :::: level: 4 :::: size: 240 / 338 :::: Compiler calls: 66444, compilation errors: 65494, runtime errors: 121, failed runs: 815, ok runs: 0
:::: FAILED :::: level: 4 :::: size: 241 / 338 :::: Compiler calls: 66448, compilation errors: 65499, runtime errors: 121, failed runs: 816, ok runs: 0
:::: FAILED :::: level: 4 :::: size: 240 / 338 :::: Compiler calls: 66520, compilation errors: 65569, runtime errors: 121, failed runs: 817, ok runs: 0
:::: FAILED :::: level: 4 :::: size: 240 / 338 :::: Compiler calls: 66553, compilation errors: 65601, runtime errors: 121, failed runs: 818, ok runs: 0
:::: FAILED :::: level: 4 :::: size: 239 / 338 :::: Compiler calls: 66618, compilation errors: 65664, runtime errors: 121, failed runs: 819, ok runs: 0
:::: FAILED :::: level: 4 :::: size: 237 / 338 :::: Compiler calls: 66702, compilation errors: 65748, runtime errors: 121, failed runs: 820, ok runs: 0
:::: FAILED :::: level: 4 :::: size: 238 / 338 :::: Compiler calls: 66717, compilation errors: 65760, runtime errors: 121, failed runs: 821, ok runs: 0
:::: FAILED :::: level: 4 :::: size: 236 / 338 :::: Compiler calls: 66801, compilation errors: 65843, runtime errors: 121, failed runs: 822, ok runs: 0
:::: FAILED :::: level: 4 :::: size: 234 / 338 :::: Compiler calls: 66889, compilation errors: 65932, runtime errors: 121, failed runs: 823, ok runs: 0
:::: FAILED :::: level: 4 :::: size: 233 / 338 :::: Compiler calls: 67015, compilation errors: 66056, runtime errors: 121, failed runs: 824, ok runs: 0
:::: FAILED :::: level: 4 :::: size: 233 / 338 :::: Compiler calls: 67016, compilation errors: 66058, runtime errors: 121, failed runs: 825, ok runs: 0
:::: FAILED :::: level: 4 :::: size: 233 / 338 :::: Compiler calls: 67022, compilation errors: 66062, runtime errors: 121, failed runs: 826, ok runs: 0
:::: FAILED :::: level: 4 :::: size: 232 / 338 :::: Compiler calls: 67116, compilation errors: 66156, runtime errors: 121, failed runs: 827, ok runs: 0
:::: FAILED :::: level: 4 :::: size: 232 / 338 :::: Compiler calls: 67135, compilation errors: 66173, runtime errors: 121, failed runs: 828, ok runs: 0
:::: FAILED :::: level: 4 :::: size: 231 / 338 :::: Compiler calls: 67250, compilation errors: 66286, runtime errors: 121, failed runs: 829, ok runs: 0
:::: FAILED :::: level: 4 :::: size: 231 / 338 :::: Compiler calls: 67252, compilation errors: 66287, runtime errors: 121, failed runs: 830, ok runs: 0
:::: FAILED :::: level: 4 :::: size: 231 / 338 :::: Compiler calls: 67254, compilation errors: 66288, runtime errors: 121, failed runs: 831, ok runs: 0
:::: FAILED :::: level: 4 :::: size: 231 / 338 :::: Compiler calls: 67265, compilation errors: 66300, runtime errors: 121, failed runs: 832, ok runs: 0
:::: FAILED :::: level: 4 :::: size: 231 / 338 :::: Compiler calls: 67266, compilation errors: 66301, runtime errors: 121, failed runs: 833, ok runs: 0
:::: FAILED :::: level: 4 :::: size: 231 / 338 :::: Compiler calls: 67285, compilation errors: 66315, runtime errors: 121, failed runs: 834, ok runs: 0
:::: FAILED :::: level: 4 :::: size: 230 / 338 :::: Compiler calls: 67378, compilation errors: 66408, runtime errors: 121, failed runs: 835, ok runs: 0
:::: FAILED :::: level: 4 :::: size: 230 / 338 :::: Compiler calls: 67380, compilation errors: 66410, runtime errors: 121, failed runs: 836, ok runs: 0
:::: FAILED :::: level: 4 :::: size: 229 / 338 :::: Compiler calls: 67498, compilation errors: 66529, runtime errors: 121, failed runs: 837, ok runs: 0
:::: FAILED :::: level: 4 :::: size: 229 / 338 :::: Compiler calls: 67521, compilation errors: 66551, runtime errors: 121, failed runs: 838, ok runs: 0
:::: FAILED :::: level: 4 :::: size: 228 / 338 :::: Compiler calls: 67630, compilation errors: 66658, runtime errors: 121, failed runs: 839, ok runs: 0
:::: FAILED :::: level: 4 :::: size: 228 / 338 :::: Compiler calls: 67636, compilation errors: 66662, runtime errors: 121, failed runs: 840, ok runs: 0
:::: FAILED :::: level: 4 :::: size: 228 / 338 :::: Compiler calls: 67641, compilation errors: 66665, runtime errors: 121, failed runs: 841, ok runs: 0
:::: FAILED :::: level: 4 :::: size: 228 / 338 :::: Compiler calls: 67641, compilation errors: 66669, runtime errors: 121, failed runs: 842, ok runs: 0
:::: FAILED :::: level: 4 :::: size: 227 / 338 :::: Compiler calls: 67759, compilation errors: 66781, runtime errors: 121, failed runs: 843, ok runs: 0
:::: FAILED :::: level: 4 :::: size: 227 / 338 :::: Compiler calls: 67776, compilation errors: 66798, runtime errors: 121, failed runs: 844, ok runs: 0
:::: FAILED :::: level: 4 :::: size: 227 / 338 :::: Compiler calls: 67791, compilation errors: 66810, runtime errors: 121, failed runs: 845, ok runs: 0
:::: FAILED :::: level: 4 :::: size: 226 / 338 :::: Compiler calls: 67894, compilation errors: 66913, runtime errors: 121, failed runs: 846, ok runs: 0
:::: FAILED :::: level: 4 :::: size: 226 / 338 :::: Compiler calls: 67899, compilation errors: 66917, runtime errors: 121, failed runs: 847, ok runs: 0
:::: FAILED :::: level: 4 :::: size: 226 / 338 :::: Compiler calls: 67903, compilation errors: 66920, runtime errors: 121, failed runs: 848, ok runs: 0
:::: FAILED :::: level: 4 :::: size: 226 / 338 :::: Compiler calls: 67904, compilation errors: 66926, runtime errors: 121, failed runs: 849, ok runs: 0
:::: FAILED :::: level: 4 :::: size: 226 / 338 :::: Compiler calls: 67923, compilation errors: 66937, runtime errors: 121, failed runs: 850, ok runs: 0
:::: FAILED :::: level: 4 :::: size: 225 / 338 :::: Compiler calls: 68017, compilation errors: 67033, runtime errors: 121, failed runs: 851, ok runs: 0
:::: FAILED :::: level: 4 :::: size: 225 / 338 :::: Compiler calls: 68023, compilation errors: 67035, runtime errors: 121, failed runs: 852, ok runs: 0
:::: FAILED :::: level: 4 :::: size: 224 / 338 :::: Compiler calls: 68032, compilation errors: 67047, runtime errors: 121, failed runs: 853, ok runs: 0
:::: FAILED :::: level: 4 :::: size: 224 / 338 :::: Compiler calls: 68142, compilation errors: 67154, runtime errors: 121, failed runs: 854, ok runs: 0
:::: FAILED :::: level: 4 :::: size: 224 / 338 :::: Compiler calls: 68146, compilation errors: 67158, runtime errors: 121, failed runs: 855, ok runs: 0
:::: FAILED :::: level: 4 :::: size: 224 / 338 :::: Compiler calls: 68150, compilation errors: 67159, runtime errors: 121, failed runs: 856, ok runs: 0
:::: FAILED :::: level: 4 :::: size: 224 / 338 :::: Compiler calls: 68150, compilation errors: 67159, runtime errors: 121, failed runs: 857, ok runs: 0
:::: FAILED :::: level: 4 :::: size: 223 / 338 :::: Compiler calls: 68151, compilation errors: 67161, runtime errors: 121, failed runs: 858, ok runs: 0
:::: FAILED :::: level: 4 :::: size: 222 / 338 :::: Compiler calls: 68266, compilation errors: 67273, runtime errors: 121, failed runs: 859, ok runs: 0
:::: FAILED :::: level: 4 :::: size: 223 / 338 :::: Compiler calls: 68266, compilation errors: 67273, runtime errors: 121, failed runs: 860, ok runs: 0
:::: FAILED :::: level: 4 :::: size: 222 / 338 :::: Compiler calls: 68268, compilation errors: 67275, runtime errors: 121, failed runs: 861, ok runs: 0
:::: FAILED :::: level: 4 :::: size: 221 / 338 :::: Compiler calls: 68403, compilation errors: 67407, runtime errors: 121, failed runs: 862, ok runs: 0
:::: FAILED :::: level: 4 :::: size: 221 / 338 :::: Compiler calls: 68403, compilation errors: 67408, runtime errors: 121, failed runs: 863, ok runs: 0
:::: FAILED :::: level: 4 :::: size: 221 / 338 :::: Compiler calls: 68404, compilation errors: 67408, runtime errors: 121, failed runs: 864, ok runs: 0
:::: FAILED :::: level: 4 :::: size: 219 / 338 :::: Compiler calls: 68530, compilation errors: 67529, runtime errors: 121, failed runs: 865, ok runs: 0
:::: FAILED :::: level: 4 :::: size: 220 / 338 :::: Compiler calls: 68530, compilation errors: 67529, runtime errors: 121, failed runs: 866, ok runs: 0
:::: FAILED :::: level: 4 :::: size: 220 / 338 :::: Compiler calls: 68534, compilation errors: 67533, runtime errors: 121, failed runs: 867, ok runs: 0
:::: FAILED :::: level: 4 :::: size: 218 / 338 :::: Compiler calls: 68652, compilation errors: 67650, runtime errors: 121, failed runs: 868, ok runs: 0
:::: FAILED :::: level: 4 :::: size: 217 / 338 :::: Compiler calls: 68781, compilation errors: 67778, runtime errors: 121, failed runs: 869, ok runs: 0
:::: FAILED :::: level: 4 :::: size: 217 / 338 :::: Compiler calls: 68785, compilation errors: 67781, runtime errors: 121, failed runs: 870, ok runs: 0
:::: FAILED :::: level: 4 :::: size: 217 / 338 :::: Compiler calls: 68793, compilation errors: 67787, runtime errors: 121, failed runs: 871, ok runs: 0
:::: FAILED :::: level: 4 :::: size: 216 / 338 :::: Compiler calls: 68924, compilation errors: 67920, runtime errors: 121, failed runs: 872, ok runs: 0
:::: FAILED :::: level: 4 :::: size: 216 / 338 :::: Compiler calls: 68935, compilation errors: 67928, runtime errors: 121, failed runs: 873, ok runs: 0
:::: FAILED :::: level: 4 :::: size: 215 / 338 :::: Compiler calls: 69049, compilation errors: 68041, runtime errors: 121, failed runs: 874, ok runs: 0
:::: FAILED :::: level: 4 :::: size: 215 / 338 :::: Compiler calls: 69050, compilation errors: 68044, runtime errors: 121, failed runs: 875, ok runs: 0
:::: FAILED :::: level: 4 :::: size: 215 / 338 :::: Compiler calls: 69059, compilation errors: 68049, runtime errors: 121, failed runs: 876, ok runs: 0
:::: FAILED :::: level: 4 :::: size: 215 / 338 :::: Compiler calls: 69064, compilation errors: 68052, runtime errors: 121, failed runs: 877, ok runs: 0
:::: FAILED :::: level: 4 :::: size: 214 / 338 :::: Compiler calls: 69171, compilation errors: 68159, runtime errors: 121, failed runs: 878, ok runs: 0
:::: FAILED :::: level: 4 :::: size: 214 / 338 :::: Compiler calls: 69172, compilation errors: 68160, runtime errors: 121, failed runs: 879, ok runs: 0
:::: FAILED :::: level: 4 :::: size: 214 / 338 :::: Compiler calls: 69182, compilation errors: 68170, runtime errors: 121, failed runs: 880, ok runs: 0
:::: FAILED :::: level: 4 :::: size: 213 / 338 :::: Compiler calls: 69298, compilation errors: 68284, runtime errors: 121, failed runs: 881, ok runs: 0
:::: FAILED :::: level: 4 :::: size: 213 / 338 :::: Compiler calls: 69300, compilation errors: 68288, runtime errors: 121, failed runs: 882, ok runs: 0
:::: FAILED :::: level: 4 :::: size: 213 / 338 :::: Compiler calls: 69315, compilation errors: 68299, runtime errors: 121, failed runs: 883, ok runs: 0
:::: FAILED :::: level: 4 :::: size: 212 / 338 :::: Compiler calls: 69417, compilation errors: 68397, runtime errors: 121, failed runs: 884, ok runs: 0
:::: FAILED :::: level: 4 :::: size: 211 / 338 :::: Compiler calls: 69417, compilation errors: 68398, runtime errors: 121, failed runs: 885, ok runs: 0
:::: FAILED :::: level: 4 :::: size: 211 / 338 :::: Compiler calls: 69541, compilation errors: 68523, runtime errors: 121, failed runs: 886, ok runs: 0
:::: FAILED :::: level: 4 :::: size: 210 / 338 :::: Compiler calls: 69546, compilation errors: 68525, runtime errors: 121, failed runs: 887, ok runs: 0
:::: FAILED :::: level: 4 :::: size: 211 / 338 :::: Compiler calls: 69551, compilation errors: 68531, runtime errors: 121, failed runs: 888, ok runs: 0
:::: FAILED :::: level: 4 :::: size: 211 / 338 :::: Compiler calls: 69554, compilation errors: 68531, runtime errors: 121, failed runs: 889, ok runs: 0
:::: FAILED :::: level: 4 :::: size: 210 / 338 :::: Compiler calls: 69689, compilation errors: 68664, runtime errors: 121, failed runs: 890, ok runs: 0
:::: FAILED :::: level: 4 :::: size: 210 / 338 :::: Compiler calls: 69695, compilation errors: 68669, runtime errors: 121, failed runs: 891, ok runs: 0
:::: FAILED :::: level: 4 :::: size: 209 / 338 :::: Compiler calls: 69833, compilation errors: 68808, runtime errors: 121, failed runs: 892, ok runs: 0
:::: FAILED :::: level: 4 :::: size: 208 / 338 :::: Compiler calls: 69857, compilation errors: 68830, runtime errors: 121, failed runs: 893, ok runs: 0
:::: FAILED :::: level: 4 :::: size: 207 / 338 :::: Compiler calls: 69949, compilation errors: 68920, runtime errors: 121, failed runs: 894, ok runs: 0
:::: FAILED :::: level: 4 :::: size: 208 / 338 :::: Compiler calls: 69967, compilation errors: 68939, runtime errors: 121, failed runs: 895, ok runs: 0
:::: FAILED :::: level: 4 :::: size: 206 / 338 :::: Compiler calls: 70078, compilation errors: 69048, runtime errors: 121, failed runs: 896, ok runs: 0
:::: FAILED :::: level: 4 :::: size: 206 / 338 :::: Compiler calls: 70083, compilation errors: 69051, runtime errors: 121, failed runs: 897, ok runs: 0
:::: FAILED :::: level: 4 :::: size: 205 / 338 :::: Compiler calls: 70214, compilation errors: 69182, runtime errors: 121, failed runs: 898, ok runs: 0
:::: FAILED :::: level: 4 :::: size: 204 / 338 :::: Compiler calls: 70357, compilation errors: 69329, runtime errors: 121, failed runs: 899, ok runs: 0
:::: FAILED :::: level: 4 :::: size: 203 / 338 :::: Compiler calls: 70497, compilation errors: 69464, runtime errors: 121, failed runs: 900, ok runs: 0
:::: FAILED :::: level: 4 :::: size: 202 / 338 :::: Compiler calls: 70501, compilation errors: 69465, runtime errors: 121, failed runs: 901, ok runs: 0
:::: FAILED :::: level: 4 :::: size: 203 / 338 :::: Compiler calls: 70503, compilation errors: 69468, runtime errors: 121, failed runs: 902, ok runs: 0
:::: FAILED :::: level: 4 :::: size: 203 / 338 :::: Compiler calls: 70513, compilation errors: 69475, runtime errors: 121, failed runs: 903, ok runs: 0
:::: FAILED :::: level: 4 :::: size: 202 / 338 :::: Compiler calls: 70636, compilation errors: 69601, runtime errors: 121, failed runs: 904, ok runs: 0
:::: FAILED :::: level: 4 :::: size: 202 / 338 :::: Compiler calls: 70640, compilation errors: 69603, runtime errors: 121, failed runs: 905, ok runs: 0
:::: FAILED :::: level: 4 :::: size: 201 / 338 :::: Compiler calls: 70647, compilation errors: 69608, runtime errors: 121, failed runs: 906, ok runs: 0
:::: FAILED :::: level: 4 :::: size: 201 / 338 :::: Compiler calls: 70651, compilation errors: 69610, runtime errors: 121, failed runs: 907, ok runs: 0
:::: FAILED :::: level: 4 :::: size: 201 / 338 :::: Compiler calls: 70770, compilation errors: 69730, runtime errors: 121, failed runs: 908, ok runs: 0
:::: FAILED :::: level: 4 :::: size: 200 / 338 :::: Compiler calls: 70910, compilation errors: 69876, runtime errors: 121, failed runs: 909, ok runs: 0
:::: FAILED :::: level: 4 :::: size: 199 / 338 :::: Compiler calls: 70917, compilation errors: 69879, runtime errors: 121, failed runs: 910, ok runs: 0
:::: FAILED :::: level: 4 :::: size: 198 / 338 :::: Compiler calls: 71046, compilation errors: 70006, runtime errors: 121, failed runs: 911, ok runs: 0
:::: FAILED :::: level: 4 :::: size: 199 / 338 :::: Compiler calls: 71054, compilation errors: 70007, runtime errors: 121, failed runs: 912, ok runs: 0
:::: FAILED :::: level: 4 :::: size: 198 / 338 :::: Compiler calls: 71061, compilation errors: 70015, runtime errors: 121, failed runs: 913, ok runs: 0
:::: FAILED :::: level: 4 :::: size: 197 / 338 :::: Compiler calls: 71181, compilation errors: 70140, runtime errors: 121, failed runs: 914, ok runs: 0
:::: FAILED :::: level: 4 :::: size: 196 / 338 :::: Compiler calls: 71204, compilation errors: 70154, runtime errors: 121, failed runs: 915, ok runs: 0
:::: FAILED :::: level: 4 :::: size: 195 / 338 :::: Compiler calls: 71315, compilation errors: 70276, runtime errors: 121, failed runs: 916, ok runs: 0
:::: FAILED :::: level: 4 :::: size: 194 / 338 :::: Compiler calls: 71448, compilation errors: 70408, runtime errors: 121, failed runs: 917, ok runs: 0
:::: FAILED :::: level: 4 :::: size: 193 / 338 :::: Compiler calls: 71774, compilation errors: 70735, runtime errors: 121, failed runs: 918, ok runs: 0
Level 0-4 took 1m 39s 88ms
00000000000000001101011111100001111111111101111111100100100000101011110100111111011011101111010000001100011111110101010000001101010011000000101100101111110111111000001011000011111100111111101101100011111101001110111110111101110000000001101101110010111001011010011110110111111101011010001110001101111111110101111011111100110011000001000011
Fixed 193 active nodes and 0 free nodes guaranteed by them.
Discarded 145 active fragments. 1727 fragments, including dependent nodes
############## After level 0-4 there are 2317 / 5109 fragments left :::: Compiler calls: 71967, compilation errors: 70928, runtime errors: 121, failed runs: 918, ok runs: 0
############## EXECUTING LVL 0-5 with 176 active fragments ##############
:::: FAILED :::: level: 5 :::: size: 175 / 176 :::: Compiler calls: 72221, compilation errors: 71174, runtime errors: 121, failed runs: 919, ok runs: 0
:::: FAILED :::: level: 5 :::: size: 175 / 176 :::: Compiler calls: 72229, compilation errors: 71176, runtime errors: 121, failed runs: 920, ok runs: 0
:::: FAILED :::: level: 5 :::: size: 175 / 176 :::: Compiler calls: 72230, compilation errors: 71178, runtime errors: 121, failed runs: 921, ok runs: 0
:::: FAILED :::: level: 5 :::: size: 175 / 176 :::: Compiler calls: 72235, compilation errors: 71180, runtime errors: 121, failed runs: 922, ok runs: 0
:::: FAILED :::: level: 5 :::: size: 175 / 176 :::: Compiler calls: 72235, compilation errors: 71180, runtime errors: 121, failed runs: 923, ok runs: 0
:::: FAILED :::: level: 5 :::: size: 175 / 176 :::: Compiler calls: 72242, compilation errors: 71183, runtime errors: 121, failed runs: 924, ok runs: 0
:::: FAILED :::: level: 5 :::: size: 174 / 176 :::: Compiler calls: 72321, compilation errors: 71260, runtime errors: 121, failed runs: 925, ok runs: 0
:::: FAILED :::: level: 5 :::: size: 174 / 176 :::: Compiler calls: 72359, compilation errors: 71297, runtime errors: 121, failed runs: 926, ok runs: 0
:::: FAILED :::: level: 5 :::: size: 173 / 176 :::: Compiler calls: 72429, compilation errors: 71370, runtime errors: 121, failed runs: 927, ok runs: 0
:::: FAILED :::: level: 5 :::: size: 171 / 176 :::: Compiler calls: 72532, compilation errors: 71469, runtime errors: 121, failed runs: 928, ok runs: 0
:::: FAILED :::: level: 5 :::: size: 170 / 176 :::: Compiler calls: 72654, compilation errors: 71595, runtime errors: 121, failed runs: 929, ok runs: 0
:::: FAILED :::: level: 5 :::: size: 170 / 176 :::: Compiler calls: 72676, compilation errors: 71611, runtime errors: 121, failed runs: 930, ok runs: 0
:::: FAILED :::: level: 5 :::: size: 170 / 176 :::: Compiler calls: 72695, compilation errors: 71631, runtime errors: 121, failed runs: 931, ok runs: 0
:::: FAILED :::: level: 5 :::: size: 169 / 176 :::: Compiler calls: 72774, compilation errors: 71708, runtime errors: 121, failed runs: 932, ok runs: 0
:::: FAILED :::: level: 5 :::: size: 169 / 176 :::: Compiler calls: 72775, compilation errors: 71710, runtime errors: 121, failed runs: 933, ok runs: 0
:::: FAILED :::: level: 5 :::: size: 168 / 176 :::: Compiler calls: 72780, compilation errors: 71713, runtime errors: 121, failed runs: 934, ok runs: 0
:::: FAILED :::: level: 5 :::: size: 169 / 176 :::: Compiler calls: 72822, compilation errors: 71756, runtime errors: 121, failed runs: 935, ok runs: 0
:::: FAILED :::: level: 5 :::: size: 168 / 176 :::: Compiler calls: 72891, compilation errors: 71820, runtime errors: 121, failed runs: 936, ok runs: 0
:::: FAILED :::: level: 5 :::: size: 168 / 176 :::: Compiler calls: 72930, compilation errors: 71863, runtime errors: 121, failed runs: 937, ok runs: 0
:::: FAILED :::: level: 5 :::: size: 167 / 176 :::: Compiler calls: 73014, compilation errors: 71950, runtime errors: 121, failed runs: 938, ok runs: 0
:::: FAILED :::: level: 5 :::: size: 167 / 176 :::: Compiler calls: 73020, compilation errors: 71950, runtime errors: 121, failed runs: 939, ok runs: 0
:::: FAILED :::: level: 5 :::: size: 166 / 176 :::: Compiler calls: 73020, compilation errors: 71950, runtime errors: 121, failed runs: 940, ok runs: 0
:::: FAILED :::: level: 5 :::: size: 167 / 176 :::: Compiler calls: 73040, compilation errors: 71969, runtime errors: 121, failed runs: 941, ok runs: 0
:::: FAILED :::: level: 5 :::: size: 166 / 176 :::: Compiler calls: 73134, compilation errors: 72069, runtime errors: 121, failed runs: 942, ok runs: 0
:::: FAILED :::: level: 5 :::: size: 166 / 176 :::: Compiler calls: 73166, compilation errors: 72090, runtime errors: 121, failed runs: 943, ok runs: 0
:::: FAILED :::: level: 5 :::: size: 166 / 176 :::: Compiler calls: 73175, compilation errors: 72099, runtime errors: 121, failed runs: 944, ok runs: 0
:::: FAILED :::: level: 5 :::: size: 165 / 176 :::: Compiler calls: 73245, compilation errors: 72166, runtime errors: 121, failed runs: 945, ok runs: 0
:::: FAILED :::: level: 5 :::: size: 165 / 176 :::: Compiler calls: 73275, compilation errors: 72196, runtime errors: 121, failed runs: 946, ok runs: 0
:::: FAILED :::: level: 5 :::: size: 164 / 176 :::: Compiler calls: 73366, compilation errors: 72296, runtime errors: 121, failed runs: 947, ok runs: 0
:::: FAILED :::: level: 5 :::: size: 164 / 176 :::: Compiler calls: 73366, compilation errors: 72296, runtime errors: 121, failed runs: 948, ok runs: 0
:::: FAILED :::: level: 5 :::: size: 164 / 176 :::: Compiler calls: 73379, compilation errors: 72301, runtime errors: 121, failed runs: 949, ok runs: 0
:::: FAILED :::: level: 5 :::: size: 163 / 176 :::: Compiler calls: 73483, compilation errors: 72411, runtime errors: 121, failed runs: 950, ok runs: 0
:::: FAILED :::: level: 5 :::: size: 163 / 176 :::: Compiler calls: 73505, compilation errors: 72423, runtime errors: 121, failed runs: 951, ok runs: 0
:::: FAILED :::: level: 5 :::: size: 162 / 176 :::: Compiler calls: 73599, compilation errors: 72521, runtime errors: 121, failed runs: 952, ok runs: 0
:::: FAILED :::: level: 5 :::: size: 162 / 176 :::: Compiler calls: 73610, compilation errors: 72523, runtime errors: 121, failed runs: 953, ok runs: 0
:::: FAILED :::: level: 5 :::: size: 162 / 176 :::: Compiler calls: 73615, compilation errors: 72530, runtime errors: 121, failed runs: 954, ok runs: 0
:::: FAILED :::: level: 5 :::: size: 162 / 176 :::: Compiler calls: 73650, compilation errors: 72563, runtime errors: 121, failed runs: 955, ok runs: 0
:::: FAILED :::: level: 5 :::: size: 161 / 176 :::: Compiler calls: 73714, compilation errors: 72634, runtime errors: 121, failed runs: 956, ok runs: 0
:::: FAILED :::: level: 5 :::: size: 161 / 176 :::: Compiler calls: 73725, compilation errors: 72639, runtime errors: 121, failed runs: 957, ok runs: 0
:::: FAILED :::: level: 5 :::: size: 161 / 176 :::: Compiler calls: 73733, compilation errors: 72643, runtime errors: 121, failed runs: 958, ok runs: 0
:::: FAILED :::: level: 5 :::: size: 160 / 176 :::: Compiler calls: 73828, compilation errors: 72746, runtime errors: 121, failed runs: 959, ok runs: 0
:::: FAILED :::: level: 5 :::: size: 160 / 176 :::: Compiler calls: 73839, compilation errors: 72750, runtime errors: 121, failed runs: 960, ok runs: 0
:::: FAILED :::: level: 5 :::: size: 159 / 176 :::: Compiler calls: 73941, compilation errors: 72858, runtime errors: 121, failed runs: 961, ok runs: 0
:::: FAILED :::: level: 5 :::: size: 159 / 176 :::: Compiler calls: 73962, compilation errors: 72871, runtime errors: 121, failed runs: 962, ok runs: 0
:::: FAILED :::: level: 5 :::: size: 158 / 176 :::: Compiler calls: 74053, compilation errors: 72967, runtime errors: 121, failed runs: 963, ok runs: 0
:::: FAILED :::: level: 5 :::: size: 158 / 176 :::: Compiler calls: 74085, compilation errors: 72988, runtime errors: 121, failed runs: 964, ok runs: 0
:::: FAILED :::: level: 5 :::: size: 157 / 176 :::: Compiler calls: 74164, compilation errors: 73078, runtime errors: 121, failed runs: 965, ok runs: 0
:::: FAILED :::: level: 5 :::: size: 156 / 176 :::: Compiler calls: 74274, compilation errors: 73186, runtime errors: 121, failed runs: 966, ok runs: 0
Level 0-5 took 13s 480ms
11111111111111111111111111111111111111111111111111111111111111111111111111111111111111111111111111111111111010010100010000011010100101101110111111111111111111111110111111111111
Fixed 156 active nodes and 0 free nodes guaranteed by them.
Discarded 20 active fragments. 46 fragments, including dependent nodes
############## After level 0-5 there are 2271 / 5109 fragments left :::: Compiler calls: 74539, compilation errors: 73452, runtime errors: 121, failed runs: 966, ok runs: 0
############## EXECUTING LVL 0-6 with 266 active fragments ##############
:::: FAILED :::: level: 6 :::: size: 264 / 266 :::: Compiler calls: 74793, compilation errors: 73705, runtime errors: 121, failed runs: 967, ok runs: 0
:::: FAILED :::: level: 6 :::: size: 263 / 266 :::: Compiler calls: 74953, compilation errors: 73850, runtime errors: 121, failed runs: 968, ok runs: 0
:::: FAILED :::: level: 6 :::: size: 263 / 266 :::: Compiler calls: 74954, compilation errors: 73851, runtime errors: 121, failed runs: 969, ok runs: 0
:::: FAILED :::: level: 6 :::: size: 263 / 266 :::: Compiler calls: 74962, compilation errors: 73861, runtime errors: 121, failed runs: 970, ok runs: 0
:::: FAILED :::: level: 6 :::: size: 262 / 266 :::: Compiler calls: 74990, compilation errors: 73884, runtime errors: 121, failed runs: 971, ok runs: 0
:::: FAILED :::: level: 6 :::: size: 261 / 266 :::: Compiler calls: 75025, compilation errors: 73919, runtime errors: 121, failed runs: 972, ok runs: 0
:::: FAILED :::: level: 6 :::: size: 261 / 266 :::: Compiler calls: 75043, compilation errors: 73936, runtime errors: 121, failed runs: 973, ok runs: 0
:::: FAILED :::: level: 6 :::: size: 260 / 266 :::: Compiler calls: 75090, compilation errors: 73981, runtime errors: 121, failed runs: 974, ok runs: 0
:::: FAILED :::: level: 6 :::: size: 259 / 266 :::: Compiler calls: 75195, compilation errors: 74084, runtime errors: 121, failed runs: 975, ok runs: 0
:::: FAILED :::: level: 6 :::: size: 258 / 266 :::: Compiler calls: 75324, compilation errors: 74214, runtime errors: 121, failed runs: 976, ok runs: 0
:::: FAILED :::: level: 6 :::: size: 257 / 266 :::: Compiler calls: 75498, compilation errors: 74385, runtime errors: 121, failed runs: 977, ok runs: 0
:::: FAILED :::: level: 6 :::: size: 257 / 266 :::: Compiler calls: 75508, compilation errors: 74396, runtime errors: 121, failed runs: 978, ok runs: 0
:::: FAILED :::: level: 6 :::: size: 256 / 266 :::: Compiler calls: 75679, compilation errors: 74566, runtime errors: 121, failed runs: 979, ok runs: 0
:::: FAILED :::: level: 6 :::: size: 256 / 266 :::: Compiler calls: 75683, compilation errors: 74569, runtime errors: 121, failed runs: 980, ok runs: 0
:::: FAILED :::: level: 6 :::: size: 255 / 266 :::: Compiler calls: 75859, compilation errors: 74743, runtime errors: 121, failed runs: 981, ok runs: 0
:::: FAILED :::: level: 6 :::: size: 254 / 266 :::: Compiler calls: 76073, compilation errors: 74955, runtime errors: 121, failed runs: 982, ok runs: 0
:::: FAILED :::: level: 6 :::: size: 253 / 266 :::: Compiler calls: 76285, compilation errors: 75166, runtime errors: 121, failed runs: 983, ok runs: 0
:::: FAILED :::: level: 6 :::: size: 252 / 266 :::: Compiler calls: 76529, compilation errors: 75422, runtime errors: 121, failed runs: 984, ok runs: 0
:::: FAILED :::: level: 6 :::: size: 252 / 266 :::: Compiler calls: 76542, compilation errors: 75423, runtime errors: 121, failed runs: 985, ok runs: 0
:::: FAILED :::: level: 6 :::: size: 251 / 266 :::: Compiler calls: 76771, compilation errors: 75664, runtime errors: 121, failed runs: 986, ok runs: 0
:::: FAILED :::: level: 6 :::: size: 250 / 266 :::: Compiler calls: 77012, compilation errors: 75900, runtime errors: 121, failed runs: 987, ok runs: 0
:::: FAILED :::: level: 6 :::: size: 249 / 266 :::: Compiler calls: 77252, compilation errors: 76142, runtime errors: 121, failed runs: 988, ok runs: 0
:::: FAILED :::: level: 6 :::: size: 248 / 266 :::: Compiler calls: 77740, compilation errors: 76627, runtime errors: 121, failed runs: 989, ok runs: 0
:::: FAILED :::: level: 6 :::: size: 247 / 266 :::: Compiler calls: 77988, compilation errors: 76877, runtime errors: 121, failed runs: 990, ok runs: 0
Level 0-6 took 38s 50ms
11100111111111111111101111011111111111111111111111111111111111111111110111111111111111111111101111111111111111111111111111111111111111111111111111111111111110111110111011111111111111111111111111111110111111101111111111111111111111101011101111110111000111111101111111
Fixed 247 active nodes and 0 free nodes guaranteed by them.
Discarded 19 active fragments. 169 fragments, including dependent nodes
############## After level 0-6 there are 2102 / 5109 fragments left :::: Compiler calls: 78235, compilation errors: 77124, runtime errors: 121, failed runs: 990, ok runs: 0
############## EXECUTING LVL 0-7 with 94 active fragments ##############
:::: FAILED :::: level: 7 :::: size: 93 / 94 :::: Compiler calls: 78361, compilation errors: 77241, runtime errors: 121, failed runs: 991, ok runs: 0
:::: FAILED :::: level: 7 :::: size: 93 / 94 :::: Compiler calls: 78390, compilation errors: 77263, runtime errors: 121, failed runs: 992, ok runs: 0
:::: FAILED :::: level: 7 :::: size: 93 / 94 :::: Compiler calls: 78400, compilation errors: 77273, runtime errors: 121, failed runs: 993, ok runs: 0
:::: FAILED :::: level: 7 :::: size: 92 / 94 :::: Compiler calls: 78424, compilation errors: 77303, runtime errors: 121, failed runs: 994, ok runs: 0
:::: FAILED :::: level: 7 :::: size: 92 / 94 :::: Compiler calls: 78439, compilation errors: 77312, runtime errors: 121, failed runs: 995, ok runs: 0
:::: FAILED :::: level: 7 :::: size: 91 / 94 :::: Compiler calls: 78486, compilation errors: 77364, runtime errors: 121, failed runs: 996, ok runs: 0
:::: FAILED :::: level: 7 :::: size: 90 / 94 :::: Compiler calls: 78638, compilation errors: 77516, runtime errors: 121, failed runs: 997, ok runs: 0
Level 0-7 took 2s 453ms
1111110111111111111111111111111111111111111111110110111111101111111111111111111111111111111111
Fixed 90 active nodes and 0 free nodes guaranteed by them.
Discarded 4 active fragments. 11 fragments, including dependent nodes
############## After level 0-7 there are 2091 / 5109 fragments left :::: Compiler calls: 78728, compilation errors: 77610, runtime errors: 121, failed runs: 997, ok runs: 0
############## EXECUTING LVL 0-8 with 44 active fragments ##############
:::: FAILED :::: level: 8 :::: size: 43 / 44 :::: Compiler calls: 78790, compilation errors: 77669, runtime errors: 121, failed runs: 998, ok runs: 0
:::: FAILED :::: level: 8 :::: size: 42 / 44 :::: Compiler calls: 78864, compilation errors: 77743, runtime errors: 121, failed runs: 999, ok runs: 0
Level 0-8 took 976ms
01111111111011111111111111111111111111111111
Fixed 42 active nodes and 0 free nodes guaranteed by them.
Discarded 2 active fragments. 2 fragments, including dependent nodes
############## After level 0-8 there are 2089 / 5109 fragments left :::: Compiler calls: 78906, compilation errors: 77786, runtime errors: 121, failed runs: 999, ok runs: 0
############## EXECUTING LVL 0-9 with 30 active fragments ##############
:::: FAILED :::: level: 9 :::: size: 28 / 30 :::: Compiler calls: 78936, compilation errors: 77815, runtime errors: 121, failed runs: 1000, ok runs: 0
:::: FAILED :::: level: 9 :::: size: 27 / 30 :::: Compiler calls: 78979, compilation errors: 77849, runtime errors: 121, failed runs: 1001, ok runs: 0
:::: FAILED :::: level: 9 :::: size: 27 / 30 :::: Compiler calls: 78985, compilation errors: 77850, runtime errors: 121, failed runs: 1002, ok runs: 0
:::: FAILED :::: level: 9 :::: size: 27 / 30 :::: Compiler calls: 79005, compilation errors: 77866, runtime errors: 121, failed runs: 1003, ok runs: 0
:::: FAILED :::: level: 9 :::: size: 27 / 30 :::: Compiler calls: 79006, compilation errors: 77870, runtime errors: 121, failed runs: 1004, ok runs: 0
:::: FAILED :::: level: 9 :::: size: 26 / 30 :::: Compiler calls: 79006, compilation errors: 77873, runtime errors: 121, failed runs: 1005, ok runs: 0
:::: FAILED :::: level: 9 :::: size: 26 / 30 :::: Compiler calls: 79020, compilation errors: 77881, runtime errors: 121, failed runs: 1006, ok runs: 0
:::: FAILED :::: level: 9 :::: size: 26 / 30 :::: Compiler calls: 79027, compilation errors: 77887, runtime errors: 121, failed runs: 1007, ok runs: 0
:::: FAILED :::: level: 9 :::: size: 25 / 30 :::: Compiler calls: 79032, compilation errors: 77900, runtime errors: 121, failed runs: 1008, ok runs: 0
:::: FAILED :::: level: 9 :::: size: 25 / 30 :::: Compiler calls: 79032, compilation errors: 77900, runtime errors: 121, failed runs: 1009, ok runs: 0
:::: FAILED :::: level: 9 :::: size: 24 / 30 :::: Compiler calls: 79057, compilation errors: 77926, runtime errors: 121, failed runs: 1010, ok runs: 0
Level 0-9 took 1s 626ms
111100011111110111100111111111
Fixed 24 active nodes and 0 free nodes guaranteed by them.
Discarded 6 active fragments. 54 fragments, including dependent nodes
############## After level 0-9 there are 2035 / 5109 fragments left :::: Compiler calls: 79081, compilation errors: 77950, runtime errors: 121, failed runs: 1010, ok runs: 0
############## EXECUTING LVL 0-10 with 13 active fragments ##############
:::: FAILED :::: level: 10 :::: size: 7 / 13 :::: Compiler calls: 79083, compilation errors: 77951, runtime errors: 121, failed runs: 1011, ok runs: 0
:::: FAILED :::: level: 10 :::: size: 6 / 13 :::: Compiler calls: 79096, compilation errors: 77963, runtime errors: 121, failed runs: 1012, ok runs: 0
Level 0-10 took 452ms
0111111000000
Fixed 6 active nodes and 0 free nodes guaranteed by them.
Discarded 7 active fragments. 11 fragments, including dependent nodes
############## After level 0-10 there are 2024 / 5109 fragments left :::: Compiler calls: 79102, compilation errors: 77969, runtime errors: 121, failed runs: 1012, ok runs: 0
############## EXECUTING LVL 0-11 with 8 active fragments ##############
:::: FAILED :::: level: 11 :::: size: 7 / 8 :::: Compiler calls: 79116, compilation errors: 77981, runtime errors: 121, failed runs: 1013, ok runs: 0
:::: FAILED :::: level: 11 :::: size: 7 / 8 :::: Compiler calls: 79116, compilation errors: 77981, runtime errors: 121, failed runs: 1014, ok runs: 0
:::: FAILED :::: level: 11 :::: size: 6 / 8 :::: Compiler calls: 79123, compilation errors: 77987, runtime errors: 121, failed runs: 1015, ok runs: 0
Level 0-11 took 411ms
01111110
Fixed 6 active nodes and 0 free nodes guaranteed by them.
Discarded 2 active fragments. 2 fragments, including dependent nodes
############## After level 0-11 there are 2022 / 5109 fragments left :::: Compiler calls: 79129, compilation errors: 77993, runtime errors: 121, failed runs: 1015, ok runs: 0
############## EXECUTING LVL 0-12 with 2 active fragments ##############
Level 0-12 took 116ms
11
Fixed 2 active nodes and 0 free nodes guaranteed by them.
Discarded 0 active fragments. 0 fragments, including dependent nodes
############## After level 0-12 there are 2022 / 5109 fragments left :::: Compiler calls: 79131, compilation errors: 77995, runtime errors: 121, failed runs: 1015, ok runs: 0
############## EXECUTING LVL 0-13 with 3 active fragments ##############
:::: FAILED :::: level: 13 :::: size: 2 / 3 :::: Compiler calls: 79133, compilation errors: 77996, runtime errors: 121, failed runs: 1016, ok runs: 0
Level 0-13 took 149ms
110
Fixed 2 active nodes and 0 free nodes guaranteed by them.
Discarded 1 active fragments. 2 fragments, including dependent nodes
############## After level 0-13 there are 2020 / 5109 fragments left :::: Compiler calls: 79135, compilation errors: 77998, runtime errors: 121, failed runs: 1016, ok runs: 0
############## EXECUTING LVL 0-14 with 2 active fragments ##############
Level 0-14 took 26ms
11
Fixed 2 active nodes and 0 free nodes guaranteed by them.
Discarded 0 active fragments. 0 fragments, including dependent nodes
############## After level 0-14 there are 2020 / 5109 fragments left :::: Compiler calls: 79137, compilation errors: 78000, runtime errors: 121, failed runs: 1016, ok runs: 0
Recreating result in testingoutput folder...
############## FINISHED NR. 0 in 9m 44s 542ms :::: Reduced to 2020 out of 5109 :::: Compiler calls: 79137, compilation errors: 78000, runtime errors: 121, failed runs: 1016, ok runs: 0 ##############
############## RUNNING TEST NR. 1 ##############
############## EXECUTING LVL 1-15 with 10 active fragments ##############
Level 1-15 took 315ms
1111111111
Fixed 10 active nodes and 0 free nodes guaranteed by them.
Discarded 0 active fragments. 0 fragments, including dependent nodes
############## After level 1-15 there are 2020 / 5109 fragments left :::: Compiler calls: 79161, compilation errors: 78024, runtime errors: 121, failed runs: 1016, ok runs: 0
############## EXECUTING LVL 1-16 with 83 active fragments ##############
:::: FAILED :::: level: 16 :::: size: 81 / 83 :::: Compiler calls: 79223, compilation errors: 78071, runtime errors: 121, failed runs: 1017, ok runs: 0
:::: FAILED :::: level: 16 :::: size: 81 / 83 :::: Compiler calls: 79229, compilation errors: 78077, runtime errors: 121, failed runs: 1018, ok runs: 0
:::: FAILED :::: level: 16 :::: size: 81 / 83 :::: Compiler calls: 79230, compilation errors: 78077, runtime errors: 121, failed runs: 1019, ok runs: 0
:::: FAILED :::: level: 16 :::: size: 80 / 83 :::: Compiler calls: 79232, compilation errors: 78077, runtime errors: 121, failed runs: 1020, ok runs: 0
:::: FAILED :::: level: 16 :::: size: 78 / 83 :::: Compiler calls: 79254, compilation errors: 78101, runtime errors: 121, failed runs: 1021, ok runs: 0
:::: FAILED :::: level: 16 :::: size: 79 / 83 :::: Compiler calls: 79267, compilation errors: 78113, runtime errors: 121, failed runs: 1022, ok runs: 0
:::: FAILED :::: level: 16 :::: size: 76 / 83 :::: Compiler calls: 79284, compilation errors: 78132, runtime errors: 121, failed runs: 1023, ok runs: 0
:::: FAILED :::: level: 16 :::: size: 75 / 83 :::: Compiler calls: 79340, compilation errors: 78180, runtime errors: 121, failed runs: 1024, ok runs: 0
:::: FAILED :::: level: 16 :::: size: 75 / 83 :::: Compiler calls: 79349, compilation errors: 78188, runtime errors: 121, failed runs: 1025, ok runs: 0
:::: FAILED :::: level: 16 :::: size: 75 / 83 :::: Compiler calls: 79361, compilation errors: 78199, runtime errors: 121, failed runs: 1026, ok runs: 0
:::: FAILED :::: level: 16 :::: size: 74 / 83 :::: Compiler calls: 79362, compilation errors: 78199, runtime errors: 121, failed runs: 1027, ok runs: 0
:::: FAILED :::: level: 16 :::: size: 73 / 83 :::: Compiler calls: 79406, compilation errors: 78243, runtime errors: 121, failed runs: 1028, ok runs: 0
:::: FAILED :::: level: 16 :::: size: 73 / 83 :::: Compiler calls: 79409, compilation errors: 78244, runtime errors: 121, failed runs: 1029, ok runs: 0
:::: FAILED :::: level: 16 :::: size: 73 / 83 :::: Compiler calls: 79410, compilation errors: 78245, runtime errors: 121, failed runs: 1030, ok runs: 0
:::: FAILED :::: level: 16 :::: size: 72 / 83 :::: Compiler calls: 79459, compilation errors: 78292, runtime errors: 121, failed runs: 1031, ok runs: 0
:::: FAILED :::: level: 16 :::: size: 72 / 83 :::: Compiler calls: 79463, compilation errors: 78298, runtime errors: 121, failed runs: 1032, ok runs: 0
:::: FAILED :::: level: 16 :::: size: 72 / 83 :::: Compiler calls: 79467, compilation errors: 78298, runtime errors: 121, failed runs: 1033, ok runs: 0
:::: FAILED :::: level: 16 :::: size: 71 / 83 :::: Compiler calls: 79509, compilation errors: 78339, runtime errors: 121, failed runs: 1034, ok runs: 0
:::: FAILED :::: level: 16 :::: size: 71 / 83 :::: Compiler calls: 79512, compilation errors: 78342, runtime errors: 121, failed runs: 1035, ok runs: 0
:::: FAILED :::: level: 16 :::: size: 71 / 83 :::: Compiler calls: 79512, compilation errors: 78342, runtime errors: 121, failed runs: 1036, ok runs: 0
:::: FAILED :::: level: 16 :::: size: 70 / 83 :::: Compiler calls: 79558, compilation errors: 78386, runtime errors: 121, failed runs: 1037, ok runs: 0
:::: FAILED :::: level: 16 :::: size: 70 / 83 :::: Compiler calls: 79564, compilation errors: 78390, runtime errors: 121, failed runs: 1038, ok runs: 0
:::: FAILED :::: level: 16 :::: size: 69 / 83 :::: Compiler calls: 79598, compilation errors: 78423, runtime errors: 121, failed runs: 1039, ok runs: 0
:::: FAILED :::: level: 16 :::: size: 68 / 83 :::: Compiler calls: 79641, compilation errors: 78466, runtime errors: 121, failed runs: 1040, ok runs: 0
:::: FAILED :::: level: 16 :::: size: 68 / 83 :::: Compiler calls: 79649, compilation errors: 78473, runtime errors: 121, failed runs: 1041, ok runs: 0
:::: FAILED :::: level: 16 :::: size: 67 / 83 :::: Compiler calls: 79693, compilation errors: 78525, runtime errors: 121, failed runs: 1042, ok runs: 0
:::: FAILED :::: level: 16 :::: size: 67 / 83 :::: Compiler calls: 79695, compilation errors: 78525, runtime errors: 121, failed runs: 1043, ok runs: 0
:::: FAILED :::: level: 16 :::: size: 66 / 83 :::: Compiler calls: 79736, compilation errors: 78557, runtime errors: 121, failed runs: 1044, ok runs: 0
:::: FAILED :::: level: 16 :::: size: 65 / 83 :::: Compiler calls: 79775, compilation errors: 78596, runtime errors: 121, failed runs: 1045, ok runs: 0
:::: FAILED :::: level: 16 :::: size: 63 / 83 :::: Compiler calls: 79825, compilation errors: 78652, runtime errors: 121, failed runs: 1046, ok runs: 0
:::: FAILED :::: level: 16 :::: size: 62 / 83 :::: Compiler calls: 79930, compilation errors: 78747, runtime errors: 121, failed runs: 1047, ok runs: 0
:::: FAILED :::: level: 16 :::: size: 62 / 83 :::: Compiler calls: 79937, compilation errors: 78753, runtime errors: 121, failed runs: 1048, ok runs: 0
:::: FAILED :::: level: 16 :::: size: 61 / 83 :::: Compiler calls: 79992, compilation errors: 78808, runtime errors: 121, failed runs: 1049, ok runs: 0
:::: FAILED :::: level: 16 :::: size: 60 / 83 :::: Compiler calls: 80054, compilation errors: 78880, runtime errors: 121, failed runs: 1050, ok runs: 0
Level 1-16 took 17s 953ms
10101111111111111111111111101011000111010111101110100111001010000011111110111011111
Fixed 60 active nodes and 0 free nodes guaranteed by them.
Discarded 23 active fragments. 146 fragments, including dependent nodes
############## After level 1-16 there are 1874 / 5109 fragments left :::: Compiler calls: 80114, compilation errors: 78943, runtime errors: 121, failed runs: 1050, ok runs: 0
############## EXECUTING LVL 1-17 with 429 active fragments ##############
:::: FAILED :::: level: 17 :::: size: 425 / 429 :::: Compiler calls: 80368, compilation errors: 79187, runtime errors: 121, failed runs: 1051, ok runs: 0
:::: FAILED :::: level: 17 :::: size: 424 / 429 :::: Compiler calls: 80627, compilation errors: 79442, runtime errors: 121, failed runs: 1052, ok runs: 0
:::: FAILED :::: level: 17 :::: size: 423 / 429 :::: Compiler calls: 80788, compilation errors: 79600, runtime errors: 121, failed runs: 1053, ok runs: 0
:::: FAILED :::: level: 17 :::: size: 423 / 429 :::: Compiler calls: 80789, compilation errors: 79600, runtime errors: 121, failed runs: 1054, ok runs: 0
:::: FAILED :::: level: 17 :::: size: 422 / 429 :::: Compiler calls: 80936, compilation errors: 79745, runtime errors: 121, failed runs: 1055, ok runs: 0
:::: FAILED :::: level: 17 :::: size: 422 / 429 :::: Compiler calls: 80950, compilation errors: 79760, runtime errors: 121, failed runs: 1056, ok runs: 0
:::: FAILED :::: level: 17 :::: size: 421 / 429 :::: Compiler calls: 80959, compilation errors: 79767, runtime errors: 121, failed runs: 1057, ok runs: 0
:::: FAILED :::: level: 17 :::: size: 421 / 429 :::: Compiler calls: 81070, compilation errors: 79877, runtime errors: 121, failed runs: 1058, ok runs: 0
:::: FAILED :::: level: 17 :::: size: 420 / 429 :::: Compiler calls: 81241, compilation errors: 80046, runtime errors: 121, failed runs: 1059, ok runs: 0
:::: FAILED :::: level: 17 :::: size: 420 / 429 :::: Compiler calls: 81245, compilation errors: 80052, runtime errors: 121, failed runs: 1060, ok runs: 0
:::: FAILED :::: level: 17 :::: size: 419 / 429 :::: Compiler calls: 81249, compilation errors: 80054, runtime errors: 121, failed runs: 1061, ok runs: 0
:::: FAILED :::: level: 17 :::: size: 419 / 429 :::: Compiler calls: 81409, compilation errors: 80213, runtime errors: 121, failed runs: 1062, ok runs: 0
:::: FAILED :::: level: 17 :::: size: 417 / 429 :::: Compiler calls: 81553, compilation errors: 80356, runtime errors: 121, failed runs: 1063, ok runs: 0
:::: FAILED :::: level: 17 :::: size: 418 / 429 :::: Compiler calls: 81563, compilation errors: 80364, runtime errors: 121, failed runs: 1064, ok runs: 0
:::: FAILED :::: level: 17 :::: size: 418 / 429 :::: Compiler calls: 81581, compilation errors: 80381, runtime errors: 121, failed runs: 1065, ok runs: 0
:::: FAILED :::: level: 17 :::: size: 416 / 429 :::: Compiler calls: 81720, compilation errors: 80518, runtime errors: 121, failed runs: 1066, ok runs: 0
:::: FAILED :::: level: 17 :::: size: 415 / 429 :::: Compiler calls: 81889, compilation errors: 80686, runtime errors: 121, failed runs: 1067, ok runs: 0
:::: FAILED :::: level: 17 :::: size: 414 / 429 :::: Compiler calls: 82066, compilation errors: 80862, runtime errors: 121, failed runs: 1068, ok runs: 0
:::: FAILED :::: level: 17 :::: size: 412 / 429 :::: Compiler calls: 82271, compilation errors: 81068, runtime errors: 121, failed runs: 1069, ok runs: 0
:::: FAILED :::: level: 17 :::: size: 412 / 429 :::: Compiler calls: 82290, compilation errors: 81087, runtime errors: 121, failed runs: 1070, ok runs: 0
:::: FAILED :::: level: 17 :::: size: 410 / 429 :::: Compiler calls: 82443, compilation errors: 81237, runtime errors: 121, failed runs: 1071, ok runs: 0
:::: FAILED :::: level: 17 :::: size: 409 / 429 :::: Compiler calls: 82621, compilation errors: 81414, runtime errors: 121, failed runs: 1072, ok runs: 0
:::: FAILED :::: level: 17 :::: size: 408 / 429 :::: Compiler calls: 82824, compilation errors: 81616, runtime errors: 121, failed runs: 1073, ok runs: 0
:::: FAILED :::: level: 17 :::: size: 407 / 429 :::: Compiler calls: 83028, compilation errors: 81818, runtime errors: 121, failed runs: 1074, ok runs: 0
:::: FAILED :::: level: 17 :::: size: 406 / 429 :::: Compiler calls: 83038, compilation errors: 81827, runtime errors: 121, failed runs: 1075, ok runs: 0
:::: FAILED :::: level: 17 :::: size: 407 / 429 :::: Compiler calls: 83043, compilation errors: 81832, runtime errors: 121, failed runs: 1076, ok runs: 0
:::: FAILED :::: level: 17 :::: size: 407 / 429 :::: Compiler calls: 83046, compilation errors: 81833, runtime errors: 121, failed runs: 1077, ok runs: 0
:::: FAILED :::: level: 17 :::: size: 405 / 429 :::: Compiler calls: 83231, compilation errors: 82019, runtime errors: 121, failed runs: 1078, ok runs: 0
:::: FAILED :::: level: 17 :::: size: 406 / 429 :::: Compiler calls: 83240, compilation errors: 82026, runtime errors: 121, failed runs: 1079, ok runs: 0
:::: FAILED :::: level: 17 :::: size: 406 / 429 :::: Compiler calls: 83245, compilation errors: 82030, runtime errors: 121, failed runs: 1080, ok runs: 0
:::: FAILED :::: level: 17 :::: size: 406 / 429 :::: Compiler calls: 83251, compilation errors: 82035, runtime errors: 121, failed runs: 1081, ok runs: 0
:::: FAILED :::: level: 17 :::: size: 404 / 429 :::: Compiler calls: 83437, compilation errors: 82220, runtime errors: 121, failed runs: 1082, ok runs: 0
:::: FAILED :::: level: 17 :::: size: 404 / 429 :::: Compiler calls: 83441, compilation errors: 82222, runtime errors: 121, failed runs: 1083, ok runs: 0
:::: FAILED :::: level: 17 :::: size: 404 / 429 :::: Compiler calls: 83442, compilation errors: 82223, runtime errors: 121, failed runs: 1084, ok runs: 0
:::: FAILED :::: level: 17 :::: size: 404 / 429 :::: Compiler calls: 83449, compilation errors: 82232, runtime errors: 121, failed runs: 1085, ok runs: 0
:::: FAILED :::: level: 17 :::: size: 403 / 429 :::: Compiler calls: 83633, compilation errors: 82412, runtime errors: 121, failed runs: 1086, ok runs: 0
:::: FAILED :::: level: 17 :::: size: 403 / 429 :::: Compiler calls: 83635, compilation errors: 82413, runtime errors: 121, failed runs: 1087, ok runs: 0
:::: FAILED :::: level: 17 :::: size: 402 / 429 :::: Compiler calls: 83822, compilation errors: 82599, runtime errors: 121, failed runs: 1088, ok runs: 0
:::: FAILED :::: level: 17 :::: size: 401 / 429 :::: Compiler calls: 84041, compilation errors: 82818, runtime errors: 121, failed runs: 1089, ok runs: 0
:::: FAILED :::: level: 17 :::: size: 401 / 429 :::: Compiler calls: 84041, compilation errors: 82818, runtime errors: 121, failed runs: 1090, ok runs: 0
:::: FAILED :::: level: 17 :::: size: 401 / 429 :::: Compiler calls: 84041, compilation errors: 82818, runtime errors: 121, failed runs: 1091, ok runs: 0
:::: FAILED :::: level: 17 :::: size: 401 / 429 :::: Compiler calls: 84050, compilation errors: 82822, runtime errors: 121, failed runs: 1092, ok runs: 0
:::: FAILED :::: level: 17 :::: size: 400 / 429 :::: Compiler calls: 84252, compilation errors: 83024, runtime errors: 121, failed runs: 1093, ok runs: 0
:::: FAILED :::: level: 17 :::: size: 400 / 429 :::: Compiler calls: 84256, compilation errors: 83027, runtime errors: 121, failed runs: 1094, ok runs: 0
:::: FAILED :::: level: 17 :::: size: 400 / 429 :::: Compiler calls: 84267, compilation errors: 83037, runtime errors: 121, failed runs: 1095, ok runs: 0
:::: FAILED :::: level: 17 :::: size: 399 / 429 :::: Compiler calls: 84454, compilation errors: 83223, runtime errors: 121, failed runs: 1096, ok runs: 0
:::: FAILED :::: level: 17 :::: size: 398 / 429 :::: Compiler calls: 84652, compilation errors: 83422, runtime errors: 121, failed runs: 1097, ok runs: 0
:::: FAILED :::: level: 17 :::: size: 397 / 429 :::: Compiler calls: 84867, compilation errors: 83634, runtime errors: 121, failed runs: 1098, ok runs: 0
:::: FAILED :::: level: 17 :::: size: 396 / 429 :::: Compiler calls: 85064, compilation errors: 83830, runtime errors: 121, failed runs: 1099, ok runs: 0
:::: FAILED :::: level: 17 :::: size: 396 / 429 :::: Compiler calls: 85079, compilation errors: 83846, runtime errors: 121, failed runs: 1100, ok runs: 0
:::: FAILED :::: level: 17 :::: size: 396 / 429 :::: Compiler calls: 85083, compilation errors: 83847, runtime errors: 121, failed runs: 1101, ok runs: 0
:::: FAILED :::: level: 17 :::: size: 395 / 429 :::: Compiler calls: 85262, compilation errors: 84026, runtime errors: 121, failed runs: 1102, ok runs: 0
:::: FAILED :::: level: 17 :::: size: 393 / 429 :::: Compiler calls: 85476, compilation errors: 84237, runtime errors: 121, failed runs: 1103, ok runs: 0
:::: FAILED :::: level: 17 :::: size: 394 / 429 :::: Compiler calls: 85490, compilation errors: 84251, runtime errors: 121, failed runs: 1104, ok runs: 0
:::: FAILED :::: level: 17 :::: size: 393 / 429 :::: Compiler calls: 85492, compilation errors: 84251, runtime errors: 121, failed runs: 1105, ok runs: 0
:::: FAILED :::: level: 17 :::: size: 391 / 429 :::: Compiler calls: 85700, compilation errors: 84459, runtime errors: 121, failed runs: 1106, ok runs: 0
:::: FAILED :::: level: 17 :::: size: 390 / 429 :::: Compiler calls: 85900, compilation errors: 84659, runtime errors: 121, failed runs: 1107, ok runs: 0
:::: FAILED :::: level: 17 :::: size: 389 / 429 :::: Compiler calls: 86114, compilation errors: 84871, runtime errors: 121, failed runs: 1108, ok runs: 0
:::: FAILED :::: level: 17 :::: size: 388 / 429 :::: Compiler calls: 86121, compilation errors: 84876, runtime errors: 121, failed runs: 1109, ok runs: 0
:::: FAILED :::: level: 17 :::: size: 387 / 429 :::: Compiler calls: 86333, compilation errors: 85088, runtime errors: 121, failed runs: 1110, ok runs: 0
:::: FAILED :::: level: 17 :::: size: 385 / 429 :::: Compiler calls: 86544, compilation errors: 85298, runtime errors: 121, failed runs: 1111, ok runs: 0
:::: FAILED :::: level: 17 :::: size: 384 / 429 :::: Compiler calls: 86760, compilation errors: 85513, runtime errors: 121, failed runs: 1112, ok runs: 0
:::: FAILED :::: level: 17 :::: size: 383 / 429 :::: Compiler calls: 87026, compilation errors: 85778, runtime errors: 121, failed runs: 1113, ok runs: 0
:::: FAILED :::: level: 17 :::: size: 382 / 429 :::: Compiler calls: 87077, compilation errors: 85829, runtime errors: 121, failed runs: 1114, ok runs: 0
:::: FAILED :::: level: 17 :::: size: 381 / 429 :::: Compiler calls: 87172, compilation errors: 85922, runtime errors: 121, failed runs: 1115, ok runs: 0
:::: FAILED :::: level: 17 :::: size: 381 / 429 :::: Compiler calls: 87176, compilation errors: 85925, runtime errors: 121, failed runs: 1116, ok runs: 0
:::: FAILED :::: level: 17 :::: size: 380 / 429 :::: Compiler calls: 87262, compilation errors: 86011, runtime errors: 121, failed runs: 1117, ok runs: 0
:::: FAILED :::: level: 17 :::: size: 379 / 429 :::: Compiler calls: 87433, compilation errors: 86182, runtime errors: 121, failed runs: 1118, ok runs: 0
:::: FAILED :::: level: 17 :::: size: 379 / 429 :::: Compiler calls: 87435, compilation errors: 86183, runtime errors: 121, failed runs: 1119, ok runs: 0
:::: FAILED :::: level: 17 :::: size: 379 / 429 :::: Compiler calls: 87444, compilation errors: 86189, runtime errors: 121, failed runs: 1120, ok runs: 0
:::: FAILED :::: level: 17 :::: size: 378 / 429 :::: Compiler calls: 87604, compilation errors: 86347, runtime errors: 121, failed runs: 1121, ok runs: 0
:::: FAILED :::: level: 17 :::: size: 378 / 429 :::: Compiler calls: 87612, compilation errors: 86356, runtime errors: 121, failed runs: 1122, ok runs: 0
:::: FAILED :::: level: 17 :::: size: 377 / 429 :::: Compiler calls: 87780, compilation errors: 86523, runtime errors: 121, failed runs: 1123, ok runs: 0
:::: FAILED :::: level: 17 :::: size: 377 / 429 :::: Compiler calls: 87796, compilation errors: 86538, runtime errors: 121, failed runs: 1124, ok runs: 0
:::: FAILED :::: level: 17 :::: size: 376 / 429 :::: Compiler calls: 87969, compilation errors: 86711, runtime errors: 121, failed runs: 1125, ok runs: 0
:::: FAILED :::: level: 17 :::: size: 376 / 429 :::: Compiler calls: 87977, compilation errors: 86715, runtime errors: 121, failed runs: 1126, ok runs: 0
:::: FAILED :::: level: 17 :::: size: 375 / 429 :::: Compiler calls: 88164, compilation errors: 86902, runtime errors: 121, failed runs: 1127, ok runs: 0
:::: FAILED :::: level: 17 :::: size: 375 / 429 :::: Compiler calls: 88166, compilation errors: 86903, runtime errors: 121, failed runs: 1128, ok runs: 0
:::: FAILED :::: level: 17 :::: size: 374 / 429 :::: Compiler calls: 88355, compilation errors: 87091, runtime errors: 121, failed runs: 1129, ok runs: 0
Level 1-17 took 1m 41s 906ms
111111111111111111111111111011111111011111111111111111111111111110101111111111111111111111111111111111111111111111111111111111111111111111111111111111110110111111011111101111101110111111111111111111111111101111000111111111111011111101111111101111111111111111111101110011111111110101001111111111111111111111110111111111111010011111111100110011110011110101000100000111100111101000000001111111111111111111111111111111111111111111111
Fixed 374 active nodes and 0 free nodes guaranteed by them.
Discarded 55 active fragments. 416 fragments, including dependent nodes
############## After level 1-17 there are 1458 / 5109 fragments left :::: Compiler calls: 88731, compilation errors: 87481, runtime errors: 121, failed runs: 1129, ok runs: 0
############## EXECUTING LVL 1-18 with 445 active fragments ##############
:::: FAILED :::: level: 18 :::: size: 444 / 445 :::: Compiler calls: 89686, compilation errors: 88431, runtime errors: 121, failed runs: 1130, ok runs: 0
Level 1-18 took 4s 71ms
1111111111111111111111111111111111111111111111111111111111111111111111111111111111111111111111111111111111111111111111111111111111111111111111111111111111111111111111111111111111111111111111111111111111111111111111111111111111111111111111111111111111111111111111111111111111111111111111111111111111111111111111111111111111111111111111111111111111111111111111101111111111111111111111111111111111111111111111111111111111111111111111111111111111111
Fixed 444 active nodes and 0 free nodes guaranteed by them.
Discarded 1 active fragments. 1 fragments, including dependent nodes
############## After level 1-18 there are 1457 / 5109 fragments left :::: Compiler calls: 90130, compilation errors: 88879, runtime errors: 121, failed runs: 1130, ok runs: 0
############## EXECUTING LVL 1-19 with 132 active fragments ##############
Level 1-19 took 3s 291ms
111111111111111111111111111111111111111111111111111111111111111111111111111111111111111111111111111111111111111111111111111111111111
Fixed 132 active nodes and 0 free nodes guaranteed by them.
Discarded 0 active fragments. 0 fragments, including dependent nodes
############## After level 1-19 there are 1457 / 5109 fragments left :::: Compiler calls: 90516, compilation errors: 89265, runtime errors: 121, failed runs: 1130, ok runs: 0
############## EXECUTING LVL 1-20 with 106 active fragments ##############
Level 1-20 took 1s 42ms
1111111111111111111111111111111111111111111111111111111111111111111111111111111111111111111111111111111111
Fixed 106 active nodes and 0 free nodes guaranteed by them.
Discarded 0 active fragments. 0 fragments, including dependent nodes
############## After level 1-20 there are 1457 / 5109 fragments left :::: Compiler calls: 90748, compilation errors: 89497, runtime errors: 121, failed runs: 1130, ok runs: 0
############## EXECUTING LVL 1-21 with 202 active fragments ##############
Level 1-21 took 4s 51ms
1111111111111111111111111111111111111111111111111111111111111111111111111111111111111111111111111111111111111111111111111111111111111111111111111111111111111111111111111111111111111111111111111111111111
Fixed 202 active nodes and 0 free nodes guaranteed by them.
Discarded 0 active fragments. 0 fragments, including dependent nodes
############## After level 1-21 there are 1457 / 5109 fragments left :::: Compiler calls: 91204, compilation errors: 89953, runtime errors: 121, failed runs: 1130, ok runs: 0
############## EXECUTING LVL 1-22 with 63 active fragments ##############
:::: FAILED :::: level: 22 :::: size: 62 / 63 :::: Compiler calls: 91329, compilation errors: 90075, runtime errors: 121, failed runs: 1131, ok runs: 0
Level 1-22 took 1s 212ms
111111111111111111111111111111111011111111111111111111111111111
Fixed 62 active nodes and 0 free nodes guaranteed by them.
Discarded 1 active fragments. 17 fragments, including dependent nodes
############## After level 1-22 there are 1440 / 5109 fragments left :::: Compiler calls: 91391, compilation errors: 90139, runtime errors: 121, failed runs: 1131, ok runs: 0
############## EXECUTING LVL 1-23 with 25 active fragments ##############
Level 1-23 took 417ms
1111111111111111111111111
Fixed 25 active nodes and 0 free nodes guaranteed by them.
Discarded 0 active fragments. 0 fragments, including dependent nodes
############## After level 1-23 there are 1440 / 5109 fragments left :::: Compiler calls: 91446, compilation errors: 90194, runtime errors: 121, failed runs: 1131, ok runs: 0
############## EXECUTING LVL 1-24 with 19 active fragments ##############
Level 1-24 took 472ms
1111111111111111111
Fixed 19 active nodes and 0 free nodes guaranteed by them.
Discarded 0 active fragments. 0 fragments, including dependent nodes
############## After level 1-24 there are 1440 / 5109 fragments left :::: Compiler calls: 91495, compilation errors: 90243, runtime errors: 121, failed runs: 1131, ok runs: 0
############## EXECUTING LVL 1-25 with 4 active fragments ##############
Level 1-25 took 172ms
1111
Fixed 4 active nodes and 0 free nodes guaranteed by them.
Discarded 0 active fragments. 0 fragments, including dependent nodes
############## After level 1-25 there are 1440 / 5109 fragments left :::: Compiler calls: 91501, compilation errors: 90249, runtime errors: 121, failed runs: 1131, ok runs: 0
############## EXECUTING LVL 1-26 with 2 active fragments ##############
Level 1-26 took 25ms
11
Fixed 2 active nodes and 0 free nodes guaranteed by them.
Discarded 0 active fragments. 0 fragments, including dependent nodes
############## After level 1-26 there are 1440 / 5109 fragments left :::: Compiler calls: 91503, compilation errors: 90251, runtime errors: 121, failed runs: 1131, ok runs: 0
Recreating result in testingoutput folder...
############## FINISHED NR. 1 in 2m 15s 264ms :::: Reduced to 1440 out of 5109 :::: Compiler calls: 91503, compilation errors: 90251, runtime errors: 121, failed runs: 1131, ok runs: 0 ##############
############## RUNNING TEST NR. 2 ##############
############## EXECUTING LVL 2-27 with 10 active fragments ##############
Level 2-27 took 347ms
1111111111
Fixed 10 active nodes and 0 free nodes guaranteed by them.
Discarded 0 active fragments. 0 fragments, including dependent nodes
############## After level 2-27 there are 1440 / 5109 fragments left :::: Compiler calls: 91527, compilation errors: 90275, runtime errors: 121, failed runs: 1131, ok runs: 0
############## EXECUTING LVL 2-28 with 60 active fragments ##############
:::: FAILED :::: level: 28 :::: size: 59 / 60 :::: Compiler calls: 91647, compilation errors: 90381, runtime errors: 121, failed runs: 1132, ok runs: 0
:::: FAILED :::: level: 28 :::: size: 59 / 60 :::: Compiler calls: 91649, compilation errors: 90384, runtime errors: 121, failed runs: 1133, ok runs: 0
:::: FAILED :::: level: 28 :::: size: 59 / 60 :::: Compiler calls: 91653, compilation errors: 90385, runtime errors: 121, failed runs: 1134, ok runs: 0
:::: FAILED :::: level: 28 :::: size: 58 / 60 :::: Compiler calls: 91708, compilation errors: 90443, runtime errors: 121, failed runs: 1135, ok runs: 0
:::: FAILED :::: level: 28 :::: size: 58 / 60 :::: Compiler calls: 91713, compilation errors: 90444, runtime errors: 121, failed runs: 1136, ok runs: 0
:::: FAILED :::: level: 28 :::: size: 57 / 60 :::: Compiler calls: 91766, compilation errors: 90501, runtime errors: 121, failed runs: 1137, ok runs: 0
Level 2-28 took 5s 443ms
111111111111111111111111111111111111111111100110111111111111
Fixed 57 active nodes and 0 free nodes guaranteed by them.
Discarded 3 active fragments. 21 fragments, including dependent nodes
############## After level 2-28 there are 1419 / 5109 fragments left :::: Compiler calls: 91823, compilation errors: 90565, runtime errors: 121, failed runs: 1137, ok runs: 0
############## EXECUTING LVL 2-29 with 356 active fragments ##############
Level 2-29 took 9s 635ms
11111111111111111111111111111111111111111111111111111111111111111111111111111111111111111111111111111111111111111111111111111111111111111111111111111111111111111111111111111111111111111111111111111111111111111111111111111111111111111111111111111111111111111111111111111111111111111111111111111111111111111111111111111111111111111111111111111111111111111111
Fixed 356 active nodes and 0 free nodes guaranteed by them.
Discarded 0 active fragments. 0 fragments, including dependent nodes
############## After level 2-29 there are 1419 / 5109 fragments left :::: Compiler calls: 92689, compilation errors: 91431, runtime errors: 121, failed runs: 1137, ok runs: 0
############## EXECUTING LVL 2-30 with 444 active fragments ##############
Level 2-30 took 2s 396ms
111111111111111111111111111111111111111111111111111111111111111111111111111111111111111111111111111111111111111111111111111111111111111111111111111111111111111111111111111111111111111111111111111111111111111111111111111111111111111111111111111111111111111111111111111111111111111111111111111111111111111111111111111111111111111111111111111111111111111111111111111111111111111111111111111111111111111111111111111111111111111111111111111111111111
Fixed 444 active nodes and 0 free nodes guaranteed by them.
Discarded 0 active fragments. 0 fragments, including dependent nodes
############## After level 2-30 there are 1419 / 5109 fragments left :::: Compiler calls: 93643, compilation errors: 92385, runtime errors: 121, failed runs: 1137, ok runs: 0
############## EXECUTING LVL 2-31 with 132 active fragments ##############
Level 2-31 took 3s 64ms
111111111111111111111111111111111111111111111111111111111111111111111111111111111111111111111111111111111111111111111111111111111111
Fixed 132 active nodes and 0 free nodes guaranteed by them.
Discarded 0 active fragments. 0 fragments, including dependent nodes
############## After level 2-31 there are 1419 / 5109 fragments left :::: Compiler calls: 94029, compilation errors: 92771, runtime errors: 121, failed runs: 1137, ok runs: 0
############## EXECUTING LVL 2-32 with 106 active fragments ##############
Level 2-32 took 1s 12ms
1111111111111111111111111111111111111111111111111111111111111111111111111111111111111111111111111111111111
Fixed 106 active nodes and 0 free nodes guaranteed by them.
Discarded 0 active fragments. 0 fragments, including dependent nodes
############## After level 2-32 there are 1419 / 5109 fragments left :::: Compiler calls: 94261, compilation errors: 93003, runtime errors: 121, failed runs: 1137, ok runs: 0
############## EXECUTING LVL 2-33 with 202 active fragments ##############
Level 2-33 took 3s 796ms
1111111111111111111111111111111111111111111111111111111111111111111111111111111111111111111111111111111111111111111111111111111111111111111111111111111111111111111111111111111111111111111111111111111111
Fixed 202 active nodes and 0 free nodes guaranteed by them.
Discarded 0 active fragments. 0 fragments, including dependent nodes
############## After level 2-33 there are 1419 / 5109 fragments left :::: Compiler calls: 94717, compilation errors: 93459, runtime errors: 121, failed runs: 1137, ok runs: 0
############## EXECUTING LVL 2-34 with 62 active fragments ##############
Level 2-34 took 742ms
11111111111111111111111111111111111111111111111111111111111111
Fixed 62 active nodes and 0 free nodes guaranteed by them.
Discarded 0 active fragments. 0 fragments, including dependent nodes
############## After level 2-34 there are 1419 / 5109 fragments left :::: Compiler calls: 94841, compilation errors: 93583, runtime errors: 121, failed runs: 1137, ok runs: 0
############## EXECUTING LVL 2-35 with 25 active fragments ##############
Level 2-35 took 384ms
1111111111111111111111111
Fixed 25 active nodes and 0 free nodes guaranteed by them.
Discarded 0 active fragments. 0 fragments, including dependent nodes
############## After level 2-35 there are 1419 / 5109 fragments left :::: Compiler calls: 94896, compilation errors: 93638, runtime errors: 121, failed runs: 1137, ok runs: 0
############## EXECUTING LVL 2-36 with 19 active fragments ##############
Level 2-36 took 554ms
1111111111111111111
Fixed 19 active nodes and 0 free nodes guaranteed by them.
Discarded 0 active fragments. 0 fragments, including dependent nodes
############## After level 2-36 there are 1419 / 5109 fragments left :::: Compiler calls: 94945, compilation errors: 93687, runtime errors: 121, failed runs: 1137, ok runs: 0
############## EXECUTING LVL 2-37 with 4 active fragments ##############
Level 2-37 took 143ms
1111
Fixed 4 active nodes and 0 free nodes guaranteed by them.
Discarded 0 active fragments. 0 fragments, including dependent nodes
############## After level 2-37 there are 1419 / 5109 fragments left :::: Compiler calls: 94951, compilation errors: 93693, runtime errors: 121, failed runs: 1137, ok runs: 0
############## EXECUTING LVL 2-38 with 2 active fragments ##############
Level 2-38 took 19ms
11
Fixed 2 active nodes and 0 free nodes guaranteed by them.
Discarded 0 active fragments. 0 fragments, including dependent nodes
############## After level 2-38 there are 1419 / 5109 fragments left :::: Compiler calls: 94953, compilation errors: 93695, runtime errors: 121, failed runs: 1137, ok runs: 0
Recreating result in testingoutput folder...
############## FINISHED NR. 2 in 27s 779ms :::: Reduced to 1419 out of 5109 :::: Compiler calls: 94953, compilation errors: 93695, runtime errors: 121, failed runs: 1137, ok runs: 0 ##############
############## RUNNING TEST NR. 3 ##############
############## EXECUTING LVL 3-39 with 10 active fragments ##############
Level 3-39 took 359ms
1111111111
Fixed 10 active nodes and 0 free nodes guaranteed by them.
Discarded 0 active fragments. 0 fragments, including dependent nodes
############## After level 3-39 there are 1419 / 5109 fragments left :::: Compiler calls: 94977, compilation errors: 93719, runtime errors: 121, failed runs: 1137, ok runs: 0
############## EXECUTING LVL 3-40 with 57 active fragments ##############
Level 3-40 took 2s 253ms
111111111111111111111111111111111111111111111111111111111
Fixed 57 active nodes and 0 free nodes guaranteed by them.
Discarded 0 active fragments. 0 fragments, including dependent nodes
############## After level 3-40 there are 1419 / 5109 fragments left :::: Compiler calls: 95096, compilation errors: 93838, runtime errors: 121, failed runs: 1137, ok runs: 0
############## EXECUTING LVL 3-41 with 356 active fragments ##############
Level 3-41 took 9s 884ms
11111111111111111111111111111111111111111111111111111111111111111111111111111111111111111111111111111111111111111111111111111111111111111111111111111111111111111111111111111111111111111111111111111111111111111111111111111111111111111111111111111111111111111111111111111111111111111111111111111111111111111111111111111111111111111111111111111111111111111111
Fixed 356 active nodes and 0 free nodes guaranteed by them.
Discarded 0 active fragments. 0 fragments, including dependent nodes
############## After level 3-41 there are 1419 / 5109 fragments left :::: Compiler calls: 95962, compilation errors: 94704, runtime errors: 121, failed runs: 1137, ok runs: 0
############## EXECUTING LVL 3-42 with 444 active fragments ##############
Level 3-42 took 2s 532ms
111111111111111111111111111111111111111111111111111111111111111111111111111111111111111111111111111111111111111111111111111111111111111111111111111111111111111111111111111111111111111111111111111111111111111111111111111111111111111111111111111111111111111111111111111111111111111111111111111111111111111111111111111111111111111111111111111111111111111111111111111111111111111111111111111111111111111111111111111111111111111111111111111111111111
Fixed 444 active nodes and 0 free nodes guaranteed by them.
Discarded 0 active fragments. 0 fragments, including dependent nodes
############## After level 3-42 there are 1419 / 5109 fragments left :::: Compiler calls: 96916, compilation errors: 95658, runtime errors: 121, failed runs: 1137, ok runs: 0
############## EXECUTING LVL 3-43 with 132 active fragments ##############
Level 3-43 took 3s 277ms
111111111111111111111111111111111111111111111111111111111111111111111111111111111111111111111111111111111111111111111111111111111111
Fixed 132 active nodes and 0 free nodes guaranteed by them.
Discarded 0 active fragments. 0 fragments, including dependent nodes
############## After level 3-43 there are 1419 / 5109 fragments left :::: Compiler calls: 97302, compilation errors: 96044, runtime errors: 121, failed runs: 1137, ok runs: 0
############## EXECUTING LVL 3-44 with 106 active fragments ##############
Level 3-44 took 880ms
1111111111111111111111111111111111111111111111111111111111111111111111111111111111111111111111111111111111
Fixed 106 active nodes and 0 free nodes guaranteed by them.
Discarded 0 active fragments. 0 fragments, including dependent nodes
############## After level 3-44 there are 1419 / 5109 fragments left :::: Compiler calls: 97534, compilation errors: 96276, runtime errors: 121, failed runs: 1137, ok runs: 0
############## EXECUTING LVL 3-45 with 202 active fragments ##############
Level 3-45 took 3s 943ms
1111111111111111111111111111111111111111111111111111111111111111111111111111111111111111111111111111111111111111111111111111111111111111111111111111111111111111111111111111111111111111111111111111111111
Fixed 202 active nodes and 0 free nodes guaranteed by them.
Discarded 0 active fragments. 0 fragments, including dependent nodes
############## After level 3-45 there are 1419 / 5109 fragments left :::: Compiler calls: 97990, compilation errors: 96732, runtime errors: 121, failed runs: 1137, ok runs: 0
############## EXECUTING LVL 3-46 with 62 active fragments ##############
Level 3-46 took 576ms
11111111111111111111111111111111111111111111111111111111111111
Fixed 62 active nodes and 0 free nodes guaranteed by them.
Discarded 0 active fragments. 0 fragments, including dependent nodes
############## After level 3-46 there are 1419 / 5109 fragments left :::: Compiler calls: 98114, compilation errors: 96856, runtime errors: 121, failed runs: 1137, ok runs: 0
############## EXECUTING LVL 3-47 with 25 active fragments ##############
Level 3-47 took 421ms
1111111111111111111111111
Fixed 25 active nodes and 0 free nodes guaranteed by them.
Discarded 0 active fragments. 0 fragments, including dependent nodes
############## After level 3-47 there are 1419 / 5109 fragments left :::: Compiler calls: 98169, compilation errors: 96911, runtime errors: 121, failed runs: 1137, ok runs: 0
############## EXECUTING LVL 3-48 with 19 active fragments ##############
Level 3-48 took 476ms
1111111111111111111
Fixed 19 active nodes and 0 free nodes guaranteed by them.
Discarded 0 active fragments. 0 fragments, including dependent nodes
############## After level 3-48 there are 1419 / 5109 fragments left :::: Compiler calls: 98218, compilation errors: 96960, runtime errors: 121, failed runs: 1137, ok runs: 0
############## EXECUTING LVL 3-49 with 4 active fragments ##############
Level 3-49 took 208ms
1111
Fixed 4 active nodes and 0 free nodes guaranteed by them.
Discarded 0 active fragments. 0 fragments, including dependent nodes
############## After level 3-49 there are 1419 / 5109 fragments left :::: Compiler calls: 98224, compilation errors: 96966, runtime errors: 121, failed runs: 1137, ok runs: 0
############## EXECUTING LVL 3-50 with 2 active fragments ##############
Level 3-50 took 23ms
11
Fixed 2 active nodes and 0 free nodes guaranteed by them.
Discarded 0 active fragments. 0 fragments, including dependent nodes
############## After level 3-50 there are 1419 / 5109 fragments left :::: Compiler calls: 98226, compilation errors: 96968, runtime errors: 121, failed runs: 1137, ok runs: 0
Recreating result in testingoutput folder...
############## FINISHED NR. 3 in 25s 37ms :::: Reduced to 1419 out of 5109 :::: Compiler calls: 98226, compilation errors: 96968, runtime errors: 121, failed runs: 1137, ok runs: 0 ##############
Format result in testingoutput folder...
#### MWE GENERATOR FINISHED SUCCESSFULLY ####

TOTAL EXECUTION TIME: 13m 53s 221ms.
TOTAL OUTPUT SIZE: 107498357 bytes
