Using executor GDDrecTestExecutor with executor options:
{
	m_modulePath='/home/lukasbosshart/workspace/defects4j/bugs/chart_2_b/',
	m_sourceFolderPath='source/',
	m_unitTestFolderPath='tests/',
	m_unitTestMethod='org.jfree.data.general.junit.DatasetUtilitiesTests#testBug2849731_2',
	m_expectedResult='java.lang.NullPointerException',
	m_compilationType=IN_MEMORY,
	m_logLevel=INFO,
	m_logCompilationErrors=false,
	m_logRuntimeErrors=false,
	m_multipleRuns=false,
	m_numberOfThreads=16,
	m_preSliceCode=false,
	m_graphAlgorithmFragmentLimit=0,
	m_graphAlgorithmEscalatingFragmentLimit=false,
}
Manually query the graph in the neo4j browser: http://localhost:7474/browser/
Example Query: "MATCH (f:Fragment_20230621_114129) RETURN *;"
Formatting code in source folder
Removed 656 javadoc fragments.
Added 3796 method invocation to declaration cross tree dependencies.
Added 2112 instantiation to declaration cross tree dependencies.
Added 2765 import to unit cross tree dependencies.
Added 15017 class to import cross tree dependencies.
Added 3526 class to unit in package cross tree dependencies.
Extracted 407987 fragments to graph database in 10m 58s 774ms
############## RUNNING TEST NR. 0 ##############
############## EXECUTING LVL 0-0 with 654 active fragments ##############
:::: FAILED :::: level: 0 :::: size: 654 / 654 :::: Compiler calls: 2, compilation errors: 1, runtime errors: 0, failed runs: 1, ok runs: 0
:::: FAILED :::: level: 0 :::: size: 653 / 654 :::: Compiler calls: 552, compilation errors: 540, runtime errors: 0, failed runs: 2, ok runs: 0
:::: FAILED :::: level: 0 :::: size: 652 / 654 :::: Compiler calls: 642, compilation errors: 626, runtime errors: 0, failed runs: 3, ok runs: 0
:::: FAILED :::: level: 0 :::: size: 652 / 654 :::: Compiler calls: 643, compilation errors: 629, runtime errors: 0, failed runs: 4, ok runs: 0
:::: FAILED :::: level: 0 :::: size: 652 / 654 :::: Compiler calls: 649, compilation errors: 632, runtime errors: 0, failed runs: 5, ok runs: 0
:::: FAILED :::: level: 0 :::: size: 652 / 654 :::: Compiler calls: 671, compilation errors: 656, runtime errors: 0, failed runs: 6, ok runs: 0
:::: FAILED :::: level: 0 :::: size: 651 / 654 :::: Compiler calls: 730, compilation errors: 711, runtime errors: 0, failed runs: 7, ok runs: 0
:::: FAILED :::: level: 0 :::: size: 651 / 654 :::: Compiler calls: 737, compilation errors: 719, runtime errors: 0, failed runs: 8, ok runs: 0
:::: FAILED :::: level: 0 :::: size: 651 / 654 :::: Compiler calls: 754, compilation errors: 736, runtime errors: 0, failed runs: 9, ok runs: 0
:::: FAILED :::: level: 0 :::: size: 650 / 654 :::: Compiler calls: 823, compilation errors: 803, runtime errors: 0, failed runs: 10, ok runs: 0
:::: FAILED :::: level: 0 :::: size: 650 / 654 :::: Compiler calls: 842, compilation errors: 819, runtime errors: 0, failed runs: 11, ok runs: 0
:::: FAILED :::: level: 0 :::: size: 649 / 654 :::: Compiler calls: 936, compilation errors: 918, runtime errors: 0, failed runs: 12, ok runs: 0
:::: FAILED :::: level: 0 :::: size: 649 / 654 :::: Compiler calls: 964, compilation errors: 939, runtime errors: 0, failed runs: 13, ok runs: 0
:::: FAILED :::: level: 0 :::: size: 649 / 654 :::: Compiler calls: 968, compilation errors: 945, runtime errors: 0, failed runs: 14, ok runs: 0
:::: FAILED :::: level: 0 :::: size: 648 / 654 :::: Compiler calls: 1076, compilation errors: 1050, runtime errors: 0, failed runs: 15, ok runs: 0
:::: FAILED :::: level: 0 :::: size: 648 / 654 :::: Compiler calls: 1083, compilation errors: 1056, runtime errors: 0, failed runs: 16, ok runs: 0
:::: FAILED :::: level: 0 :::: size: 648 / 654 :::: Compiler calls: 1087, compilation errors: 1061, runtime errors: 0, failed runs: 17, ok runs: 0
:::: FAILED :::: level: 0 :::: size: 648 / 654 :::: Compiler calls: 1090, compilation errors: 1063, runtime errors: 0, failed runs: 18, ok runs: 0
:::: FAILED :::: level: 0 :::: size: 648 / 654 :::: Compiler calls: 1097, compilation errors: 1067, runtime errors: 0, failed runs: 19, ok runs: 0
:::: FAILED :::: level: 0 :::: size: 648 / 654 :::: Compiler calls: 1109, compilation errors: 1075, runtime errors: 0, failed runs: 20, ok runs: 0
:::: FAILED :::: level: 0 :::: size: 647 / 654 :::: Compiler calls: 1217, compilation errors: 1187, runtime errors: 0, failed runs: 21, ok runs: 0
:::: FAILED :::: level: 0 :::: size: 647 / 654 :::: Compiler calls: 1222, compilation errors: 1187, runtime errors: 0, failed runs: 22, ok runs: 0
:::: FAILED :::: level: 0 :::: size: 647 / 654 :::: Compiler calls: 1223, compilation errors: 1191, runtime errors: 0, failed runs: 23, ok runs: 0
:::: FAILED :::: level: 0 :::: size: 647 / 654 :::: Compiler calls: 1234, compilation errors: 1197, runtime errors: 0, failed runs: 24, ok runs: 0
:::: FAILED :::: level: 0 :::: size: 647 / 654 :::: Compiler calls: 1237, compilation errors: 1202, runtime errors: 0, failed runs: 25, ok runs: 0
:::: FAILED :::: level: 0 :::: size: 647 / 654 :::: Compiler calls: 1246, compilation errors: 1209, runtime errors: 0, failed runs: 26, ok runs: 0
:::: FAILED :::: level: 0 :::: size: 646 / 654 :::: Compiler calls: 1365, compilation errors: 1327, runtime errors: 0, failed runs: 27, ok runs: 0
:::: FAILED :::: level: 0 :::: size: 646 / 654 :::: Compiler calls: 1371, compilation errors: 1331, runtime errors: 0, failed runs: 28, ok runs: 0
:::: FAILED :::: level: 0 :::: size: 646 / 654 :::: Compiler calls: 1373, compilation errors: 1332, runtime errors: 0, failed runs: 29, ok runs: 0
:::: FAILED :::: level: 0 :::: size: 646 / 654 :::: Compiler calls: 1377, compilation errors: 1339, runtime errors: 0, failed runs: 30, ok runs: 0
:::: FAILED :::: level: 0 :::: size: 646 / 654 :::: Compiler calls: 1384, compilation errors: 1343, runtime errors: 0, failed runs: 31, ok runs: 0
:::: FAILED :::: level: 0 :::: size: 645 / 654 :::: Compiler calls: 1514, compilation errors: 1470, runtime errors: 0, failed runs: 32, ok runs: 0
:::: FAILED :::: level: 0 :::: size: 645 / 654 :::: Compiler calls: 1522, compilation errors: 1477, runtime errors: 0, failed runs: 33, ok runs: 0
:::: FAILED :::: level: 0 :::: size: 645 / 654 :::: Compiler calls: 1525, compilation errors: 1480, runtime errors: 0, failed runs: 34, ok runs: 0
:::: FAILED :::: level: 0 :::: size: 645 / 654 :::: Compiler calls: 1535, compilation errors: 1488, runtime errors: 0, failed runs: 35, ok runs: 0
:::: FAILED :::: level: 0 :::: size: 645 / 654 :::: Compiler calls: 1540, compilation errors: 1492, runtime errors: 0, failed runs: 36, ok runs: 0
:::: FAILED :::: level: 0 :::: size: 644 / 654 :::: Compiler calls: 1666, compilation errors: 1617, runtime errors: 0, failed runs: 37, ok runs: 0
:::: FAILED :::: level: 0 :::: size: 644 / 654 :::: Compiler calls: 1671, compilation errors: 1625, runtime errors: 0, failed runs: 38, ok runs: 0
:::: FAILED :::: level: 0 :::: size: 644 / 654 :::: Compiler calls: 1673, compilation errors: 1626, runtime errors: 0, failed runs: 39, ok runs: 0
:::: FAILED :::: level: 0 :::: size: 644 / 654 :::: Compiler calls: 1689, compilation errors: 1637, runtime errors: 0, failed runs: 40, ok runs: 0
:::: FAILED :::: level: 0 :::: size: 643 / 654 :::: Compiler calls: 1821, compilation errors: 1768, runtime errors: 0, failed runs: 41, ok runs: 0
:::: FAILED :::: level: 0 :::: size: 643 / 654 :::: Compiler calls: 1831, compilation errors: 1779, runtime errors: 0, failed runs: 42, ok runs: 0
:::: FAILED :::: level: 0 :::: size: 643 / 654 :::: Compiler calls: 1837, compilation errors: 1783, runtime errors: 0, failed runs: 43, ok runs: 0
:::: FAILED :::: level: 0 :::: size: 642 / 654 :::: Compiler calls: 1986, compilation errors: 1933, runtime errors: 0, failed runs: 44, ok runs: 0
:::: FAILED :::: level: 0 :::: size: 642 / 654 :::: Compiler calls: 1991, compilation errors: 1936, runtime errors: 0, failed runs: 45, ok runs: 0
:::: FAILED :::: level: 0 :::: size: 641 / 654 :::: Compiler calls: 2157, compilation errors: 2101, runtime errors: 0, failed runs: 46, ok runs: 0
:::: FAILED :::: level: 0 :::: size: 640 / 654 :::: Compiler calls: 2363, compilation errors: 2310, runtime errors: 0, failed runs: 47, ok runs: 0
:::: FAILED :::: level: 0 :::: size: 640 / 654 :::: Compiler calls: 2382, compilation errors: 2323, runtime errors: 0, failed runs: 48, ok runs: 0
:::: FAILED :::: level: 0 :::: size: 640 / 654 :::: Compiler calls: 2394, compilation errors: 2334, runtime errors: 0, failed runs: 49, ok runs: 0
:::: FAILED :::: level: 0 :::: size: 639 / 654 :::: Compiler calls: 2594, compilation errors: 2534, runtime errors: 0, failed runs: 50, ok runs: 0
:::: FAILED :::: level: 0 :::: size: 639 / 654 :::: Compiler calls: 2598, compilation errors: 2538, runtime errors: 0, failed runs: 51, ok runs: 0
:::: FAILED :::: level: 0 :::: size: 639 / 654 :::: Compiler calls: 2618, compilation errors: 2558, runtime errors: 0, failed runs: 52, ok runs: 0
:::: FAILED :::: level: 0 :::: size: 638 / 654 :::: Compiler calls: 2822, compilation errors: 2760, runtime errors: 0, failed runs: 53, ok runs: 0
:::: FAILED :::: level: 0 :::: size: 638 / 654 :::: Compiler calls: 2843, compilation errors: 2780, runtime errors: 0, failed runs: 54, ok runs: 0
:::: FAILED :::: level: 0 :::: size: 637 / 654 :::: Compiler calls: 2914, compilation errors: 2848, runtime errors: 0, failed runs: 55, ok runs: 0
:::: FAILED :::: level: 0 :::: size: 636 / 654 :::: Compiler calls: 3159, compilation errors: 3091, runtime errors: 0, failed runs: 56, ok runs: 0
:::: FAILED :::: level: 0 :::: size: 635 / 654 :::: Compiler calls: 3494, compilation errors: 3427, runtime errors: 0, failed runs: 57, ok runs: 0
:::: FAILED :::: level: 0 :::: size: 635 / 654 :::: Compiler calls: 3504, compilation errors: 3436, runtime errors: 0, failed runs: 58, ok runs: 0
:::: FAILED :::: level: 0 :::: size: 635 / 654 :::: Compiler calls: 3521, compilation errors: 3453, runtime errors: 0, failed runs: 59, ok runs: 0
:::: FAILED :::: level: 0 :::: size: 634 / 654 :::: Compiler calls: 3742, compilation errors: 3670, runtime errors: 0, failed runs: 60, ok runs: 0
:::: FAILED :::: level: 0 :::: size: 633 / 654 :::: Compiler calls: 4024, compilation errors: 3952, runtime errors: 0, failed runs: 61, ok runs: 0
:::: FAILED :::: level: 0 :::: size: 633 / 654 :::: Compiler calls: 4045, compilation errors: 3973, runtime errors: 0, failed runs: 62, ok runs: 0
:::: FAILED :::: level: 0 :::: size: 632 / 654 :::: Compiler calls: 4326, compilation errors: 4253, runtime errors: 0, failed runs: 63, ok runs: 0
:::: FAILED :::: level: 0 :::: size: 632 / 654 :::: Compiler calls: 4334, compilation errors: 4260, runtime errors: 0, failed runs: 64, ok runs: 0
:::: FAILED :::: level: 0 :::: size: 632 / 654 :::: Compiler calls: 4334, compilation errors: 4260, runtime errors: 0, failed runs: 65, ok runs: 0
:::: FAILED :::: level: 0 :::: size: 631 / 654 :::: Compiler calls: 4635, compilation errors: 4559, runtime errors: 0, failed runs: 66, ok runs: 0
:::: FAILED :::: level: 0 :::: size: 631 / 654 :::: Compiler calls: 4639, compilation errors: 4565, runtime errors: 0, failed runs: 67, ok runs: 0
:::: FAILED :::: level: 0 :::: size: 630 / 654 :::: Compiler calls: 4944, compilation errors: 4867, runtime errors: 0, failed runs: 68, ok runs: 0
:::: FAILED :::: level: 0 :::: size: 629 / 654 :::: Compiler calls: 5287, compilation errors: 5209, runtime errors: 0, failed runs: 69, ok runs: 0
:::: FAILED :::: level: 0 :::: size: 629 / 654 :::: Compiler calls: 5311, compilation errors: 5229, runtime errors: 0, failed runs: 70, ok runs: 0
:::: FAILED :::: level: 0 :::: size: 628 / 654 :::: Compiler calls: 5608, compilation errors: 5528, runtime errors: 0, failed runs: 71, ok runs: 0
:::: FAILED :::: level: 0 :::: size: 627 / 654 :::: Compiler calls: 5970, compilation errors: 5888, runtime errors: 0, failed runs: 72, ok runs: 0
:::: FAILED :::: level: 0 :::: size: 627 / 654 :::: Compiler calls: 5994, compilation errors: 5907, runtime errors: 0, failed runs: 73, ok runs: 0
:::: FAILED :::: level: 0 :::: size: 626 / 654 :::: Compiler calls: 6320, compilation errors: 6236, runtime errors: 0, failed runs: 74, ok runs: 0
:::: FAILED :::: level: 0 :::: size: 625 / 654 :::: Compiler calls: 6705, compilation errors: 6619, runtime errors: 0, failed runs: 75, ok runs: 0
:::: FAILED :::: level: 0 :::: size: 625 / 654 :::: Compiler calls: 6724, compilation errors: 6636, runtime errors: 0, failed runs: 76, ok runs: 0
