Using executor GDDTestExecutor with executor options:
{
	m_modulePath='/home/lukasbosshart/workspace/defects4j/bugs/csv_4_b/',
	m_sourceFolderPath='src/main/java',
	m_unitTestFolderPath='src/test/java',
	m_unitTestMethod='org.apache.commons.csv.CSVParserTest#testNoHeaderMap',
	m_expectedResult='java.lang.NullPointerException',
	m_compilationType=IN_MEMORY,
	m_logLevel=INFO,
	m_logCompilationErrors=false,
	m_logRuntimeErrors=false,
	m_multipleRuns=false,
	m_numberOfThreads=16,
	m_preSliceCode=false,
	m_graphAlgorithmFragmentLimit=0,
	m_graphAlgorithmEscalatingFragmentLimit=false,
}
Manually query the graph in the neo4j browser: http://localhost:7474/browser/
Example Query: "MATCH (f:Fragment_20230420_175432) RETURN *;"
Removed 9 javadoc fragments.
Added 22 instantiation to declaration cross tree dependencies.
Added 0 import to unit cross tree dependencies.
Added 259 class to import cross tree dependencies.
Added 44 class to unit in package cross tree dependencies.
Added 92 method invocation to declaration cross tree dependencies.
Extracted 5112 fragments to graph database in 8766ms
############## RUNNING TEST NR. 0 ##############
############## EXECUTING LVL 0 with 10 active fragments ##############
:::: FAILED :::: level: 0 :::: size: 10 / 10 :::: Compiler calls: 2, compilation errors: 1, runtime errors: 0, failed runs: 1, ok runs: 0
Level 0 took 2592ms
1111111111
Fixed 10 active nodes and 0 free nodes guaranteed by them.
Discarded 0 active fragments. 0 fragments, including dependent nodes
############## After level 0 there are 5112 / 5112 fragments left :::: Compiler calls: 26, compilation errors: 25, runtime errors: 0, failed runs: 1, ok runs: 0
############## EXECUTING LVL 1 with 83 active fragments ##############
Level 1 took 6021ms
11111111111111111111111111111111111111111111111111111111111111111111111111111111111
Fixed 83 active nodes and 0 free nodes guaranteed by them.
Discarded 0 active fragments. 0 fragments, including dependent nodes
############## After level 1 there are 5112 / 5112 fragments left :::: Compiler calls: 235, compilation errors: 234, runtime errors: 0, failed runs: 1, ok runs: 0
############## EXECUTING LVL 2 with 630 active fragments ##############
:::: FAILED :::: level: 2 :::: size: 628 / 630 :::: Compiler calls: 600, compilation errors: 585, runtime errors: 0, failed runs: 2, ok runs: 0
:::: FAILED :::: level: 2 :::: size: 628 / 630 :::: Compiler calls: 609, compilation errors: 594, runtime errors: 0, failed runs: 3, ok runs: 0
:::: FAILED :::: level: 2 :::: size: 627 / 630 :::: Compiler calls: 620, compilation errors: 604, runtime errors: 0, failed runs: 4, ok runs: 0
:::: FAILED :::: level: 2 :::: size: 626 / 630 :::: Compiler calls: 716, compilation errors: 700, runtime errors: 0, failed runs: 5, ok runs: 0
:::: FAILED :::: level: 2 :::: size: 625 / 630 :::: Compiler calls: 723, compilation errors: 703, runtime errors: 0, failed runs: 6, ok runs: 0
:::: FAILED :::: level: 2 :::: size: 623 / 630 :::: Compiler calls: 847, compilation errors: 825, runtime errors: 0, failed runs: 7, ok runs: 0
:::: FAILED :::: level: 2 :::: size: 621 / 630 :::: Compiler calls: 953, compilation errors: 932, runtime errors: 0, failed runs: 8, ok runs: 0
:::: FAILED :::: level: 2 :::: size: 619 / 630 :::: Compiler calls: 1115, compilation errors: 1094, runtime errors: 0, failed runs: 9, ok runs: 0
:::: FAILED :::: level: 2 :::: size: 619 / 630 :::: Compiler calls: 1115, compilation errors: 1095, runtime errors: 0, failed runs: 10, ok runs: 0
:::: FAILED :::: level: 2 :::: size: 617 / 630 :::: Compiler calls: 1296, compilation errors: 1272, runtime errors: 0, failed runs: 11, ok runs: 0
:::: FAILED :::: level: 2 :::: size: 615 / 630 :::: Compiler calls: 1418, compilation errors: 1392, runtime errors: 0, failed runs: 12, ok runs: 0
:::: FAILED :::: level: 2 :::: size: 613 / 630 :::: Compiler calls: 1641, compilation errors: 1613, runtime errors: 0, failed runs: 13, ok runs: 0
:::: FAILED :::: level: 2 :::: size: 611 / 630 :::: Compiler calls: 1773, compilation errors: 1745, runtime errors: 0, failed runs: 14, ok runs: 0
:::: FAILED :::: level: 2 :::: size: 609 / 630 :::: Compiler calls: 1951, compilation errors: 1923, runtime errors: 0, failed runs: 15, ok runs: 0
:::: FAILED :::: level: 2 :::: size: 607 / 630 :::: Compiler calls: 2077, compilation errors: 2052, runtime errors: 0, failed runs: 16, ok runs: 0
:::: FAILED :::: level: 2 :::: size: 605 / 630 :::: Compiler calls: 2285, compilation errors: 2253, runtime errors: 0, failed runs: 17, ok runs: 0
:::: FAILED :::: level: 2 :::: size: 602 / 630 :::: Compiler calls: 2452, compilation errors: 2421, runtime errors: 0, failed runs: 18, ok runs: 0
:::: FAILED :::: level: 2 :::: size: 603 / 630 :::: Compiler calls: 2473, compilation errors: 2442, runtime errors: 0, failed runs: 19, ok runs: 0
:::: FAILED :::: level: 2 :::: size: 600 / 630 :::: Compiler calls: 2622, compilation errors: 2589, runtime errors: 0, failed runs: 20, ok runs: 0
:::: FAILED :::: level: 2 :::: size: 598 / 630 :::: Compiler calls: 2785, compilation errors: 2749, runtime errors: 0, failed runs: 21, ok runs: 0
:::: FAILED :::: level: 2 :::: size: 597 / 630 :::: Compiler calls: 3134, compilation errors: 3099, runtime errors: 0, failed runs: 22, ok runs: 0
:::: FAILED :::: level: 2 :::: size: 596 / 630 :::: Compiler calls: 3344, compilation errors: 3307, runtime errors: 0, failed runs: 23, ok runs: 0
:::: FAILED :::: level: 2 :::: size: 596 / 630 :::: Compiler calls: 3347, compilation errors: 3309, runtime errors: 0, failed runs: 24, ok runs: 0
:::: FAILED :::: level: 2 :::: size: 596 / 630 :::: Compiler calls: 3351, compilation errors: 3312, runtime errors: 0, failed runs: 25, ok runs: 0
:::: FAILED :::: level: 2 :::: size: 596 / 630 :::: Compiler calls: 3356, compilation errors: 3318, runtime errors: 0, failed runs: 26, ok runs: 0
:::: FAILED :::: level: 2 :::: size: 595 / 630 :::: Compiler calls: 3552, compilation errors: 3512, runtime errors: 0, failed runs: 27, ok runs: 0
:::: FAILED :::: level: 2 :::: size: 595 / 630 :::: Compiler calls: 3562, compilation errors: 3520, runtime errors: 0, failed runs: 28, ok runs: 0
:::: FAILED :::: level: 2 :::: size: 594 / 630 :::: Compiler calls: 3768, compilation errors: 3725, runtime errors: 0, failed runs: 29, ok runs: 0
:::: FAILED :::: level: 2 :::: size: 594 / 630 :::: Compiler calls: 3786, compilation errors: 3743, runtime errors: 0, failed runs: 30, ok runs: 0
:::: FAILED :::: level: 2 :::: size: 593 / 630 :::: Compiler calls: 3985, compilation errors: 3942, runtime errors: 0, failed runs: 31, ok runs: 0
:::: FAILED :::: level: 2 :::: size: 593 / 630 :::: Compiler calls: 3988, compilation errors: 3945, runtime errors: 0, failed runs: 32, ok runs: 0
:::: FAILED :::: level: 2 :::: size: 592 / 630 :::: Compiler calls: 4203, compilation errors: 4156, runtime errors: 0, failed runs: 33, ok runs: 0
:::: FAILED :::: level: 2 :::: size: 591 / 630 :::: Compiler calls: 4436, compilation errors: 4387, runtime errors: 0, failed runs: 34, ok runs: 0
:::: FAILED :::: level: 2 :::: size: 591 / 630 :::: Compiler calls: 4439, compilation errors: 4391, runtime errors: 0, failed runs: 35, ok runs: 0
:::: FAILED :::: level: 2 :::: size: 591 / 630 :::: Compiler calls: 4450, compilation errors: 4400, runtime errors: 0, failed runs: 36, ok runs: 0
:::: FAILED :::: level: 2 :::: size: 590 / 630 :::: Compiler calls: 4667, compilation errors: 4616, runtime errors: 0, failed runs: 37, ok runs: 0
:::: FAILED :::: level: 2 :::: size: 590 / 630 :::: Compiler calls: 4671, compilation errors: 4620, runtime errors: 0, failed runs: 38, ok runs: 0
:::: FAILED :::: level: 2 :::: size: 589 / 630 :::: Compiler calls: 4916, compilation errors: 4866, runtime errors: 0, failed runs: 39, ok runs: 0
:::: FAILED :::: level: 2 :::: size: 588 / 630 :::: Compiler calls: 5184, compilation errors: 5130, runtime errors: 0, failed runs: 40, ok runs: 0
:::: FAILED :::: level: 2 :::: size: 588 / 630 :::: Compiler calls: 5189, compilation errors: 5134, runtime errors: 0, failed runs: 41, ok runs: 0
:::: FAILED :::: level: 2 :::: size: 587 / 630 :::: Compiler calls: 5445, compilation errors: 5388, runtime errors: 0, failed runs: 42, ok runs: 0
:::: FAILED :::: level: 2 :::: size: 586 / 630 :::: Compiler calls: 5740, compilation errors: 5685, runtime errors: 0, failed runs: 43, ok runs: 0
:::: FAILED :::: level: 2 :::: size: 586 / 630 :::: Compiler calls: 5746, compilation errors: 5690, runtime errors: 0, failed runs: 44, ok runs: 0
:::: FAILED :::: level: 2 :::: size: 585 / 630 :::: Compiler calls: 6013, compilation errors: 5956, runtime errors: 0, failed runs: 45, ok runs: 0
:::: FAILED :::: level: 2 :::: size: 585 / 630 :::: Compiler calls: 6046, compilation errors: 5984, runtime errors: 1, failed runs: 46, ok runs: 0
:::: FAILED :::: level: 2 :::: size: 584 / 630 :::: Compiler calls: 6310, compilation errors: 6247, runtime errors: 2, failed runs: 47, ok runs: 0
:::: FAILED :::: level: 2 :::: size: 584 / 630 :::: Compiler calls: 6325, compilation errors: 6263, runtime errors: 2, failed runs: 48, ok runs: 0
:::: FAILED :::: level: 2 :::: size: 583 / 630 :::: Compiler calls: 6574, compilation errors: 6512, runtime errors: 2, failed runs: 49, ok runs: 0
:::: FAILED :::: level: 2 :::: size: 583 / 630 :::: Compiler calls: 6595, compilation errors: 6528, runtime errors: 2, failed runs: 50, ok runs: 0
:::: FAILED :::: level: 2 :::: size: 582 / 630 :::: Compiler calls: 6852, compilation errors: 6785, runtime errors: 2, failed runs: 51, ok runs: 0
:::: FAILED :::: level: 2 :::: size: 582 / 630 :::: Compiler calls: 6856, compilation errors: 6790, runtime errors: 2, failed runs: 52, ok runs: 0
:::: FAILED :::: level: 2 :::: size: 582 / 630 :::: Compiler calls: 6862, compilation errors: 6794, runtime errors: 2, failed runs: 53, ok runs: 0
:::: FAILED :::: level: 2 :::: size: 581 / 630 :::: Compiler calls: 7141, compilation errors: 7071, runtime errors: 2, failed runs: 54, ok runs: 0
:::: FAILED :::: level: 2 :::: size: 581 / 630 :::: Compiler calls: 7157, compilation errors: 7087, runtime errors: 2, failed runs: 55, ok runs: 0
:::: FAILED :::: level: 2 :::: size: 580 / 630 :::: Compiler calls: 7422, compilation errors: 7352, runtime errors: 2, failed runs: 56, ok runs: 0
:::: FAILED :::: level: 2 :::: size: 579 / 630 :::: Compiler calls: 7698, compilation errors: 7624, runtime errors: 3, failed runs: 57, ok runs: 0
:::: FAILED :::: level: 2 :::: size: 578 / 630 :::: Compiler calls: 8001, compilation errors: 7927, runtime errors: 3, failed runs: 58, ok runs: 0
:::: FAILED :::: level: 2 :::: size: 578 / 630 :::: Compiler calls: 8006, compilation errors: 7932, runtime errors: 3, failed runs: 59, ok runs: 0
:::: FAILED :::: level: 2 :::: size: 577 / 630 :::: Compiler calls: 8308, compilation errors: 8233, runtime errors: 3, failed runs: 60, ok runs: 0
:::: FAILED :::: level: 2 :::: size: 577 / 630 :::: Compiler calls: 8339, compilation errors: 8260, runtime errors: 3, failed runs: 61, ok runs: 0
:::: FAILED :::: level: 2 :::: size: 576 / 630 :::: Compiler calls: 8632, compilation errors: 8556, runtime errors: 4, failed runs: 62, ok runs: 0
:::: FAILED :::: level: 2 :::: size: 575 / 630 :::: Compiler calls: 8939, compilation errors: 8857, runtime errors: 5, failed runs: 63, ok runs: 0
:::: FAILED :::: level: 2 :::: size: 574 / 630 :::: Compiler calls: 9267, compilation errors: 9184, runtime errors: 5, failed runs: 64, ok runs: 0
:::: FAILED :::: level: 2 :::: size: 573 / 630 :::: Compiler calls: 9272, compilation errors: 9188, runtime errors: 6, failed runs: 65, ok runs: 0
:::: FAILED :::: level: 2 :::: size: 574 / 630 :::: Compiler calls: 9296, compilation errors: 9209, runtime errors: 6, failed runs: 66, ok runs: 0
:::: FAILED :::: level: 2 :::: size: 573 / 630 :::: Compiler calls: 9576, compilation errors: 9488, runtime errors: 7, failed runs: 67, ok runs: 0
:::: FAILED :::: level: 2 :::: size: 571 / 630 :::: Compiler calls: 9904, compilation errors: 9818, runtime errors: 7, failed runs: 68, ok runs: 0
:::: FAILED :::: level: 2 :::: size: 572 / 630 :::: Compiler calls: 9912, compilation errors: 9823, runtime errors: 7, failed runs: 69, ok runs: 0
:::: FAILED :::: level: 2 :::: size: 572 / 630 :::: Compiler calls: 9933, compilation errors: 9842, runtime errors: 7, failed runs: 70, ok runs: 0
:::: FAILED :::: level: 2 :::: size: 570 / 630 :::: Compiler calls: 10243, compilation errors: 10152, runtime errors: 7, failed runs: 71, ok runs: 0
:::: FAILED :::: level: 2 :::: size: 569 / 630 :::: Compiler calls: 10598, compilation errors: 10502, runtime errors: 9, failed runs: 72, ok runs: 0
:::: FAILED :::: level: 2 :::: size: 569 / 630 :::: Compiler calls: 10601, compilation errors: 10505, runtime errors: 9, failed runs: 73, ok runs: 0
:::: FAILED :::: level: 2 :::: size: 568 / 630 :::: Compiler calls: 10912, compilation errors: 10814, runtime errors: 9, failed runs: 74, ok runs: 0
:::: FAILED :::: level: 2 :::: size: 567 / 630 :::: Compiler calls: 11264, compilation errors: 11166, runtime errors: 9, failed runs: 75, ok runs: 0
:::: FAILED :::: level: 2 :::: size: 566 / 630 :::: Compiler calls: 11279, compilation errors: 11182, runtime errors: 9, failed runs: 76, ok runs: 0
:::: FAILED :::: level: 2 :::: size: 566 / 630 :::: Compiler calls: 11620, compilation errors: 11521, runtime errors: 10, failed runs: 77, ok runs: 0
:::: FAILED :::: level: 2 :::: size: 566 / 630 :::: Compiler calls: 11629, compilation errors: 11529, runtime errors: 10, failed runs: 78, ok runs: 0
:::: FAILED :::: level: 2 :::: size: 565 / 630 :::: Compiler calls: 11635, compilation errors: 11531, runtime errors: 10, failed runs: 79, ok runs: 0
:::: FAILED :::: level: 2 :::: size: 565 / 630 :::: Compiler calls: 11972, compilation errors: 11867, runtime errors: 11, failed runs: 80, ok runs: 0
:::: FAILED :::: level: 2 :::: size: 564 / 630 :::: Compiler calls: 12331, compilation errors: 12224, runtime errors: 11, failed runs: 81, ok runs: 0
:::: FAILED :::: level: 2 :::: size: 563 / 630 :::: Compiler calls: 12333, compilation errors: 12227, runtime errors: 11, failed runs: 82, ok runs: 0
:::: FAILED :::: level: 2 :::: size: 562 / 630 :::: Compiler calls: 12692, compilation errors: 12583, runtime errors: 12, failed runs: 83, ok runs: 0
:::: FAILED :::: level: 2 :::: size: 561 / 630 :::: Compiler calls: 13085, compilation errors: 12977, runtime errors: 12, failed runs: 84, ok runs: 0
:::: FAILED :::: level: 2 :::: size: 560 / 630 :::: Compiler calls: 13485, compilation errors: 13373, runtime errors: 13, failed runs: 85, ok runs: 0
:::: FAILED :::: level: 2 :::: size: 559 / 630 :::: Compiler calls: 13872, compilation errors: 13759, runtime errors: 14, failed runs: 86, ok runs: 0
:::: FAILED :::: level: 2 :::: size: 559 / 630 :::: Compiler calls: 13882, compilation errors: 13767, runtime errors: 14, failed runs: 87, ok runs: 0
:::: FAILED :::: level: 2 :::: size: 558 / 630 :::: Compiler calls: 14250, compilation errors: 14134, runtime errors: 14, failed runs: 88, ok runs: 0
:::: FAILED :::: level: 2 :::: size: 557 / 630 :::: Compiler calls: 15162, compilation errors: 15042, runtime errors: 17, failed runs: 89, ok runs: 0
:::: FAILED :::: level: 2 :::: size: 557 / 630 :::: Compiler calls: 15169, compilation errors: 15048, runtime errors: 17, failed runs: 90, ok runs: 0
:::: FAILED :::: level: 2 :::: size: 556 / 630 :::: Compiler calls: 15619, compilation errors: 15494, runtime errors: 19, failed runs: 91, ok runs: 0
:::: FAILED :::: level: 2 :::: size: 555 / 630 :::: Compiler calls: 16155, compilation errors: 16028, runtime errors: 21, failed runs: 92, ok runs: 0
:::: FAILED :::: level: 2 :::: size: 555 / 630 :::: Compiler calls: 16162, compilation errors: 16036, runtime errors: 21, failed runs: 93, ok runs: 0
:::: FAILED :::: level: 2 :::: size: 554 / 630 :::: Compiler calls: 16694, compilation errors: 16563, runtime errors: 23, failed runs: 94, ok runs: 0
:::: FAILED :::: level: 2 :::: size: 553 / 630 :::: Compiler calls: 17245, compilation errors: 17111, runtime errors: 25, failed runs: 95, ok runs: 0
:::: FAILED :::: level: 2 :::: size: 552 / 630 :::: Compiler calls: 17797, compilation errors: 17660, runtime errors: 27, failed runs: 96, ok runs: 0
Level 2 took 170848ms
111111111111111111111111111111111111111111111111111111111111111111111111111111111111101111111111111111111111111111111111111111111111111111111111111111111111111111111111111111111101001111001101100111001110100010111111101111001101111010100111111111111111111111101111111011111110101101111111111111111111101101111111110110111011111000111011111111111110111100000111111111111110111111001100110110011101011111111111110011101111111111111101110111011111111001110011001111111111111111111111111101110011111111111111111011111101110101011111111111111111111111111111111111111111111111111111111111111111101111011111111101111111111101111111111111
Fixed 552 active nodes and 0 free nodes guaranteed by them.
Discarded 78 active fragments. 857 fragments, including dependent nodes
############## After level 2 there are 4255 / 5112 fragments left :::: Compiler calls: 18351, compilation errors: 18226, runtime errors: 29, failed runs: 96, ok runs: 0
############## EXECUTING LVL 3 with 797 active fragments ##############
:::: FAILED :::: level: 3 :::: size: 794 / 797 :::: Compiler calls: 18707, compilation errors: 18571, runtime errors: 29, failed runs: 97, ok runs: 0
:::: FAILED :::: level: 3 :::: size: 793 / 797 :::: Compiler calls: 19094, compilation errors: 18955, runtime errors: 29, failed runs: 98, ok runs: 0
:::: FAILED :::: level: 3 :::: size: 793 / 797 :::: Compiler calls: 19097, compilation errors: 18958, runtime errors: 29, failed runs: 99, ok runs: 0
:::: FAILED :::: level: 3 :::: size: 793 / 797 :::: Compiler calls: 19109, compilation errors: 18968, runtime errors: 29, failed runs: 100, ok runs: 0
:::: FAILED :::: level: 3 :::: size: 792 / 797 :::: Compiler calls: 19221, compilation errors: 19077, runtime errors: 29, failed runs: 101, ok runs: 0
:::: FAILED :::: level: 3 :::: size: 792 / 797 :::: Compiler calls: 19223, compilation errors: 19080, runtime errors: 29, failed runs: 102, ok runs: 0
:::: FAILED :::: level: 3 :::: size: 792 / 797 :::: Compiler calls: 19228, compilation errors: 19085, runtime errors: 29, failed runs: 103, ok runs: 0
:::: FAILED :::: level: 3 :::: size: 792 / 797 :::: Compiler calls: 19253, compilation errors: 19111, runtime errors: 29, failed runs: 104, ok runs: 0
:::: FAILED :::: level: 3 :::: size: 791 / 797 :::: Compiler calls: 19348, compilation errors: 19202, runtime errors: 29, failed runs: 105, ok runs: 0
:::: FAILED :::: level: 3 :::: size: 791 / 797 :::: Compiler calls: 19352, compilation errors: 19206, runtime errors: 29, failed runs: 106, ok runs: 0
:::: FAILED :::: level: 3 :::: size: 791 / 797 :::: Compiler calls: 19358, compilation errors: 19210, runtime errors: 29, failed runs: 107, ok runs: 0
:::: FAILED :::: level: 3 :::: size: 791 / 797 :::: Compiler calls: 19372, compilation errors: 19224, runtime errors: 29, failed runs: 108, ok runs: 0
:::: FAILED :::: level: 3 :::: size: 790 / 797 :::: Compiler calls: 19407, compilation errors: 19261, runtime errors: 29, failed runs: 109, ok runs: 0
:::: FAILED :::: level: 3 :::: size: 789 / 797 :::: Compiler calls: 19496, compilation errors: 19346, runtime errors: 29, failed runs: 110, ok runs: 0
:::: FAILED :::: level: 3 :::: size: 790 / 797 :::: Compiler calls: 19509, compilation errors: 19356, runtime errors: 29, failed runs: 111, ok runs: 0
:::: FAILED :::: level: 3 :::: size: 788 / 797 :::: Compiler calls: 19612, compilation errors: 19461, runtime errors: 29, failed runs: 112, ok runs: 0
:::: FAILED :::: level: 3 :::: size: 788 / 797 :::: Compiler calls: 19613, compilation errors: 19462, runtime errors: 29, failed runs: 113, ok runs: 0
:::: FAILED :::: level: 3 :::: size: 788 / 797 :::: Compiler calls: 19635, compilation errors: 19485, runtime errors: 29, failed runs: 114, ok runs: 0
:::: FAILED :::: level: 3 :::: size: 787 / 797 :::: Compiler calls: 19750, compilation errors: 19592, runtime errors: 29, failed runs: 115, ok runs: 0
:::: FAILED :::: level: 3 :::: size: 787 / 797 :::: Compiler calls: 19783, compilation errors: 19627, runtime errors: 29, failed runs: 116, ok runs: 0
:::: FAILED :::: level: 3 :::: size: 786 / 797 :::: Compiler calls: 19907, compilation errors: 19751, runtime errors: 29, failed runs: 117, ok runs: 0
:::: FAILED :::: level: 3 :::: size: 786 / 797 :::: Compiler calls: 20017, compilation errors: 19856, runtime errors: 29, failed runs: 118, ok runs: 0
:::: FAILED :::: level: 3 :::: size: 785 / 797 :::: Compiler calls: 20037, compilation errors: 19876, runtime errors: 29, failed runs: 119, ok runs: 0
:::: FAILED :::: level: 3 :::: size: 785 / 797 :::: Compiler calls: 20039, compilation errors: 19879, runtime errors: 29, failed runs: 120, ok runs: 0
:::: FAILED :::: level: 3 :::: size: 785 / 797 :::: Compiler calls: 20052, compilation errors: 19890, runtime errors: 29, failed runs: 121, ok runs: 0
:::: FAILED :::: level: 3 :::: size: 785 / 797 :::: Compiler calls: 20055, compilation errors: 19893, runtime errors: 29, failed runs: 122, ok runs: 0
:::: FAILED :::: level: 3 :::: size: 785 / 797 :::: Compiler calls: 20059, compilation errors: 19896, runtime errors: 29, failed runs: 123, ok runs: 0
:::: FAILED :::: level: 3 :::: size: 784 / 797 :::: Compiler calls: 20183, compilation errors: 20021, runtime errors: 29, failed runs: 124, ok runs: 0
:::: FAILED :::: level: 3 :::: size: 784 / 797 :::: Compiler calls: 20194, compilation errors: 20030, runtime errors: 29, failed runs: 125, ok runs: 0
:::: FAILED :::: level: 3 :::: size: 784 / 797 :::: Compiler calls: 20222, compilation errors: 20057, runtime errors: 29, failed runs: 126, ok runs: 0
:::: FAILED :::: level: 3 :::: size: 783 / 797 :::: Compiler calls: 20382, compilation errors: 20213, runtime errors: 29, failed runs: 127, ok runs: 0
:::: FAILED :::: level: 3 :::: size: 782 / 797 :::: Compiler calls: 20424, compilation errors: 20254, runtime errors: 29, failed runs: 128, ok runs: 0
:::: FAILED :::: level: 3 :::: size: 782 / 797 :::: Compiler calls: 20513, compilation errors: 20343, runtime errors: 29, failed runs: 129, ok runs: 0
:::: FAILED :::: level: 3 :::: size: 782 / 797 :::: Compiler calls: 20516, compilation errors: 20346, runtime errors: 29, failed runs: 130, ok runs: 0
:::: FAILED :::: level: 3 :::: size: 781 / 797 :::: Compiler calls: 20619, compilation errors: 20444, runtime errors: 29, failed runs: 131, ok runs: 0
:::: FAILED :::: level: 3 :::: size: 781 / 797 :::: Compiler calls: 20640, compilation errors: 20465, runtime errors: 29, failed runs: 132, ok runs: 0
:::: FAILED :::: level: 3 :::: size: 781 / 797 :::: Compiler calls: 20641, compilation errors: 20469, runtime errors: 29, failed runs: 133, ok runs: 0
:::: FAILED :::: level: 3 :::: size: 781 / 797 :::: Compiler calls: 20646, compilation errors: 20474, runtime errors: 29, failed runs: 134, ok runs: 0
:::: FAILED :::: level: 3 :::: size: 781 / 797 :::: Compiler calls: 20661, compilation errors: 20486, runtime errors: 29, failed runs: 135, ok runs: 0
:::: FAILED :::: level: 3 :::: size: 780 / 797 :::: Compiler calls: 20727, compilation errors: 20549, runtime errors: 29, failed runs: 136, ok runs: 0
:::: FAILED :::: level: 3 :::: size: 780 / 797 :::: Compiler calls: 20727, compilation errors: 20549, runtime errors: 29, failed runs: 137, ok runs: 0
:::: FAILED :::: level: 3 :::: size: 780 / 797 :::: Compiler calls: 20727, compilation errors: 20549, runtime errors: 29, failed runs: 138, ok runs: 0
:::: FAILED :::: level: 3 :::: size: 780 / 797 :::: Compiler calls: 20736, compilation errors: 20557, runtime errors: 29, failed runs: 139, ok runs: 0
:::: FAILED :::: level: 3 :::: size: 780 / 797 :::: Compiler calls: 20764, compilation errors: 20585, runtime errors: 29, failed runs: 140, ok runs: 0
:::: FAILED :::: level: 3 :::: size: 779 / 797 :::: Compiler calls: 20845, compilation errors: 20663, runtime errors: 29, failed runs: 141, ok runs: 0
:::: FAILED :::: level: 3 :::: size: 779 / 797 :::: Compiler calls: 20847, compilation errors: 20666, runtime errors: 29, failed runs: 142, ok runs: 0
:::: FAILED :::: level: 3 :::: size: 779 / 797 :::: Compiler calls: 20864, compilation errors: 20683, runtime errors: 29, failed runs: 143, ok runs: 0
:::: FAILED :::: level: 3 :::: size: 779 / 797 :::: Compiler calls: 20883, compilation errors: 20702, runtime errors: 29, failed runs: 144, ok runs: 0
:::: FAILED :::: level: 3 :::: size: 779 / 797 :::: Compiler calls: 20889, compilation errors: 20703, runtime errors: 29, failed runs: 145, ok runs: 0
:::: FAILED :::: level: 3 :::: size: 778 / 797 :::: Compiler calls: 21001, compilation errors: 20814, runtime errors: 29, failed runs: 146, ok runs: 0
:::: FAILED :::: level: 3 :::: size: 778 / 797 :::: Compiler calls: 21002, compilation errors: 20816, runtime errors: 29, failed runs: 147, ok runs: 0
:::: FAILED :::: level: 3 :::: size: 776 / 797 :::: Compiler calls: 21184, compilation errors: 20995, runtime errors: 29, failed runs: 148, ok runs: 0
:::: FAILED :::: level: 3 :::: size: 775 / 797 :::: Compiler calls: 21322, compilation errors: 21132, runtime errors: 29, failed runs: 149, ok runs: 0
:::: FAILED :::: level: 3 :::: size: 775 / 797 :::: Compiler calls: 21326, compilation errors: 21137, runtime errors: 29, failed runs: 150, ok runs: 0
:::: FAILED :::: level: 3 :::: size: 775 / 797 :::: Compiler calls: 21339, compilation errors: 21147, runtime errors: 29, failed runs: 151, ok runs: 0
:::: FAILED :::: level: 3 :::: size: 774 / 797 :::: Compiler calls: 21504, compilation errors: 21308, runtime errors: 29, failed runs: 152, ok runs: 0
:::: FAILED :::: level: 3 :::: size: 774 / 797 :::: Compiler calls: 21505, compilation errors: 21313, runtime errors: 29, failed runs: 153, ok runs: 0
:::: FAILED :::: level: 3 :::: size: 774 / 797 :::: Compiler calls: 21510, compilation errors: 21313, runtime errors: 29, failed runs: 154, ok runs: 0
:::: FAILED :::: level: 3 :::: size: 774 / 797 :::: Compiler calls: 21516, compilation errors: 21323, runtime errors: 29, failed runs: 155, ok runs: 0
:::: FAILED :::: level: 3 :::: size: 774 / 797 :::: Compiler calls: 21524, compilation errors: 21327, runtime errors: 29, failed runs: 156, ok runs: 0
:::: FAILED :::: level: 3 :::: size: 774 / 797 :::: Compiler calls: 21530, compilation errors: 21330, runtime errors: 29, failed runs: 157, ok runs: 0
:::: FAILED :::: level: 3 :::: size: 773 / 797 :::: Compiler calls: 21620, compilation errors: 21420, runtime errors: 29, failed runs: 158, ok runs: 0
:::: FAILED :::: level: 3 :::: size: 773 / 797 :::: Compiler calls: 21632, compilation errors: 21429, runtime errors: 29, failed runs: 159, ok runs: 0
:::: FAILED :::: level: 3 :::: size: 773 / 797 :::: Compiler calls: 21634, compilation errors: 21433, runtime errors: 29, failed runs: 160, ok runs: 0
:::: FAILED :::: level: 3 :::: size: 773 / 797 :::: Compiler calls: 21639, compilation errors: 21440, runtime errors: 29, failed runs: 161, ok runs: 0
:::: FAILED :::: level: 3 :::: size: 773 / 797 :::: Compiler calls: 21649, compilation errors: 21447, runtime errors: 29, failed runs: 162, ok runs: 0
:::: FAILED :::: level: 3 :::: size: 772 / 797 :::: Compiler calls: 21734, compilation errors: 21528, runtime errors: 29, failed runs: 163, ok runs: 0
:::: FAILED :::: level: 3 :::: size: 772 / 797 :::: Compiler calls: 21760, compilation errors: 21556, runtime errors: 29, failed runs: 164, ok runs: 0
:::: FAILED :::: level: 3 :::: size: 772 / 797 :::: Compiler calls: 21767, compilation errors: 21561, runtime errors: 29, failed runs: 165, ok runs: 0
:::: FAILED :::: level: 3 :::: size: 771 / 797 :::: Compiler calls: 21906, compilation errors: 21698, runtime errors: 29, failed runs: 166, ok runs: 0
:::: FAILED :::: level: 3 :::: size: 771 / 797 :::: Compiler calls: 21921, compilation errors: 21713, runtime errors: 29, failed runs: 167, ok runs: 0
:::: FAILED :::: level: 3 :::: size: 770 / 797 :::: Compiler calls: 22096, compilation errors: 21886, runtime errors: 29, failed runs: 168, ok runs: 0
:::: FAILED :::: level: 3 :::: size: 770 / 797 :::: Compiler calls: 22096, compilation errors: 21886, runtime errors: 29, failed runs: 169, ok runs: 0
:::: FAILED :::: level: 3 :::: size: 770 / 797 :::: Compiler calls: 22111, compilation errors: 21901, runtime errors: 29, failed runs: 170, ok runs: 0
:::: FAILED :::: level: 3 :::: size: 770 / 797 :::: Compiler calls: 22114, compilation errors: 21904, runtime errors: 29, failed runs: 171, ok runs: 0
:::: FAILED :::: level: 3 :::: size: 769 / 797 :::: Compiler calls: 22228, compilation errors: 22015, runtime errors: 29, failed runs: 172, ok runs: 0
:::: FAILED :::: level: 3 :::: size: 769 / 797 :::: Compiler calls: 22247, compilation errors: 22031, runtime errors: 29, failed runs: 173, ok runs: 0
:::: FAILED :::: level: 3 :::: size: 769 / 797 :::: Compiler calls: 22252, compilation errors: 22039, runtime errors: 29, failed runs: 174, ok runs: 0
:::: FAILED :::: level: 3 :::: size: 768 / 797 :::: Compiler calls: 22380, compilation errors: 22163, runtime errors: 29, failed runs: 175, ok runs: 0
:::: FAILED :::: level: 3 :::: size: 768 / 797 :::: Compiler calls: 22381, compilation errors: 22163, runtime errors: 29, failed runs: 176, ok runs: 0
:::: FAILED :::: level: 3 :::: size: 768 / 797 :::: Compiler calls: 22383, compilation errors: 22164, runtime errors: 29, failed runs: 177, ok runs: 0
:::: FAILED :::: level: 3 :::: size: 768 / 797 :::: Compiler calls: 22405, compilation errors: 22187, runtime errors: 29, failed runs: 178, ok runs: 0
:::: FAILED :::: level: 3 :::: size: 767 / 797 :::: Compiler calls: 22533, compilation errors: 22312, runtime errors: 29, failed runs: 179, ok runs: 0
:::: FAILED :::: level: 3 :::: size: 767 / 797 :::: Compiler calls: 22535, compilation errors: 22314, runtime errors: 29, failed runs: 180, ok runs: 0
:::: FAILED :::: level: 3 :::: size: 767 / 797 :::: Compiler calls: 22575, compilation errors: 22356, runtime errors: 29, failed runs: 181, ok runs: 0
:::: FAILED :::: level: 3 :::: size: 766 / 797 :::: Compiler calls: 22660, compilation errors: 22436, runtime errors: 29, failed runs: 182, ok runs: 0
:::: FAILED :::: level: 3 :::: size: 766 / 797 :::: Compiler calls: 22673, compilation errors: 22451, runtime errors: 29, failed runs: 183, ok runs: 0
:::: FAILED :::: level: 3 :::: size: 765 / 797 :::: Compiler calls: 22796, compilation errors: 22571, runtime errors: 29, failed runs: 184, ok runs: 0
:::: FAILED :::: level: 3 :::: size: 765 / 797 :::: Compiler calls: 22798, compilation errors: 22574, runtime errors: 29, failed runs: 185, ok runs: 0
:::: FAILED :::: level: 3 :::: size: 765 / 797 :::: Compiler calls: 22809, compilation errors: 22584, runtime errors: 29, failed runs: 186, ok runs: 0
:::: FAILED :::: level: 3 :::: size: 765 / 797 :::: Compiler calls: 22811, compilation errors: 22585, runtime errors: 29, failed runs: 187, ok runs: 0
:::: FAILED :::: level: 3 :::: size: 764 / 797 :::: Compiler calls: 22964, compilation errors: 22734, runtime errors: 29, failed runs: 188, ok runs: 0
:::: FAILED :::: level: 3 :::: size: 764 / 797 :::: Compiler calls: 22967, compilation errors: 22738, runtime errors: 29, failed runs: 189, ok runs: 0
:::: FAILED :::: level: 3 :::: size: 764 / 797 :::: Compiler calls: 22974, compilation errors: 22744, runtime errors: 29, failed runs: 190, ok runs: 0
:::: FAILED :::: level: 3 :::: size: 764 / 797 :::: Compiler calls: 22982, compilation errors: 22750, runtime errors: 29, failed runs: 191, ok runs: 0
:::: FAILED :::: level: 3 :::: size: 764 / 797 :::: Compiler calls: 22985, compilation errors: 22754, runtime errors: 29, failed runs: 192, ok runs: 0
:::: FAILED :::: level: 3 :::: size: 763 / 797 :::: Compiler calls: 23142, compilation errors: 22911, runtime errors: 29, failed runs: 193, ok runs: 0
:::: FAILED :::: level: 3 :::: size: 763 / 797 :::: Compiler calls: 23144, compilation errors: 22911, runtime errors: 29, failed runs: 194, ok runs: 0
:::: FAILED :::: level: 3 :::: size: 763 / 797 :::: Compiler calls: 23154, compilation errors: 22917, runtime errors: 29, failed runs: 195, ok runs: 0
:::: FAILED :::: level: 3 :::: size: 762 / 797 :::: Compiler calls: 23320, compilation errors: 23083, runtime errors: 29, failed runs: 196, ok runs: 0
:::: FAILED :::: level: 3 :::: size: 762 / 797 :::: Compiler calls: 23338, compilation errors: 23101, runtime errors: 29, failed runs: 197, ok runs: 0
:::: FAILED :::: level: 3 :::: size: 762 / 797 :::: Compiler calls: 23367, compilation errors: 23131, runtime errors: 29, failed runs: 198, ok runs: 0
:::: FAILED :::: level: 3 :::: size: 761 / 797 :::: Compiler calls: 23503, compilation errors: 23263, runtime errors: 29, failed runs: 199, ok runs: 0
:::: FAILED :::: level: 3 :::: size: 761 / 797 :::: Compiler calls: 23515, compilation errors: 23273, runtime errors: 29, failed runs: 200, ok runs: 0
:::: FAILED :::: level: 3 :::: size: 761 / 797 :::: Compiler calls: 23530, compilation errors: 23294, runtime errors: 29, failed runs: 201, ok runs: 0
:::: FAILED :::: level: 3 :::: size: 760 / 797 :::: Compiler calls: 23659, compilation errors: 23416, runtime errors: 29, failed runs: 202, ok runs: 0
:::: FAILED :::: level: 3 :::: size: 760 / 797 :::: Compiler calls: 23731, compilation errors: 23489, runtime errors: 29, failed runs: 203, ok runs: 0
:::: FAILED :::: level: 3 :::: size: 759 / 797 :::: Compiler calls: 23880, compilation errors: 23635, runtime errors: 29, failed runs: 204, ok runs: 0
:::: FAILED :::: level: 3 :::: size: 759 / 797 :::: Compiler calls: 23882, compilation errors: 23636, runtime errors: 29, failed runs: 205, ok runs: 0
:::: FAILED :::: level: 3 :::: size: 759 / 797 :::: Compiler calls: 23888, compilation errors: 23639, runtime errors: 29, failed runs: 206, ok runs: 0
:::: FAILED :::: level: 3 :::: size: 759 / 797 :::: Compiler calls: 23890, compilation errors: 23641, runtime errors: 29, failed runs: 207, ok runs: 0
:::: FAILED :::: level: 3 :::: size: 759 / 797 :::: Compiler calls: 23891, compilation errors: 23642, runtime errors: 29, failed runs: 208, ok runs: 0
:::: FAILED :::: level: 3 :::: size: 759 / 797 :::: Compiler calls: 23906, compilation errors: 23657, runtime errors: 29, failed runs: 209, ok runs: 0
:::: FAILED :::: level: 3 :::: size: 759 / 797 :::: Compiler calls: 23948, compilation errors: 23697, runtime errors: 29, failed runs: 210, ok runs: 0
:::: FAILED :::: level: 3 :::: size: 758 / 797 :::: Compiler calls: 24027, compilation errors: 23778, runtime errors: 29, failed runs: 211, ok runs: 0
:::: FAILED :::: level: 3 :::: size: 758 / 797 :::: Compiler calls: 24050, compilation errors: 23798, runtime errors: 29, failed runs: 212, ok runs: 0
:::: FAILED :::: level: 3 :::: size: 757 / 797 :::: Compiler calls: 24135, compilation errors: 23880, runtime errors: 29, failed runs: 213, ok runs: 0
:::: FAILED :::: level: 3 :::: size: 757 / 797 :::: Compiler calls: 24177, compilation errors: 23923, runtime errors: 29, failed runs: 214, ok runs: 0
:::: FAILED :::: level: 3 :::: size: 757 / 797 :::: Compiler calls: 24201, compilation errors: 23946, runtime errors: 29, failed runs: 215, ok runs: 0
:::: FAILED :::: level: 3 :::: size: 757 / 797 :::: Compiler calls: 24220, compilation errors: 23962, runtime errors: 29, failed runs: 216, ok runs: 0
:::: FAILED :::: level: 3 :::: size: 756 / 797 :::: Compiler calls: 24356, compilation errors: 24100, runtime errors: 29, failed runs: 217, ok runs: 0
:::: FAILED :::: level: 3 :::: size: 756 / 797 :::: Compiler calls: 24377, compilation errors: 24118, runtime errors: 29, failed runs: 218, ok runs: 0
:::: FAILED :::: level: 3 :::: size: 755 / 797 :::: Compiler calls: 24539, compilation errors: 24280, runtime errors: 29, failed runs: 219, ok runs: 0
:::: FAILED :::: level: 3 :::: size: 754 / 797 :::: Compiler calls: 24552, compilation errors: 24290, runtime errors: 29, failed runs: 220, ok runs: 0
:::: FAILED :::: level: 3 :::: size: 755 / 797 :::: Compiler calls: 24569, compilation errors: 24309, runtime errors: 29, failed runs: 221, ok runs: 0
:::: FAILED :::: level: 3 :::: size: 754 / 797 :::: Compiler calls: 24730, compilation errors: 24465, runtime errors: 29, failed runs: 222, ok runs: 0
:::: FAILED :::: level: 3 :::: size: 753 / 797 :::: Compiler calls: 24741, compilation errors: 24478, runtime errors: 29, failed runs: 223, ok runs: 0
:::: FAILED :::: level: 3 :::: size: 754 / 797 :::: Compiler calls: 24746, compilation errors: 24480, runtime errors: 29, failed runs: 224, ok runs: 0
:::: FAILED :::: level: 3 :::: size: 754 / 797 :::: Compiler calls: 24770, compilation errors: 24506, runtime errors: 29, failed runs: 225, ok runs: 0
:::: FAILED :::: level: 3 :::: size: 753 / 797 :::: Compiler calls: 24937, compilation errors: 24668, runtime errors: 29, failed runs: 226, ok runs: 0
:::: FAILED :::: level: 3 :::: size: 753 / 797 :::: Compiler calls: 24944, compilation errors: 24676, runtime errors: 29, failed runs: 227, ok runs: 0
:::: FAILED :::: level: 3 :::: size: 753 / 797 :::: Compiler calls: 24946, compilation errors: 24678, runtime errors: 29, failed runs: 228, ok runs: 0
:::: FAILED :::: level: 3 :::: size: 752 / 797 :::: Compiler calls: 24946, compilation errors: 24678, runtime errors: 29, failed runs: 229, ok runs: 0
:::: FAILED :::: level: 3 :::: size: 753 / 797 :::: Compiler calls: 24958, compilation errors: 24687, runtime errors: 29, failed runs: 230, ok runs: 0
:::: FAILED :::: level: 3 :::: size: 753 / 797 :::: Compiler calls: 24979, compilation errors: 24711, runtime errors: 29, failed runs: 231, ok runs: 0
:::: FAILED :::: level: 3 :::: size: 752 / 797 :::: Compiler calls: 25130, compilation errors: 24857, runtime errors: 29, failed runs: 232, ok runs: 0
:::: FAILED :::: level: 3 :::: size: 752 / 797 :::: Compiler calls: 25132, compilation errors: 24859, runtime errors: 29, failed runs: 233, ok runs: 0
:::: FAILED :::: level: 3 :::: size: 752 / 797 :::: Compiler calls: 25145, compilation errors: 24870, runtime errors: 29, failed runs: 234, ok runs: 0
:::: FAILED :::: level: 3 :::: size: 752 / 797 :::: Compiler calls: 25147, compilation errors: 24873, runtime errors: 29, failed runs: 236, ok runs: 0
:::: FAILED :::: level: 3 :::: size: 752 / 797 :::: Compiler calls: 25146, compilation errors: 24870, runtime errors: 29, failed runs: 235, ok runs: 0
:::: FAILED :::: level: 3 :::: size: 752 / 797 :::: Compiler calls: 25153, compilation errors: 24874, runtime errors: 29, failed runs: 237, ok runs: 0
:::: FAILED :::: level: 3 :::: size: 752 / 797 :::: Compiler calls: 25209, compilation errors: 24930, runtime errors: 29, failed runs: 238, ok runs: 0
:::: FAILED :::: level: 3 :::: size: 751 / 797 :::: Compiler calls: 25300, compilation errors: 25020, runtime errors: 29, failed runs: 239, ok runs: 0
:::: FAILED :::: level: 3 :::: size: 751 / 797 :::: Compiler calls: 25312, compilation errors: 25035, runtime errors: 29, failed runs: 240, ok runs: 0
:::: FAILED :::: level: 3 :::: size: 750 / 797 :::: Compiler calls: 25495, compilation errors: 25211, runtime errors: 29, failed runs: 241, ok runs: 0
:::: FAILED :::: level: 3 :::: size: 750 / 797 :::: Compiler calls: 25506, compilation errors: 25227, runtime errors: 29, failed runs: 242, ok runs: 0
:::: FAILED :::: level: 3 :::: size: 749 / 797 :::: Compiler calls: 25681, compilation errors: 25399, runtime errors: 29, failed runs: 243, ok runs: 0
:::: FAILED :::: level: 3 :::: size: 749 / 797 :::: Compiler calls: 25692, compilation errors: 25405, runtime errors: 29, failed runs: 244, ok runs: 0
:::: FAILED :::: level: 3 :::: size: 748 / 797 :::: Compiler calls: 25884, compilation errors: 25597, runtime errors: 29, failed runs: 245, ok runs: 0
:::: FAILED :::: level: 3 :::: size: 748 / 797 :::: Compiler calls: 25890, compilation errors: 25603, runtime errors: 29, failed runs: 246, ok runs: 0
:::: FAILED :::: level: 3 :::: size: 748 / 797 :::: Compiler calls: 25892, compilation errors: 25606, runtime errors: 29, failed runs: 247, ok runs: 0
:::: FAILED :::: level: 3 :::: size: 748 / 797 :::: Compiler calls: 25900, compilation errors: 25609, runtime errors: 29, failed runs: 248, ok runs: 0
:::: FAILED :::: level: 3 :::: size: 748 / 797 :::: Compiler calls: 25917, compilation errors: 25627, runtime errors: 29, failed runs: 249, ok runs: 0
:::: FAILED :::: level: 3 :::: size: 747 / 797 :::: Compiler calls: 26105, compilation errors: 25811, runtime errors: 29, failed runs: 250, ok runs: 0
:::: FAILED :::: level: 3 :::: size: 747 / 797 :::: Compiler calls: 26110, compilation errors: 25816, runtime errors: 29, failed runs: 251, ok runs: 0
:::: FAILED :::: level: 3 :::: size: 747 / 797 :::: Compiler calls: 26113, compilation errors: 25818, runtime errors: 29, failed runs: 252, ok runs: 0
:::: FAILED :::: level: 3 :::: size: 747 / 797 :::: Compiler calls: 26129, compilation errors: 25837, runtime errors: 29, failed runs: 253, ok runs: 0
:::: FAILED :::: level: 3 :::: size: 747 / 797 :::: Compiler calls: 26151, compilation errors: 25858, runtime errors: 29, failed runs: 254, ok runs: 0
:::: FAILED :::: level: 3 :::: size: 746 / 797 :::: Compiler calls: 26293, compilation errors: 25998, runtime errors: 29, failed runs: 255, ok runs: 0
:::: FAILED :::: level: 3 :::: size: 746 / 797 :::: Compiler calls: 26303, compilation errors: 26004, runtime errors: 29, failed runs: 256, ok runs: 0
:::: FAILED :::: level: 3 :::: size: 746 / 797 :::: Compiler calls: 26325, compilation errors: 26025, runtime errors: 29, failed runs: 257, ok runs: 0
:::: FAILED :::: level: 3 :::: size: 746 / 797 :::: Compiler calls: 26338, compilation errors: 26042, runtime errors: 29, failed runs: 258, ok runs: 0
:::: FAILED :::: level: 3 :::: size: 745 / 797 :::: Compiler calls: 26464, compilation errors: 26166, runtime errors: 29, failed runs: 259, ok runs: 0
:::: FAILED :::: level: 3 :::: size: 745 / 797 :::: Compiler calls: 26475, compilation errors: 26174, runtime errors: 29, failed runs: 260, ok runs: 0
:::: FAILED :::: level: 3 :::: size: 744 / 797 :::: Compiler calls: 26648, compilation errors: 26347, runtime errors: 29, failed runs: 261, ok runs: 0
:::: FAILED :::: level: 3 :::: size: 744 / 797 :::: Compiler calls: 26654, compilation errors: 26352, runtime errors: 29, failed runs: 262, ok runs: 0
:::: FAILED :::: level: 3 :::: size: 744 / 797 :::: Compiler calls: 26675, compilation errors: 26376, runtime errors: 29, failed runs: 263, ok runs: 0
:::: FAILED :::: level: 3 :::: size: 743 / 797 :::: Compiler calls: 26842, compilation errors: 26538, runtime errors: 29, failed runs: 264, ok runs: 0
:::: FAILED :::: level: 3 :::: size: 743 / 797 :::: Compiler calls: 26848, compilation errors: 26543, runtime errors: 29, failed runs: 265, ok runs: 0
:::: FAILED :::: level: 3 :::: size: 743 / 797 :::: Compiler calls: 26858, compilation errors: 26550, runtime errors: 29, failed runs: 266, ok runs: 0
:::: FAILED :::: level: 3 :::: size: 742 / 797 :::: Compiler calls: 27051, compilation errors: 26743, runtime errors: 29, failed runs: 267, ok runs: 0
:::: FAILED :::: level: 3 :::: size: 742 / 797 :::: Compiler calls: 27056, compilation errors: 26745, runtime errors: 29, failed runs: 268, ok runs: 0
:::: FAILED :::: level: 3 :::: size: 741 / 797 :::: Compiler calls: 27056, compilation errors: 26748, runtime errors: 29, failed runs: 269, ok runs: 0
:::: FAILED :::: level: 3 :::: size: 742 / 797 :::: Compiler calls: 27077, compilation errors: 26769, runtime errors: 29, failed runs: 270, ok runs: 0
:::: FAILED :::: level: 3 :::: size: 742 / 797 :::: Compiler calls: 27104, compilation errors: 26795, runtime errors: 29, failed runs: 271, ok runs: 0
:::: FAILED :::: level: 3 :::: size: 741 / 797 :::: Compiler calls: 27233, compilation errors: 26922, runtime errors: 29, failed runs: 272, ok runs: 0
:::: FAILED :::: level: 3 :::: size: 740 / 797 :::: Compiler calls: 27435, compilation errors: 27120, runtime errors: 29, failed runs: 273, ok runs: 0
:::: FAILED :::: level: 3 :::: size: 739 / 797 :::: Compiler calls: 27648, compilation errors: 27330, runtime errors: 29, failed runs: 274, ok runs: 0
:::: FAILED :::: level: 3 :::: size: 739 / 797 :::: Compiler calls: 27649, compilation errors: 27332, runtime errors: 29, failed runs: 275, ok runs: 0
:::: FAILED :::: level: 3 :::: size: 739 / 797 :::: Compiler calls: 27657, compilation errors: 27340, runtime errors: 29, failed runs: 276, ok runs: 0
:::: FAILED :::: level: 3 :::: size: 738 / 797 :::: Compiler calls: 27662, compilation errors: 27345, runtime errors: 29, failed runs: 277, ok runs: 0
:::: FAILED :::: level: 3 :::: size: 738 / 797 :::: Compiler calls: 27838, compilation errors: 27521, runtime errors: 29, failed runs: 278, ok runs: 0
:::: FAILED :::: level: 3 :::: size: 736 / 797 :::: Compiler calls: 28049, compilation errors: 27727, runtime errors: 29, failed runs: 279, ok runs: 0
:::: FAILED :::: level: 3 :::: size: 737 / 797 :::: Compiler calls: 28050, compilation errors: 27727, runtime errors: 29, failed runs: 280, ok runs: 0
:::: FAILED :::: level: 3 :::: size: 737 / 797 :::: Compiler calls: 28056, compilation errors: 27733, runtime errors: 29, failed runs: 281, ok runs: 0
:::: FAILED :::: level: 3 :::: size: 737 / 797 :::: Compiler calls: 28061, compilation errors: 27740, runtime errors: 29, failed runs: 282, ok runs: 0
:::: FAILED :::: level: 3 :::: size: 735 / 797 :::: Compiler calls: 28262, compilation errors: 27937, runtime errors: 29, failed runs: 283, ok runs: 0
:::: FAILED :::: level: 3 :::: size: 735 / 797 :::: Compiler calls: 28270, compilation errors: 27946, runtime errors: 29, failed runs: 284, ok runs: 0
:::: FAILED :::: level: 3 :::: size: 735 / 797 :::: Compiler calls: 28286, compilation errors: 27967, runtime errors: 29, failed runs: 285, ok runs: 0
:::: FAILED :::: level: 3 :::: size: 734 / 797 :::: Compiler calls: 28479, compilation errors: 28151, runtime errors: 29, failed runs: 286, ok runs: 0
:::: FAILED :::: level: 3 :::: size: 734 / 797 :::: Compiler calls: 28487, compilation errors: 28158, runtime errors: 29, failed runs: 287, ok runs: 0
:::: FAILED :::: level: 3 :::: size: 734 / 797 :::: Compiler calls: 28518, compilation errors: 28188, runtime errors: 29, failed runs: 288, ok runs: 0
:::: FAILED :::: level: 3 :::: size: 733 / 797 :::: Compiler calls: 28700, compilation errors: 28370, runtime errors: 29, failed runs: 289, ok runs: 0
:::: FAILED :::: level: 3 :::: size: 733 / 797 :::: Compiler calls: 28703, compilation errors: 28373, runtime errors: 29, failed runs: 290, ok runs: 0
:::: FAILED :::: level: 3 :::: size: 733 / 797 :::: Compiler calls: 28707, compilation errors: 28376, runtime errors: 29, failed runs: 291, ok runs: 0
:::: FAILED :::: level: 3 :::: size: 733 / 797 :::: Compiler calls: 28711, compilation errors: 28379, runtime errors: 29, failed runs: 292, ok runs: 0
:::: FAILED :::: level: 3 :::: size: 733 / 797 :::: Compiler calls: 28711, compilation errors: 28381, runtime errors: 29, failed runs: 293, ok runs: 0
:::: FAILED :::: level: 3 :::: size: 733 / 797 :::: Compiler calls: 28725, compilation errors: 28391, runtime errors: 29, failed runs: 294, ok runs: 0
:::: FAILED :::: level: 3 :::: size: 733 / 797 :::: Compiler calls: 28781, compilation errors: 28444, runtime errors: 29, failed runs: 295, ok runs: 0
:::: FAILED :::: level: 3 :::: size: 732 / 797 :::: Compiler calls: 28914, compilation errors: 28577, runtime errors: 29, failed runs: 296, ok runs: 0
:::: FAILED :::: level: 3 :::: size: 732 / 797 :::: Compiler calls: 28919, compilation errors: 28580, runtime errors: 29, failed runs: 297, ok runs: 0
:::: FAILED :::: level: 3 :::: size: 732 / 797 :::: Compiler calls: 28936, compilation errors: 28598, runtime errors: 29, failed runs: 298, ok runs: 0
:::: FAILED :::: level: 3 :::: size: 731 / 797 :::: Compiler calls: 29127, compilation errors: 28789, runtime errors: 29, failed runs: 299, ok runs: 0
:::: FAILED :::: level: 3 :::: size: 731 / 797 :::: Compiler calls: 29228, compilation errors: 28886, runtime errors: 29, failed runs: 300, ok runs: 0
:::: FAILED :::: level: 3 :::: size: 729 / 797 :::: Compiler calls: 29355, compilation errors: 29012, runtime errors: 29, failed runs: 301, ok runs: 0
:::: FAILED :::: level: 3 :::: size: 730 / 797 :::: Compiler calls: 29362, compilation errors: 29017, runtime errors: 29, failed runs: 302, ok runs: 0
:::: FAILED :::: level: 3 :::: size: 730 / 797 :::: Compiler calls: 29373, compilation errors: 29029, runtime errors: 29, failed runs: 303, ok runs: 0
:::: FAILED :::: level: 3 :::: size: 730 / 797 :::: Compiler calls: 29386, compilation errors: 29042, runtime errors: 29, failed runs: 304, ok runs: 0
:::: FAILED :::: level: 3 :::: size: 728 / 797 :::: Compiler calls: 29586, compilation errors: 29240, runtime errors: 29, failed runs: 305, ok runs: 0
:::: FAILED :::: level: 3 :::: size: 728 / 797 :::: Compiler calls: 29592, compilation errors: 29245, runtime errors: 29, failed runs: 306, ok runs: 0
:::: FAILED :::: level: 3 :::: size: 728 / 797 :::: Compiler calls: 29635, compilation errors: 29286, runtime errors: 29, failed runs: 307, ok runs: 0
:::: FAILED :::: level: 3 :::: size: 727 / 797 :::: Compiler calls: 29798, compilation errors: 29448, runtime errors: 29, failed runs: 308, ok runs: 0
:::: FAILED :::: level: 3 :::: size: 727 / 797 :::: Compiler calls: 29812, compilation errors: 29464, runtime errors: 29, failed runs: 309, ok runs: 0
:::: FAILED :::: level: 3 :::: size: 727 / 797 :::: Compiler calls: 29822, compilation errors: 29471, runtime errors: 29, failed runs: 310, ok runs: 0
:::: FAILED :::: level: 3 :::: size: 726 / 797 :::: Compiler calls: 30013, compilation errors: 29664, runtime errors: 29, failed runs: 311, ok runs: 0
:::: FAILED :::: level: 3 :::: size: 726 / 797 :::: Compiler calls: 30033, compilation errors: 29682, runtime errors: 29, failed runs: 312, ok runs: 0
:::: FAILED :::: level: 3 :::: size: 726 / 797 :::: Compiler calls: 30043, compilation errors: 29693, runtime errors: 29, failed runs: 313, ok runs: 0
:::: FAILED :::: level: 3 :::: size: 726 / 797 :::: Compiler calls: 30087, compilation errors: 29735, runtime errors: 29, failed runs: 314, ok runs: 0
:::: FAILED :::: level: 3 :::: size: 725 / 797 :::: Compiler calls: 30248, compilation errors: 29892, runtime errors: 29, failed runs: 315, ok runs: 0
:::: FAILED :::: level: 3 :::: size: 725 / 797 :::: Compiler calls: 30249, compilation errors: 29893, runtime errors: 29, failed runs: 316, ok runs: 0
:::: FAILED :::: level: 3 :::: size: 725 / 797 :::: Compiler calls: 30259, compilation errors: 29901, runtime errors: 29, failed runs: 317, ok runs: 0
:::: FAILED :::: level: 3 :::: size: 725 / 797 :::: Compiler calls: 30278, compilation errors: 29923, runtime errors: 29, failed runs: 318, ok runs: 0
:::: FAILED :::: level: 3 :::: size: 724 / 797 :::: Compiler calls: 30450, compilation errors: 30093, runtime errors: 29, failed runs: 319, ok runs: 0
:::: FAILED :::: level: 3 :::: size: 724 / 797 :::: Compiler calls: 30533, compilation errors: 30173, runtime errors: 29, failed runs: 320, ok runs: 0
:::: FAILED :::: level: 3 :::: size: 723 / 797 :::: Compiler calls: 30686, compilation errors: 30324, runtime errors: 29, failed runs: 321, ok runs: 0
:::: FAILED :::: level: 3 :::: size: 723 / 797 :::: Compiler calls: 30695, compilation errors: 30332, runtime errors: 29, failed runs: 322, ok runs: 0
:::: FAILED :::: level: 3 :::: size: 723 / 797 :::: Compiler calls: 30699, compilation errors: 30336, runtime errors: 29, failed runs: 323, ok runs: 0
:::: FAILED :::: level: 3 :::: size: 723 / 797 :::: Compiler calls: 30711, compilation errors: 30349, runtime errors: 29, failed runs: 324, ok runs: 0
:::: FAILED :::: level: 3 :::: size: 723 / 797 :::: Compiler calls: 30722, compilation errors: 30359, runtime errors: 29, failed runs: 325, ok runs: 0
:::: FAILED :::: level: 3 :::: size: 723 / 797 :::: Compiler calls: 30780, compilation errors: 30414, runtime errors: 29, failed runs: 326, ok runs: 0
:::: FAILED :::: level: 3 :::: size: 722 / 797 :::: Compiler calls: 30930, compilation errors: 30562, runtime errors: 29, failed runs: 327, ok runs: 0
:::: FAILED :::: level: 3 :::: size: 722 / 797 :::: Compiler calls: 30931, compilation errors: 30562, runtime errors: 29, failed runs: 328, ok runs: 0
:::: FAILED :::: level: 3 :::: size: 721 / 797 :::: Compiler calls: 30947, compilation errors: 30579, runtime errors: 29, failed runs: 329, ok runs: 0
:::: FAILED :::: level: 3 :::: size: 722 / 797 :::: Compiler calls: 30948, compilation errors: 30580, runtime errors: 29, failed runs: 330, ok runs: 0
:::: FAILED :::: level: 3 :::: size: 722 / 797 :::: Compiler calls: 30962, compilation errors: 30590, runtime errors: 29, failed runs: 331, ok runs: 0
:::: FAILED :::: level: 3 :::: size: 721 / 797 :::: Compiler calls: 31167, compilation errors: 30792, runtime errors: 29, failed runs: 332, ok runs: 0
:::: FAILED :::: level: 3 :::: size: 721 / 797 :::: Compiler calls: 31168, compilation errors: 30793, runtime errors: 29, failed runs: 333, ok runs: 0
:::: FAILED :::: level: 3 :::: size: 721 / 797 :::: Compiler calls: 31171, compilation errors: 30797, runtime errors: 29, failed runs: 334, ok runs: 0
:::: FAILED :::: level: 3 :::: size: 721 / 797 :::: Compiler calls: 31185, compilation errors: 30812, runtime errors: 29, failed runs: 335, ok runs: 0
:::: FAILED :::: level: 3 :::: size: 721 / 797 :::: Compiler calls: 31189, compilation errors: 30814, runtime errors: 29, failed runs: 336, ok runs: 0
:::: FAILED :::: level: 3 :::: size: 720 / 797 :::: Compiler calls: 31404, compilation errors: 31026, runtime errors: 29, failed runs: 337, ok runs: 0
:::: FAILED :::: level: 3 :::: size: 720 / 797 :::: Compiler calls: 31405, compilation errors: 31029, runtime errors: 29, failed runs: 338, ok runs: 0
:::: FAILED :::: level: 3 :::: size: 720 / 797 :::: Compiler calls: 31423, compilation errors: 31043, runtime errors: 29, failed runs: 339, ok runs: 0
:::: FAILED :::: level: 3 :::: size: 719 / 797 :::: Compiler calls: 31658, compilation errors: 31277, runtime errors: 29, failed runs: 340, ok runs: 0
:::: FAILED :::: level: 3 :::: size: 719 / 797 :::: Compiler calls: 31661, compilation errors: 31277, runtime errors: 29, failed runs: 341, ok runs: 0
:::: FAILED :::: level: 3 :::: size: 719 / 797 :::: Compiler calls: 31665, compilation errors: 31280, runtime errors: 29, failed runs: 342, ok runs: 0
:::: FAILED :::: level: 3 :::: size: 719 / 797 :::: Compiler calls: 31681, compilation errors: 31299, runtime errors: 29, failed runs: 343, ok runs: 0
:::: FAILED :::: level: 3 :::: size: 719 / 797 :::: Compiler calls: 31750, compilation errors: 31366, runtime errors: 29, failed runs: 344, ok runs: 0
:::: FAILED :::: level: 3 :::: size: 718 / 797 :::: Compiler calls: 31892, compilation errors: 31507, runtime errors: 29, failed runs: 345, ok runs: 0
:::: FAILED :::: level: 3 :::: size: 718 / 797 :::: Compiler calls: 31896, compilation errors: 31509, runtime errors: 29, failed runs: 346, ok runs: 0
:::: FAILED :::: level: 3 :::: size: 718 / 797 :::: Compiler calls: 31913, compilation errors: 31527, runtime errors: 29, failed runs: 347, ok runs: 0
:::: FAILED :::: level: 3 :::: size: 717 / 797 :::: Compiler calls: 32137, compilation errors: 31745, runtime errors: 29, failed runs: 348, ok runs: 0
:::: FAILED :::: level: 3 :::: size: 717 / 797 :::: Compiler calls: 32137, compilation errors: 31746, runtime errors: 29, failed runs: 349, ok runs: 0
:::: FAILED :::: level: 3 :::: size: 717 / 797 :::: Compiler calls: 32147, compilation errors: 31757, runtime errors: 29, failed runs: 350, ok runs: 0
:::: FAILED :::: level: 3 :::: size: 717 / 797 :::: Compiler calls: 32163, compilation errors: 31775, runtime errors: 29, failed runs: 351, ok runs: 0
:::: FAILED :::: level: 3 :::: size: 716 / 797 :::: Compiler calls: 32381, compilation errors: 31987, runtime errors: 29, failed runs: 352, ok runs: 0
:::: FAILED :::: level: 3 :::: size: 716 / 797 :::: Compiler calls: 32385, compilation errors: 31991, runtime errors: 29, failed runs: 353, ok runs: 0
:::: FAILED :::: level: 3 :::: size: 716 / 797 :::: Compiler calls: 32397, compilation errors: 32001, runtime errors: 29, failed runs: 354, ok runs: 0
:::: FAILED :::: level: 3 :::: size: 715 / 797 :::: Compiler calls: 32630, compilation errors: 32232, runtime errors: 29, failed runs: 355, ok runs: 0
:::: FAILED :::: level: 3 :::: size: 714 / 797 :::: Compiler calls: 32632, compilation errors: 32234, runtime errors: 29, failed runs: 356, ok runs: 0
:::: FAILED :::: level: 3 :::: size: 715 / 797 :::: Compiler calls: 32638, compilation errors: 32240, runtime errors: 29, failed runs: 357, ok runs: 0
:::: FAILED :::: level: 3 :::: size: 715 / 797 :::: Compiler calls: 32642, compilation errors: 32243, runtime errors: 29, failed runs: 358, ok runs: 0
:::: FAILED :::: level: 3 :::: size: 714 / 797 :::: Compiler calls: 32866, compilation errors: 32465, runtime errors: 29, failed runs: 359, ok runs: 0
:::: FAILED :::: level: 3 :::: size: 714 / 797 :::: Compiler calls: 32878, compilation errors: 32476, runtime errors: 29, failed runs: 360, ok runs: 0
:::: FAILED :::: level: 3 :::: size: 714 / 797 :::: Compiler calls: 32878, compilation errors: 32478, runtime errors: 29, failed runs: 361, ok runs: 0
:::: FAILED :::: level: 3 :::: size: 714 / 797 :::: Compiler calls: 32894, compilation errors: 32491, runtime errors: 29, failed runs: 362, ok runs: 0
:::: FAILED :::: level: 3 :::: size: 713 / 797 :::: Compiler calls: 33117, compilation errors: 32713, runtime errors: 29, failed runs: 363, ok runs: 0
:::: FAILED :::: level: 3 :::: size: 713 / 797 :::: Compiler calls: 33122, compilation errors: 32715, runtime errors: 29, failed runs: 364, ok runs: 0
:::: FAILED :::: level: 3 :::: size: 713 / 797 :::: Compiler calls: 33125, compilation errors: 32719, runtime errors: 29, failed runs: 365, ok runs: 0
:::: FAILED :::: level: 3 :::: size: 713 / 797 :::: Compiler calls: 33135, compilation errors: 32729, runtime errors: 29, failed runs: 366, ok runs: 0
:::: FAILED :::: level: 3 :::: size: 712 / 797 :::: Compiler calls: 33150, compilation errors: 32743, runtime errors: 29, failed runs: 367, ok runs: 0
:::: FAILED :::: level: 3 :::: size: 713 / 797 :::: Compiler calls: 33154, compilation errors: 32749, runtime errors: 29, failed runs: 368, ok runs: 0
:::: FAILED :::: level: 3 :::: size: 712 / 797 :::: Compiler calls: 33375, compilation errors: 32964, runtime errors: 29, failed runs: 369, ok runs: 0
:::: FAILED :::: level: 3 :::: size: 712 / 797 :::: Compiler calls: 33377, compilation errors: 32966, runtime errors: 29, failed runs: 370, ok runs: 0
:::: FAILED :::: level: 3 :::: size: 711 / 797 :::: Compiler calls: 33381, compilation errors: 32971, runtime errors: 29, failed runs: 371, ok runs: 0
:::: FAILED :::: level: 3 :::: size: 712 / 797 :::: Compiler calls: 33381, compilation errors: 32971, runtime errors: 29, failed runs: 372, ok runs: 0
:::: FAILED :::: level: 3 :::: size: 712 / 797 :::: Compiler calls: 33430, compilation errors: 33019, runtime errors: 29, failed runs: 373, ok runs: 0
:::: FAILED :::: level: 3 :::: size: 711 / 797 :::: Compiler calls: 33607, compilation errors: 33191, runtime errors: 29, failed runs: 374, ok runs: 0
:::: FAILED :::: level: 3 :::: size: 711 / 797 :::: Compiler calls: 33619, compilation errors: 33203, runtime errors: 29, failed runs: 375, ok runs: 0
:::: FAILED :::: level: 3 :::: size: 710 / 797 :::: Compiler calls: 33682, compilation errors: 33268, runtime errors: 29, failed runs: 376, ok runs: 0
:::: FAILED :::: level: 3 :::: size: 710 / 797 :::: Compiler calls: 33856, compilation errors: 33438, runtime errors: 29, failed runs: 377, ok runs: 0
:::: FAILED :::: level: 3 :::: size: 710 / 797 :::: Compiler calls: 33864, compilation errors: 33444, runtime errors: 29, failed runs: 378, ok runs: 0
:::: FAILED :::: level: 3 :::: size: 710 / 797 :::: Compiler calls: 33866, compilation errors: 33446, runtime errors: 29, failed runs: 379, ok runs: 0
:::: FAILED :::: level: 3 :::: size: 710 / 797 :::: Compiler calls: 33871, compilation errors: 33449, runtime errors: 29, failed runs: 380, ok runs: 0
:::: FAILED :::: level: 3 :::: size: 710 / 797 :::: Compiler calls: 33881, compilation errors: 33460, runtime errors: 29, failed runs: 381, ok runs: 0
:::: FAILED :::: level: 3 :::: size: 709 / 797 :::: Compiler calls: 34087, compilation errors: 33663, runtime errors: 29, failed runs: 382, ok runs: 0
:::: FAILED :::: level: 3 :::: size: 709 / 797 :::: Compiler calls: 34098, compilation errors: 33673, runtime errors: 29, failed runs: 383, ok runs: 0
:::: FAILED :::: level: 3 :::: size: 708 / 797 :::: Compiler calls: 34320, compilation errors: 33897, runtime errors: 29, failed runs: 384, ok runs: 0
:::: FAILED :::: level: 3 :::: size: 708 / 797 :::: Compiler calls: 34329, compilation errors: 33905, runtime errors: 29, failed runs: 385, ok runs: 0
:::: FAILED :::: level: 3 :::: size: 708 / 797 :::: Compiler calls: 34382, compilation errors: 33959, runtime errors: 29, failed runs: 386, ok runs: 0
:::: FAILED :::: level: 3 :::: size: 708 / 797 :::: Compiler calls: 34407, compilation errors: 33977, runtime errors: 29, failed runs: 387, ok runs: 0
:::: FAILED :::: level: 3 :::: size: 707 / 797 :::: Compiler calls: 34569, compilation errors: 34138, runtime errors: 29, failed runs: 388, ok runs: 0
:::: FAILED :::: level: 3 :::: size: 707 / 797 :::: Compiler calls: 34569, compilation errors: 34138, runtime errors: 29, failed runs: 389, ok runs: 0
:::: FAILED :::: level: 3 :::: size: 707 / 797 :::: Compiler calls: 34569, compilation errors: 34139, runtime errors: 29, failed runs: 390, ok runs: 0
:::: FAILED :::: level: 3 :::: size: 707 / 797 :::: Compiler calls: 34612, compilation errors: 34184, runtime errors: 29, failed runs: 391, ok runs: 0
:::: FAILED :::: level: 3 :::: size: 706 / 797 :::: Compiler calls: 34812, compilation errors: 34378, runtime errors: 29, failed runs: 392, ok runs: 0
:::: FAILED :::: level: 3 :::: size: 704 / 797 :::: Compiler calls: 35082, compilation errors: 34648, runtime errors: 29, failed runs: 393, ok runs: 0
:::: FAILED :::: level: 3 :::: size: 705 / 797 :::: Compiler calls: 35085, compilation errors: 34648, runtime errors: 29, failed runs: 394, ok runs: 0
:::: FAILED :::: level: 3 :::: size: 705 / 797 :::: Compiler calls: 35085, compilation errors: 34650, runtime errors: 29, failed runs: 395, ok runs: 0
:::: FAILED :::: level: 3 :::: size: 705 / 797 :::: Compiler calls: 35117, compilation errors: 34683, runtime errors: 29, failed runs: 396, ok runs: 0
:::: FAILED :::: level: 3 :::: size: 705 / 797 :::: Compiler calls: 35127, compilation errors: 34691, runtime errors: 29, failed runs: 397, ok runs: 0
:::: FAILED :::: level: 3 :::: size: 703 / 797 :::: Compiler calls: 35342, compilation errors: 34903, runtime errors: 29, failed runs: 398, ok runs: 0
:::: FAILED :::: level: 3 :::: size: 703 / 797 :::: Compiler calls: 35343, compilation errors: 34903, runtime errors: 29, failed runs: 399, ok runs: 0
:::: FAILED :::: level: 3 :::: size: 702 / 797 :::: Compiler calls: 35343, compilation errors: 34903, runtime errors: 29, failed runs: 400, ok runs: 0
:::: FAILED :::: level: 3 :::: size: 703 / 797 :::: Compiler calls: 35344, compilation errors: 34903, runtime errors: 29, failed runs: 401, ok runs: 0
:::: FAILED :::: level: 3 :::: size: 703 / 797 :::: Compiler calls: 35361, compilation errors: 34918, runtime errors: 29, failed runs: 402, ok runs: 0
:::: FAILED :::: level: 3 :::: size: 703 / 797 :::: Compiler calls: 35375, compilation errors: 34933, runtime errors: 29, failed runs: 403, ok runs: 0
:::: FAILED :::: level: 3 :::: size: 703 / 797 :::: Compiler calls: 35375, compilation errors: 34933, runtime errors: 29, failed runs: 404, ok runs: 0
:::: FAILED :::: level: 3 :::: size: 702 / 797 :::: Compiler calls: 35615, compilation errors: 35170, runtime errors: 29, failed runs: 405, ok runs: 0
:::: FAILED :::: level: 3 :::: size: 702 / 797 :::: Compiler calls: 35629, compilation errors: 35184, runtime errors: 29, failed runs: 406, ok runs: 0
:::: FAILED :::: level: 3 :::: size: 702 / 797 :::: Compiler calls: 35631, compilation errors: 35185, runtime errors: 29, failed runs: 407, ok runs: 0
:::: FAILED :::: level: 3 :::: size: 701 / 797 :::: Compiler calls: 35881, compilation errors: 35432, runtime errors: 29, failed runs: 408, ok runs: 0
:::: FAILED :::: level: 3 :::: size: 700 / 797 :::: Compiler calls: 36149, compilation errors: 35697, runtime errors: 29, failed runs: 409, ok runs: 0
:::: FAILED :::: level: 3 :::: size: 700 / 797 :::: Compiler calls: 36156, compilation errors: 35704, runtime errors: 29, failed runs: 410, ok runs: 0
:::: FAILED :::: level: 3 :::: size: 700 / 797 :::: Compiler calls: 36157, compilation errors: 35705, runtime errors: 29, failed runs: 411, ok runs: 0
:::: FAILED :::: level: 3 :::: size: 700 / 797 :::: Compiler calls: 36171, compilation errors: 35717, runtime errors: 29, failed runs: 412, ok runs: 0
:::: FAILED :::: level: 3 :::: size: 700 / 797 :::: Compiler calls: 36172, compilation errors: 35723, runtime errors: 29, failed runs: 413, ok runs: 0
:::: FAILED :::: level: 3 :::: size: 699 / 797 :::: Compiler calls: 36433, compilation errors: 35979, runtime errors: 29, failed runs: 414, ok runs: 0
:::: FAILED :::: level: 3 :::: size: 699 / 797 :::: Compiler calls: 36441, compilation errors: 35987, runtime errors: 29, failed runs: 415, ok runs: 0
:::: FAILED :::: level: 3 :::: size: 699 / 797 :::: Compiler calls: 36441, compilation errors: 35987, runtime errors: 29, failed runs: 416, ok runs: 0
:::: FAILED :::: level: 3 :::: size: 699 / 797 :::: Compiler calls: 36469, compilation errors: 36017, runtime errors: 29, failed runs: 417, ok runs: 0
:::: FAILED :::: level: 3 :::: size: 699 / 797 :::: Compiler calls: 36472, compilation errors: 36020, runtime errors: 29, failed runs: 418, ok runs: 0
:::: FAILED :::: level: 3 :::: size: 698 / 797 :::: Compiler calls: 36713, compilation errors: 36255, runtime errors: 29, failed runs: 419, ok runs: 0
:::: FAILED :::: level: 3 :::: size: 698 / 797 :::: Compiler calls: 36727, compilation errors: 36266, runtime errors: 29, failed runs: 420, ok runs: 0
:::: FAILED :::: level: 3 :::: size: 697 / 797 :::: Compiler calls: 36966, compilation errors: 36504, runtime errors: 29, failed runs: 421, ok runs: 0
:::: FAILED :::: level: 3 :::: size: 697 / 797 :::: Compiler calls: 36980, compilation errors: 36517, runtime errors: 29, failed runs: 422, ok runs: 0
:::: FAILED :::: level: 3 :::: size: 696 / 797 :::: Compiler calls: 37247, compilation errors: 36788, runtime errors: 29, failed runs: 423, ok runs: 0
:::: FAILED :::: level: 3 :::: size: 696 / 797 :::: Compiler calls: 37265, compilation errors: 36799, runtime errors: 29, failed runs: 424, ok runs: 0
:::: FAILED :::: level: 3 :::: size: 696 / 797 :::: Compiler calls: 37274, compilation errors: 36810, runtime errors: 29, failed runs: 425, ok runs: 0
:::: FAILED :::: level: 3 :::: size: 696 / 797 :::: Compiler calls: 37275, compilation errors: 36811, runtime errors: 29, failed runs: 426, ok runs: 0
:::: FAILED :::: level: 3 :::: size: 695 / 797 :::: Compiler calls: 37535, compilation errors: 37067, runtime errors: 29, failed runs: 427, ok runs: 0
:::: FAILED :::: level: 3 :::: size: 695 / 797 :::: Compiler calls: 37573, compilation errors: 37109, runtime errors: 29, failed runs: 428, ok runs: 0
:::: FAILED :::: level: 3 :::: size: 694 / 797 :::: Compiler calls: 37831, compilation errors: 37360, runtime errors: 29, failed runs: 429, ok runs: 0
:::: FAILED :::: level: 3 :::: size: 694 / 797 :::: Compiler calls: 37831, compilation errors: 37362, runtime errors: 29, failed runs: 430, ok runs: 0
:::: FAILED :::: level: 3 :::: size: 694 / 797 :::: Compiler calls: 37855, compilation errors: 37384, runtime errors: 29, failed runs: 431, ok runs: 0
:::: FAILED :::: level: 3 :::: size: 693 / 797 :::: Compiler calls: 38099, compilation errors: 37626, runtime errors: 29, failed runs: 432, ok runs: 0
:::: FAILED :::: level: 3 :::: size: 692 / 797 :::: Compiler calls: 38103, compilation errors: 37631, runtime errors: 29, failed runs: 433, ok runs: 0
:::: FAILED :::: level: 3 :::: size: 693 / 797 :::: Compiler calls: 38119, compilation errors: 37646, runtime errors: 29, failed runs: 434, ok runs: 0
:::: FAILED :::: level: 3 :::: size: 692 / 797 :::: Compiler calls: 38370, compilation errors: 37894, runtime errors: 29, failed runs: 435, ok runs: 0
:::: FAILED :::: level: 3 :::: size: 692 / 797 :::: Compiler calls: 38379, compilation errors: 37902, runtime errors: 29, failed runs: 436, ok runs: 0
:::: FAILED :::: level: 3 :::: size: 692 / 797 :::: Compiler calls: 38420, compilation errors: 37949, runtime errors: 29, failed runs: 437, ok runs: 0
:::: FAILED :::: level: 3 :::: size: 691 / 797 :::: Compiler calls: 38662, compilation errors: 38183, runtime errors: 29, failed runs: 438, ok runs: 0
:::: FAILED :::: level: 3 :::: size: 691 / 797 :::: Compiler calls: 38662, compilation errors: 38183, runtime errors: 29, failed runs: 439, ok runs: 0
:::: FAILED :::: level: 3 :::: size: 691 / 797 :::: Compiler calls: 38672, compilation errors: 38190, runtime errors: 29, failed runs: 440, ok runs: 0
:::: FAILED :::: level: 3 :::: size: 691 / 797 :::: Compiler calls: 38673, compilation errors: 38193, runtime errors: 29, failed runs: 441, ok runs: 0
:::: FAILED :::: level: 3 :::: size: 691 / 797 :::: Compiler calls: 38674, compilation errors: 38194, runtime errors: 29, failed runs: 442, ok runs: 0
:::: FAILED :::: level: 3 :::: size: 691 / 797 :::: Compiler calls: 38683, compilation errors: 38198, runtime errors: 29, failed runs: 443, ok runs: 0
:::: FAILED :::: level: 3 :::: size: 690 / 797 :::: Compiler calls: 38765, compilation errors: 38281, runtime errors: 29, failed runs: 444, ok runs: 0
:::: FAILED :::: level: 3 :::: size: 690 / 797 :::: Compiler calls: 38960, compilation errors: 38474, runtime errors: 29, failed runs: 445, ok runs: 0
:::: FAILED :::: level: 3 :::: size: 690 / 797 :::: Compiler calls: 38963, compilation errors: 38477, runtime errors: 29, failed runs: 446, ok runs: 0
:::: FAILED :::: level: 3 :::: size: 690 / 797 :::: Compiler calls: 38996, compilation errors: 38510, runtime errors: 29, failed runs: 447, ok runs: 0
:::: FAILED :::: level: 3 :::: size: 689 / 797 :::: Compiler calls: 39234, compilation errors: 38746, runtime errors: 29, failed runs: 448, ok runs: 0
:::: FAILED :::: level: 3 :::: size: 689 / 797 :::: Compiler calls: 39269, compilation errors: 38779, runtime errors: 29, failed runs: 449, ok runs: 0
:::: FAILED :::: level: 3 :::: size: 688 / 797 :::: Compiler calls: 39526, compilation errors: 39036, runtime errors: 29, failed runs: 450, ok runs: 0
:::: FAILED :::: level: 3 :::: size: 688 / 797 :::: Compiler calls: 39545, compilation errors: 39056, runtime errors: 29, failed runs: 451, ok runs: 0
:::: FAILED :::: level: 3 :::: size: 687 / 797 :::: Compiler calls: 39601, compilation errors: 39113, runtime errors: 29, failed runs: 452, ok runs: 0
:::: FAILED :::: level: 3 :::: size: 687 / 797 :::: Compiler calls: 39813, compilation errors: 39317, runtime errors: 29, failed runs: 453, ok runs: 0
:::: FAILED :::: level: 3 :::: size: 687 / 797 :::: Compiler calls: 39853, compilation errors: 39357, runtime errors: 29, failed runs: 454, ok runs: 0
:::: FAILED :::: level: 3 :::: size: 686 / 797 :::: Compiler calls: 40082, compilation errors: 39591, runtime errors: 29, failed runs: 455, ok runs: 0
:::: FAILED :::: level: 3 :::: size: 686 / 797 :::: Compiler calls: 40111, compilation errors: 39617, runtime errors: 29, failed runs: 456, ok runs: 0
:::: FAILED :::: level: 3 :::: size: 685 / 797 :::: Compiler calls: 40375, compilation errors: 39876, runtime errors: 29, failed runs: 457, ok runs: 0
:::: FAILED :::: level: 3 :::: size: 684 / 797 :::: Compiler calls: 40430, compilation errors: 39938, runtime errors: 29, failed runs: 458, ok runs: 0
:::: FAILED :::: level: 3 :::: size: 684 / 797 :::: Compiler calls: 40692, compilation errors: 40192, runtime errors: 29, failed runs: 459, ok runs: 0
:::: FAILED :::: level: 3 :::: size: 683 / 797 :::: Compiler calls: 40695, compilation errors: 40196, runtime errors: 29, failed runs: 460, ok runs: 0
:::: FAILED :::: level: 3 :::: size: 684 / 797 :::: Compiler calls: 40718, compilation errors: 40217, runtime errors: 29, failed runs: 461, ok runs: 0
:::: FAILED :::: level: 3 :::: size: 684 / 797 :::: Compiler calls: 40753, compilation errors: 40256, runtime errors: 29, failed runs: 462, ok runs: 0
:::: FAILED :::: level: 3 :::: size: 683 / 797 :::: Compiler calls: 40974, compilation errors: 40471, runtime errors: 29, failed runs: 463, ok runs: 0
:::: FAILED :::: level: 3 :::: size: 683 / 797 :::: Compiler calls: 40976, compilation errors: 40472, runtime errors: 29, failed runs: 464, ok runs: 0
:::: FAILED :::: level: 3 :::: size: 683 / 797 :::: Compiler calls: 40981, compilation errors: 40473, runtime errors: 29, failed runs: 465, ok runs: 0
:::: FAILED :::: level: 3 :::: size: 683 / 797 :::: Compiler calls: 40982, compilation errors: 40478, runtime errors: 29, failed runs: 466, ok runs: 0
:::: FAILED :::: level: 3 :::: size: 683 / 797 :::: Compiler calls: 40991, compilation errors: 40481, runtime errors: 29, failed runs: 467, ok runs: 0
:::: FAILED :::: level: 3 :::: size: 682 / 797 :::: Compiler calls: 41253, compilation errors: 40745, runtime errors: 29, failed runs: 468, ok runs: 0
:::: FAILED :::: level: 3 :::: size: 682 / 797 :::: Compiler calls: 41258, compilation errors: 40748, runtime errors: 29, failed runs: 469, ok runs: 0
:::: FAILED :::: level: 3 :::: size: 682 / 797 :::: Compiler calls: 41339, compilation errors: 40830, runtime errors: 29, failed runs: 470, ok runs: 0
:::: FAILED :::: level: 3 :::: size: 681 / 797 :::: Compiler calls: 41550, compilation errors: 41037, runtime errors: 29, failed runs: 471, ok runs: 0
:::: FAILED :::: level: 3 :::: size: 681 / 797 :::: Compiler calls: 41575, compilation errors: 41063, runtime errors: 29, failed runs: 472, ok runs: 0
:::: FAILED :::: level: 3 :::: size: 680 / 797 :::: Compiler calls: 41833, compilation errors: 41319, runtime errors: 29, failed runs: 473, ok runs: 0
:::: FAILED :::: level: 3 :::: size: 679 / 797 :::: Compiler calls: 42142, compilation errors: 41625, runtime errors: 29, failed runs: 474, ok runs: 0
:::: FAILED :::: level: 3 :::: size: 679 / 797 :::: Compiler calls: 42149, compilation errors: 41631, runtime errors: 29, failed runs: 475, ok runs: 0
:::: FAILED :::: level: 3 :::: size: 679 / 797 :::: Compiler calls: 42164, compilation errors: 41648, runtime errors: 29, failed runs: 476, ok runs: 0
:::: FAILED :::: level: 3 :::: size: 679 / 797 :::: Compiler calls: 42164, compilation errors: 41648, runtime errors: 29, failed runs: 477, ok runs: 0
:::: FAILED :::: level: 3 :::: size: 679 / 797 :::: Compiler calls: 42191, compilation errors: 41677, runtime errors: 29, failed runs: 478, ok runs: 0
:::: FAILED :::: level: 3 :::: size: 678 / 797 :::: Compiler calls: 42456, compilation errors: 41935, runtime errors: 29, failed runs: 479, ok runs: 0
:::: FAILED :::: level: 3 :::: size: 678 / 797 :::: Compiler calls: 42463, compilation errors: 41941, runtime errors: 29, failed runs: 480, ok runs: 0
:::: FAILED :::: level: 3 :::: size: 678 / 797 :::: Compiler calls: 42467, compilation errors: 41946, runtime errors: 29, failed runs: 481, ok runs: 0
:::: FAILED :::: level: 3 :::: size: 678 / 797 :::: Compiler calls: 42477, compilation errors: 41954, runtime errors: 29, failed runs: 482, ok runs: 0
:::: FAILED :::: level: 3 :::: size: 677 / 797 :::: Compiler calls: 42763, compilation errors: 42239, runtime errors: 29, failed runs: 483, ok runs: 0
:::: FAILED :::: level: 3 :::: size: 676 / 797 :::: Compiler calls: 43055, compilation errors: 42531, runtime errors: 29, failed runs: 484, ok runs: 0
:::: FAILED :::: level: 3 :::: size: 676 / 797 :::: Compiler calls: 43085, compilation errors: 42560, runtime errors: 29, failed runs: 485, ok runs: 0
:::: FAILED :::: level: 3 :::: size: 675 / 797 :::: Compiler calls: 43366, compilation errors: 42838, runtime errors: 29, failed runs: 486, ok runs: 0
:::: FAILED :::: level: 3 :::: size: 675 / 797 :::: Compiler calls: 43368, compilation errors: 42839, runtime errors: 29, failed runs: 487, ok runs: 0
:::: FAILED :::: level: 3 :::: size: 675 / 797 :::: Compiler calls: 43389, compilation errors: 42863, runtime errors: 29, failed runs: 488, ok runs: 0
:::: FAILED :::: level: 3 :::: size: 674 / 797 :::: Compiler calls: 43668, compilation errors: 43138, runtime errors: 29, failed runs: 489, ok runs: 0
:::: FAILED :::: level: 3 :::: size: 674 / 797 :::: Compiler calls: 43672, compilation errors: 43141, runtime errors: 29, failed runs: 490, ok runs: 0
:::: FAILED :::: level: 3 :::: size: 674 / 797 :::: Compiler calls: 43678, compilation errors: 43144, runtime errors: 29, failed runs: 491, ok runs: 0
:::: FAILED :::: level: 3 :::: size: 674 / 797 :::: Compiler calls: 43687, compilation errors: 43154, runtime errors: 29, failed runs: 492, ok runs: 0
:::: FAILED :::: level: 3 :::: size: 674 / 797 :::: Compiler calls: 43696, compilation errors: 43163, runtime errors: 29, failed runs: 493, ok runs: 0
:::: FAILED :::: level: 3 :::: size: 673 / 797 :::: Compiler calls: 43967, compilation errors: 43429, runtime errors: 29, failed runs: 494, ok runs: 0
:::: FAILED :::: level: 3 :::: size: 672 / 797 :::: Compiler calls: 44286, compilation errors: 43749, runtime errors: 29, failed runs: 495, ok runs: 0
:::: FAILED :::: level: 3 :::: size: 672 / 797 :::: Compiler calls: 44309, compilation errors: 43772, runtime errors: 29, failed runs: 496, ok runs: 0
:::: FAILED :::: level: 3 :::: size: 671 / 797 :::: Compiler calls: 44579, compilation errors: 44044, runtime errors: 29, failed runs: 497, ok runs: 0
:::: FAILED :::: level: 3 :::: size: 670 / 797 :::: Compiler calls: 44884, compilation errors: 44343, runtime errors: 29, failed runs: 498, ok runs: 0
:::: FAILED :::: level: 3 :::: size: 670 / 797 :::: Compiler calls: 44887, compilation errors: 44347, runtime errors: 29, failed runs: 499, ok runs: 0
:::: FAILED :::: level: 3 :::: size: 669 / 797 :::: Compiler calls: 45201, compilation errors: 44659, runtime errors: 29, failed runs: 500, ok runs: 0
:::: FAILED :::: level: 3 :::: size: 669 / 797 :::: Compiler calls: 45204, compilation errors: 44659, runtime errors: 29, failed runs: 501, ok runs: 0
:::: FAILED :::: level: 3 :::: size: 669 / 797 :::: Compiler calls: 45213, compilation errors: 44672, runtime errors: 29, failed runs: 502, ok runs: 0
:::: FAILED :::: level: 3 :::: size: 669 / 797 :::: Compiler calls: 45219, compilation errors: 44679, runtime errors: 29, failed runs: 503, ok runs: 0
:::: FAILED :::: level: 3 :::: size: 668 / 797 :::: Compiler calls: 45515, compilation errors: 44969, runtime errors: 29, failed runs: 504, ok runs: 0
:::: FAILED :::: level: 3 :::: size: 668 / 797 :::: Compiler calls: 45526, compilation errors: 44979, runtime errors: 29, failed runs: 505, ok runs: 0
:::: FAILED :::: level: 3 :::: size: 667 / 797 :::: Compiler calls: 45843, compilation errors: 45297, runtime errors: 29, failed runs: 506, ok runs: 0
:::: FAILED :::: level: 3 :::: size: 667 / 797 :::: Compiler calls: 45847, compilation errors: 45299, runtime errors: 29, failed runs: 507, ok runs: 0
:::: FAILED :::: level: 3 :::: size: 666 / 797 :::: Compiler calls: 45863, compilation errors: 45315, runtime errors: 29, failed runs: 508, ok runs: 0
:::: FAILED :::: level: 3 :::: size: 666 / 797 :::: Compiler calls: 45881, compilation errors: 45332, runtime errors: 29, failed runs: 509, ok runs: 0
:::: FAILED :::: level: 3 :::: size: 667 / 797 :::: Compiler calls: 45881, compilation errors: 45332, runtime errors: 29, failed runs: 510, ok runs: 0
:::: FAILED :::: level: 3 :::: size: 666 / 797 :::: Compiler calls: 46147, compilation errors: 45592, runtime errors: 29, failed runs: 511, ok runs: 0
:::: FAILED :::: level: 3 :::: size: 666 / 797 :::: Compiler calls: 46163, compilation errors: 45608, runtime errors: 29, failed runs: 512, ok runs: 0
:::: FAILED :::: level: 3 :::: size: 665 / 797 :::: Compiler calls: 46467, compilation errors: 45912, runtime errors: 29, failed runs: 513, ok runs: 0
:::: FAILED :::: level: 3 :::: size: 665 / 797 :::: Compiler calls: 46472, compilation errors: 45916, runtime errors: 29, failed runs: 514, ok runs: 0
:::: FAILED :::: level: 3 :::: size: 665 / 797 :::: Compiler calls: 46483, compilation errors: 45927, runtime errors: 29, failed runs: 515, ok runs: 0
:::: FAILED :::: level: 3 :::: size: 664 / 797 :::: Compiler calls: 46491, compilation errors: 45934, runtime errors: 29, failed runs: 516, ok runs: 0
:::: FAILED :::: level: 3 :::: size: 665 / 797 :::: Compiler calls: 46515, compilation errors: 45958, runtime errors: 29, failed runs: 517, ok runs: 0
:::: FAILED :::: level: 3 :::: size: 665 / 797 :::: Compiler calls: 46554, compilation errors: 45995, runtime errors: 29, failed runs: 518, ok runs: 0
:::: FAILED :::: level: 3 :::: size: 664 / 797 :::: Compiler calls: 46791, compilation errors: 46232, runtime errors: 29, failed runs: 519, ok runs: 0
:::: FAILED :::: level: 3 :::: size: 664 / 797 :::: Compiler calls: 46799, compilation errors: 46236, runtime errors: 29, failed runs: 520, ok runs: 0
:::: FAILED :::: level: 3 :::: size: 664 / 797 :::: Compiler calls: 46825, compilation errors: 46264, runtime errors: 29, failed runs: 521, ok runs: 0
:::: FAILED :::: level: 3 :::: size: 663 / 797 :::: Compiler calls: 47123, compilation errors: 46559, runtime errors: 29, failed runs: 522, ok runs: 0
:::: FAILED :::: level: 3 :::: size: 663 / 797 :::: Compiler calls: 47154, compilation errors: 46588, runtime errors: 29, failed runs: 523, ok runs: 0
:::: FAILED :::: level: 3 :::: size: 663 / 797 :::: Compiler calls: 47164, compilation errors: 46601, runtime errors: 29, failed runs: 524, ok runs: 0
:::: FAILED :::: level: 3 :::: size: 662 / 797 :::: Compiler calls: 47164, compilation errors: 46601, runtime errors: 29, failed runs: 525, ok runs: 0
:::: FAILED :::: level: 3 :::: size: 662 / 797 :::: Compiler calls: 47453, compilation errors: 46885, runtime errors: 29, failed runs: 526, ok runs: 0
:::: FAILED :::: level: 3 :::: size: 661 / 797 :::: Compiler calls: 47468, compilation errors: 46902, runtime errors: 29, failed runs: 527, ok runs: 0
:::: FAILED :::: level: 3 :::: size: 662 / 797 :::: Compiler calls: 47485, compilation errors: 46916, runtime errors: 29, failed runs: 528, ok runs: 0
:::: FAILED :::: level: 3 :::: size: 661 / 797 :::: Compiler calls: 47770, compilation errors: 47201, runtime errors: 29, failed runs: 529, ok runs: 0
:::: FAILED :::: level: 3 :::: size: 661 / 797 :::: Compiler calls: 47772, compilation errors: 47203, runtime errors: 29, failed runs: 530, ok runs: 0
:::: FAILED :::: level: 3 :::: size: 661 / 797 :::: Compiler calls: 47780, compilation errors: 47211, runtime errors: 29, failed runs: 531, ok runs: 0
:::: FAILED :::: level: 3 :::: size: 660 / 797 :::: Compiler calls: 48100, compilation errors: 47526, runtime errors: 29, failed runs: 532, ok runs: 0
:::: FAILED :::: level: 3 :::: size: 660 / 797 :::: Compiler calls: 48101, compilation errors: 47530, runtime errors: 29, failed runs: 533, ok runs: 0
:::: FAILED :::: level: 3 :::: size: 659 / 797 :::: Compiler calls: 48142, compilation errors: 47569, runtime errors: 29, failed runs: 534, ok runs: 0
:::: FAILED :::: level: 3 :::: size: 660 / 797 :::: Compiler calls: 48143, compilation errors: 47571, runtime errors: 29, failed runs: 535, ok runs: 0
:::: FAILED :::: level: 3 :::: size: 659 / 797 :::: Compiler calls: 48434, compilation errors: 47857, runtime errors: 29, failed runs: 536, ok runs: 0
:::: FAILED :::: level: 3 :::: size: 658 / 797 :::: Compiler calls: 48441, compilation errors: 47864, runtime errors: 29, failed runs: 537, ok runs: 0
:::: FAILED :::: level: 3 :::: size: 659 / 797 :::: Compiler calls: 48444, compilation errors: 47866, runtime errors: 29, failed runs: 538, ok runs: 0
:::: FAILED :::: level: 3 :::: size: 659 / 797 :::: Compiler calls: 48473, compilation errors: 47896, runtime errors: 29, failed runs: 539, ok runs: 0
:::: FAILED :::: level: 3 :::: size: 658 / 797 :::: Compiler calls: 48770, compilation errors: 48188, runtime errors: 29, failed runs: 540, ok runs: 0
:::: FAILED :::: level: 3 :::: size: 658 / 797 :::: Compiler calls: 48772, compilation errors: 48189, runtime errors: 29, failed runs: 541, ok runs: 0
:::: FAILED :::: level: 3 :::: size: 658 / 797 :::: Compiler calls: 48777, compilation errors: 48193, runtime errors: 29, failed runs: 542, ok runs: 0
:::: FAILED :::: level: 3 :::: size: 657 / 797 :::: Compiler calls: 48777, compilation errors: 48193, runtime errors: 29, failed runs: 543, ok runs: 0
:::: FAILED :::: level: 3 :::: size: 658 / 797 :::: Compiler calls: 48781, compilation errors: 48197, runtime errors: 29, failed runs: 544, ok runs: 0
:::: FAILED :::: level: 3 :::: size: 658 / 797 :::: Compiler calls: 48808, compilation errors: 48223, runtime errors: 29, failed runs: 545, ok runs: 0
:::: FAILED :::: level: 3 :::: size: 657 / 797 :::: Compiler calls: 49108, compilation errors: 48521, runtime errors: 29, failed runs: 546, ok runs: 0
:::: FAILED :::: level: 3 :::: size: 656 / 797 :::: Compiler calls: 49127, compilation errors: 48540, runtime errors: 29, failed runs: 547, ok runs: 0
:::: FAILED :::: level: 3 :::: size: 657 / 797 :::: Compiler calls: 49161, compilation errors: 48574, runtime errors: 29, failed runs: 548, ok runs: 0
:::: FAILED :::: level: 3 :::: size: 656 / 797 :::: Compiler calls: 49427, compilation errors: 48836, runtime errors: 29, failed runs: 549, ok runs: 0
:::: FAILED :::: level: 3 :::: size: 656 / 797 :::: Compiler calls: 49437, compilation errors: 48850, runtime errors: 29, failed runs: 550, ok runs: 0
:::: FAILED :::: level: 3 :::: size: 655 / 797 :::: Compiler calls: 49757, compilation errors: 49168, runtime errors: 29, failed runs: 551, ok runs: 0
:::: FAILED :::: level: 3 :::: size: 655 / 797 :::: Compiler calls: 49762, compilation errors: 49174, runtime errors: 29, failed runs: 552, ok runs: 0
:::: FAILED :::: level: 3 :::: size: 654 / 797 :::: Compiler calls: 49767, compilation errors: 49175, runtime errors: 29, failed runs: 553, ok runs: 0
:::: FAILED :::: level: 3 :::: size: 655 / 797 :::: Compiler calls: 49775, compilation errors: 49182, runtime errors: 29, failed runs: 554, ok runs: 0
:::: FAILED :::: level: 3 :::: size: 655 / 797 :::: Compiler calls: 49777, compilation errors: 49185, runtime errors: 29, failed runs: 555, ok runs: 0
:::: FAILED :::: level: 3 :::: size: 655 / 797 :::: Compiler calls: 49778, compilation errors: 49185, runtime errors: 29, failed runs: 556, ok runs: 0
:::: FAILED :::: level: 3 :::: size: 654 / 797 :::: Compiler calls: 50071, compilation errors: 49473, runtime errors: 29, failed runs: 557, ok runs: 0
:::: FAILED :::: level: 3 :::: size: 654 / 797 :::: Compiler calls: 50075, compilation errors: 49475, runtime errors: 29, failed runs: 558, ok runs: 0
:::: FAILED :::: level: 3 :::: size: 654 / 797 :::: Compiler calls: 50075, compilation errors: 49477, runtime errors: 29, failed runs: 559, ok runs: 0
:::: FAILED :::: level: 3 :::: size: 653 / 797 :::: Compiler calls: 50389, compilation errors: 49787, runtime errors: 29, failed runs: 560, ok runs: 0
:::: FAILED :::: level: 3 :::: size: 652 / 797 :::: Compiler calls: 50401, compilation errors: 49801, runtime errors: 29, failed runs: 561, ok runs: 0
:::: FAILED :::: level: 3 :::: size: 653 / 797 :::: Compiler calls: 50423, compilation errors: 49822, runtime errors: 29, failed runs: 562, ok runs: 0
:::: FAILED :::: level: 3 :::: size: 653 / 797 :::: Compiler calls: 50438, compilation errors: 49838, runtime errors: 29, failed runs: 563, ok runs: 0
:::: FAILED :::: level: 3 :::: size: 652 / 797 :::: Compiler calls: 50722, compilation errors: 50118, runtime errors: 29, failed runs: 564, ok runs: 0
:::: FAILED :::: level: 3 :::: size: 651 / 797 :::: Compiler calls: 50731, compilation errors: 50127, runtime errors: 29, failed runs: 565, ok runs: 0
:::: FAILED :::: level: 3 :::: size: 652 / 797 :::: Compiler calls: 50739, compilation errors: 50134, runtime errors: 29, failed runs: 566, ok runs: 0
:::: FAILED :::: level: 3 :::: size: 652 / 797 :::: Compiler calls: 50772, compilation errors: 50167, runtime errors: 29, failed runs: 567, ok runs: 0
:::: FAILED :::: level: 3 :::: size: 650 / 797 :::: Compiler calls: 51076, compilation errors: 50469, runtime errors: 29, failed runs: 568, ok runs: 0
:::: FAILED :::: level: 3 :::: size: 651 / 797 :::: Compiler calls: 51091, compilation errors: 50482, runtime errors: 29, failed runs: 569, ok runs: 0
:::: FAILED :::: level: 3 :::: size: 651 / 797 :::: Compiler calls: 51096, compilation errors: 50486, runtime errors: 29, failed runs: 570, ok runs: 0
:::: FAILED :::: level: 3 :::: size: 649 / 797 :::: Compiler calls: 51412, compilation errors: 50801, runtime errors: 29, failed runs: 571, ok runs: 0
:::: FAILED :::: level: 3 :::: size: 648 / 797 :::: Compiler calls: 51774, compilation errors: 51163, runtime errors: 29, failed runs: 572, ok runs: 0
:::: FAILED :::: level: 3 :::: size: 648 / 797 :::: Compiler calls: 51777, compilation errors: 51164, runtime errors: 29, failed runs: 573, ok runs: 0
:::: FAILED :::: level: 3 :::: size: 648 / 797 :::: Compiler calls: 51805, compilation errors: 51192, runtime errors: 29, failed runs: 574, ok runs: 0
:::: FAILED :::: level: 3 :::: size: 647 / 797 :::: Compiler calls: 52130, compilation errors: 51516, runtime errors: 29, failed runs: 575, ok runs: 0
:::: FAILED :::: level: 3 :::: size: 646 / 797 :::: Compiler calls: 52505, compilation errors: 51895, runtime errors: 29, failed runs: 576, ok runs: 0
:::: FAILED :::: level: 3 :::: size: 645 / 797 :::: Compiler calls: 52511, compilation errors: 51897, runtime errors: 29, failed runs: 577, ok runs: 0
:::: FAILED :::: level: 3 :::: size: 646 / 797 :::: Compiler calls: 52527, compilation errors: 51910, runtime errors: 29, failed runs: 578, ok runs: 0
:::: FAILED :::: level: 3 :::: size: 645 / 797 :::: Compiler calls: 52854, compilation errors: 52234, runtime errors: 29, failed runs: 579, ok runs: 0
:::: FAILED :::: level: 3 :::: size: 645 / 797 :::: Compiler calls: 52884, compilation errors: 52265, runtime errors: 29, failed runs: 580, ok runs: 0
:::: FAILED :::: level: 3 :::: size: 644 / 797 :::: Compiler calls: 52885, compilation errors: 52266, runtime errors: 29, failed runs: 581, ok runs: 0
:::: FAILED :::: level: 3 :::: size: 643 / 797 :::: Compiler calls: 53225, compilation errors: 52608, runtime errors: 29, failed runs: 582, ok runs: 0
:::: FAILED :::: level: 3 :::: size: 644 / 797 :::: Compiler calls: 53225, compilation errors: 52608, runtime errors: 29, failed runs: 583, ok runs: 0
:::: FAILED :::: level: 3 :::: size: 644 / 797 :::: Compiler calls: 53246, compilation errors: 52620, runtime errors: 29, failed runs: 584, ok runs: 0
:::: FAILED :::: level: 3 :::: size: 642 / 797 :::: Compiler calls: 53591, compilation errors: 52974, runtime errors: 29, failed runs: 585, ok runs: 0
:::: FAILED :::: level: 3 :::: size: 641 / 797 :::: Compiler calls: 53956, compilation errors: 53337, runtime errors: 29, failed runs: 586, ok runs: 0
:::: FAILED :::: level: 3 :::: size: 641 / 797 :::: Compiler calls: 53964, compilation errors: 53337, runtime errors: 29, failed runs: 587, ok runs: 0
:::: FAILED :::: level: 3 :::: size: 640 / 797 :::: Compiler calls: 54320, compilation errors: 53699, runtime errors: 29, failed runs: 588, ok runs: 0
:::: FAILED :::: level: 3 :::: size: 639 / 797 :::: Compiler calls: 54683, compilation errors: 54064, runtime errors: 29, failed runs: 589, ok runs: 0
:::: FAILED :::: level: 3 :::: size: 639 / 797 :::: Compiler calls: 54683, compilation errors: 54064, runtime errors: 29, failed runs: 590, ok runs: 0
:::: FAILED :::: level: 3 :::: size: 638 / 797 :::: Compiler calls: 55045, compilation errors: 54423, runtime errors: 29, failed runs: 591, ok runs: 0
:::: FAILED :::: level: 3 :::: size: 637 / 797 :::: Compiler calls: 55476, compilation errors: 54841, runtime errors: 29, failed runs: 592, ok runs: 0
:::: FAILED :::: level: 3 :::: size: 637 / 797 :::: Compiler calls: 55477, compilation errors: 54841, runtime errors: 29, failed runs: 593, ok runs: 0
:::: FAILED :::: level: 3 :::: size: 637 / 797 :::: Compiler calls: 55480, compilation errors: 54843, runtime errors: 29, failed runs: 594, ok runs: 0
:::: FAILED :::: level: 3 :::: size: 637 / 797 :::: Compiler calls: 55481, compilation errors: 54844, runtime errors: 29, failed runs: 595, ok runs: 0
:::: FAILED :::: level: 3 :::: size: 637 / 797 :::: Compiler calls: 55483, compilation errors: 54846, runtime errors: 29, failed runs: 596, ok runs: 0
:::: FAILED :::: level: 3 :::: size: 637 / 797 :::: Compiler calls: 55486, compilation errors: 54846, runtime errors: 29, failed runs: 597, ok runs: 0
:::: FAILED :::: level: 3 :::: size: 637 / 797 :::: Compiler calls: 55486, compilation errors: 54847, runtime errors: 29, failed runs: 598, ok runs: 0
:::: FAILED :::: level: 3 :::: size: 637 / 797 :::: Compiler calls: 55493, compilation errors: 54855, runtime errors: 29, failed runs: 599, ok runs: 0
:::: FAILED :::: level: 3 :::: size: 637 / 797 :::: Compiler calls: 55510, compilation errors: 54867, runtime errors: 29, failed runs: 600, ok runs: 0
:::: FAILED :::: level: 3 :::: size: 637 / 797 :::: Compiler calls: 55516, compilation errors: 54874, runtime errors: 29, failed runs: 601, ok runs: 0
:::: FAILED :::: level: 3 :::: size: 636 / 797 :::: Compiler calls: 55545, compilation errors: 54900, runtime errors: 29, failed runs: 602, ok runs: 0
:::: FAILED :::: level: 3 :::: size: 636 / 797 :::: Compiler calls: 55545, compilation errors: 54900, runtime errors: 29, failed runs: 603, ok runs: 0
:::: FAILED :::: level: 3 :::: size: 636 / 797 :::: Compiler calls: 55549, compilation errors: 54902, runtime errors: 29, failed runs: 604, ok runs: 0
:::: FAILED :::: level: 3 :::: size: 636 / 797 :::: Compiler calls: 55552, compilation errors: 54904, runtime errors: 29, failed runs: 605, ok runs: 0
:::: FAILED :::: level: 3 :::: size: 636 / 797 :::: Compiler calls: 55563, compilation errors: 54916, runtime errors: 29, failed runs: 606, ok runs: 0
:::: FAILED :::: level: 3 :::: size: 635 / 797 :::: Compiler calls: 55612, compilation errors: 54962, runtime errors: 29, failed runs: 607, ok runs: 0
:::: FAILED :::: level: 3 :::: size: 635 / 797 :::: Compiler calls: 55618, compilation errors: 54968, runtime errors: 29, failed runs: 608, ok runs: 0
:::: FAILED :::: level: 3 :::: size: 635 / 797 :::: Compiler calls: 55619, compilation errors: 54968, runtime errors: 29, failed runs: 609, ok runs: 0
:::: FAILED :::: level: 3 :::: size: 635 / 797 :::: Compiler calls: 55681, compilation errors: 55029, runtime errors: 29, failed runs: 610, ok runs: 0
:::: FAILED :::: level: 3 :::: size: 634 / 797 :::: Compiler calls: 55689, compilation errors: 55037, runtime errors: 29, failed runs: 611, ok runs: 0
:::: FAILED :::: level: 3 :::: size: 634 / 797 :::: Compiler calls: 55697, compilation errors: 55044, runtime errors: 29, failed runs: 612, ok runs: 0
:::: FAILED :::: level: 3 :::: size: 634 / 797 :::: Compiler calls: 55699, compilation errors: 55046, runtime errors: 29, failed runs: 613, ok runs: 0
:::: FAILED :::: level: 3 :::: size: 634 / 797 :::: Compiler calls: 55706, compilation errors: 55057, runtime errors: 29, failed runs: 614, ok runs: 0
:::: FAILED :::: level: 3 :::: size: 633 / 797 :::: Compiler calls: 55766, compilation errors: 55109, runtime errors: 29, failed runs: 615, ok runs: 0
:::: FAILED :::: level: 3 :::: size: 633 / 797 :::: Compiler calls: 55770, compilation errors: 55113, runtime errors: 29, failed runs: 616, ok runs: 0
:::: FAILED :::: level: 3 :::: size: 633 / 797 :::: Compiler calls: 55775, compilation errors: 55116, runtime errors: 29, failed runs: 617, ok runs: 0
:::: FAILED :::: level: 3 :::: size: 633 / 797 :::: Compiler calls: 55782, compilation errors: 55120, runtime errors: 29, failed runs: 618, ok runs: 0
:::: FAILED :::: level: 3 :::: size: 633 / 797 :::: Compiler calls: 55786, compilation errors: 55128, runtime errors: 29, failed runs: 619, ok runs: 0
:::: FAILED :::: level: 3 :::: size: 633 / 797 :::: Compiler calls: 55790, compilation errors: 55129, runtime errors: 29, failed runs: 620, ok runs: 0
:::: FAILED :::: level: 3 :::: size: 632 / 797 :::: Compiler calls: 55841, compilation errors: 55178, runtime errors: 29, failed runs: 621, ok runs: 0
:::: FAILED :::: level: 3 :::: size: 632 / 797 :::: Compiler calls: 55872, compilation errors: 55212, runtime errors: 29, failed runs: 622, ok runs: 0
:::: FAILED :::: level: 3 :::: size: 631 / 797 :::: Compiler calls: 55923, compilation errors: 55258, runtime errors: 29, failed runs: 623, ok runs: 0
:::: FAILED :::: level: 3 :::: size: 631 / 797 :::: Compiler calls: 55925, compilation errors: 55259, runtime errors: 29, failed runs: 624, ok runs: 0
:::: FAILED :::: level: 3 :::: size: 631 / 797 :::: Compiler calls: 56005, compilation errors: 55336, runtime errors: 29, failed runs: 625, ok runs: 0
:::: FAILED :::: level: 3 :::: size: 630 / 797 :::: Compiler calls: 56012, compilation errors: 55342, runtime errors: 29, failed runs: 626, ok runs: 0
:::: FAILED :::: level: 3 :::: size: 630 / 797 :::: Compiler calls: 56017, compilation errors: 55349, runtime errors: 29, failed runs: 627, ok runs: 0
:::: FAILED :::: level: 3 :::: size: 630 / 797 :::: Compiler calls: 56022, compilation errors: 55351, runtime errors: 29, failed runs: 628, ok runs: 0
:::: FAILED :::: level: 3 :::: size: 630 / 797 :::: Compiler calls: 56023, compilation errors: 55354, runtime errors: 29, failed runs: 629, ok runs: 0
:::: FAILED :::: level: 3 :::: size: 630 / 797 :::: Compiler calls: 56042, compilation errors: 55376, runtime errors: 29, failed runs: 630, ok runs: 0
:::: FAILED :::: level: 3 :::: size: 630 / 797 :::: Compiler calls: 56071, compilation errors: 55400, runtime errors: 29, failed runs: 631, ok runs: 0
:::: FAILED :::: level: 3 :::: size: 629 / 797 :::: Compiler calls: 56101, compilation errors: 55428, runtime errors: 29, failed runs: 632, ok runs: 0
:::: FAILED :::: level: 3 :::: size: 629 / 797 :::: Compiler calls: 56109, compilation errors: 55433, runtime errors: 29, failed runs: 633, ok runs: 0
:::: FAILED :::: level: 3 :::: size: 629 / 797 :::: Compiler calls: 56110, compilation errors: 55434, runtime errors: 29, failed runs: 634, ok runs: 0
:::: FAILED :::: level: 3 :::: size: 628 / 797 :::: Compiler calls: 56194, compilation errors: 55516, runtime errors: 29, failed runs: 635, ok runs: 0
:::: FAILED :::: level: 3 :::: size: 628 / 797 :::: Compiler calls: 56199, compilation errors: 55522, runtime errors: 29, failed runs: 636, ok runs: 0
:::: FAILED :::: level: 3 :::: size: 628 / 797 :::: Compiler calls: 56214, compilation errors: 55540, runtime errors: 29, failed runs: 637, ok runs: 0
:::: FAILED :::: level: 3 :::: size: 627 / 797 :::: Compiler calls: 56287, compilation errors: 55607, runtime errors: 29, failed runs: 638, ok runs: 0
:::: FAILED :::: level: 3 :::: size: 627 / 797 :::: Compiler calls: 56291, compilation errors: 55611, runtime errors: 29, failed runs: 639, ok runs: 0
:::: FAILED :::: level: 3 :::: size: 627 / 797 :::: Compiler calls: 56308, compilation errors: 55629, runtime errors: 29, failed runs: 640, ok runs: 0
:::: FAILED :::: level: 3 :::: size: 627 / 797 :::: Compiler calls: 56378, compilation errors: 55695, runtime errors: 29, failed runs: 641, ok runs: 0
:::: FAILED :::: level: 3 :::: size: 626 / 797 :::: Compiler calls: 56384, compilation errors: 55701, runtime errors: 29, failed runs: 642, ok runs: 0
:::: FAILED :::: level: 3 :::: size: 626 / 797 :::: Compiler calls: 56384, compilation errors: 55701, runtime errors: 29, failed runs: 643, ok runs: 0
:::: FAILED :::: level: 3 :::: size: 626 / 797 :::: Compiler calls: 56385, compilation errors: 55701, runtime errors: 29, failed runs: 644, ok runs: 0
:::: FAILED :::: level: 3 :::: size: 626 / 797 :::: Compiler calls: 56389, compilation errors: 55704, runtime errors: 29, failed runs: 645, ok runs: 0
:::: FAILED :::: level: 3 :::: size: 625 / 797 :::: Compiler calls: 56486, compilation errors: 55797, runtime errors: 29, failed runs: 646, ok runs: 0
:::: FAILED :::: level: 3 :::: size: 625 / 797 :::: Compiler calls: 56498, compilation errors: 55811, runtime errors: 29, failed runs: 647, ok runs: 0
:::: FAILED :::: level: 3 :::: size: 625 / 797 :::: Compiler calls: 56505, compilation errors: 55819, runtime errors: 29, failed runs: 648, ok runs: 0
:::: FAILED :::: level: 3 :::: size: 625 / 797 :::: Compiler calls: 56518, compilation errors: 55831, runtime errors: 29, failed runs: 649, ok runs: 0
:::: FAILED :::: level: 3 :::: size: 624 / 797 :::: Compiler calls: 56587, compilation errors: 55895, runtime errors: 29, failed runs: 650, ok runs: 0
:::: FAILED :::: level: 3 :::: size: 624 / 797 :::: Compiler calls: 56589, compilation errors: 55897, runtime errors: 29, failed runs: 651, ok runs: 0
:::: FAILED :::: level: 3 :::: size: 624 / 797 :::: Compiler calls: 56594, compilation errors: 55902, runtime errors: 29, failed runs: 652, ok runs: 0
:::: FAILED :::: level: 3 :::: size: 624 / 797 :::: Compiler calls: 56597, compilation errors: 55904, runtime errors: 29, failed runs: 653, ok runs: 0
:::: FAILED :::: level: 3 :::: size: 623 / 797 :::: Compiler calls: 56697, compilation errors: 56002, runtime errors: 29, failed runs: 654, ok runs: 0
:::: FAILED :::: level: 3 :::: size: 623 / 797 :::: Compiler calls: 56699, compilation errors: 56003, runtime errors: 29, failed runs: 655, ok runs: 0
:::: FAILED :::: level: 3 :::: size: 623 / 797 :::: Compiler calls: 56699, compilation errors: 56003, runtime errors: 29, failed runs: 656, ok runs: 0
:::: FAILED :::: level: 3 :::: size: 623 / 797 :::: Compiler calls: 56710, compilation errors: 56011, runtime errors: 29, failed runs: 657, ok runs: 0
:::: FAILED :::: level: 3 :::: size: 623 / 797 :::: Compiler calls: 56712, compilation errors: 56011, runtime errors: 29, failed runs: 658, ok runs: 0
:::: FAILED :::: level: 3 :::: size: 622 / 797 :::: Compiler calls: 56807, compilation errors: 56106, runtime errors: 29, failed runs: 659, ok runs: 0
:::: FAILED :::: level: 3 :::: size: 622 / 797 :::: Compiler calls: 56810, compilation errors: 56106, runtime errors: 29, failed runs: 660, ok runs: 0
:::: FAILED :::: level: 3 :::: size: 622 / 797 :::: Compiler calls: 56811, compilation errors: 56109, runtime errors: 29, failed runs: 661, ok runs: 0
:::: FAILED :::: level: 3 :::: size: 622 / 797 :::: Compiler calls: 56820, compilation errors: 56119, runtime errors: 29, failed runs: 662, ok runs: 0
:::: FAILED :::: level: 3 :::: size: 622 / 797 :::: Compiler calls: 56830, compilation errors: 56130, runtime errors: 29, failed runs: 663, ok runs: 0
:::: FAILED :::: level: 3 :::: size: 621 / 797 :::: Compiler calls: 56919, compilation errors: 56211, runtime errors: 29, failed runs: 664, ok runs: 0
:::: FAILED :::: level: 3 :::: size: 621 / 797 :::: Compiler calls: 56930, compilation errors: 56224, runtime errors: 29, failed runs: 665, ok runs: 0
:::: FAILED :::: level: 3 :::: size: 621 / 797 :::: Compiler calls: 56930, compilation errors: 56224, runtime errors: 29, failed runs: 666, ok runs: 0
:::: FAILED :::: level: 3 :::: size: 621 / 797 :::: Compiler calls: 56935, compilation errors: 56227, runtime errors: 29, failed runs: 667, ok runs: 0
:::: FAILED :::: level: 3 :::: size: 620 / 797 :::: Compiler calls: 57032, compilation errors: 56322, runtime errors: 29, failed runs: 668, ok runs: 0
:::: FAILED :::: level: 3 :::: size: 620 / 797 :::: Compiler calls: 57038, compilation errors: 56326, runtime errors: 29, failed runs: 669, ok runs: 0
:::: FAILED :::: level: 3 :::: size: 620 / 797 :::: Compiler calls: 57067, compilation errors: 56356, runtime errors: 29, failed runs: 670, ok runs: 0
:::: FAILED :::: level: 3 :::: size: 620 / 797 :::: Compiler calls: 57071, compilation errors: 56362, runtime errors: 29, failed runs: 671, ok runs: 0
:::: FAILED :::: level: 3 :::: size: 619 / 797 :::: Compiler calls: 57158, compilation errors: 56443, runtime errors: 29, failed runs: 672, ok runs: 0
:::: FAILED :::: level: 3 :::: size: 619 / 797 :::: Compiler calls: 57158, compilation errors: 56443, runtime errors: 29, failed runs: 673, ok runs: 0
:::: FAILED :::: level: 3 :::: size: 619 / 797 :::: Compiler calls: 57187, compilation errors: 56473, runtime errors: 29, failed runs: 674, ok runs: 0
:::: FAILED :::: level: 3 :::: size: 618 / 797 :::: Compiler calls: 57280, compilation errors: 56564, runtime errors: 29, failed runs: 675, ok runs: 0
:::: FAILED :::: level: 3 :::: size: 618 / 797 :::: Compiler calls: 57286, compilation errors: 56566, runtime errors: 29, failed runs: 676, ok runs: 0
:::: FAILED :::: level: 3 :::: size: 618 / 797 :::: Compiler calls: 57292, compilation errors: 56575, runtime errors: 29, failed runs: 677, ok runs: 0
:::: FAILED :::: level: 3 :::: size: 618 / 797 :::: Compiler calls: 57319, compilation errors: 56600, runtime errors: 29, failed runs: 678, ok runs: 0
:::: FAILED :::: level: 3 :::: size: 617 / 797 :::: Compiler calls: 57420, compilation errors: 56699, runtime errors: 29, failed runs: 679, ok runs: 0
:::: FAILED :::: level: 3 :::: size: 617 / 797 :::: Compiler calls: 57420, compilation errors: 56701, runtime errors: 29, failed runs: 680, ok runs: 0
:::: FAILED :::: level: 3 :::: size: 617 / 797 :::: Compiler calls: 57428, compilation errors: 56709, runtime errors: 29, failed runs: 681, ok runs: 0
:::: FAILED :::: level: 3 :::: size: 617 / 797 :::: Compiler calls: 57435, compilation errors: 56712, runtime errors: 29, failed runs: 682, ok runs: 0
:::: FAILED :::: level: 3 :::: size: 617 / 797 :::: Compiler calls: 57446, compilation errors: 56722, runtime errors: 29, failed runs: 683, ok runs: 0
:::: FAILED :::: level: 3 :::: size: 617 / 797 :::: Compiler calls: 57448, compilation errors: 56728, runtime errors: 29, failed runs: 684, ok runs: 0
:::: FAILED :::: level: 3 :::: size: 616 / 797 :::: Compiler calls: 57568, compilation errors: 56841, runtime errors: 29, failed runs: 685, ok runs: 0
:::: FAILED :::: level: 3 :::: size: 616 / 797 :::: Compiler calls: 57570, compilation errors: 56845, runtime errors: 29, failed runs: 686, ok runs: 0
:::: FAILED :::: level: 3 :::: size: 616 / 797 :::: Compiler calls: 57585, compilation errors: 56859, runtime errors: 29, failed runs: 687, ok runs: 0
:::: FAILED :::: level: 3 :::: size: 616 / 797 :::: Compiler calls: 57587, compilation errors: 56861, runtime errors: 29, failed runs: 688, ok runs: 0
:::: FAILED :::: level: 3 :::: size: 616 / 797 :::: Compiler calls: 57594, compilation errors: 56864, runtime errors: 29, failed runs: 689, ok runs: 0
:::: FAILED :::: level: 3 :::: size: 616 / 797 :::: Compiler calls: 57605, compilation errors: 56876, runtime errors: 29, failed runs: 690, ok runs: 0
:::: FAILED :::: level: 3 :::: size: 615 / 797 :::: Compiler calls: 57697, compilation errors: 56965, runtime errors: 29, failed runs: 691, ok runs: 0
:::: FAILED :::: level: 3 :::: size: 615 / 797 :::: Compiler calls: 57708, compilation errors: 56977, runtime errors: 29, failed runs: 692, ok runs: 0
:::: FAILED :::: level: 3 :::: size: 615 / 797 :::: Compiler calls: 57718, compilation errors: 56983, runtime errors: 29, failed runs: 693, ok runs: 0
:::: FAILED :::: level: 3 :::: size: 614 / 797 :::: Compiler calls: 57855, compilation errors: 57120, runtime errors: 29, failed runs: 694, ok runs: 0
:::: FAILED :::: level: 3 :::: size: 614 / 797 :::: Compiler calls: 57856, compilation errors: 57124, runtime errors: 29, failed runs: 695, ok runs: 0
:::: FAILED :::: level: 3 :::: size: 614 / 797 :::: Compiler calls: 57859, compilation errors: 57124, runtime errors: 29, failed runs: 696, ok runs: 0
:::: FAILED :::: level: 3 :::: size: 614 / 797 :::: Compiler calls: 57865, compilation errors: 57131, runtime errors: 29, failed runs: 697, ok runs: 0
:::: FAILED :::: level: 3 :::: size: 614 / 797 :::: Compiler calls: 57884, compilation errors: 57151, runtime errors: 29, failed runs: 698, ok runs: 0
:::: FAILED :::: level: 3 :::: size: 613 / 797 :::: Compiler calls: 58004, compilation errors: 57268, runtime errors: 29, failed runs: 699, ok runs: 0
:::: FAILED :::: level: 3 :::: size: 613 / 797 :::: Compiler calls: 58041, compilation errors: 57301, runtime errors: 29, failed runs: 700, ok runs: 0
:::: FAILED :::: level: 3 :::: size: 613 / 797 :::: Compiler calls: 58074, compilation errors: 57335, runtime errors: 29, failed runs: 701, ok runs: 0
:::: FAILED :::: level: 3 :::: size: 612 / 797 :::: Compiler calls: 58179, compilation errors: 57436, runtime errors: 29, failed runs: 702, ok runs: 0
:::: FAILED :::: level: 3 :::: size: 612 / 797 :::: Compiler calls: 58198, compilation errors: 57459, runtime errors: 29, failed runs: 703, ok runs: 0
:::: FAILED :::: level: 3 :::: size: 612 / 797 :::: Compiler calls: 58213, compilation errors: 57471, runtime errors: 29, failed runs: 704, ok runs: 0
:::: FAILED :::: level: 3 :::: size: 611 / 797 :::: Compiler calls: 58384, compilation errors: 57643, runtime errors: 29, failed runs: 705, ok runs: 0
:::: FAILED :::: level: 3 :::: size: 611 / 797 :::: Compiler calls: 58439, compilation errors: 57693, runtime errors: 29, failed runs: 706, ok runs: 0
:::: FAILED :::: level: 3 :::: size: 610 / 797 :::: Compiler calls: 58569, compilation errors: 57823, runtime errors: 29, failed runs: 707, ok runs: 0
:::: FAILED :::: level: 3 :::: size: 609 / 797 :::: Compiler calls: 59184, compilation errors: 58441, runtime errors: 29, failed runs: 708, ok runs: 0
:::: FAILED :::: level: 3 :::: size: 609 / 797 :::: Compiler calls: 59237, compilation errors: 58490, runtime errors: 29, failed runs: 709, ok runs: 0
:::: FAILED :::: level: 3 :::: size: 608 / 797 :::: Compiler calls: 59793, compilation errors: 59051, runtime errors: 29, failed runs: 710, ok runs: 0
:::: FAILED :::: level: 3 :::: size: 608 / 797 :::: Compiler calls: 59793, compilation errors: 59051, runtime errors: 29, failed runs: 711, ok runs: 0
:::: FAILED :::: level: 3 :::: size: 608 / 797 :::: Compiler calls: 59793, compilation errors: 59051, runtime errors: 29, failed runs: 712, ok runs: 0
:::: FAILED :::: level: 3 :::: size: 608 / 797 :::: Compiler calls: 59793, compilation errors: 59051, runtime errors: 29, failed runs: 713, ok runs: 0
:::: FAILED :::: level: 3 :::: size: 607 / 797 :::: Compiler calls: 60401, compilation errors: 59656, runtime errors: 29, failed runs: 714, ok runs: 0
:::: FAILED :::: level: 3 :::: size: 607 / 797 :::: Compiler calls: 60401, compilation errors: 59656, runtime errors: 29, failed runs: 715, ok runs: 0
:::: FAILED :::: level: 3 :::: size: 607 / 797 :::: Compiler calls: 60401, compilation errors: 59656, runtime errors: 29, failed runs: 716, ok runs: 0
:::: FAILED :::: level: 3 :::: size: 606 / 797 :::: Compiler calls: 61008, compilation errors: 60261, runtime errors: 29, failed runs: 717, ok runs: 0
:::: FAILED :::: level: 3 :::: size: 606 / 797 :::: Compiler calls: 61022, compilation errors: 60268, runtime errors: 29, failed runs: 718, ok runs: 0
:::: FAILED :::: level: 3 :::: size: 605 / 797 :::: Compiler calls: 61614, compilation errors: 60866, runtime errors: 29, failed runs: 719, ok runs: 0
Level 3 took 118042ms
01111111111111100011111101111110111111011111101011010101110111011101101110111011110111111011111011101010111110101111110101101110111101101101110111011011011011110110111001101101110111011101101101101101110111101111011011011111111011101111101011101101101111001111011111111101110011110110111101111011101111110011010101111101111011011101110111100101111111101011111010011111100111011110111111110011111110111101110110011101110101110111111100111011101101110111100110111111011111011001100111100101111101001111110110111110100011011111101101111011011011100111111010101111111111101011101111011110111111111011011111011101111111000111111101110111101011111110010011111001101110111011011101101110110111001111110101101110111111111111111111001111111101111010111011011111111111111111111111111111111111011110110111101
Fixed 605 active nodes and 0 free nodes guaranteed by them.
Discarded 192 active fragments. 192 fragments, including dependent nodes
############## After level 3 there are 4063 / 5112 fragments left :::: Compiler calls: 62219, compilation errors: 61471, runtime errors: 29, failed runs: 719, ok runs: 0
############## EXECUTING LVL 4 with 339 active fragments ##############
:::: FAILED :::: level: 4 :::: size: 334 / 339 :::: Compiler calls: 62313, compilation errors: 61552, runtime errors: 29, failed runs: 720, ok runs: 0
:::: FAILED :::: level: 4 :::: size: 329 / 339 :::: Compiler calls: 62380, compilation errors: 61630, runtime errors: 29, failed runs: 721, ok runs: 0
:::: FAILED :::: level: 4 :::: size: 324 / 339 :::: Compiler calls: 62442, compilation errors: 61689, runtime errors: 29, failed runs: 722, ok runs: 0
:::: FAILED :::: level: 4 :::: size: 321 / 339 :::: Compiler calls: 62548, compilation errors: 61783, runtime errors: 29, failed runs: 723, ok runs: 0
:::: FAILED :::: level: 4 :::: size: 321 / 339 :::: Compiler calls: 62563, compilation errors: 61798, runtime errors: 29, failed runs: 724, ok runs: 0
:::: FAILED :::: level: 4 :::: size: 321 / 339 :::: Compiler calls: 62566, compilation errors: 61800, runtime errors: 29, failed runs: 725, ok runs: 0
:::: FAILED :::: level: 4 :::: size: 318 / 339 :::: Compiler calls: 62583, compilation errors: 61813, runtime errors: 29, failed runs: 726, ok runs: 0
:::: FAILED :::: level: 4 :::: size: 315 / 339 :::: Compiler calls: 62627, compilation errors: 61858, runtime errors: 29, failed runs: 727, ok runs: 0
:::: FAILED :::: level: 4 :::: size: 313 / 339 :::: Compiler calls: 62709, compilation errors: 61940, runtime errors: 29, failed runs: 728, ok runs: 0
:::: FAILED :::: level: 4 :::: size: 313 / 339 :::: Compiler calls: 62715, compilation errors: 61944, runtime errors: 29, failed runs: 729, ok runs: 0
:::: FAILED :::: level: 4 :::: size: 313 / 339 :::: Compiler calls: 62738, compilation errors: 61965, runtime errors: 29, failed runs: 730, ok runs: 0
:::: FAILED :::: level: 4 :::: size: 311 / 339 :::: Compiler calls: 62790, compilation errors: 62017, runtime errors: 29, failed runs: 731, ok runs: 0
:::: FAILED :::: level: 4 :::: size: 310 / 339 :::: Compiler calls: 62801, compilation errors: 62028, runtime errors: 29, failed runs: 732, ok runs: 0
:::: FAILED :::: level: 4 :::: size: 311 / 339 :::: Compiler calls: 62809, compilation errors: 62039, runtime errors: 29, failed runs: 733, ok runs: 0
:::: FAILED :::: level: 4 :::: size: 311 / 339 :::: Compiler calls: 62817, compilation errors: 62045, runtime errors: 29, failed runs: 734, ok runs: 0
:::: FAILED :::: level: 4 :::: size: 308 / 339 :::: Compiler calls: 62875, compilation errors: 62097, runtime errors: 29, failed runs: 735, ok runs: 0
:::: FAILED :::: level: 4 :::: size: 309 / 339 :::: Compiler calls: 62884, compilation errors: 62108, runtime errors: 29, failed runs: 736, ok runs: 0
:::: FAILED :::: level: 4 :::: size: 309 / 339 :::: Compiler calls: 62899, compilation errors: 62120, runtime errors: 29, failed runs: 737, ok runs: 0
:::: FAILED :::: level: 4 :::: size: 306 / 339 :::: Compiler calls: 62963, compilation errors: 62184, runtime errors: 29, failed runs: 738, ok runs: 0
:::: FAILED :::: level: 4 :::: size: 306 / 339 :::: Compiler calls: 62990, compilation errors: 62208, runtime errors: 29, failed runs: 739, ok runs: 0
:::: FAILED :::: level: 4 :::: size: 303 / 339 :::: Compiler calls: 63052, compilation errors: 62269, runtime errors: 29, failed runs: 740, ok runs: 0
:::: FAILED :::: level: 4 :::: size: 304 / 339 :::: Compiler calls: 63069, compilation errors: 62288, runtime errors: 29, failed runs: 741, ok runs: 0
:::: FAILED :::: level: 4 :::: size: 301 / 339 :::: Compiler calls: 63152, compilation errors: 62367, runtime errors: 29, failed runs: 742, ok runs: 0
:::: FAILED :::: level: 4 :::: size: 299 / 339 :::: Compiler calls: 63238, compilation errors: 62455, runtime errors: 29, failed runs: 743, ok runs: 0
:::: FAILED :::: level: 4 :::: size: 296 / 339 :::: Compiler calls: 63355, compilation errors: 62574, runtime errors: 29, failed runs: 744, ok runs: 0
:::: FAILED :::: level: 4 :::: size: 297 / 339 :::: Compiler calls: 63368, compilation errors: 62584, runtime errors: 29, failed runs: 745, ok runs: 0
:::: FAILED :::: level: 4 :::: size: 296 / 339 :::: Compiler calls: 63373, compilation errors: 62586, runtime errors: 29, failed runs: 746, ok runs: 0
:::: FAILED :::: level: 4 :::: size: 296 / 339 :::: Compiler calls: 63376, compilation errors: 62587, runtime errors: 29, failed runs: 747, ok runs: 0
:::: FAILED :::: level: 4 :::: size: 294 / 339 :::: Compiler calls: 63466, compilation errors: 62679, runtime errors: 29, failed runs: 748, ok runs: 0
:::: FAILED :::: level: 4 :::: size: 291 / 339 :::: Compiler calls: 63576, compilation errors: 62793, runtime errors: 29, failed runs: 749, ok runs: 0
:::: FAILED :::: level: 4 :::: size: 292 / 339 :::: Compiler calls: 63583, compilation errors: 62795, runtime errors: 29, failed runs: 750, ok runs: 0
:::: FAILED :::: level: 4 :::: size: 291 / 339 :::: Compiler calls: 63597, compilation errors: 62805, runtime errors: 29, failed runs: 751, ok runs: 0
:::: FAILED :::: level: 4 :::: size: 289 / 339 :::: Compiler calls: 63685, compilation errors: 62901, runtime errors: 29, failed runs: 752, ok runs: 0
:::: FAILED :::: level: 4 :::: size: 288 / 339 :::: Compiler calls: 63697, compilation errors: 62906, runtime errors: 29, failed runs: 753, ok runs: 0
:::: FAILED :::: level: 4 :::: size: 286 / 339 :::: Compiler calls: 63793, compilation errors: 63010, runtime errors: 29, failed runs: 754, ok runs: 0
:::: FAILED :::: level: 4 :::: size: 283 / 339 :::: Compiler calls: 63900, compilation errors: 63113, runtime errors: 29, failed runs: 755, ok runs: 0
:::: FAILED :::: level: 4 :::: size: 281 / 339 :::: Compiler calls: 64006, compilation errors: 63213, runtime errors: 29, failed runs: 756, ok runs: 0
:::: FAILED :::: level: 4 :::: size: 280 / 339 :::: Compiler calls: 64027, compilation errors: 63227, runtime errors: 29, failed runs: 757, ok runs: 0
:::: FAILED :::: level: 4 :::: size: 281 / 339 :::: Compiler calls: 64027, compilation errors: 63228, runtime errors: 29, failed runs: 758, ok runs: 0
:::: FAILED :::: level: 4 :::: size: 278 / 339 :::: Compiler calls: 64111, compilation errors: 63318, runtime errors: 29, failed runs: 759, ok runs: 0
:::: FAILED :::: level: 4 :::: size: 276 / 339 :::: Compiler calls: 64215, compilation errors: 63422, runtime errors: 29, failed runs: 760, ok runs: 0
:::: FAILED :::: level: 4 :::: size: 275 / 339 :::: Compiler calls: 64356, compilation errors: 63552, runtime errors: 29, failed runs: 761, ok runs: 0
:::: FAILED :::: level: 4 :::: size: 275 / 339 :::: Compiler calls: 64367, compilation errors: 63562, runtime errors: 29, failed runs: 762, ok runs: 0
:::: FAILED :::: level: 4 :::: size: 275 / 339 :::: Compiler calls: 64367, compilation errors: 63565, runtime errors: 29, failed runs: 763, ok runs: 0
:::: FAILED :::: level: 4 :::: size: 275 / 339 :::: Compiler calls: 64373, compilation errors: 63569, runtime errors: 29, failed runs: 764, ok runs: 0
:::: FAILED :::: level: 4 :::: size: 274 / 339 :::: Compiler calls: 64389, compilation errors: 63583, runtime errors: 29, failed runs: 765, ok runs: 0
:::: FAILED :::: level: 4 :::: size: 273 / 339 :::: Compiler calls: 64427, compilation errors: 63618, runtime errors: 29, failed runs: 766, ok runs: 0
:::: FAILED :::: level: 4 :::: size: 273 / 339 :::: Compiler calls: 64433, compilation errors: 63623, runtime errors: 29, failed runs: 767, ok runs: 0
:::: FAILED :::: level: 4 :::: size: 273 / 339 :::: Compiler calls: 64439, compilation errors: 63629, runtime errors: 29, failed runs: 768, ok runs: 0
:::: FAILED :::: level: 4 :::: size: 272 / 339 :::: Compiler calls: 64467, compilation errors: 63654, runtime errors: 29, failed runs: 769, ok runs: 0
:::: FAILED :::: level: 4 :::: size: 272 / 339 :::: Compiler calls: 64468, compilation errors: 63655, runtime errors: 29, failed runs: 770, ok runs: 0
:::: FAILED :::: level: 4 :::: size: 272 / 339 :::: Compiler calls: 64468, compilation errors: 63655, runtime errors: 29, failed runs: 771, ok runs: 0
:::: FAILED :::: level: 4 :::: size: 272 / 339 :::: Compiler calls: 64474, compilation errors: 63660, runtime errors: 29, failed runs: 772, ok runs: 0
:::: FAILED :::: level: 4 :::: size: 271 / 339 :::: Compiler calls: 64506, compilation errors: 63689, runtime errors: 29, failed runs: 773, ok runs: 0
:::: FAILED :::: level: 4 :::: size: 271 / 339 :::: Compiler calls: 64507, compilation errors: 63691, runtime errors: 29, failed runs: 774, ok runs: 0
:::: FAILED :::: level: 4 :::: size: 271 / 339 :::: Compiler calls: 64512, compilation errors: 63698, runtime errors: 29, failed runs: 775, ok runs: 0
:::: FAILED :::: level: 4 :::: size: 271 / 339 :::: Compiler calls: 64524, compilation errors: 63707, runtime errors: 29, failed runs: 776, ok runs: 0
:::: FAILED :::: level: 4 :::: size: 270 / 339 :::: Compiler calls: 64545, compilation errors: 63725, runtime errors: 29, failed runs: 777, ok runs: 0
:::: FAILED :::: level: 4 :::: size: 270 / 339 :::: Compiler calls: 64553, compilation errors: 63733, runtime errors: 29, failed runs: 778, ok runs: 0
:::: FAILED :::: level: 4 :::: size: 270 / 339 :::: Compiler calls: 64570, compilation errors: 63750, runtime errors: 29, failed runs: 779, ok runs: 0
:::: FAILED :::: level: 4 :::: size: 270 / 339 :::: Compiler calls: 64579, compilation errors: 63755, runtime errors: 29, failed runs: 780, ok runs: 0
:::: FAILED :::: level: 4 :::: size: 269 / 339 :::: Compiler calls: 64587, compilation errors: 63764, runtime errors: 29, failed runs: 781, ok runs: 0
:::: FAILED :::: level: 4 :::: size: 269 / 339 :::: Compiler calls: 64589, compilation errors: 63765, runtime errors: 29, failed runs: 782, ok runs: 0
:::: FAILED :::: level: 4 :::: size: 269 / 339 :::: Compiler calls: 64593, compilation errors: 63769, runtime errors: 29, failed runs: 783, ok runs: 0
:::: FAILED :::: level: 4 :::: size: 269 / 339 :::: Compiler calls: 64602, compilation errors: 63775, runtime errors: 29, failed runs: 784, ok runs: 0
:::: FAILED :::: level: 4 :::: size: 269 / 339 :::: Compiler calls: 64630, compilation errors: 63801, runtime errors: 29, failed runs: 785, ok runs: 0
:::: FAILED :::: level: 4 :::: size: 268 / 339 :::: Compiler calls: 64637, compilation errors: 63807, runtime errors: 29, failed runs: 786, ok runs: 0
:::: FAILED :::: level: 4 :::: size: 268 / 339 :::: Compiler calls: 64637, compilation errors: 63809, runtime errors: 29, failed runs: 787, ok runs: 0
:::: FAILED :::: level: 4 :::: size: 268 / 339 :::: Compiler calls: 64637, compilation errors: 63809, runtime errors: 29, failed runs: 788, ok runs: 0
:::: FAILED :::: level: 4 :::: size: 268 / 339 :::: Compiler calls: 64637, compilation errors: 63809, runtime errors: 29, failed runs: 789, ok runs: 0
:::: FAILED :::: level: 4 :::: size: 268 / 339 :::: Compiler calls: 64640, compilation errors: 63809, runtime errors: 29, failed runs: 790, ok runs: 0
:::: FAILED :::: level: 4 :::: size: 268 / 339 :::: Compiler calls: 64645, compilation errors: 63814, runtime errors: 29, failed runs: 791, ok runs: 0
:::: FAILED :::: level: 4 :::: size: 268 / 339 :::: Compiler calls: 64656, compilation errors: 63823, runtime errors: 29, failed runs: 792, ok runs: 0
:::: FAILED :::: level: 4 :::: size: 268 / 339 :::: Compiler calls: 64669, compilation errors: 63833, runtime errors: 29, failed runs: 793, ok runs: 0
:::: FAILED :::: level: 4 :::: size: 267 / 339 :::: Compiler calls: 64683, compilation errors: 63846, runtime errors: 29, failed runs: 794, ok runs: 0
:::: FAILED :::: level: 4 :::: size: 267 / 339 :::: Compiler calls: 64684, compilation errors: 63847, runtime errors: 29, failed runs: 795, ok runs: 0
:::: FAILED :::: level: 4 :::: size: 267 / 339 :::: Compiler calls: 64688, compilation errors: 63851, runtime errors: 29, failed runs: 796, ok runs: 0
:::: FAILED :::: level: 4 :::: size: 267 / 339 :::: Compiler calls: 64694, compilation errors: 63855, runtime errors: 29, failed runs: 797, ok runs: 0
:::: FAILED :::: level: 4 :::: size: 267 / 339 :::: Compiler calls: 64697, compilation errors: 63857, runtime errors: 29, failed runs: 798, ok runs: 0
:::: FAILED :::: level: 4 :::: size: 267 / 339 :::: Compiler calls: 64706, compilation errors: 63864, runtime errors: 29, failed runs: 799, ok runs: 0
:::: FAILED :::: level: 4 :::: size: 266 / 339 :::: Compiler calls: 64727, compilation errors: 63886, runtime errors: 29, failed runs: 800, ok runs: 0
:::: FAILED :::: level: 4 :::: size: 266 / 339 :::: Compiler calls: 64743, compilation errors: 63900, runtime errors: 29, failed runs: 801, ok runs: 0
:::: FAILED :::: level: 4 :::: size: 266 / 339 :::: Compiler calls: 64743, compilation errors: 63900, runtime errors: 29, failed runs: 802, ok runs: 0
:::: FAILED :::: level: 4 :::: size: 266 / 339 :::: Compiler calls: 64747, compilation errors: 63905, runtime errors: 29, failed runs: 803, ok runs: 0
:::: FAILED :::: level: 4 :::: size: 265 / 339 :::: Compiler calls: 64773, compilation errors: 63926, runtime errors: 29, failed runs: 804, ok runs: 0
:::: FAILED :::: level: 4 :::: size: 265 / 339 :::: Compiler calls: 64788, compilation errors: 63942, runtime errors: 29, failed runs: 805, ok runs: 0
:::: FAILED :::: level: 4 :::: size: 265 / 339 :::: Compiler calls: 64802, compilation errors: 63955, runtime errors: 29, failed runs: 806, ok runs: 0
:::: FAILED :::: level: 4 :::: size: 264 / 339 :::: Compiler calls: 64818, compilation errors: 63970, runtime errors: 29, failed runs: 807, ok runs: 0
:::: FAILED :::: level: 4 :::: size: 264 / 339 :::: Compiler calls: 64834, compilation errors: 63984, runtime errors: 29, failed runs: 808, ok runs: 0
:::: FAILED :::: level: 4 :::: size: 264 / 339 :::: Compiler calls: 64840, compilation errors: 63990, runtime errors: 29, failed runs: 809, ok runs: 0
:::: FAILED :::: level: 4 :::: size: 264 / 339 :::: Compiler calls: 64842, compilation errors: 63992, runtime errors: 29, failed runs: 810, ok runs: 0
:::: FAILED :::: level: 4 :::: size: 263 / 339 :::: Compiler calls: 64871, compilation errors: 64017, runtime errors: 29, failed runs: 811, ok runs: 0
:::: FAILED :::: level: 4 :::: size: 263 / 339 :::: Compiler calls: 64871, compilation errors: 64019, runtime errors: 29, failed runs: 812, ok runs: 0
:::: FAILED :::: level: 4 :::: size: 263 / 339 :::: Compiler calls: 64892, compilation errors: 64036, runtime errors: 29, failed runs: 813, ok runs: 0
:::: FAILED :::: level: 4 :::: size: 263 / 339 :::: Compiler calls: 64909, compilation errors: 64051, runtime errors: 29, failed runs: 814, ok runs: 0
:::: FAILED :::: level: 4 :::: size: 262 / 339 :::: Compiler calls: 64925, compilation errors: 64068, runtime errors: 29, failed runs: 815, ok runs: 0
:::: FAILED :::: level: 4 :::: size: 262 / 339 :::: Compiler calls: 64931, compilation errors: 64073, runtime errors: 29, failed runs: 816, ok runs: 0
:::: FAILED :::: level: 4 :::: size: 262 / 339 :::: Compiler calls: 64937, compilation errors: 64083, runtime errors: 29, failed runs: 817, ok runs: 0
:::: FAILED :::: level: 4 :::: size: 261 / 339 :::: Compiler calls: 64972, compilation errors: 64111, runtime errors: 29, failed runs: 818, ok runs: 0
:::: FAILED :::: level: 4 :::: size: 261 / 339 :::: Compiler calls: 64984, compilation errors: 64122, runtime errors: 29, failed runs: 819, ok runs: 0
:::: FAILED :::: level: 4 :::: size: 261 / 339 :::: Compiler calls: 64987, compilation errors: 64123, runtime errors: 29, failed runs: 820, ok runs: 0
:::: FAILED :::: level: 4 :::: size: 260 / 339 :::: Compiler calls: 65041, compilation errors: 64178, runtime errors: 29, failed runs: 821, ok runs: 0
:::: FAILED :::: level: 4 :::: size: 260 / 339 :::: Compiler calls: 65048, compilation errors: 64182, runtime errors: 29, failed runs: 822, ok runs: 0
:::: FAILED :::: level: 4 :::: size: 260 / 339 :::: Compiler calls: 65059, compilation errors: 64194, runtime errors: 29, failed runs: 823, ok runs: 0
:::: FAILED :::: level: 4 :::: size: 260 / 339 :::: Compiler calls: 65061, compilation errors: 64196, runtime errors: 29, failed runs: 825, ok runs: 0
:::: FAILED :::: level: 4 :::: size: 260 / 339 :::: Compiler calls: 65059, compilation errors: 64194, runtime errors: 29, failed runs: 824, ok runs: 0
:::: FAILED :::: level: 4 :::: size: 259 / 339 :::: Compiler calls: 65100, compilation errors: 64232, runtime errors: 29, failed runs: 826, ok runs: 0
:::: FAILED :::: level: 4 :::: size: 259 / 339 :::: Compiler calls: 65102, compilation errors: 64232, runtime errors: 29, failed runs: 827, ok runs: 0
:::: FAILED :::: level: 4 :::: size: 259 / 339 :::: Compiler calls: 65104, compilation errors: 64232, runtime errors: 29, failed runs: 828, ok runs: 0
:::: FAILED :::: level: 4 :::: size: 259 / 339 :::: Compiler calls: 65105, compilation errors: 64232, runtime errors: 29, failed runs: 829, ok runs: 0
:::: FAILED :::: level: 4 :::: size: 259 / 339 :::: Compiler calls: 65118, compilation errors: 64248, runtime errors: 29, failed runs: 830, ok runs: 0
:::: FAILED :::: level: 4 :::: size: 258 / 339 :::: Compiler calls: 65161, compilation errors: 64287, runtime errors: 29, failed runs: 831, ok runs: 0
:::: FAILED :::: level: 4 :::: size: 258 / 339 :::: Compiler calls: 65162, compilation errors: 64288, runtime errors: 29, failed runs: 832, ok runs: 0
:::: FAILED :::: level: 4 :::: size: 258 / 339 :::: Compiler calls: 65167, compilation errors: 64292, runtime errors: 29, failed runs: 833, ok runs: 0
:::: FAILED :::: level: 4 :::: size: 258 / 339 :::: Compiler calls: 65169, compilation errors: 64292, runtime errors: 29, failed runs: 834, ok runs: 0
:::: FAILED :::: level: 4 :::: size: 257 / 339 :::: Compiler calls: 65215, compilation errors: 64338, runtime errors: 29, failed runs: 835, ok runs: 0
:::: FAILED :::: level: 4 :::: size: 257 / 339 :::: Compiler calls: 65257, compilation errors: 64378, runtime errors: 29, failed runs: 836, ok runs: 0
:::: FAILED :::: level: 4 :::: size: 256 / 339 :::: Compiler calls: 65282, compilation errors: 64401, runtime errors: 29, failed runs: 837, ok runs: 0
:::: FAILED :::: level: 4 :::: size: 255 / 339 :::: Compiler calls: 65282, compilation errors: 64401, runtime errors: 29, failed runs: 838, ok runs: 0
:::: FAILED :::: level: 4 :::: size: 256 / 339 :::: Compiler calls: 65284, compilation errors: 64402, runtime errors: 29, failed runs: 839, ok runs: 0
:::: FAILED :::: level: 4 :::: size: 256 / 339 :::: Compiler calls: 65285, compilation errors: 64402, runtime errors: 29, failed runs: 840, ok runs: 0
:::: FAILED :::: level: 4 :::: size: 256 / 339 :::: Compiler calls: 65298, compilation errors: 64417, runtime errors: 29, failed runs: 841, ok runs: 0
:::: FAILED :::: level: 4 :::: size: 255 / 339 :::: Compiler calls: 65342, compilation errors: 64456, runtime errors: 29, failed runs: 842, ok runs: 0
:::: FAILED :::: level: 4 :::: size: 254 / 339 :::: Compiler calls: 65406, compilation errors: 64520, runtime errors: 29, failed runs: 843, ok runs: 0
:::: FAILED :::: level: 4 :::: size: 254 / 339 :::: Compiler calls: 65417, compilation errors: 64531, runtime errors: 29, failed runs: 844, ok runs: 0
:::: FAILED :::: level: 4 :::: size: 253 / 339 :::: Compiler calls: 65469, compilation errors: 64580, runtime errors: 29, failed runs: 845, ok runs: 0
:::: FAILED :::: level: 4 :::: size: 253 / 339 :::: Compiler calls: 65479, compilation errors: 64592, runtime errors: 29, failed runs: 846, ok runs: 0
:::: FAILED :::: level: 4 :::: size: 252 / 339 :::: Compiler calls: 65533, compilation errors: 64642, runtime errors: 29, failed runs: 847, ok runs: 0
:::: FAILED :::: level: 4 :::: size: 251 / 339 :::: Compiler calls: 65542, compilation errors: 64653, runtime errors: 29, failed runs: 848, ok runs: 0
:::: FAILED :::: level: 4 :::: size: 252 / 339 :::: Compiler calls: 65549, compilation errors: 64658, runtime errors: 29, failed runs: 849, ok runs: 0
:::: FAILED :::: level: 4 :::: size: 251 / 339 :::: Compiler calls: 65598, compilation errors: 64706, runtime errors: 29, failed runs: 850, ok runs: 0
:::: FAILED :::: level: 4 :::: size: 251 / 339 :::: Compiler calls: 65625, compilation errors: 64732, runtime errors: 29, failed runs: 851, ok runs: 0
:::: FAILED :::: level: 4 :::: size: 249 / 339 :::: Compiler calls: 65661, compilation errors: 64767, runtime errors: 29, failed runs: 852, ok runs: 0
:::: FAILED :::: level: 4 :::: size: 250 / 339 :::: Compiler calls: 65690, compilation errors: 64796, runtime errors: 29, failed runs: 853, ok runs: 0
:::: FAILED :::: level: 4 :::: size: 248 / 339 :::: Compiler calls: 65765, compilation errors: 64870, runtime errors: 29, failed runs: 854, ok runs: 0
:::: FAILED :::: level: 4 :::: size: 248 / 339 :::: Compiler calls: 65770, compilation errors: 64873, runtime errors: 29, failed runs: 855, ok runs: 0
:::: FAILED :::: level: 4 :::: size: 248 / 339 :::: Compiler calls: 65772, compilation errors: 64873, runtime errors: 29, failed runs: 856, ok runs: 0
:::: FAILED :::: level: 4 :::: size: 247 / 339 :::: Compiler calls: 65849, compilation errors: 64949, runtime errors: 29, failed runs: 857, ok runs: 0
:::: FAILED :::: level: 4 :::: size: 247 / 339 :::: Compiler calls: 65871, compilation errors: 64970, runtime errors: 29, failed runs: 858, ok runs: 0
:::: FAILED :::: level: 4 :::: size: 245 / 339 :::: Compiler calls: 65918, compilation errors: 65017, runtime errors: 29, failed runs: 859, ok runs: 0
:::: FAILED :::: level: 4 :::: size: 246 / 339 :::: Compiler calls: 65940, compilation errors: 65036, runtime errors: 29, failed runs: 860, ok runs: 0
:::: FAILED :::: level: 4 :::: size: 244 / 339 :::: Compiler calls: 66001, compilation errors: 65101, runtime errors: 29, failed runs: 861, ok runs: 0
:::: FAILED :::: level: 4 :::: size: 244 / 339 :::: Compiler calls: 66013, compilation errors: 65112, runtime errors: 29, failed runs: 862, ok runs: 0
:::: FAILED :::: level: 4 :::: size: 244 / 339 :::: Compiler calls: 66033, compilation errors: 65128, runtime errors: 29, failed runs: 863, ok runs: 0
:::: FAILED :::: level: 4 :::: size: 244 / 339 :::: Compiler calls: 66047, compilation errors: 65139, runtime errors: 29, failed runs: 864, ok runs: 0
:::: FAILED :::: level: 4 :::: size: 243 / 339 :::: Compiler calls: 66100, compilation errors: 65193, runtime errors: 29, failed runs: 865, ok runs: 0
:::: FAILED :::: level: 4 :::: size: 243 / 339 :::: Compiler calls: 66105, compilation errors: 65198, runtime errors: 29, failed runs: 866, ok runs: 0
:::: FAILED :::: level: 4 :::: size: 243 / 339 :::: Compiler calls: 66112, compilation errors: 65204, runtime errors: 29, failed runs: 867, ok runs: 0
:::: FAILED :::: level: 4 :::: size: 243 / 339 :::: Compiler calls: 66118, compilation errors: 65213, runtime errors: 29, failed runs: 868, ok runs: 0
:::: FAILED :::: level: 4 :::: size: 243 / 339 :::: Compiler calls: 66137, compilation errors: 65224, runtime errors: 29, failed runs: 869, ok runs: 0
:::: FAILED :::: level: 4 :::: size: 241 / 339 :::: Compiler calls: 66166, compilation errors: 65252, runtime errors: 29, failed runs: 870, ok runs: 0
:::: FAILED :::: level: 4 :::: size: 242 / 339 :::: Compiler calls: 66171, compilation errors: 65261, runtime errors: 29, failed runs: 871, ok runs: 0
:::: FAILED :::: level: 4 :::: size: 240 / 339 :::: Compiler calls: 66235, compilation errors: 65320, runtime errors: 29, failed runs: 872, ok runs: 0
:::: FAILED :::: level: 4 :::: size: 239 / 339 :::: Compiler calls: 66238, compilation errors: 65323, runtime errors: 29, failed runs: 873, ok runs: 0
:::: FAILED :::: level: 4 :::: size: 239 / 339 :::: Compiler calls: 66314, compilation errors: 65398, runtime errors: 29, failed runs: 874, ok runs: 0
:::: FAILED :::: level: 4 :::: size: 238 / 339 :::: Compiler calls: 66318, compilation errors: 65402, runtime errors: 29, failed runs: 875, ok runs: 0
:::: FAILED :::: level: 4 :::: size: 238 / 339 :::: Compiler calls: 66327, compilation errors: 65411, runtime errors: 29, failed runs: 876, ok runs: 0
:::: FAILED :::: level: 4 :::: size: 237 / 339 :::: Compiler calls: 66388, compilation errors: 65473, runtime errors: 29, failed runs: 877, ok runs: 0
:::: FAILED :::: level: 4 :::: size: 238 / 339 :::: Compiler calls: 66418, compilation errors: 65498, runtime errors: 29, failed runs: 878, ok runs: 0
:::: FAILED :::: level: 4 :::: size: 236 / 339 :::: Compiler calls: 66476, compilation errors: 65556, runtime errors: 29, failed runs: 879, ok runs: 0
:::: FAILED :::: level: 4 :::: size: 236 / 339 :::: Compiler calls: 66514, compilation errors: 65593, runtime errors: 29, failed runs: 880, ok runs: 0
:::: FAILED :::: level: 4 :::: size: 235 / 339 :::: Compiler calls: 66565, compilation errors: 65640, runtime errors: 29, failed runs: 881, ok runs: 0
:::: FAILED :::: level: 4 :::: size: 233 / 339 :::: Compiler calls: 66635, compilation errors: 65711, runtime errors: 29, failed runs: 882, ok runs: 0
:::: FAILED :::: level: 4 :::: size: 233 / 339 :::: Compiler calls: 66653, compilation errors: 65730, runtime errors: 29, failed runs: 883, ok runs: 0
:::: FAILED :::: level: 4 :::: size: 231 / 339 :::: Compiler calls: 66718, compilation errors: 65794, runtime errors: 29, failed runs: 884, ok runs: 0
:::: FAILED :::: level: 4 :::: size: 230 / 339 :::: Compiler calls: 66814, compilation errors: 65888, runtime errors: 29, failed runs: 885, ok runs: 0
:::: FAILED :::: level: 4 :::: size: 230 / 339 :::: Compiler calls: 66823, compilation errors: 65897, runtime errors: 29, failed runs: 886, ok runs: 0
:::: FAILED :::: level: 4 :::: size: 230 / 339 :::: Compiler calls: 66837, compilation errors: 65908, runtime errors: 29, failed runs: 887, ok runs: 0
:::: FAILED :::: level: 4 :::: size: 230 / 339 :::: Compiler calls: 66839, compilation errors: 65910, runtime errors: 29, failed runs: 888, ok runs: 0
:::: FAILED :::: level: 4 :::: size: 230 / 339 :::: Compiler calls: 66855, compilation errors: 65923, runtime errors: 29, failed runs: 889, ok runs: 0
:::: FAILED :::: level: 4 :::: size: 229 / 339 :::: Compiler calls: 66902, compilation errors: 65970, runtime errors: 29, failed runs: 890, ok runs: 0
:::: FAILED :::: level: 4 :::: size: 229 / 339 :::: Compiler calls: 66906, compilation errors: 65973, runtime errors: 29, failed runs: 891, ok runs: 0
:::: FAILED :::: level: 4 :::: size: 229 / 339 :::: Compiler calls: 66911, compilation errors: 65979, runtime errors: 29, failed runs: 892, ok runs: 0
:::: FAILED :::: level: 4 :::: size: 227 / 339 :::: Compiler calls: 66971, compilation errors: 66035, runtime errors: 29, failed runs: 893, ok runs: 0
:::: FAILED :::: level: 4 :::: size: 226 / 339 :::: Compiler calls: 67071, compilation errors: 66133, runtime errors: 29, failed runs: 894, ok runs: 0
:::: FAILED :::: level: 4 :::: size: 226 / 339 :::: Compiler calls: 67074, compilation errors: 66138, runtime errors: 29, failed runs: 895, ok runs: 0
:::: FAILED :::: level: 4 :::: size: 226 / 339 :::: Compiler calls: 67085, compilation errors: 66147, runtime errors: 29, failed runs: 896, ok runs: 0
:::: FAILED :::: level: 4 :::: size: 225 / 339 :::: Compiler calls: 67165, compilation errors: 66225, runtime errors: 29, failed runs: 897, ok runs: 0
:::: FAILED :::: level: 4 :::: size: 224 / 339 :::: Compiler calls: 67245, compilation errors: 66306, runtime errors: 29, failed runs: 898, ok runs: 0
:::: FAILED :::: level: 4 :::: size: 222 / 339 :::: Compiler calls: 67334, compilation errors: 66391, runtime errors: 29, failed runs: 899, ok runs: 0
:::: FAILED :::: level: 4 :::: size: 222 / 339 :::: Compiler calls: 67334, compilation errors: 66393, runtime errors: 29, failed runs: 900, ok runs: 0
:::: FAILED :::: level: 4 :::: size: 220 / 339 :::: Compiler calls: 67431, compilation errors: 66488, runtime errors: 29, failed runs: 901, ok runs: 0
:::: FAILED :::: level: 4 :::: size: 221 / 339 :::: Compiler calls: 67435, compilation errors: 66492, runtime errors: 29, failed runs: 902, ok runs: 0
:::: FAILED :::: level: 4 :::: size: 219 / 339 :::: Compiler calls: 67545, compilation errors: 66601, runtime errors: 29, failed runs: 903, ok runs: 0
:::: FAILED :::: level: 4 :::: size: 219 / 339 :::: Compiler calls: 67547, compilation errors: 66603, runtime errors: 29, failed runs: 904, ok runs: 0
:::: FAILED :::: level: 4 :::: size: 219 / 339 :::: Compiler calls: 67552, compilation errors: 66603, runtime errors: 29, failed runs: 905, ok runs: 0
:::: FAILED :::: level: 4 :::: size: 219 / 339 :::: Compiler calls: 67589, compilation errors: 66642, runtime errors: 29, failed runs: 906, ok runs: 0
:::: FAILED :::: level: 4 :::: size: 218 / 339 :::: Compiler calls: 67633, compilation errors: 66683, runtime errors: 29, failed runs: 907, ok runs: 0
:::: FAILED :::: level: 4 :::: size: 218 / 339 :::: Compiler calls: 67636, compilation errors: 66684, runtime errors: 29, failed runs: 908, ok runs: 0
:::: FAILED :::: level: 4 :::: size: 216 / 339 :::: Compiler calls: 67728, compilation errors: 66776, runtime errors: 29, failed runs: 909, ok runs: 0
:::: FAILED :::: level: 4 :::: size: 217 / 339 :::: Compiler calls: 67728, compilation errors: 66778, runtime errors: 29, failed runs: 910, ok runs: 0
:::: FAILED :::: level: 4 :::: size: 215 / 339 :::: Compiler calls: 67810, compilation errors: 66857, runtime errors: 29, failed runs: 911, ok runs: 0
:::: FAILED :::: level: 4 :::: size: 215 / 339 :::: Compiler calls: 67815, compilation errors: 66861, runtime errors: 29, failed runs: 912, ok runs: 0
:::: FAILED :::: level: 4 :::: size: 214 / 339 :::: Compiler calls: 67905, compilation errors: 66953, runtime errors: 29, failed runs: 913, ok runs: 0
:::: FAILED :::: level: 4 :::: size: 214 / 339 :::: Compiler calls: 67915, compilation errors: 66959, runtime errors: 29, failed runs: 914, ok runs: 0
:::: FAILED :::: level: 4 :::: size: 214 / 339 :::: Compiler calls: 67937, compilation errors: 66981, runtime errors: 29, failed runs: 915, ok runs: 0
:::: FAILED :::: level: 4 :::: size: 213 / 339 :::: Compiler calls: 68019, compilation errors: 67059, runtime errors: 29, failed runs: 916, ok runs: 0
:::: FAILED :::: level: 4 :::: size: 213 / 339 :::: Compiler calls: 68020, compilation errors: 67063, runtime errors: 29, failed runs: 917, ok runs: 0
:::: FAILED :::: level: 4 :::: size: 213 / 339 :::: Compiler calls: 68034, compilation errors: 67076, runtime errors: 29, failed runs: 918, ok runs: 0
:::: FAILED :::: level: 4 :::: size: 213 / 339 :::: Compiler calls: 68037, compilation errors: 67076, runtime errors: 29, failed runs: 919, ok runs: 0
:::: FAILED :::: level: 4 :::: size: 213 / 339 :::: Compiler calls: 68046, compilation errors: 67083, runtime errors: 29, failed runs: 920, ok runs: 0
:::: FAILED :::: level: 4 :::: size: 212 / 339 :::: Compiler calls: 68115, compilation errors: 67150, runtime errors: 29, failed runs: 921, ok runs: 0
:::: FAILED :::: level: 4 :::: size: 210 / 339 :::: Compiler calls: 68174, compilation errors: 67211, runtime errors: 29, failed runs: 922, ok runs: 0
:::: FAILED :::: level: 4 :::: size: 209 / 339 :::: Compiler calls: 68303, compilation errors: 67340, runtime errors: 29, failed runs: 923, ok runs: 0
:::: FAILED :::: level: 4 :::: size: 209 / 339 :::: Compiler calls: 68310, compilation errors: 67346, runtime errors: 29, failed runs: 924, ok runs: 0
:::: FAILED :::: level: 4 :::: size: 209 / 339 :::: Compiler calls: 68311, compilation errors: 67346, runtime errors: 29, failed runs: 925, ok runs: 0
:::: FAILED :::: level: 4 :::: size: 209 / 339 :::: Compiler calls: 68320, compilation errors: 67353, runtime errors: 29, failed runs: 926, ok runs: 0
:::: FAILED :::: level: 4 :::: size: 209 / 339 :::: Compiler calls: 68330, compilation errors: 67361, runtime errors: 29, failed runs: 927, ok runs: 0
:::: FAILED :::: level: 4 :::: size: 209 / 339 :::: Compiler calls: 68348, compilation errors: 67377, runtime errors: 29, failed runs: 928, ok runs: 0
:::: FAILED :::: level: 4 :::: size: 208 / 339 :::: Compiler calls: 68416, compilation errors: 67446, runtime errors: 29, failed runs: 929, ok runs: 0
:::: FAILED :::: level: 4 :::: size: 207 / 339 :::: Compiler calls: 68499, compilation errors: 67527, runtime errors: 29, failed runs: 930, ok runs: 0
:::: FAILED :::: level: 4 :::: size: 205 / 339 :::: Compiler calls: 68562, compilation errors: 67590, runtime errors: 29, failed runs: 931, ok runs: 0
:::: FAILED :::: level: 4 :::: size: 204 / 339 :::: Compiler calls: 68689, compilation errors: 67715, runtime errors: 29, failed runs: 932, ok runs: 0
:::: FAILED :::: level: 4 :::: size: 204 / 339 :::: Compiler calls: 68705, compilation errors: 67729, runtime errors: 29, failed runs: 933, ok runs: 0
:::: FAILED :::: level: 4 :::: size: 203 / 339 :::: Compiler calls: 68822, compilation errors: 67845, runtime errors: 29, failed runs: 934, ok runs: 0
:::: FAILED :::: level: 4 :::: size: 203 / 339 :::: Compiler calls: 68825, compilation errors: 67847, runtime errors: 29, failed runs: 935, ok runs: 0
:::: FAILED :::: level: 4 :::: size: 203 / 339 :::: Compiler calls: 68851, compilation errors: 67872, runtime errors: 29, failed runs: 936, ok runs: 0
:::: FAILED :::: level: 4 :::: size: 202 / 339 :::: Compiler calls: 68956, compilation errors: 67976, runtime errors: 29, failed runs: 937, ok runs: 0
:::: FAILED :::: level: 4 :::: size: 202 / 339 :::: Compiler calls: 68960, compilation errors: 67978, runtime errors: 29, failed runs: 938, ok runs: 0
:::: FAILED :::: level: 4 :::: size: 202 / 339 :::: Compiler calls: 68961, compilation errors: 67979, runtime errors: 29, failed runs: 939, ok runs: 0
:::: FAILED :::: level: 4 :::: size: 202 / 339 :::: Compiler calls: 68961, compilation errors: 67979, runtime errors: 29, failed runs: 940, ok runs: 0
:::: FAILED :::: level: 4 :::: size: 201 / 339 :::: Compiler calls: 69077, compilation errors: 68093, runtime errors: 29, failed runs: 941, ok runs: 0
:::: FAILED :::: level: 4 :::: size: 201 / 339 :::: Compiler calls: 69079, compilation errors: 68096, runtime errors: 29, failed runs: 942, ok runs: 0
:::: FAILED :::: level: 4 :::: size: 199 / 339 :::: Compiler calls: 69146, compilation errors: 68160, runtime errors: 29, failed runs: 943, ok runs: 0
:::: FAILED :::: level: 4 :::: size: 198 / 339 :::: Compiler calls: 69271, compilation errors: 68284, runtime errors: 29, failed runs: 944, ok runs: 0
:::: FAILED :::: level: 4 :::: size: 198 / 339 :::: Compiler calls: 69313, compilation errors: 68325, runtime errors: 29, failed runs: 945, ok runs: 0
:::: FAILED :::: level: 4 :::: size: 197 / 339 :::: Compiler calls: 69403, compilation errors: 68414, runtime errors: 29, failed runs: 946, ok runs: 0
:::: FAILED :::: level: 4 :::: size: 197 / 339 :::: Compiler calls: 69405, compilation errors: 68420, runtime errors: 29, failed runs: 947, ok runs: 0
:::: FAILED :::: level: 4 :::: size: 197 / 339 :::: Compiler calls: 69419, compilation errors: 68430, runtime errors: 29, failed runs: 948, ok runs: 0
:::: FAILED :::: level: 4 :::: size: 196 / 339 :::: Compiler calls: 69522, compilation errors: 68532, runtime errors: 29, failed runs: 949, ok runs: 0
:::: FAILED :::: level: 4 :::: size: 196 / 339 :::: Compiler calls: 69565, compilation errors: 68573, runtime errors: 29, failed runs: 950, ok runs: 0
:::: FAILED :::: level: 4 :::: size: 195 / 339 :::: Compiler calls: 69658, compilation errors: 68665, runtime errors: 29, failed runs: 951, ok runs: 0
:::: FAILED :::: level: 4 :::: size: 195 / 339 :::: Compiler calls: 69660, compilation errors: 68669, runtime errors: 29, failed runs: 952, ok runs: 0
:::: FAILED :::: level: 4 :::: size: 195 / 339 :::: Compiler calls: 69664, compilation errors: 68672, runtime errors: 29, failed runs: 953, ok runs: 0
:::: FAILED :::: level: 4 :::: size: 195 / 339 :::: Compiler calls: 69678, compilation errors: 68683, runtime errors: 29, failed runs: 954, ok runs: 0
:::: FAILED :::: level: 4 :::: size: 194 / 339 :::: Compiler calls: 69797, compilation errors: 68798, runtime errors: 29, failed runs: 955, ok runs: 0
:::: FAILED :::: level: 4 :::: size: 194 / 339 :::: Compiler calls: 69797, compilation errors: 68800, runtime errors: 29, failed runs: 956, ok runs: 0
:::: FAILED :::: level: 4 :::: size: 193 / 339 :::: Compiler calls: 69922, compilation errors: 68924, runtime errors: 29, failed runs: 957, ok runs: 0
:::: FAILED :::: level: 4 :::: size: 192 / 339 :::: Compiler calls: 70061, compilation errors: 69062, runtime errors: 29, failed runs: 958, ok runs: 0
:::: FAILED :::: level: 4 :::: size: 192 / 339 :::: Compiler calls: 70063, compilation errors: 69063, runtime errors: 29, failed runs: 959, ok runs: 0
:::: FAILED :::: level: 4 :::: size: 192 / 339 :::: Compiler calls: 70078, compilation errors: 69076, runtime errors: 29, failed runs: 960, ok runs: 0
:::: FAILED :::: level: 4 :::: size: 191 / 339 :::: Compiler calls: 70181, compilation errors: 69178, runtime errors: 29, failed runs: 961, ok runs: 0
:::: FAILED :::: level: 4 :::: size: 190 / 339 :::: Compiler calls: 70315, compilation errors: 69312, runtime errors: 29, failed runs: 962, ok runs: 0
:::: FAILED :::: level: 4 :::: size: 189 / 339 :::: Compiler calls: 70319, compilation errors: 69314, runtime errors: 29, failed runs: 963, ok runs: 0
:::: FAILED :::: level: 4 :::: size: 189 / 339 :::: Compiler calls: 70444, compilation errors: 69437, runtime errors: 29, failed runs: 964, ok runs: 0
:::: FAILED :::: level: 4 :::: size: 188 / 339 :::: Compiler calls: 70457, compilation errors: 69451, runtime errors: 29, failed runs: 965, ok runs: 0
:::: FAILED :::: level: 4 :::: size: 187 / 339 :::: Compiler calls: 70576, compilation errors: 69571, runtime errors: 29, failed runs: 966, ok runs: 0
:::: FAILED :::: level: 4 :::: size: 186 / 339 :::: Compiler calls: 70707, compilation errors: 69711, runtime errors: 29, failed runs: 967, ok runs: 0
:::: FAILED :::: level: 4 :::: size: 185 / 339 :::: Compiler calls: 70837, compilation errors: 69831, runtime errors: 29, failed runs: 968, ok runs: 0
:::: FAILED :::: level: 4 :::: size: 185 / 339 :::: Compiler calls: 70854, compilation errors: 69845, runtime errors: 29, failed runs: 969, ok runs: 0
:::: FAILED :::: level: 4 :::: size: 185 / 339 :::: Compiler calls: 70856, compilation errors: 69847, runtime errors: 29, failed runs: 970, ok runs: 0
:::: FAILED :::: level: 4 :::: size: 185 / 339 :::: Compiler calls: 70858, compilation errors: 69851, runtime errors: 29, failed runs: 971, ok runs: 0
:::: FAILED :::: level: 4 :::: size: 184 / 339 :::: Compiler calls: 70966, compilation errors: 69962, runtime errors: 29, failed runs: 972, ok runs: 0
:::: FAILED :::: level: 4 :::: size: 184 / 339 :::: Compiler calls: 70966, compilation errors: 69962, runtime errors: 29, failed runs: 973, ok runs: 0
:::: FAILED :::: level: 4 :::: size: 184 / 339 :::: Compiler calls: 70979, compilation errors: 69967, runtime errors: 29, failed runs: 974, ok runs: 0
:::: FAILED :::: level: 4 :::: size: 183 / 339 :::: Compiler calls: 71094, compilation errors: 70085, runtime errors: 29, failed runs: 975, ok runs: 0
:::: FAILED :::: level: 4 :::: size: 183 / 339 :::: Compiler calls: 71094, compilation errors: 70086, runtime errors: 29, failed runs: 976, ok runs: 0
:::: FAILED :::: level: 4 :::: size: 182 / 339 :::: Compiler calls: 71221, compilation errors: 70215, runtime errors: 29, failed runs: 977, ok runs: 0
:::: FAILED :::: level: 4 :::: size: 181 / 339 :::: Compiler calls: 71347, compilation errors: 70340, runtime errors: 29, failed runs: 978, ok runs: 0
Level 4 took 71191ms
111101000111111011101101110111011101000001000010000000000011010000000011011000000010010101000000000011111110111111001110111100101111100000011110100011101011111001101000000111001111000011111100001110000011101101101111011111111111111101101111010101111101110010111010111111001100011000000000110001111100010000000000001011111101111100000111111
Fixed 181 active nodes and 0 free nodes guaranteed by them.
Discarded 158 active fragments. 1776 fragments, including dependent nodes
############## After level 4 there are 2287 / 5112 fragments left :::: Compiler calls: 71653, compilation errors: 70646, runtime errors: 29, failed runs: 978, ok runs: 0
############## EXECUTING LVL 5 with 162 active fragments ##############
:::: FAILED :::: level: 5 :::: size: 159 / 162 :::: Compiler calls: 71779, compilation errors: 70770, runtime errors: 29, failed runs: 979, ok runs: 0
:::: FAILED :::: level: 5 :::: size: 160 / 162 :::: Compiler calls: 71786, compilation errors: 70770, runtime errors: 29, failed runs: 980, ok runs: 0
:::: FAILED :::: level: 5 :::: size: 157 / 162 :::: Compiler calls: 71842, compilation errors: 70832, runtime errors: 29, failed runs: 981, ok runs: 0
:::: FAILED :::: level: 5 :::: size: 156 / 162 :::: Compiler calls: 72014, compilation errors: 70993, runtime errors: 29, failed runs: 982, ok runs: 0
:::: FAILED :::: level: 5 :::: size: 156 / 162 :::: Compiler calls: 72015, compilation errors: 70993, runtime errors: 29, failed runs: 983, ok runs: 0
:::: FAILED :::: level: 5 :::: size: 156 / 162 :::: Compiler calls: 72039, compilation errors: 71015, runtime errors: 29, failed runs: 984, ok runs: 0
:::: FAILED :::: level: 5 :::: size: 155 / 162 :::: Compiler calls: 72039, compilation errors: 71015, runtime errors: 29, failed runs: 985, ok runs: 0
:::: FAILED :::: level: 5 :::: size: 155 / 162 :::: Compiler calls: 72140, compilation errors: 71115, runtime errors: 29, failed runs: 986, ok runs: 0
:::: FAILED :::: level: 5 :::: size: 155 / 162 :::: Compiler calls: 72156, compilation errors: 71131, runtime errors: 29, failed runs: 987, ok runs: 0
:::: FAILED :::: level: 5 :::: size: 155 / 162 :::: Compiler calls: 72164, compilation errors: 71133, runtime errors: 29, failed runs: 988, ok runs: 0
:::: FAILED :::: level: 5 :::: size: 153 / 162 :::: Compiler calls: 72263, compilation errors: 71233, runtime errors: 29, failed runs: 989, ok runs: 0
:::: FAILED :::: level: 5 :::: size: 154 / 162 :::: Compiler calls: 72270, compilation errors: 71243, runtime errors: 29, failed runs: 990, ok runs: 0
:::: FAILED :::: level: 5 :::: size: 154 / 162 :::: Compiler calls: 72316, compilation errors: 71283, runtime errors: 29, failed runs: 991, ok runs: 0
:::: FAILED :::: level: 5 :::: size: 152 / 162 :::: Compiler calls: 72386, compilation errors: 71355, runtime errors: 29, failed runs: 992, ok runs: 0
:::: FAILED :::: level: 5 :::: size: 152 / 162 :::: Compiler calls: 72430, compilation errors: 71394, runtime errors: 29, failed runs: 993, ok runs: 0
:::: FAILED :::: level: 5 :::: size: 151 / 162 :::: Compiler calls: 72502, compilation errors: 71468, runtime errors: 29, failed runs: 994, ok runs: 0
:::: FAILED :::: level: 5 :::: size: 150 / 162 :::: Compiler calls: 72625, compilation errors: 71601, runtime errors: 29, failed runs: 995, ok runs: 0
:::: FAILED :::: level: 5 :::: size: 149 / 162 :::: Compiler calls: 72743, compilation errors: 71714, runtime errors: 29, failed runs: 996, ok runs: 0
:::: FAILED :::: level: 5 :::: size: 149 / 162 :::: Compiler calls: 72781, compilation errors: 71743, runtime errors: 29, failed runs: 997, ok runs: 0
:::: FAILED :::: level: 5 :::: size: 148 / 162 :::: Compiler calls: 72860, compilation errors: 71831, runtime errors: 29, failed runs: 998, ok runs: 0
:::: FAILED :::: level: 5 :::: size: 148 / 162 :::: Compiler calls: 72890, compilation errors: 71850, runtime errors: 29, failed runs: 999, ok runs: 0
:::: FAILED :::: level: 5 :::: size: 147 / 162 :::: Compiler calls: 72975, compilation errors: 71939, runtime errors: 29, failed runs: 1000, ok runs: 0
:::: FAILED :::: level: 5 :::: size: 147 / 162 :::: Compiler calls: 72992, compilation errors: 71950, runtime errors: 29, failed runs: 1001, ok runs: 0
:::: FAILED :::: level: 5 :::: size: 146 / 162 :::: Compiler calls: 73091, compilation errors: 72058, runtime errors: 29, failed runs: 1002, ok runs: 0
:::: FAILED :::: level: 5 :::: size: 146 / 162 :::: Compiler calls: 73091, compilation errors: 72058, runtime errors: 29, failed runs: 1003, ok runs: 0
:::: FAILED :::: level: 5 :::: size: 145 / 162 :::: Compiler calls: 73205, compilation errors: 72169, runtime errors: 29, failed runs: 1004, ok runs: 0
:::: FAILED :::: level: 5 :::: size: 145 / 162 :::: Compiler calls: 73221, compilation errors: 72175, runtime errors: 29, failed runs: 1005, ok runs: 0
:::: FAILED :::: level: 5 :::: size: 144 / 162 :::: Compiler calls: 73442, compilation errors: 72395, runtime errors: 29, failed runs: 1006, ok runs: 0
:::: FAILED :::: level: 5 :::: size: 144 / 162 :::: Compiler calls: 73460, compilation errors: 72413, runtime errors: 29, failed runs: 1007, ok runs: 0
:::: FAILED :::: level: 5 :::: size: 143 / 162 :::: Compiler calls: 73581, compilation errors: 72531, runtime errors: 29, failed runs: 1008, ok runs: 0
:::: FAILED :::: level: 5 :::: size: 142 / 162 :::: Compiler calls: 73727, compilation errors: 72689, runtime errors: 29, failed runs: 1009, ok runs: 0
Level 5 took 7517ms
111111111111111111111111111111111111111111111111111111111111111111111111111111010101010101101011100000001001100111111111111111111111111111111111111111111011111111
Fixed 142 active nodes and 0 free nodes guaranteed by them.
Discarded 20 active fragments. 46 fragments, including dependent nodes
############## After level 5 there are 2241 / 5112 fragments left :::: Compiler calls: 73869, compilation errors: 72831, runtime errors: 29, failed runs: 1009, ok runs: 0
############## EXECUTING LVL 6 with 265 active fragments ##############
:::: FAILED :::: level: 6 :::: size: 264 / 265 :::: Compiler calls: 74178, compilation errors: 73125, runtime errors: 29, failed runs: 1010, ok runs: 0
:::: FAILED :::: level: 6 :::: size: 264 / 265 :::: Compiler calls: 74179, compilation errors: 73126, runtime errors: 29, failed runs: 1011, ok runs: 0
:::: FAILED :::: level: 6 :::: size: 263 / 265 :::: Compiler calls: 74238, compilation errors: 73184, runtime errors: 29, failed runs: 1012, ok runs: 0
:::: FAILED :::: level: 6 :::: size: 262 / 265 :::: Compiler calls: 74315, compilation errors: 73260, runtime errors: 29, failed runs: 1013, ok runs: 0
:::: FAILED :::: level: 6 :::: size: 262 / 265 :::: Compiler calls: 74357, compilation errors: 73303, runtime errors: 29, failed runs: 1014, ok runs: 0
:::: FAILED :::: level: 6 :::: size: 261 / 265 :::: Compiler calls: 74410, compilation errors: 73351, runtime errors: 29, failed runs: 1015, ok runs: 0
:::: FAILED :::: level: 6 :::: size: 261 / 265 :::: Compiler calls: 74410, compilation errors: 73351, runtime errors: 29, failed runs: 1016, ok runs: 0
:::: FAILED :::: level: 6 :::: size: 260 / 265 :::: Compiler calls: 74514, compilation errors: 73453, runtime errors: 29, failed runs: 1017, ok runs: 0
:::: FAILED :::: level: 6 :::: size: 260 / 265 :::: Compiler calls: 74524, compilation errors: 73463, runtime errors: 29, failed runs: 1018, ok runs: 0
:::: FAILED :::: level: 6 :::: size: 259 / 265 :::: Compiler calls: 74617, compilation errors: 73554, runtime errors: 29, failed runs: 1019, ok runs: 0
:::: FAILED :::: level: 6 :::: size: 258 / 265 :::: Compiler calls: 74728, compilation errors: 73665, runtime errors: 29, failed runs: 1020, ok runs: 0
:::: FAILED :::: level: 6 :::: size: 257 / 265 :::: Compiler calls: 74885, compilation errors: 73821, runtime errors: 29, failed runs: 1021, ok runs: 0
:::: FAILED :::: level: 6 :::: size: 257 / 265 :::: Compiler calls: 74886, compilation errors: 73821, runtime errors: 29, failed runs: 1022, ok runs: 0
:::: FAILED :::: level: 6 :::: size: 257 / 265 :::: Compiler calls: 74895, compilation errors: 73828, runtime errors: 29, failed runs: 1023, ok runs: 0
:::: FAILED :::: level: 6 :::: size: 256 / 265 :::: Compiler calls: 75054, compilation errors: 73988, runtime errors: 29, failed runs: 1024, ok runs: 0
:::: FAILED :::: level: 6 :::: size: 256 / 265 :::: Compiler calls: 75055, compilation errors: 73989, runtime errors: 29, failed runs: 1025, ok runs: 0
:::: FAILED :::: level: 6 :::: size: 256 / 265 :::: Compiler calls: 75068, compilation errors: 74000, runtime errors: 29, failed runs: 1026, ok runs: 0
:::: FAILED :::: level: 6 :::: size: 255 / 265 :::: Compiler calls: 75244, compilation errors: 74174, runtime errors: 29, failed runs: 1027, ok runs: 0
:::: FAILED :::: level: 6 :::: size: 255 / 265 :::: Compiler calls: 75250, compilation errors: 74179, runtime errors: 29, failed runs: 1028, ok runs: 0
:::: FAILED :::: level: 6 :::: size: 255 / 265 :::: Compiler calls: 75263, compilation errors: 74191, runtime errors: 29, failed runs: 1029, ok runs: 0
:::: FAILED :::: level: 6 :::: size: 254 / 265 :::: Compiler calls: 75417, compilation errors: 74346, runtime errors: 29, failed runs: 1030, ok runs: 0
:::: FAILED :::: level: 6 :::: size: 253 / 265 :::: Compiler calls: 75624, compilation errors: 74551, runtime errors: 29, failed runs: 1031, ok runs: 0
:::: FAILED :::: level: 6 :::: size: 251 / 265 :::: Compiler calls: 75871, compilation errors: 74809, runtime errors: 29, failed runs: 1032, ok runs: 0
:::: FAILED :::: level: 6 :::: size: 252 / 265 :::: Compiler calls: 75871, compilation errors: 74809, runtime errors: 29, failed runs: 1033, ok runs: 0
:::: FAILED :::: level: 6 :::: size: 250 / 265 :::: Compiler calls: 76365, compilation errors: 75302, runtime errors: 29, failed runs: 1034, ok runs: 0
Level 6 took 17129ms
1111111111111111111110101111111111111111111111111011111111111111111111111111100101111111111111101111111111111111111111111111111111111111111111111010111011011111111111111111111111110111111111111111111111111111111111111111111111111111111111111111111111111111111110001
Fixed 250 active nodes and 0 free nodes guaranteed by them.
Discarded 15 active fragments. 165 fragments, including dependent nodes
############## After level 6 there are 2076 / 5112 fragments left :::: Compiler calls: 76615, compilation errors: 75552, runtime errors: 29, failed runs: 1034, ok runs: 0
############## EXECUTING LVL 7 with 85 active fragments ##############
:::: FAILED :::: level: 7 :::: size: 84 / 85 :::: Compiler calls: 76741, compilation errors: 75672, runtime errors: 29, failed runs: 1035, ok runs: 0
:::: FAILED :::: level: 7 :::: size: 84 / 85 :::: Compiler calls: 76757, compilation errors: 75686, runtime errors: 29, failed runs: 1036, ok runs: 0
:::: FAILED :::: level: 7 :::: size: 83 / 85 :::: Compiler calls: 76790, compilation errors: 75711, runtime errors: 29, failed runs: 1037, ok runs: 0
:::: FAILED :::: level: 7 :::: size: 82 / 85 :::: Compiler calls: 76937, compilation errors: 75867, runtime errors: 29, failed runs: 1038, ok runs: 0
:::: FAILED :::: level: 7 :::: size: 82 / 85 :::: Compiler calls: 76964, compilation errors: 75882, runtime errors: 29, failed runs: 1039, ok runs: 0
:::: FAILED :::: level: 7 :::: size: 81 / 85 :::: Compiler calls: 77019, compilation errors: 75949, runtime errors: 29, failed runs: 1040, ok runs: 0
Level 7 took 2017ms
1111111111111011110111111111111111111111111111111011111011111111111111111111111111111
Fixed 81 active nodes and 0 free nodes guaranteed by them.
Discarded 4 active fragments. 11 fragments, including dependent nodes
############## After level 7 there are 2065 / 5112 fragments left :::: Compiler calls: 77100, compilation errors: 76031, runtime errors: 29, failed runs: 1040, ok runs: 0
############## EXECUTING LVL 8 with 47 active fragments ##############
:::: FAILED :::: level: 8 :::: size: 46 / 47 :::: Compiler calls: 77162, compilation errors: 76092, runtime errors: 29, failed runs: 1041, ok runs: 0
:::: FAILED :::: level: 8 :::: size: 45 / 47 :::: Compiler calls: 77239, compilation errors: 76168, runtime errors: 29, failed runs: 1042, ok runs: 0
Level 8 took 746ms
11111111111111111110111111111111101111111111111
Fixed 45 active nodes and 0 free nodes guaranteed by them.
Discarded 2 active fragments. 2 fragments, including dependent nodes
############## After level 8 there are 2063 / 5112 fragments left :::: Compiler calls: 77284, compilation errors: 76213, runtime errors: 29, failed runs: 1042, ok runs: 0
############## EXECUTING LVL 9 with 33 active fragments ##############
:::: FAILED :::: level: 9 :::: size: 31 / 33 :::: Compiler calls: 77314, compilation errors: 76242, runtime errors: 29, failed runs: 1043, ok runs: 0
:::: FAILED :::: level: 9 :::: size: 30 / 33 :::: Compiler calls: 77359, compilation errors: 76279, runtime errors: 29, failed runs: 1044, ok runs: 0
:::: FAILED :::: level: 9 :::: size: 30 / 33 :::: Compiler calls: 77359, compilation errors: 76279, runtime errors: 29, failed runs: 1045, ok runs: 0
:::: FAILED :::: level: 9 :::: size: 30 / 33 :::: Compiler calls: 77381, compilation errors: 76292, runtime errors: 29, failed runs: 1046, ok runs: 0
:::: FAILED :::: level: 9 :::: size: 30 / 33 :::: Compiler calls: 77381, compilation errors: 76292, runtime errors: 29, failed runs: 1047, ok runs: 0
:::: FAILED :::: level: 9 :::: size: 29 / 33 :::: Compiler calls: 77388, compilation errors: 76308, runtime errors: 29, failed runs: 1048, ok runs: 0
:::: FAILED :::: level: 9 :::: size: 29 / 33 :::: Compiler calls: 77416, compilation errors: 76327, runtime errors: 29, failed runs: 1049, ok runs: 0
:::: FAILED :::: level: 9 :::: size: 29 / 33 :::: Compiler calls: 77416, compilation errors: 76328, runtime errors: 29, failed runs: 1050, ok runs: 0
:::: FAILED :::: level: 9 :::: size: 28 / 33 :::: Compiler calls: 77416, compilation errors: 76335, runtime errors: 29, failed runs: 1051, ok runs: 0
:::: FAILED :::: level: 9 :::: size: 28 / 33 :::: Compiler calls: 77416, compilation errors: 76335, runtime errors: 29, failed runs: 1052, ok runs: 0
:::: FAILED :::: level: 9 :::: size: 27 / 33 :::: Compiler calls: 77443, compilation errors: 76361, runtime errors: 29, failed runs: 1053, ok runs: 0
Level 9 took 1316ms
111111111111111000111111111010110
Fixed 27 active nodes and 0 free nodes guaranteed by them.
Discarded 6 active fragments. 54 fragments, including dependent nodes
############## After level 9 there are 2009 / 5112 fragments left :::: Compiler calls: 77496, compilation errors: 76414, runtime errors: 29, failed runs: 1053, ok runs: 0
############## EXECUTING LVL 10 with 13 active fragments ##############
:::: FAILED :::: level: 10 :::: size: 12 / 13 :::: Compiler calls: 77523, compilation errors: 76437, runtime errors: 29, failed runs: 1054, ok runs: 0
:::: FAILED :::: level: 10 :::: size: 12 / 13 :::: Compiler calls: 77523, compilation errors: 76437, runtime errors: 29, failed runs: 1055, ok runs: 0
:::: FAILED :::: level: 10 :::: size: 12 / 13 :::: Compiler calls: 77532, compilation errors: 76437, runtime errors: 29, failed runs: 1056, ok runs: 0
:::: FAILED :::: level: 10 :::: size: 12 / 13 :::: Compiler calls: 77535, compilation errors: 76441, runtime errors: 29, failed runs: 1057, ok runs: 0
:::: FAILED :::: level: 10 :::: size: 11 / 13 :::: Compiler calls: 77535, compilation errors: 76446, runtime errors: 29, failed runs: 1058, ok runs: 0
:::: FAILED :::: level: 10 :::: size: 11 / 13 :::: Compiler calls: 77545, compilation errors: 76448, runtime errors: 29, failed runs: 1059, ok runs: 0
:::: FAILED :::: level: 10 :::: size: 11 / 13 :::: Compiler calls: 77546, compilation errors: 76452, runtime errors: 29, failed runs: 1060, ok runs: 0
:::: FAILED :::: level: 10 :::: size: 10 / 13 :::: Compiler calls: 77546, compilation errors: 76455, runtime errors: 29, failed runs: 1061, ok runs: 0
:::: FAILED :::: level: 10 :::: size: 10 / 13 :::: Compiler calls: 77553, compilation errors: 76455, runtime errors: 29, failed runs: 1062, ok runs: 0
Level 10 took 581ms
0110111101111
Fixed 10 active nodes and 0 free nodes guaranteed by them.
Discarded 3 active fragments. 3 fragments, including dependent nodes
############## After level 10 there are 2006 / 5112 fragments left :::: Compiler calls: 77556, compilation errors: 76465, runtime errors: 29, failed runs: 1062, ok runs: 0
############## EXECUTING LVL 11 with 12 active fragments ##############
:::: FAILED :::: level: 11 :::: size: 11 / 12 :::: Compiler calls: 77570, compilation errors: 76477, runtime errors: 29, failed runs: 1063, ok runs: 0
:::: FAILED :::: level: 11 :::: size: 11 / 12 :::: Compiler calls: 77570, compilation errors: 76477, runtime errors: 29, failed runs: 1064, ok runs: 0
:::: FAILED :::: level: 11 :::: size: 10 / 12 :::: Compiler calls: 77588, compilation errors: 76494, runtime errors: 29, failed runs: 1065, ok runs: 0
Level 11 took 455ms
111111110110
Fixed 10 active nodes and 0 free nodes guaranteed by them.
Discarded 2 active fragments. 2 fragments, including dependent nodes
############## After level 11 there are 2004 / 5112 fragments left :::: Compiler calls: 77598, compilation errors: 76504, runtime errors: 29, failed runs: 1065, ok runs: 0
############## EXECUTING LVL 12 with 2 active fragments ##############
Level 12 took 112ms
11
Fixed 2 active nodes and 0 free nodes guaranteed by them.
Discarded 0 active fragments. 0 fragments, including dependent nodes
############## After level 12 there are 2004 / 5112 fragments left :::: Compiler calls: 77600, compilation errors: 76506, runtime errors: 29, failed runs: 1065, ok runs: 0
############## EXECUTING LVL 13 with 3 active fragments ##############
:::: FAILED :::: level: 13 :::: size: 2 / 3 :::: Compiler calls: 77602, compilation errors: 76507, runtime errors: 29, failed runs: 1066, ok runs: 0
Level 13 took 129ms
110
Fixed 2 active nodes and 0 free nodes guaranteed by them.
Discarded 1 active fragments. 2 fragments, including dependent nodes
############## After level 13 there are 2002 / 5112 fragments left :::: Compiler calls: 77604, compilation errors: 76509, runtime errors: 29, failed runs: 1066, ok runs: 0
############## EXECUTING LVL 14 with 2 active fragments ##############
Level 14 took 19ms
11
Fixed 2 active nodes and 0 free nodes guaranteed by them.
Discarded 0 active fragments. 0 fragments, including dependent nodes
############## After level 14 there are 2002 / 5112 fragments left :::: Compiler calls: 77606, compilation errors: 76511, runtime errors: 29, failed runs: 1066, ok runs: 0
Recreating result in testingoutput folder...
############## FINISHED NR. 0 in 399224ms :::: Reduced to 2002 out of 5112 :::: Compiler calls: 77606, compilation errors: 76511, runtime errors: 29, failed runs: 1066, ok runs: 0 ##############
Format result in testingoutput folder...
#### MWE GENERATOR FINISHED SUCCESSFULLY ####

TOTAL EXECUTION TIME: 408356 ms.
TOTAL OUTPUT SIZE: 107502548 bytes
